128.870	71.630	0.092	-0.121	0.000	0.000	0.000	1	1	TIXI_GPS
142.720	47.030	0.898	-0.362	0.000	0.000	0.000	1	1	YSSK_GPS
150.770	59.580	0.386	-0.328	0.000	0.000	0.000	1	1	MAGO_GPS
158.610	53.010	9.237	-3.576	0.000	0.000	0.000	1	1	PETP_GPS
166.440	68.080	0.202	-0.316	0.000	0.000	0.000	1	1	BILI_GPS
183.337	51.864	23.002	-9.676	0.000	0.000	0.000	1	1	AB21_PBO
193.458	53.876	9.595	-9.178	0.000	0.000	0.000	1	1	AV09_PBO
193.972	54.136	8.451	-8.273	0.000	0.000	0.000	1	1	AV08_PBO
194.066	54.098	8.994	-8.752	0.000	0.000	0.000	1	1	AV10_PBO
194.158	54.119	9.021	-8.785	0.000	0.000	0.000	1	1	AV14_PBO
194.234	54.147	8.945	-8.727	0.000	0.000	0.000	1	1	AV06_PBO
194.290	54.100	9.538	-9.232	0.000	0.000	0.000	1	1	AV15_PBO
194.627	64.564	0.452	-0.756	0.000	0.000	0.000	1	1	AB11_PBO
197.293	55.190	6.814	-6.946	0.000	0.000	0.000	1	1	BAY2_PBO
197.761	64.638	0.453	-0.808	0.000	0.000	0.000	1	1	AC31_PBO
199.523	55.349	9.400	-9.296	0.000	0.000	0.000	1	1	AB07_PBO
199.593	55.909	5.842	-6.004	0.000	0.000	0.000	1	1	AC41_PBO
200.122	61.040	1.093	-1.452	0.000	0.000	0.000	1	1	AB15_PBO
200.872	55.921	7.206	-7.282	0.000	0.000	0.000	1	1	AC21_PBO
201.496	56.307	6.019	-6.157	0.000	0.000	0.000	1	1	AB13_PBO
203.390	71.323	0.019	-0.306	0.000	0.000	0.000	1	1	SG27_PBO
203.743	20.707	-0.120	0.097	0.000	0.000	0.000	3	1	MAUI_PBO
205.302	59.899	2.088	-2.552	0.000	0.000	0.000	1	1	AB22_PBO
205.817	56.951	9.191	-9.679	0.000	0.000	0.000	1	1	AC02_PBO
205.819	56.564	13.194	-13.090	0.000	0.000	0.000	1	1	AC45_PBO
205.837	59.253	2.772	-3.199	0.000	0.000	0.000	1	1	AC27_PBO
206.415	59.567	2.677	-3.135	0.000	0.000	0.000	1	1	AC59_PBO
206.721	57.220	9.935	-10.262	0.000	0.000	0.000	1	1	AC34_PBO
207.185	62.094	1.121	-1.803	0.000	0.000	0.000	1	1	AB28_PBO
207.596	60.664	2.044	-2.671	0.000	0.000	0.000	1	1	AC17_PBO
207.606	58.610	5.021	-5.321	0.000	0.000	0.000	1	1	AC39_PBO
207.807	57.618	10.292	-10.412	0.000	0.000	0.000	1	1	KOD5_PBO
209.109	59.764	3.935	-4.449	0.000	0.000	0.000	1	1	AC06_PBO
209.827	67.251	0.061	-0.572	0.000	0.000	0.000	1	1	AB33_PBO
209.931	61.769	1.531	-2.490	0.000	0.000	0.000	1	1	AC53_PBO
210.276	60.481	3.411	-4.241	0.000	0.000	0.000	1	1	AC15_PBO
210.394	-17.577	-0.074	0.069	0.000	0.000	0.000	3	1	THTI_GPS
210.868	61.598	1.817	-2.944	0.000	0.000	0.000	1	1	ATW2_PBO
211.022	63.836	0.502	-1.399	0.000	0.000	0.000	1	1	GRNR_PBO
211.665	70.256	-0.063	-0.281	0.000	0.000	0.000	1	1	PBOC_PBO
212.140	64.874	0.217	-1.036	0.000	0.000	0.000	1	1	CLGO_PBO
212.500	64.980	0.182	-1.001	0.000	0.000	0.000	1	1	FAIR_GPS
213.687	63.084	0.691	-2.075	0.000	0.000	0.000	1	1	AC62_PBO
214.153	63.502	0.450	-1.755	0.000	0.000	0.000	1	1	AC63_PBO
214.257	61.139	4.491	-7.206	0.000	0.000	0.000	1	1	AC57_PBO
214.548	62.967	0.695	-2.299	0.000	0.000	0.000	1	1	AB37_PBO
216.296	62.832	0.539	-2.638	0.000	0.000	0.000	1	1	AC65_PBO
218.842	64.777	-0.310	-0.686	0.000	0.000	0.000	1	1	AB41_PBO
224.303	58.418	6.538	2.982	0.000	0.000	0.000	2	1	GUS2_PBO
224.461	56.854	21.954	6.144	0.000	0.000	0.000	2	1	BIS1_PBO
224.772	59.528	3.476	1.948	0.000	0.000	0.000	2	1	AB44_PBO
225.353	56.245	12.814	3.973	0.000	0.000	0.000	2	1	AB48_PBO
225.455	58.417	3.773	1.829	0.000	0.000	0.000	2	1	AB50_PBO
226.473	68.306	-0.376	0.090	0.000	0.000	0.000	1	1	INVK_PBO
226.932	55.580	5.486	1.720	0.000	0.000	0.000	2	1	AB49_PBO
227.086	56.798	3.413	1.360	0.000	0.000	0.000	2	1	AB51_PBO
228.400	55.069	3.332	1.006	0.000	0.000	0.000	2	1	AIS1_PBO
231.401	50.813	7.130	1.602	0.000	0.000	0.000	2	1	COXI_GPS
231.673	50.678	6.587	1.735	0.000	0.000	0.000	2	1	SPAT_GPS
231.735	50.646	6.476	1.767	0.000	0.000	0.000	2	1	JENS_GPS
231.865	50.640	5.838	1.693	0.000	0.000	0.000	2	1	HOLB_GPS
231.992	50.654	5.204	1.562	0.000	0.000	0.000	2	1	SCAR_GPS
232.046	51.544	2.910	0.852	0.000	0.000	0.000	2	1	CALV_GPS
232.101	50.486	5.567	1.711	0.000	0.000	0.000	2	1	KOPR_GPS
232.191	50.781	4.088	1.243	0.000	0.000	0.000	2	1	SHUS_GPS
232.229	51.854	2.415	0.722	0.000	0.000	0.000	2	1	KING_GPS
232.399	51.186	2.922	0.883	0.000	0.000	0.000	2	1	ROBI_GPS
232.481	50.458	4.022	1.124	0.000	0.000	0.000	2	1	ALCC_GPS
232.619	50.698	3.242	0.939	0.000	0.000	0.000	2	1	HARD_GPS
232.625	50.686	3.245	0.936	0.000	0.000	0.000	2	1	PTHY_GPS
232.720	51.465	2.303	0.695	0.000	0.000	0.000	2	1	SEYM_GPS
232.836	50.573	2.913	0.761	0.000	0.000	0.000	2	1	KLUC_GPS
232.877	49.873	2.023	0.218	0.000	0.000	0.000	2	1	ELIZ_GPS
232.890	50.961	2.520	0.726	0.000	0.000	0.000	2	1	BULC_GPS
233.157	50.544	2.345	0.543	0.000	0.000	0.000	2	1	BCOV_GPS
233.383	49.592	0.950	0.118	0.000	0.000	0.000	2	1	NTKA_GPS
233.453	49.789	1.232	0.129	0.000	0.000	0.000	2	1	ANAW_GPS
233.878	49.619	0.840	0.086	0.000	0.000	0.000	2	1	PIER_GPS
233.942	50.104	1.263	0.159	0.000	0.000	0.000	2	1	MOAK_GPS
234.042	49.956	1.089	0.117	0.000	0.000	0.000	2	1	SENT_GPS
234.159	49.084	0.395	0.079	0.000	0.000	0.000	2	1	RADA_GPS
234.302	49.883	0.926	0.089	0.000	0.000	0.000	2	1	FILB_GPS
234.360	50.125	1.057	0.122	0.000	0.000	0.000	2	1	BRWV_GPS
234.417	49.995	0.957	0.097	0.000	0.000	0.000	2	1	STRA_GPS
234.458	48.926	0.321	0.064	0.000	0.000	0.000	2	1	UCLU_GPS
234.493	48.985	0.348	0.060	0.000	0.000	0.000	2	1	FRDC_GPS
234.503	50.231	1.050	0.129	0.000	0.000	0.000	2	1	MENZ_GPS
234.507	49.738	0.770	0.064	0.000	0.000	0.000	2	1	ALEX_GPS
234.600	49.823	0.798	0.067	0.000	0.000	0.000	2	1	OYST_GPS
234.603	50.033	0.913	0.091	0.000	0.000	0.000	2	1	JHRT_GPS
234.636	49.552	0.635	0.048	0.000	0.000	0.000	2	1	GLAC_GPS
234.685	50.491	1.075	0.154	0.000	0.000	0.000	2	1	ANNA_GPS
234.703	49.752	0.734	0.057	0.000	0.000	0.000	2	1	WAS2_GPS
234.718	49.192	0.440	0.042	0.000	0.000	0.000	2	1	FOUR_GPS
234.777	49.650	0.665	0.047	0.000	0.000	0.000	2	1	BCHR_GPS
234.866	48.828	0.291	0.042	0.000	0.000	0.000	2	1	BAMF_GPS
234.957	48.865	0.304	0.037	0.000	0.000	0.000	2	1	PACH_GPS
235.001	49.949	0.762	0.060	0.000	0.000	0.000	2	1	NACH_GPS
235.041	49.069	0.377	0.029	0.000	0.000	0.000	2	1	HAND_GPS
235.139	49.256	0.445	0.024	0.000	0.000	0.000	2	1	PTAL_GPS
235.296	48.996	0.346	0.019	0.000	0.000	0.000	2	1	GREY_GPS
235.336	49.490	0.519	0.021	0.000	0.000	0.000	2	1	TOBY_GPS
235.401	48.370	0.180	0.025	0.000	0.000	0.000	2	1	NBCG_GPS
235.443	47.937	0.103	0.030	0.000	0.000	0.000	2	1	P401_PBO
235.514	42.801	-0.115	-0.096	0.000	0.000	0.000	2	1	BLCO_GPS
235.544	49.807	0.607	0.028	0.000	0.000	0.000	2	1	POWE_GPS
235.555	49.710	0.573	0.023	0.000	0.000	0.000	2	1	POCA_GPS
235.572	42.430	-0.121	-0.131	0.000	0.000	0.000	2	1	ROG2_GPS
235.607	42.586	-0.116	-0.120	0.000	0.000	0.000	2	1	T758_GPS
235.623	40.452	-0.111	-1.406	0.000	0.000	0.000	2	1	L229_GPS
235.628	40.392	0.291	-1.855	0.000	0.000	0.000	2	1	P229_GPS
235.670	43.350	-0.100	-0.071	0.000	0.000	0.000	2	1	TID3_GPS
235.676	43.344	-0.100	-0.071	0.000	0.000	0.000	2	1	2780_GPS
235.678	42.183	-0.122	-0.167	0.000	0.000	0.000	2	1	M746_GPS
235.680	49.599	0.522	0.014	0.000	0.000	0.000	2	1	DAVI_GPS
235.692	40.248	9.399	-6.606	0.000	0.000	0.000	2	1	P157_PBO
235.706	40.498	-0.090	-1.171	0.000	0.000	0.000	2	1	BEAR_GPS
235.717	40.505	-0.084	-1.155	0.000	0.000	0.000	2	1	P159_PBO
235.721	47.304	0.039	0.021	0.000	0.000	0.000	2	1	GREV_GPS
235.734	40.257	5.733	-5.037	0.000	0.000	0.000	2	1	COOS_GPS
235.736	49.228	0.402	0.004	0.000	0.000	0.000	2	1	OKAY_GPS
235.738	48.901	0.310	0.003	0.000	0.000	0.000	2	1	YOUB_GPS
235.744	40.589	-0.146	-0.990	0.000	0.000	0.000	2	1	01PA_GPS
235.763	40.691	-0.174	-0.835	0.000	0.000	0.000	2	1	P162_PBO
235.787	40.637	-0.132	-0.916	0.000	0.000	0.000	2	1	P161_PBO
235.798	40.715	-0.154	-0.806	0.000	0.000	0.000	2	1	SIS3_GPS
235.801	43.340	-0.097	-0.077	0.000	0.000	0.000	2	1	F751_GPS
235.813	49.535	0.489	0.008	0.000	0.000	0.000	2	1	SHEP_GPS
235.822	47.114	0.026	0.016	0.000	0.000	0.000	2	1	GP14_GPS
235.825	43.124	-0.099	-0.091	0.000	0.000	0.000	2	1	P75Z_GPS
235.844	40.448	0.256	-1.397	0.000	0.000	0.000	2	1	1468_GPS
235.859	48.062	0.137	0.008	0.000	0.000	0.000	2	1	P403_PBO
235.867	40.551	0.033	-1.086	0.000	0.000	0.000	2	1	P160_PBO
235.876	40.157	-24.602	14.302	0.000	0.000	0.000	3	1	KNGP_GPS
235.883	40.975	-0.140	-0.560	0.000	0.000	0.000	2	1	HP19_GPS
235.886	43.885	-0.087	-0.054	0.000	0.000	0.000	2	1	SOOS_GPS
235.893	40.422	0.406	-1.523	0.000	0.000	0.000	2	1	P158_PBO
235.897	48.465	0.210	0.002	0.000	0.000	0.000	2	1	JRDR_GPS
235.900	46.903	0.013	0.012	0.000	0.000	0.000	2	1	GRAY_GPS
235.905	41.192	-0.134	-0.435	0.000	0.000	0.000	2	1	CW07_GPS
235.914	41.559	-0.124	-0.303	0.000	0.000	0.000	2	1	P316_PBO
235.924	46.300	-0.022	0.006	0.000	0.000	0.000	2	1	HEAD_GPS
235.925	40.876	-0.117	-0.635	0.000	0.000	0.000	2	1	P058_PBO
235.934	44.830	-0.069	-0.023	0.000	0.000	0.000	2	1	BAL2_GPS
235.935	44.602	-0.074	-0.030	0.000	0.000	0.000	2	1	HAMI_GPS
235.940	44.587	-0.074	-0.031	0.000	0.000	0.000	2	1	A16N_GPS
235.941	42.552	-0.103	-0.143	0.000	0.000	0.000	2	1	LUCA_GPS
235.943	40.220	5.614	-1.686	0.000	0.000	0.000	2	1	P163_PBO
235.967	41.522	-0.119	-0.317	0.000	0.000	0.000	2	1	H111_GPS
235.986	42.967	-0.096	-0.110	0.000	0.000	0.000	2	1	P061_PBO
236.022	40.306	1.790	-1.178	0.000	0.000	0.000	2	1	GRSH_GPS
236.024	49.753	0.531	0.010	0.000	0.000	0.000	2	1	EARL_GPS
236.025	40.727	-0.017	-0.754	0.000	0.000	0.000	2	1	KNEE_GPS
236.032	40.791	-0.046	-0.690	0.000	0.000	0.000	2	1	P169_PBO
236.034	45.134	-0.059	-0.019	0.000	0.000	0.000	2	1	NESK_GPS
236.040	45.862	-0.037	-0.005	0.000	0.000	0.000	2	1	CANN_GPS
236.044	46.205	-0.023	0.000	0.000	0.000	0.000	2	1	FTS1_GPS
236.051	45.273	-0.055	-0.017	0.000	0.000	0.000	2	1	ISLE_GPS
236.063	41.986	-0.105	-0.221	0.000	0.000	0.000	2	1	GORD_GPS
236.076	46.972	0.024	0.004	0.000	0.000	0.000	2	1	OP25_GPS
236.079	48.377	0.195	-0.004	0.000	0.000	0.000	2	1	SHER_GPS
236.083	46.057	-0.028	-0.003	0.000	0.000	0.000	2	1	COND_GPS
236.084	46.926	0.021	0.004	0.000	0.000	0.000	2	1	P398_PBO
236.094	40.024	12.423	-2.982	0.000	0.000	0.000	2	1	P156_PBO
236.119	40.669	0.089	-0.754	0.000	0.000	0.000	2	1	P168_PBO
236.120	40.544	0.285	-0.857	0.000	0.000	0.000	2	1	P167_PBO
236.123	49.598	0.479	0.001	0.000	0.000	0.000	2	1	SECH_GPS
236.137	40.435	0.706	-0.849	0.000	0.000	0.000	2	1	P166_PBO
236.140	44.019	-0.078	-0.058	0.000	0.000	0.000	2	1	FHAM_GPS
236.142	45.022	-0.059	-0.026	0.000	0.000	0.000	2	1	P395_PBO
236.147	40.246	3.578	-0.411	0.000	0.000	0.000	2	1	P165_PBO
236.154	45.214	-0.054	-0.022	0.000	0.000	0.000	2	1	CEDC_GPS
236.156	41.874	-0.100	-0.244	0.000	0.000	0.000	2	1	01XD_GPS
236.164	42.792	-0.093	-0.131	0.000	0.000	0.000	2	1	BOLI_GPS
236.165	39.777	13.818	-4.586	0.000	0.000	0.000	2	1	HP15_GPS
236.168	46.173	-0.020	-0.005	0.000	0.000	0.000	2	1	ASTO_GPS
236.176	45.421	-0.048	-0.018	0.000	0.000	0.000	2	1	PRAI_GPS
236.180	49.203	0.374	-0.009	0.000	0.000	0.000	2	1	GABR_GPS
236.190	46.663	0.007	-0.002	0.000	0.000	0.000	2	1	SOBE_GPS
236.211	41.993	-0.097	-0.225	0.000	0.000	0.000	2	1	HP12_GPS
236.212	45.907	-0.030	-0.011	0.000	0.000	0.000	2	1	N274_GPS
236.222	43.002	-0.089	-0.117	0.000	0.000	0.000	2	1	CAM4_GPS
236.233	44.612	-0.066	-0.041	0.000	0.000	-0.024	2	1	EDDY_GPS
236.267	40.875	0.019	-0.547	0.000	0.000	-0.009	2	1	HORS_GPS
236.270	46.656	0.009	-0.005	0.000	0.000	-0.172	2	1	P415_PBO
236.274	38.928	-14.054	5.272	0.000	0.000	0.003	3	1	P059_PBO
236.280	46.089	-0.021	-0.011	0.000	0.000	-0.020	2	1	KLAS_GPS
236.283	39.864	9.220	-2.289	0.000	0.000	0.036	2	1	P315_PBO
236.294	47.817	0.114	-0.007	0.000	0.000	-0.025	2	1	SC03_PBO
236.297	46.973	0.031	-0.005	0.000	0.000	0.018	2	1	CNTR_GPS
236.301	40.575	0.393	-0.611	0.000	0.000	-0.261	2	1	P326_PBO
236.303	45.483	-0.042	-0.021	0.000	0.000	-0.024	2	1	SISK_GPS
236.325	40.439	0.931	-0.516	0.000	0.000	-0.005	2	1	01NE_GPS
236.326	48.465	0.214	-0.014	0.000	0.000	-0.042	2	1	CNSP_GPS
236.344	40.257	2.597	-0.343	0.000	0.000	-0.012	2	1	P324_PBO
236.349	48.316	0.188	-0.013	0.000	0.000	0.005	2	1	BCHD_GPS
236.351	46.334	-0.007	-0.011	0.000	0.000	0.000	2	1	GP35_GPS
236.356	45.629	-0.036	-0.021	0.000	0.000	0.016	2	1	P405_PBO
236.361	45.082	-0.052	-0.032	0.000	0.000	-0.040	2	1	GRND_GPS
236.377	40.944	0.027	-0.482	0.000	0.000	-0.045	2	1	01RE_GPS
236.397	39.352	10.483	-4.027	0.000	0.000	-0.068	2	1	P187_PBO
236.401	44.377	-0.066	-0.054	0.000	0.000	-0.025	2	1	CURT_GPS
236.403	42.719	-0.085	-0.145	0.000	0.000	-0.022	2	1	REUB_GPS
236.409	44.382	-0.066	-0.054	0.000	0.000	0.005	2	1	P374_PBO
236.417	43.644	-0.076	-0.085	0.000	0.000	-0.002	2	1	WELK_GPS
236.418	39.686	7.755	-2.295	0.000	0.000	0.003	2	1	P314_PBO
236.419	46.146	-0.014	-0.015	0.000	0.000	-0.008	2	1	BIGC_GPS
236.430	45.885	-0.025	-0.019	0.000	0.000	-0.045	2	1	HANS_GPS
236.433	44.185	-0.068	-0.062	0.000	0.000	0.061	2	1	TRIA_GPS
236.435	39.554	8.228	-2.712	0.000	0.000	-0.042	2	1	P313_PBO
236.446	40.334	1.630	-0.358	0.000	0.000	-0.028	2	1	LASS_GPS
236.448	39.906	5.777	-1.249	0.000	0.000	-0.047	2	1	P317_PBO
236.450	44.038	-0.070	-0.068	0.000	0.000	0.075	2	1	SOAM_GPS
236.453	44.594	-0.061	-0.049	0.000	0.000	-0.003	2	1	U727_GPS
236.459	46.966	0.036	-0.011	0.000	0.000	-0.003	2	1	SATS_GPS
236.467	46.991	0.038	-0.012	0.000	0.000	-0.102	2	1	A479_GPS
236.471	47.990	0.141	-0.015	0.000	0.000	-0.031	2	1	HUR2_GPS
236.477	40.460	0.896	-0.416	0.000	0.000	0.068	2	1	HP16_GPS
236.497	48.060	0.151	-0.017	0.000	0.000	-0.038	2	1	P435_PBO
236.500	46.541	0.009	-0.015	0.000	0.000	-0.109	2	1	FRAN_GPS
236.505	48.117	0.160	-0.017	0.000	0.000	-0.035	2	1	PTAN_GPS
236.507	40.815	0.158	-0.460	0.000	0.000	-0.043	2	1	0108_GPS
236.539	45.797	-0.025	-0.025	0.000	0.000	0.025	2	1	REST_GPS
236.540	46.268	-0.005	-0.019	0.000	0.000	-0.047	2	1	PARK_GPS
236.545	43.126	-0.078	-0.118	0.000	0.000	-0.059	2	1	DELI_GPS
236.549	48.648	0.247	-0.021	0.000	0.000	0.144	2	1	PGC4_GPS
236.564	47.004	0.042	-0.015	0.000	0.000	-0.011	2	1	P430_PBO
236.571	43.140	-0.077	-0.118	0.000	0.000	-0.001	2	1	P369_PBO
236.588	45.065	-0.047	-0.041	0.000	0.000	-0.077	2	1	BRAE_GPS
236.589	43.129	-0.077	-0.119	0.000	0.000	0.039	2	1	B741_GPS
236.591	47.939	0.137	-0.019	0.000	0.000	-0.019	2	1	EA40_GPS
236.592	47.237	0.061	-0.016	0.000	0.000	-0.019	2	1	P418_PBO
236.597	48.140	0.165	-0.021	0.000	0.000	-0.005	2	1	TUCK_GPS
236.607	43.242	-0.075	-0.112	0.000	0.000	0.003	2	1	DARL_GPS
236.610	45.159	-0.044	-0.039	0.000	0.000	0.010	2	1	P404_PBO
236.617	42.504	-0.078	-0.169	0.000	0.000	-0.025	2	1	P368_PBO
236.618	42.621	-0.078	-0.158	0.000	0.000	-0.029	2	1	N748_GPS
236.623	46.201	-0.006	-0.022	0.000	0.000	0.412	2	1	P408_PBO
236.624	47.015	0.044	-0.018	0.000	0.000	0.098	2	1	FARW_GPS
236.628	39.452	5.992	-2.072	0.000	0.000	-0.009	2	1	P318_PBO
236.645	43.246	-0.074	-0.113	0.000	0.000	-0.007	2	1	ROSE_GPS
236.652	38.987	9.056	-3.762	0.000	0.000	0.005	2	1	P189_PBO
236.653	48.493	0.220	-0.024	0.000	0.000	-0.048	2	1	DOUG_GPS
236.661	42.423	-0.076	-0.177	0.000	0.000	-0.046	2	1	FARO_GPS
236.667	43.623	-0.070	-0.093	0.000	0.000	0.000	2	1	P373_PBO
236.675	40.815	0.217	-0.395	0.000	0.000	-0.056	2	1	01QF_GPS
236.681	43.465	-0.071	-0.102	0.000	0.000	0.000	2	1	T739_GPS
236.702	46.575	0.017	-0.022	0.000	0.000	0.004	2	1	P417_PBO
236.705	39.707	4.344	-1.233	0.000	0.000	0.014	2	1	P319_PBO
236.709	44.391	-0.058	-0.063	0.000	0.000	-0.078	2	1	E141_GPS
236.725	46.631	0.021	-0.023	0.000	0.000	-0.031	2	1	DOTT_GPS
236.740	47.955	0.142	-0.024	0.000	0.000	-0.214	2	1	BLUE_GPS
236.747	42.799	-0.073	-0.146	0.000	0.000	0.000	2	1	AZAL_GPS
236.752	39.771	3.792	-1.015	0.000	0.000	0.014	2	1	CVR3_GPS
236.761	45.851	-0.017	-0.032	0.000	0.000	-0.040	2	1	P409_PBO
236.762	43.706	-0.067	-0.092	0.000	0.000	-0.021	2	1	LESL_GPS
236.770	38.668	12.654	-6.434	0.000	0.000	0.007	2	1	P188_PBO
236.772	44.925	-0.046	-0.050	0.000	0.000	-0.055	2	1	NESM_GPS
236.773	48.425	0.209	-0.027	0.000	0.000	-0.040	2	1	DISC_GPS
236.781	44.689	-0.051	-0.056	0.000	0.000	0.009	2	1	Y683_GPS
236.795	46.105	-0.005	-0.029	0.000	0.000	-0.019	2	1	CLAT_GPS
236.796	39.242	5.258	-1.976	0.000	0.000	0.002	2	1	P190_PBO
236.799	39.795	3.439	-0.906	0.000	0.000	-0.066	2	1	HP14_GPS
236.803	44.149	-0.060	-0.075	0.000	0.000	0.205	2	1	B737_GPS
236.807	41.842	-0.054	-0.242	0.000	0.000	0.024	2	1	HP21_GPS
236.819	38.495	16.649	-10.620	0.000	0.000	0.004	2	1	P182_PBO
236.825	40.547	0.649	-0.328	0.000	0.000	0.000	2	1	P332_PBO
236.829	48.774	0.267	-0.029	0.000	0.000	0.008	2	1	SATU_GPS
236.837	44.079	-0.060	-0.078	0.000	0.000	-0.006	2	1	EZEL_GPS
236.843	45.538	-0.026	-0.039	0.000	0.000	0.020	2	1	P411_PBO
236.848	45.190	-0.037	-0.046	0.000	0.000	-0.017	2	1	P406_PBO
236.859	47.237	0.069	-0.026	0.000	0.000	-0.060	2	1	SNDR_GPS
236.861	45.070	-0.040	-0.049	0.000	0.000	-0.031	2	1	YAMB_GPS
236.866	48.045	0.155	-0.029	0.000	0.000	-0.005	2	1	P436_PBO
236.869	45.190	-0.036	-0.047	0.000	0.000	0.000	2	1	MACK_GPS
236.887	47.387	0.083	-0.027	0.000	0.000	0.001	2	1	TAHU_GPS
236.888	47.033	0.053	-0.027	0.000	0.000	0.149	2	1	Z478_GPS
236.890	48.181	0.174	-0.030	0.000	0.000	-0.033	2	1	DUNG_GPS
236.895	39.320	4.294	-1.554	0.000	0.000	0.006	2	1	P192_PBO
236.897	44.780	-0.046	-0.057	0.000	0.000	-0.178	2	1	SDNY_GPS
236.898	44.941	-0.042	-0.053	0.000	0.000	-0.004	2	1	P376_PBO
236.900	44.633	-0.049	-0.062	0.000	0.000	0.010	2	1	C715_GPS
236.930	45.612	-0.022	-0.041	0.000	0.000	-0.050	2	1	GARY_GPS
236.931	38.314	-16.186	10.098	0.000	0.000	0.002	3	1	P183_PBO
236.935	43.372	-0.065	-0.113	0.000	0.000	0.001	2	1	SCOT_GPS
236.942	43.363	-0.065	-0.113	0.000	0.000	0.004	2	1	P371_PBO
236.969	39.729	2.881	-0.823	0.000	0.000	-0.003	2	1	POIR_GPS
236.996	44.325	-0.052	-0.074	0.000	0.000	-0.069	2	1	TWIN_GPS
237.004	49.078	0.318	-0.031	0.000	0.000	-0.055	2	1	BOUN_GPS
237.009	45.524	-0.023	-0.045	0.000	0.000	-0.068	2	1	CHAS_GPS
237.015	46.671	0.031	-0.032	0.000	0.000	-0.089	2	1	APSA_GPS
237.029	44.876	-0.040	-0.059	0.000	0.000	0.002	2	1	JAIL_GPS
237.031	44.510	-0.048	-0.069	0.000	0.000	-0.084	2	1	PETE_GPS
237.044	44.566	-0.047	-0.068	0.000	0.000	-0.108	2	1	LANG_GPS
237.058	40.652	0.471	-0.294	0.000	0.000	-0.001	2	1	H217_GPS
237.059	47.288	0.078	-0.033	0.000	0.000	0.005	2	1	P423_PBO
237.063	38.104	-14.004	7.798	0.000	0.000	-0.032	3	1	PRNC_GPS
237.064	40.370	0.958	-0.299	0.000	0.000	-0.001	2	1	0221_GPS
237.075	46.040	-0.001	-0.040	0.000	0.000	0.185	2	1	PRES_GPS
237.077	40.748	0.360	-0.294	0.000	0.000	0.008	2	1	P338_PBO
237.079	50.127	0.508	-0.005	0.000	0.000	0.010	2	1	WSLR_GPS
237.081	46.283	0.011	-0.037	0.000	0.000	0.047	2	1	CSTL_GPS
237.091	48.708	0.253	-0.036	0.000	0.000	0.003	2	1	P439_PBO
237.113	44.052	-0.054	-0.086	0.000	0.000	0.069	2	1	P377_PBO
237.115	48.420	0.209	-0.037	0.000	0.000	-0.037	2	1	ICEB_GPS
237.120	44.990	-0.035	-0.059	0.000	0.000	0.013	2	1	HOWE_GPS
237.123	42.323	-0.053	-0.185	0.000	0.000	-0.009	2	1	JUST_GPS
237.125	47.824	0.133	-0.036	0.000	0.000	-0.006	2	1	SCHO_GPS
237.126	45.269	-0.028	-0.053	0.000	0.000	0.007	2	1	SPRO_GPS
237.131	38.080	-15.586	9.813	0.000	0.000	-0.291	3	1	PRH2_GPS
237.134	46.589	0.029	-0.037	0.000	0.000	0.001	2	1	P420_PBO
237.170	44.208	-0.050	-0.082	0.000	0.000	0.002	2	1	COLR_GPS
237.174	44.795	-0.039	-0.065	0.000	0.000	0.004	2	1	IMP0_GPS
237.187	38.087	16.521	-11.081	0.000	0.000	-0.063	2	1	1395_GPS
237.189	45.179	-0.029	-0.057	0.000	0.000	0.013	2	1	HUBB_GPS
237.193	46.477	0.024	-0.039	0.000	0.000	-0.031	2	1	ARP0_GPS
237.199	45.857	-0.005	-0.046	0.000	0.000	-0.122	2	1	HELE_GPS
237.213	47.549	0.105	-0.038	0.000	0.000	-0.144	2	1	GLDH_GPS
237.232	48.141	0.172	-0.040	0.000	0.000	-0.096	2	1	WORD_GPS
237.233	38.429	7.250	-2.816	0.000	0.000	-0.065	2	1	P197_PBO
237.245	47.501	0.101	-0.039	0.000	0.000	0.035	2	1	B197_GPS
237.256	45.672	-0.011	-0.050	0.000	0.000	-0.006	2	1	VANC_GPS
237.257	38.298	8.912	-3.691	0.000	0.000	0.000	2	1	P196_PBO
237.260	43.340	-0.057	-0.120	0.000	0.000	0.004	2	1	STEA_GPS
237.263	38.093	13.693	-7.635	0.000	0.000	-0.065	2	1	NICC_GPS
237.280	46.533	0.029	-0.042	0.000	0.000	-0.040	2	1	PTS5_GPS
237.290	41.730	-0.008	-0.228	0.000	0.000	-0.012	2	1	YBHB_GPS
237.293	42.216	-0.042	-0.190	0.000	0.000	-0.024	2	1	ASH0_GPS
237.304	48.313	0.195	-0.042	0.000	0.000	-0.104	2	1	WHD1_GPS
237.307	45.835	-0.004	-0.049	0.000	0.000	-0.038	2	1	P414_PBO
237.317	47.922	0.146	-0.041	0.000	0.000	0.011	2	1	PLUD_GPS
237.330	48.419	0.209	-0.042	0.000	0.000	0.002	2	1	P438_PBO
237.339	47.446	0.098	-0.041	0.000	0.000	-0.112	2	1	ORCC_GPS
237.344	42.191	-0.038	-0.191	0.000	0.000	-0.021	2	1	P370_PBO
237.347	43.586	-0.053	-0.110	0.000	0.000	-0.005	2	1	FARV_GPS
237.352	47.735	0.126	-0.042	0.000	0.000	-0.049	2	1	KINW_GPS
237.375	42.142	-0.034	-0.194	0.000	0.000	0.001	2	1	F760_GPS
237.379	47.094	0.069	-0.043	0.000	0.000	0.008	2	1	LEWG_GPS
237.393	38.260	7.102	-2.767	0.000	0.000	-0.048	2	1	P198_PBO
237.397	48.892	0.278	-0.042	0.000	0.000	0.000	2	1	FRND_GPS
237.401	37.923	13.848	-7.974	0.000	0.000	-0.031	2	1	T3R2_GPS
237.405	38.186	7.941	-3.209	0.000	0.000	-0.024	2	1	COR__GPS
237.409	45.216	-0.023	-0.062	0.000	0.000	-0.032	2	1	4S9B_GPS
237.411	45.221	-0.022	-0.062	0.000	0.000	-0.108	2	1	P412_PBO
237.423	44.497	-0.039	-0.079	0.000	0.000	0.003	2	1	P379_PBO
237.424	38.778	3.457	-1.266	0.000	0.000	0.042	2	1	P206_PBO
237.425	45.326	-0.019	-0.061	0.000	0.000	0.000	2	1	CLCC_GPS
237.429	47.172	0.077	-0.044	0.000	0.000	0.002	2	1	PCOL_PBO
237.430	44.150	-0.045	-0.090	0.000	0.000	0.009	2	1	VIDA_GPS
237.434	45.547	-0.011	-0.057	0.000	0.000	-0.157	2	1	RKBU_GPS
237.447	47.571	0.112	-0.045	0.000	0.000	-0.040	2	1	SITA_GPS
237.453	45.781	-0.002	-0.054	0.000	0.000	-0.004	2	1	BATT_GPS
237.465	48.791	0.261	-0.044	0.000	0.000	-0.027	2	1	BHAP_GPS
237.473	38.236	6.311	-2.408	0.000	0.000	0.001	2	1	ADOO_GPS
237.474	41.555	0.032	-0.227	0.000	0.000	0.043	2	1	GREN_GPS
237.485	47.803	0.135	-0.046	0.000	0.000	0.008	2	1	P426_PBO
237.489	42.741	-0.047	-0.154	0.000	0.000	-0.013	2	1	PROS_GPS
237.496	37.509	-10.148	5.610	0.000	0.000	0.118	3	1	WHAL_GPS
237.497	38.264	5.775	-2.168	0.000	0.000	-0.017	2	1	P199_PBO
237.500	43.750	-0.048	-0.106	0.000	0.000	-0.001	2	1	OAKR_GPS
237.507	48.856	0.270	-0.045	0.000	0.000	-0.007	2	1	P440_PBO
237.520	44.752	-0.032	-0.075	0.000	0.000	-0.173	2	1	MILL_GPS
237.521	42.065	-0.022	-0.194	0.000	0.000	-0.005	2	1	SOR4_GPS
237.536	43.160	-0.049	-0.132	0.000	0.000	-0.002	2	1	BLK4_GPS
237.542	37.609	-14.786	10.769	0.000	0.000	-0.004	3	1	SWEE_GPS
237.544	37.527	-12.185	7.666	0.000	0.000	-0.063	3	1	PALO_GPS
237.545	37.805	12.421	-6.635	0.000	0.000	0.006	2	1	PRSD_GPS
237.548	38.240	5.475	-2.042	0.000	0.000	0.000	2	1	P200_PBO
237.556	47.306	0.090	-0.048	0.000	0.000	-0.037	2	1	BROW_GPS
237.571	46.532	0.036	-0.051	0.000	0.000	-0.014	2	1	P421_PBO
237.572	43.228	-0.048	-0.129	0.000	0.000	-0.050	2	1	TOKE_GPS
237.584	37.959	8.193	-3.431	0.000	0.000	0.025	2	1	SNPR_GPS
237.585	40.998	0.212	-0.233	0.000	0.000	-0.005	2	1	P060_PBO
237.598	37.942	8.198	-3.447	0.000	0.000	0.018	2	1	HIL4_GPS
237.605	37.183	-3.889	2.632	0.000	0.000	-0.031	3	1	PIGE_GPS
237.613	47.595	0.117	-0.049	0.000	0.000	-0.003	2	1	DUWA_GPS
237.618	37.592	15.798	-11.240	0.000	0.000	0.011	2	1	PEEE_GPS
237.623	37.915	8.149	-3.448	0.000	0.000	0.001	2	1	P181_PBO
237.625	47.388	0.098	-0.050	0.000	0.000	-0.056	2	1	RPT1_GPS
237.634	37.810	9.753	-4.592	0.000	0.000	-0.020	2	1	NAVY_GPS
237.638	38.283	4.480	-1.623	0.000	0.000	-0.020	2	1	HENN_GPS
237.639	46.190	0.020	-0.055	0.000	0.000	-0.007	2	1	P689_PBO
237.641	37.228	-5.335	3.354	0.000	0.000	0.000	3	1	HALM_GPS
237.644	37.990	6.793	-2.699	0.000	0.000	-0.038	2	1	SPA1_GPS
237.645	46.110	0.016	-0.056	0.000	0.000	0.035	2	1	P687_PBO
237.650	42.620	-0.039	-0.159	0.000	0.000	-0.103	2	1	RUST_GPS
237.655	46.301	0.026	-0.055	0.000	0.000	-0.016	2	1	ELKR_GPS
237.659	45.430	-0.010	-0.065	0.000	0.000	-0.053	2	1	P427_PBO
237.660	37.934	7.241	-2.958	0.000	0.000	-0.112	2	1	RMD1_GPS
237.662	38.258	4.461	-1.615	0.000	0.000	0.004	2	1	DEAL_GPS
237.667	45.299	-0.014	-0.067	0.000	0.000	-0.042	2	1	ESTA_GPS
237.670	44.170	-0.039	-0.094	0.000	0.000	-0.001	2	1	BR02_GPS
237.681	40.731	0.368	-0.228	0.000	0.000	0.004	2	1	P349_PBO
237.682	46.026	0.013	-0.058	0.000	0.000	0.005	2	1	YALE_GPS
237.686	43.963	-0.041	-0.101	0.000	0.000	-0.257	2	1	SARD_GPS
237.689	46.173	0.020	-0.057	0.000	0.000	-0.049	2	1	P705_PBO
237.695	37.937	6.690	-2.683	0.000	0.000	0.000	2	1	MA_A_GPS
237.710	47.103	0.077	-0.052	0.000	0.000	-0.011	2	1	THUN_GPS
237.716	37.274	-8.337	5.441	0.000	0.000	0.001	3	1	HAUL_GPS
237.728	47.908	0.149	-0.052	0.000	0.000	-0.041	2	1	PAIN_GPS
237.729	40.271	0.757	-0.262	0.000	0.000	-0.265	2	1	P345_PBO
237.730	46.551	0.041	-0.055	0.000	0.000	-0.001	2	1	MORT_GPS
237.735	37.872	6.859	-2.823	0.000	0.000	-0.001	2	1	UCBK_GPS
237.741	38.324	3.718	-1.313	0.000	0.000	-0.050	2	1	HAGG_GPS
237.745	38.030	5.280	-1.984	0.000	0.000	-0.074	2	1	0410_GPS
237.748	37.871	6.685	-2.735	0.000	0.000	0.047	2	1	STAC_GPS
237.749	37.870	6.682	-2.734	0.000	0.000	0.003	2	1	STAD_GPS
237.753	37.879	6.531	-2.649	0.000	0.000	-0.103	2	1	04GG_GPS
237.765	44.119	-0.037	-0.098	0.000	0.000	-0.095	2	1	CUGR_GPS
237.771	38.043	4.966	-1.841	0.000	0.000	0.000	2	1	CROC_GPS
237.772	48.508	0.220	-0.052	0.000	0.000	-0.040	2	1	SDRO_GPS
237.773	46.231	0.025	-0.058	0.000	0.000	0.067	2	1	P691_PBO
237.778	37.884	6.163	-2.459	0.000	0.000	-0.014	2	1	BAPK_GPS
237.781	37.864	6.319	-2.551	0.000	0.000	-0.016	2	1	P224_PBO
237.782	38.153	4.255	-1.527	0.000	0.000	0.004	2	1	P261_PBO
237.784	37.312	-12.246	9.133	0.000	0.000	0.000	3	1	TRUE_GPS
237.794	41.294	0.113	-0.212	0.000	0.000	0.004	2	1	P655_PBO
237.796	37.417	15.384	-10.370	0.000	0.000	-0.009	2	1	SLAC_PBO
237.797	38.313	3.509	-1.226	0.000	0.000	-0.028	2	1	MADI_GPS
237.798	46.210	0.024	-0.059	0.000	0.000	0.030	2	1	P693_PBO
237.804	46.145	0.021	-0.060	0.000	0.000	0.160	2	1	P703_PBO
237.805	37.147	-4.455	4.706	0.000	0.000	0.025	3	1	EAUN_GPS
237.816	37.691	7.840	-3.524	0.000	0.000	-0.071	2	1	SLBB_GPS
237.818	46.300	0.029	-0.059	0.000	0.000	-0.009	2	1	P694_PBO
237.824	47.485	0.110	-0.055	0.000	0.000	-0.005	2	1	HAFF_GPS
237.825	38.351	3.274	-1.133	0.000	0.000	0.001	2	1	GAME_GPS
237.833	37.324	17.546	-13.167	0.000	0.000	-0.037	2	1	PAWT_GPS
237.836	46.199	0.025	-0.060	0.000	0.000	0.008	2	1	P695_PBO
237.842	48.162	0.178	-0.055	0.000	0.000	0.032	2	1	ARLI_GPS
237.846	48.170	0.179	-0.055	0.000	0.000	0.001	2	1	ARLO_GPS
237.847	37.290	-13.540	11.262	0.000	0.000	0.005	3	1	BM1R_GPS
237.857	48.917	0.273	-0.052	0.000	0.000	-0.040	2	1	GP37_GPS
237.858	47.636	0.124	-0.056	0.000	0.000	-0.006	2	1	OVER_GPS
237.867	46.195	0.025	-0.061	0.000	0.000	-0.032	2	1	P701_PBO
237.872	37.937	4.836	-1.789	0.000	0.000	-0.001	2	1	HILL_GPS
237.877	37.363	14.223	-9.025	0.000	0.000	0.005	2	1	FTHL_GPS
237.885	38.331	3.118	-1.066	0.000	0.000	-0.010	2	1	GORR_GPS
237.897	38.398	2.904	-0.988	0.000	0.000	-0.002	2	1	VAC3_GPS
237.900	42.473	-0.025	-0.163	0.000	0.000	-0.020	2	1	RKPT_GPS
237.903	37.563	8.225	-3.666	0.000	0.000	-0.016	2	1	COYS_GPS
237.904	38.025	4.144	-1.468	0.000	0.000	-0.037	2	1	P262_PBO
237.905	37.551	8.392	-3.768	0.000	0.000	-0.020	2	1	RDHL_GPS
237.912	45.533	-0.001	-0.070	0.000	0.000	-0.008	2	1	LARC_GPS
237.917	37.539	8.360	-3.718	0.000	0.000	0.324	2	1	P222_PBO
237.931	37.732	5.771	-2.240	0.000	0.000	-0.038	2	1	CAS2_GPS
237.939	37.815	5.067	-1.884	0.000	0.000	-0.039	2	1	ROC2_GPS
237.941	37.099	-4.385	6.718	0.000	0.000	-0.032	3	1	LOMP_GPS
237.942	37.714	5.807	-2.246	0.000	0.000	-0.011	2	1	P225_PBO
237.944	36.978	-2.116	3.812	0.000	0.000	0.008	3	1	SCAZ_GPS
237.945	39.244	1.590	-0.530	0.000	0.000	0.000	2	1	P270_PBO
237.948	36.993	-2.322	4.084	0.000	0.000	0.002	3	1	CRO3_GPS
237.972	39.929	0.953	-0.307	0.000	0.000	-0.073	2	1	P344_PBO
237.977	37.217	16.419	-10.737	0.000	0.000	-0.080	2	1	ELSE_GPS
237.980	44.190	-0.032	-0.099	0.000	0.000	0.001	2	1	CUPO_GPS
237.989	37.645	5.910	-2.214	0.000	0.000	0.434	2	1	GARS_GPS
237.990	42.140	-0.004	-0.176	0.000	0.000	0.032	2	1	W784_GPS
238.004	37.185	17.158	-11.575	0.000	0.000	-0.008	2	1	BRIG_BVU
238.005	37.738	5.023	-1.797	0.000	0.000	0.001	2	1	WED2_GPS
238.006	37.059	-4.697	5.954	0.000	0.000	-0.066	3	1	TRAL_GPS
238.009	37.202	15.652	-9.506	0.000	0.000	-0.003	2	1	P213_PBO
238.012	46.572	0.048	-0.062	0.000	0.000	-0.006	2	1	P431_PBO
238.015	47.509	0.115	-0.060	0.000	0.000	0.009	2	1	TIGR_GPS
238.022	37.749	4.815	-1.687	0.000	0.000	-0.013	2	1	P229_PBO
238.023	37.206	14.742	-8.193	0.000	0.000	0.032	2	1	SNJO_GPS
238.026	37.480	7.312	-2.706	0.000	0.000	-0.022	2	1	Z137_GPS
238.027	37.180	15.992	-10.335	0.000	0.000	-0.030	2	1	ODAM_GPS
238.034	37.247	12.569	-5.411	0.000	0.000	-0.030	2	1	VASO_GPS
238.039	37.073	-6.475	6.867	0.000	0.000	-0.039	3	1	BRUC_GPS
238.046	38.530	2.283	-0.753	0.000	0.000	-0.035	2	1	P265_PBO
238.048	37.532	6.350	-2.212	0.000	0.000	-0.002	2	1	WINE_1PS
238.053	37.110	-10.610	10.024	0.000	0.000	0.008	3	1	BURD_GPS
238.056	43.530	-0.035	-0.121	0.000	0.000	-0.143	2	1	CRES_GPS
238.057	39.145	1.555	-0.517	0.000	0.000	-0.007	2	1	P272_PBO
238.060	37.643	5.218	-1.766	0.000	0.000	-0.001	2	1	SUNS_GPS
238.062	37.047	-5.816	6.086	0.000	0.000	0.003	3	1	FIRE_GPS
238.071	36.449	-0.261	1.064	0.000	0.000	0.000	3	1	SOBR_GPS
238.076	36.982	-3.624	4.257	0.000	0.000	0.004	3	1	GREG_GPS
238.080	37.004	-4.387	4.841	0.000	0.000	-0.037	3	1	PORT_GPS
238.081	37.507	6.214	-2.019	0.000	0.000	-0.056	2	1	1582_GPS
238.091	37.104	-13.381	12.253	0.000	0.000	0.004	3	1	LP2__GPS
238.095	36.622	-0.410	1.440	0.000	0.000	-0.006	3	1	P231_PBO
238.103	42.318	-0.010	-0.166	0.000	0.000	-0.001	2	1	SKIL_GPS
238.112	37.540	5.557	-1.708	0.000	0.000	0.002	2	1	MILS_GPS
238.117	45.692	0.009	-0.073	0.000	0.000	-0.032	2	1	STEV_GPS
238.122	42.574	-0.020	-0.156	0.000	0.000	0.002	2	1	V546_GPS
238.123	45.676	0.009	-0.073	0.000	0.000	-0.086	2	1	P429_PBO
238.126	36.946	-3.460	3.910	0.000	0.000	-0.061	3	1	LEON_GPS
238.129	37.499	5.754	-1.688	0.000	0.000	-0.078	2	1	ALLI_GPS
238.130	37.541	5.375	-1.599	0.000	0.000	-0.003	2	1	SHER_GPS
238.137	36.962	-4.156	4.430	0.000	0.000	-0.002	3	1	P212_PBO
238.149	36.288	-0.259	0.824	0.000	0.000	-0.077	3	1	MOLR_GPS
238.151	44.120	-0.029	-0.104	0.000	0.000	-0.002	2	1	HUSB_GPS
238.156	37.111	11.660	-7.689	0.000	0.000	-0.039	2	1	LOMA_GPS
238.161	37.050	-12.880	11.767	0.000	0.000	0.015	3	1	LP4__GPS
238.167	37.012	-8.528	7.955	0.000	0.000	0.006	3	1	CORR_GPS
238.170	42.870	-0.027	-0.145	0.000	0.000	-0.043	2	1	J789_GPS
238.174	37.337	7.030	-1.841	0.000	0.000	-0.004	2	1	P226_PBO
238.177	38.380	2.262	-0.715	0.000	0.000	0.005	2	1	P267_PBO
238.180	39.210	1.377	-0.452	0.000	0.000	-0.023	2	1	SUTB_GPS
238.186	36.235	-0.274	0.753	0.000	0.000	-0.023	3	1	FEIF_GPS
238.190	37.594	4.525	-1.251	0.000	0.000	0.000	2	1	SARE_GPS
238.191	37.069	12.891	-9.257	0.000	0.000	-0.106	2	1	NDDD_GPS
238.195	43.133	-0.030	-0.135	0.000	0.000	-0.001	2	1	BEAV_GPS
238.200	43.130	-0.030	-0.135	0.000	0.000	-0.006	2	1	BEAV_GPS
238.201	36.749	-0.965	2.032	0.000	0.000	-0.002	3	1	MULL_GPS
238.207	36.486	-0.197	1.162	0.000	0.000	-0.011	3	1	P171_PBO
238.208	37.922	3.124	-0.930	0.000	0.000	-0.049	2	1	JOBE_GPS
238.210	37.533	4.757	-1.241	0.000	0.000	-0.005	2	1	P227_PBO
238.212	37.137	7.966	-4.463	0.000	0.000	0.021	2	1	MAZZ_GPS
238.217	37.186	7.376	-3.315	0.000	0.000	0.005	2	1	CAAA_GPS
238.220	42.260	-0.002	-0.166	0.000	0.000	0.124	2	1	P380_PBO
238.223	48.539	0.221	-0.062	0.000	0.000	-0.018	2	1	GRSM_GPS
238.228	36.589	-0.241	1.448	0.000	0.000	-0.001	3	1	FORD_GPS
238.229	36.846	-2.453	3.076	0.000	0.000	0.010	3	1	05ZB_GPS
238.240	44.290	-0.024	-0.101	0.000	0.000	0.003	2	1	BLCK_GPS
238.250	36.763	-1.183	2.281	0.000	0.000	-0.121	3	1	0513_GPS
238.253	42.209	0.003	-0.167	0.000	0.000	-0.017	2	1	ALTA_GPS
238.260	40.870	0.267	-0.193	0.000	0.000	-0.025	2	1	HHTT_GPS
238.262	37.219	6.294	-2.395	0.000	0.000	-0.024	2	1	COY__GPS
238.268	36.816	-2.175	2.964	0.000	0.000	-0.008	3	1	P210_PBO
238.278	37.954	2.819	-0.807	0.000	0.000	-0.001	2	1	MINN_GPS
238.285	38.657	1.749	-0.556	0.000	0.000	-0.029	2	1	P271_PBO
238.286	37.229	5.845	-2.128	0.000	0.000	-0.014	2	1	METC_GPS
238.288	45.334	0.000	-0.082	0.000	0.000	-0.028	2	1	TIMB_GPS
238.294	37.184	5.800	-2.514	0.000	0.000	0.024	2	1	PERR_GPS
238.297	37.622	3.752	-0.933	0.000	0.000	0.206	2	1	USG7_GPS
238.310	43.680	-0.028	-0.118	0.000	0.000	-0.014	2	1	WICK_GPS
238.313	37.602	3.751	-0.911	0.000	0.000	0.018	2	1	P228_PBO
238.317	46.623	0.057	-0.070	0.000	0.000	-0.116	2	1	P432_PBO
238.325	37.694	3.363	-0.847	0.000	0.000	-0.054	2	1	B112_GPS
238.326	48.865	0.258	-0.061	0.000	0.000	-0.019	2	1	BAKR_GPS
238.327	36.914	-10.036	9.393	0.000	0.000	-0.031	3	1	04AL_GPS
238.330	45.304	0.000	-0.083	0.000	0.000	-0.027	2	1	STOL_GPS
238.332	36.791	-2.119	3.218	0.000	0.000	-0.004	3	1	05YC_GPS
238.334	36.698	-0.472	2.220	0.000	0.000	0.019	3	1	SALI_GPS
238.340	39.430	1.092	-0.358	0.000	0.000	-0.003	2	1	CHO1_GPS
238.341	36.722	-0.708	2.449	0.000	0.000	0.021	3	1	BORO_GPS
238.349	37.104	5.318	-2.847	0.000	0.000	0.012	2	1	P217_PBO
238.354	38.474	1.850	-0.568	0.000	0.000	0.074	2	1	P268_PBO
238.372	36.540	-0.072	1.402	0.000	0.000	0.004	3	1	TORO_GPS
238.375	47.138	0.091	-0.069	0.000	0.000	0.009	2	1	GP17_GPS
238.384	36.980	7.851	-5.347	0.000	0.000	-0.042	2	1	GILR_GPS
238.395	37.932	2.551	-0.681	0.000	0.000	-0.156	2	1	P256_PBO
238.406	48.486	0.214	-0.066	0.000	0.000	-0.010	2	1	GP29_GPS
238.409	36.859	-10.166	9.724	0.000	0.000	0.004	3	1	P234_PBO
238.415	36.887	15.867	-12.216	0.000	0.000	0.004	2	1	PGN4_GPS
238.423	36.055	-0.362	0.492	0.000	0.000	0.011	3	1	GAMB_GPS
238.428	48.079	0.171	-0.068	0.000	0.000	-0.073	2	1	SLVR_GPS
238.432	36.873	16.273	-12.487	0.000	0.000	0.004	2	1	77RT_GPS
238.434	37.755	2.810	-0.683	0.000	0.000	0.012	2	1	MEDA_GPS
238.444	37.477	3.502	-0.799	0.000	0.000	0.001	2	1	MOCH_GPS
238.460	40.980	0.222	-0.184	0.000	0.000	-0.004	2	1	PITR_GPS
238.470	41.720	0.059	-0.173	0.000	0.000	0.009	2	1	M504_GPS
238.490	42.250	0.009	-0.161	0.000	0.000	-0.042	2	1	HILD_GPS
238.493	41.712	0.061	-0.173	0.000	0.000	-0.003	2	1	P672_PBO
238.510	41.616	0.076	-0.174	0.000	0.000	-0.010	2	1	P674_PBO
238.516	35.992	-0.410	0.408	0.000	0.000	0.004	3	1	0509_GPS
238.530	40.816	0.275	-0.185	0.000	0.000	0.011	2	1	HCRO_PBO
238.536	37.755	2.523	-0.595	0.000	0.000	0.000	2	1	P257_PBO
238.537	36.954	4.465	-1.976	0.000	0.000	0.000	2	1	P242_PBO
238.538	36.909	5.517	-2.598	0.000	0.000	-0.124	2	1	RAIL_BVU
238.540	41.430	0.109	-0.176	0.000	0.000	-0.024	2	1	ROUN_GPS
238.571	36.493	-0.028	0.925	0.000	0.000	-0.003	3	1	05VE_GPS
238.574	47.735	0.140	-0.072	0.000	0.000	0.002	2	1	B059_GPS
238.600	41.050	0.198	-0.178	0.000	0.000	0.000	2	1	MCAR_GPS
238.608	47.388	0.112	-0.074	0.000	0.000	0.009	2	1	HYAK_GPS
238.612	38.116	1.877	-0.505	0.000	0.000	-0.067	2	1	P273_PBO
238.625	37.508	2.661	-0.613	0.000	0.000	0.009	2	1	OSR1_GPS
238.634	44.823	-0.006	-0.097	0.000	0.000	0.004	2	1	Y502_GPS
238.645	37.011	2.990	-0.756	0.000	0.000	-0.001	2	1	P244_PBO
238.650	42.410	0.005	-0.155	0.000	0.000	0.002	2	1	J288_GPS
238.672	45.783	0.024	-0.084	0.000	0.000	-0.028	2	1	GWEN_GPS
238.675	36.793	3.749	-0.110	0.000	0.000	-0.014	2	1	05YF_GPS
238.677	36.420	-0.027	0.480	0.000	0.000	0.256	3	1	0512_GPS
238.700	46.873	0.078	-0.077	0.000	0.000	-0.010	2	1	SPIL_GPS
238.701	36.900	3.207	-0.239	0.000	0.000	0.032	2	1	TURK_GPS
238.710	41.100	0.183	-0.175	0.000	0.000	-0.005	2	1	FRAZ_GPS
238.712	37.008	2.666	-0.529	0.000	0.000	0.002	2	1	PACH_GPS
238.716	35.665	-0.768	0.256	0.000	0.000	-0.001	3	1	BLAN_GPS
238.720	44.060	-0.016	-0.113	0.000	0.000	0.002	2	1	PIBU_GPS
238.730	36.696	1.037	0.096	0.000	0.000	-0.053	2	1	05WF_GPS
238.731	48.674	0.232	-0.071	0.000	0.000	-0.028	2	1	G370_GPS
238.742	41.671	0.074	-0.167	0.000	0.000	-0.001	2	1	0209_GPS
238.785	38.322	1.488	-0.427	0.000	0.000	0.000	2	1	P275_PBO
238.790	42.440	0.008	-0.152	0.000	0.000	-0.065	2	1	TUFF_GPS
238.799	36.294	-0.078	0.186	0.000	0.000	-0.042	3	1	OSI2_GPS
238.803	44.269	-0.012	-0.110	0.000	0.000	0.013	2	1	F735_GPS
238.812	36.560	0.368	0.082	0.000	0.000	-0.058	3	1	P247_PBO
238.816	36.571	0.409	0.056	0.000	0.000	0.003	3	1	05WG_GPS
238.822	37.464	2.131	-0.532	0.000	0.000	-0.036	2	1	H104_GPS
238.825	45.618	0.021	-0.089	0.000	0.000	-0.014	2	1	DALL_GPS
238.829	47.232	0.104	-0.079	0.000	0.000	-0.001	2	1	EASN_GPS
238.850	39.630	0.729	-0.259	0.000	0.000	-0.046	2	1	LUMP_GPS
238.863	36.161	-0.186	0.115	0.000	0.000	0.000	3	1	QCYN_PBO
238.865	36.426	0.091	0.046	0.000	0.000	-0.041	3	1	P175_PBO
238.867	46.629	0.067	-0.082	0.000	0.000	0.003	2	1	FALL_GPS
238.872	44.634	-0.005	-0.104	0.000	0.000	-0.038	2	1	SKYO_GPS
238.899	37.433	1.969	-0.516	0.000	0.000	-0.044	2	1	P259_PBO
238.900	42.430	0.011	-0.152	0.000	0.000	0.002	2	1	ROCO_GPS
238.905	38.645	1.185	-0.370	0.000	0.000	-0.044	2	1	P276_PBO
238.910	44.210	-0.011	-0.112	0.000	0.000	-0.044	2	1	DRYX_GPS
238.916	37.711	1.793	-0.463	0.000	0.000	0.012	2	1	P260_PBO
238.932	48.730	0.235	-0.074	0.000	0.000	-0.031	2	1	P444_PBO
238.936	36.612	0.669	-0.271	0.000	0.000	0.026	2	1	P249_PBO
238.939	35.711	-0.859	0.168	0.000	0.000	-0.013	3	1	P278_PBO
238.940	37.080	1.865	-0.486	0.000	0.000	-0.014	2	1	ONIE_GPS
238.942	37.170	1.880	-0.512	0.000	0.000	-0.146	2	1	P252_PBO
238.960	41.510	0.102	-0.165	0.000	0.000	0.000	2	1	02SS_GPS
238.973	42.393	0.015	-0.152	0.000	0.000	-0.013	2	1	V357_GPS
238.980	39.730	0.643	-0.240	0.000	0.000	0.004	2	1	HELI_GPS
238.997	35.552	-1.176	0.154	0.000	0.000	-0.020	3	1	P067_PBO
239.004	36.410	4.921	-3.357	0.000	0.000	-0.059	2	1	05UH_GPS
239.019	36.417	0.825	-0.596	0.000	0.000	-0.014	2	1	P285_PBO
239.049	38.090	1.388	-0.406	0.000	0.000	-0.001	2	1	P309_PBO
239.050	41.180	0.162	-0.167	0.000	0.000	0.015	2	1	ADIN_GPS
239.053	44.920	0.005	-0.102	0.000	0.000	0.048	2	1	JUNC_GPS
239.060	39.970	0.526	-0.216	0.000	0.000	-0.011	2	1	QUIN_GPS
239.067	46.844	0.082	-0.085	0.000	0.000	-0.013	2	1	P065_PBO
239.070	44.260	-0.007	-0.113	0.000	0.000	0.030	2	1	HSTN_GPS
239.093	35.933	-0.469	-0.029	0.000	0.000	0.009	3	1	P284_PBO
239.121	36.140	-0.087	-0.200	0.000	0.000	-0.036	3	1	P288_PBO
239.130	35.636	-1.226	0.109	0.000	0.000	-0.014	3	1	P526_PBO
239.135	44.301	-0.005	-0.113	0.000	0.000	0.011	2	1	PRIN_GPS
239.158	35.697	-1.101	0.079	0.000	0.000	0.010	3	1	P295_PBO
239.168	35.359	-1.705	0.071	0.000	0.000	0.034	3	1	BLHL_GPS
239.192	35.426	-1.745	0.074	0.000	0.000	0.022	3	1	P525_PBO
239.194	40.419	0.350	-0.186	0.000	0.000	-0.026	2	1	P148_PBO
239.230	43.010	-0.000	-0.139	0.000	0.000	-0.026	2	1	W072_GPS
239.256	45.475	0.024	-0.099	0.000	0.000	0.016	2	1	A545_GPS
239.257	36.806	0.999	-0.621	0.000	0.000	-0.025	2	1	P301_PBO
239.279	38.340	1.088	-0.368	0.000	0.000	0.022	2	1	JAST_GPS
239.280	42.260	0.031	-0.151	0.000	0.000	-0.020	2	1	PL20_GPS
239.295	37.054	1.231	-0.599	0.000	0.000	-0.023	2	1	P303_PBO
239.300	41.490	0.108	-0.161	0.000	0.000	-0.023	2	1	HOTC_GPS
239.302	35.386	-2.138	0.024	0.000	0.000	-0.011	3	1	TESS_GPS
239.307	38.829	0.878	-0.315	0.000	0.000	-0.024	2	1	P140_PBO
239.310	43.170	-0.001	-0.136	0.000	0.000	-0.022	2	1	7MIR_GPS
239.318	34.469	-0.796	0.401	0.000	0.000	-0.020	3	1	HARV_GPS
239.328	45.590	0.029	-0.099	0.000	0.000	-0.026	2	1	P445_PBO
239.330	40.420	0.335	-0.184	0.000	0.000	-0.025	2	1	N843_GPS
239.335	47.768	0.148	-0.087	0.000	0.000	0.014	2	1	1882_GPS
239.356	37.795	1.232	-0.449	0.000	0.000	0.003	2	1	P306_PBO
239.360	43.290	-0.002	-0.134	0.000	0.000	-0.018	2	1	L091_GPS
239.373	34.571	-0.917	0.403	0.000	0.000	-0.001	3	1	RUS1_GPS
239.380	44.310	-0.000	-0.116	0.000	0.000	-0.025	2	1	C753_GPS
239.381	36.635	0.692	-0.710	0.000	0.000	0.001	2	1	P302_PBO
239.383	34.593	-0.948	0.402	0.000	0.000	-0.014	3	1	ALVA_GPS
239.390	40.450	0.321	-0.183	0.000	0.000	-0.016	2	1	E843_GPS
239.394	34.894	-1.461	0.257	0.000	0.000	0.014	3	1	LOSP_GPS
239.408	47.559	0.132	-0.089	0.000	0.000	-0.020	2	1	E518_GPS
239.410	42.200	0.038	-0.151	0.000	0.000	-0.032	2	1	OREG_GPS
239.427	35.456	-2.755	-0.007	0.000	0.000	-0.024	3	1	BARR_GPS
239.430	40.550	0.291	-0.179	0.000	0.000	-0.009	2	1	Q837_GPS
239.448	35.974	-0.148	-0.637	0.000	0.000	-0.018	3	1	P297_PBO
239.451	42.704	0.014	-0.144	0.000	0.000	-0.025	2	1	PAIS_GPS
239.455	35.328	-2.780	-0.023	0.000	0.000	-0.025	3	1	P528_PBO
239.457	36.089	0.086	-0.758	0.000	0.000	-0.025	2	1	P293_PBO
239.458	35.945	-0.214	-0.625	0.000	0.000	-0.017	3	1	PKDB_GPS
239.460	43.390	-0.001	-0.132	0.000	0.000	-0.022	2	1	F091_GPS
239.461	47.000	0.096	-0.092	0.000	0.000	-0.021	2	1	LINH_GPS
239.479	47.012	0.097	-0.092	0.000	0.000	-0.018	2	1	WILS_GPS
239.491	44.353	0.003	-0.117	0.000	0.000	-0.011	2	1	G753_GPS
239.500	40.630	0.266	-0.176	0.000	0.000	-0.032	2	1	HUSG_GPS
239.520	35.625	-2.498	0.035	0.000	0.000	-0.020	3	1	P530_PBO
239.521	35.867	-0.399	-0.678	0.000	0.000	-0.023	3	1	HOGS_PBO
239.547	35.552	-3.454	0.044	0.000	0.000	-0.025	3	1	ALMO_GPS
239.557	35.833	-0.499	-0.727	0.000	0.000	-0.043	3	1	MASW_PBO
239.560	36.123	0.225	-1.028	0.000	0.000	-0.034	2	1	P294_PBO
239.575	48.594	0.216	-0.086	0.000	0.000	-0.018	2	1	A515_GPS
239.580	44.400	0.005	-0.117	0.000	0.000	-0.001	2	1	M753_GPS
239.590	35.011	-2.081	0.427	0.000	0.000	-0.004	3	1	P514_PBO
239.610	38.030	0.984	-0.424	0.000	0.000	0.000	2	1	CMBB_GPS
239.617	35.106	-2.542	0.417	0.000	0.000	0.011	3	1	P516_PBO
239.622	42.469	0.027	-0.147	0.000	0.000	0.004	2	1	P388_PBO
239.629	35.748	-0.993	-0.727	0.000	0.000	0.005	3	1	P533_PBO
239.636	36.052	0.224	-1.284	0.000	0.000	0.005	2	1	P296_PBO
239.643	36.739	0.719	-0.877	0.000	0.000	0.049	2	1	P304_PBO
239.646	36.501	0.544	-1.003	0.000	0.000	0.011	2	1	0607_GPS
239.649	34.038	-0.494	0.733	0.000	0.000	0.016	3	1	MIG1_PBO
239.652	35.544	-5.103	0.049	0.000	0.000	-0.009	3	1	P280_PBO
239.654	35.607	-3.901	0.116	0.000	0.000	0.003	3	1	H623_GPS
239.660	40.560	0.271	-0.178	0.000	0.000	0.000	2	1	BISC_GPS
239.666	38.736	0.760	-0.320	0.000	0.000	0.006	2	1	P310_PBO
239.674	47.480	0.129	-0.094	0.000	0.000	-0.004	2	1	OHME_GNI
239.680	39.320	0.589	-0.258	0.000	0.000	0.007	2	1	UU83_GPS
239.690	43.430	0.004	-0.133	0.000	0.000	0.022	2	1	Y090_GPS
239.697	41.902	0.066	-0.154	0.000	0.000	0.005	2	1	MODB_1PS
239.700	34.960	-2.102	0.734	0.000	0.000	0.007	3	1	7HLI_GPS
239.701	35.346	-4.638	0.367	0.000	0.000	0.000	3	1	POZO_GPS
239.706	36.016	0.266	-1.595	0.000	0.000	0.002	2	1	P298_PBO
239.707	35.583	-5.492	0.213	0.000	0.000	0.002	3	1	L623_GPS
239.723	36.304	0.432	-1.267	0.000	0.000	0.004	2	1	P300_PBO
239.733	35.634	-3.423	-0.216	0.000	0.000	0.003	3	1	P532_PBO
239.739	35.605	-5.055	0.177	0.000	0.000	0.005	3	1	REDH_GPS
239.740	41.550	0.102	-0.158	0.000	0.000	0.007	2	1	CEDR_GPS
239.743	34.798	-1.549	0.884	0.000	0.000	0.003	3	1	LAMO_GPS
239.744	48.508	0.208	-0.090	0.000	0.000	0.033	2	1	R378_GPS
239.750	40.130	0.361	-0.198	0.000	0.000	0.026	2	1	02EX_GPS
239.760	34.871	-1.833	0.933	0.000	0.000	-0.003	3	1	P515_PBO
239.770	40.590	0.256	-0.178	0.000	0.000	-0.001	2	1	SHIN_GPS
239.780	45.000	0.020	-0.112	0.000	0.000	-0.035	2	1	FOSS_GPS
239.782	44.631	0.012	-0.117	0.000	0.000	0.002	2	1	U73H_GPS
239.785	45.745	0.042	-0.105	0.000	0.000	0.030	2	1	H428_GPS
239.801	34.502	-0.875	1.015	0.000	0.000	-0.039	3	1	GAVI_GPS
239.803	37.352	0.900	-0.651	0.000	0.000	0.021	2	1	P305_PBO
239.818	35.703	-0.028	-3.755	0.000	0.000	0.002	2	1	P539_PBO
239.820	45.243	0.027	-0.110	0.000	0.000	0.004	2	1	E040_GPS
239.845	35.928	0.342	-2.613	0.000	0.000	0.020	2	1	P546_PBO
239.860	39.360	0.534	-0.254	0.000	0.000	-0.010	2	1	A210_GPS
239.867	34.483	-0.846	1.160	0.000	0.000	0.020	3	1	TJRN_PBO
239.869	35.801	0.318	-3.901	0.000	0.000	0.013	2	1	P540_PBO
239.880	43.480	0.007	-0.133	0.000	0.000	0.046	2	1	R090_GPS
239.887	35.520	-12.412	6.788	0.000	0.000	0.006	3	1	POSO_GPS
239.888	35.534	-13.285	7.586	0.000	0.000	0.005	3	1	P538_PBO
239.894	33.951	-0.454	0.963	0.000	0.000	0.013	3	1	SNRI_GPS
239.899	35.235	-5.353	2.825	0.000	0.000	0.030	3	1	P535_PBO
239.930	48.157	0.179	-0.095	0.000	0.000	0.034	2	1	S389_GPS
239.933	35.076	-3.746	2.252	0.000	0.000	0.003	3	1	MADC_GPS
239.935	34.004	-0.473	1.039	0.000	0.000	0.007	3	1	SRS1_PBO
239.937	47.656	0.142	-0.097	0.000	0.000	0.012	2	1	L387_GPS
239.942	36.947	0.704	-0.901	0.000	0.000	0.020	2	1	P307_PBO
239.953	35.889	0.321	-3.499	0.000	0.000	0.022	2	1	TAR0_GPS
239.960	39.790	0.411	-0.220	0.000	0.000	0.003	2	1	SAGE_GPS
239.975	35.280	-7.404	5.218	0.000	0.000	0.001	3	1	P536_PBO
239.980	41.550	0.102	-0.158	0.000	0.000	-0.002	2	1	ALKA_GPS
239.991	34.733	-1.515	1.778	0.000	0.000	0.035	3	1	FGST_PBO
239.999	35.575	4.116	-9.888	0.000	0.000	0.006	2	1	C616_GPS
240.006	40.245	0.307	-0.193	0.000	0.000	0.012	2	1	0226_GPS
240.010	40.240	0.308	-0.194	0.000	0.000	0.003	2	1	HP26_GPS
240.017	43.590	0.009	-0.132	0.000	0.000	0.009	2	1	0047_GPS
240.018	34.582	-1.041	1.695	0.000	0.000	0.005	3	1	BBDM_PBO
240.020	43.590	0.009	-0.133	0.000	0.000	-0.003	2	1	0047_GPS
240.048	42.098	0.055	-0.151	0.000	0.000	0.004	2	1	G118_GPS
240.064	41.276	0.133	-0.162	0.000	0.000	0.000	2	1	P017_PBO
240.065	35.317	-10.933	9.741	0.000	0.000	-0.011	3	1	P537_PBO
240.070	42.930	0.019	-0.141	0.000	0.000	-0.006	2	1	JUNI_GPS
240.080	39.110	0.540	-0.282	0.000	0.000	0.002	2	1	P208_GPS
240.091	35.935	0.302	-3.336	0.000	0.000	0.007	2	1	P547_PBO
240.120	34.415	-0.744	1.826	0.000	0.000	0.002	3	1	COPR_PBO
240.143	44.119	0.012	-0.127	0.000	0.000	0.002	2	1	J090_GPS
240.146	35.603	2.413	-6.660	0.000	0.000	0.000	2	1	P807_GPS
240.150	42.120	0.055	-0.151	0.000	0.000	0.004	2	1	K589_GPS
240.162	35.003	-4.458	4.741	0.000	0.000	0.016	3	1	0504_GPS
240.177	45.813	0.050	-0.111	0.000	0.000	0.021	2	1	D639_GPS
240.189	47.242	0.117	-0.103	0.000	0.000	0.015	2	1	C033_GPS
240.210	39.370	0.458	-0.258	0.000	0.000	-0.023	2	1	MAGU_GPS
240.215	34.029	-0.503	1.469	0.000	0.000	0.004	3	1	CRU1_PBO
240.220	41.000	0.166	-0.169	0.000	0.000	0.004	2	1	P515_GPS
240.230	39.100	0.507	-0.287	0.000	0.000	-0.002	2	1	A250_GPS
240.234	35.414	7.206	-10.002	0.000	0.000	0.003	2	1	GOUD_GPS
240.247	33.995	-0.497	1.474	0.000	0.000	0.001	3	1	CENT_GPS
240.254	37.089	0.612	-0.885	0.000	0.000	0.000	2	1	P725_PBO
240.262	35.731	0.811	-4.532	0.000	0.000	0.003	2	1	P544_PBO
240.263	48.394	0.196	-0.099	0.000	0.000	0.004	2	1	ROSW_GPS
240.273	46.578	0.083	-0.108	0.000	0.000	-0.002	2	1	B317_GPS
240.278	39.908	0.342	-0.216	0.000	0.000	0.001	2	1	P139_PBO
240.286	34.823	-2.653	4.539	0.000	0.000	0.003	3	1	SALI_GPS
240.287	35.319	9.115	-11.865	0.000	0.000	0.015	2	1	P543_PBO
240.300	39.280	0.458	-0.269	0.000	0.000	0.002	2	1	10BB_GPS
240.340	39.850	0.345	-0.221	0.000	0.000	0.003	2	1	43JD_GPS
240.360	38.330	0.600	-0.413	0.000	0.000	-0.008	2	1	1008_GPS
240.369	46.260	0.070	-0.111	0.000	0.000	0.003	2	1	P449_PBO
240.372	44.623	0.022	-0.124	0.000	0.000	0.002	2	1	JONY_GPS
240.376	41.358	0.119	-0.163	0.000	0.000	0.007	2	1	P145_PBO
240.380	49.320	0.269	-0.092	0.000	0.000	-0.002	2	1	DRAO_GPS
240.400	39.499	0.400	-0.249	0.000	0.000	0.000	2	1	P127_PBO
240.451	45.344	0.039	-0.118	0.000	0.000	-0.001	2	1	CBL1_GPS
240.456	45.953	0.059	-0.114	0.000	0.000	-0.004	2	1	P450_PBO
240.460	39.080	0.461	-0.295	0.000	0.000	-0.002	2	1	V209_GPS
240.463	39.698	0.356	-0.234	0.000	0.000	0.003	2	1	P095_PBO
240.511	34.928	-7.222	10.529	0.000	0.000	-0.002	3	1	CUYA_GPS
240.513	47.404	0.129	-0.108	0.000	0.000	0.003	2	1	P452_PBO
240.516	34.852	-4.535	8.731	0.000	0.000	0.000	3	1	YAM2_GPS
240.520	42.020	0.065	-0.154	0.000	0.000	-0.003	2	1	GUAN_GPS
240.521	33.232	-0.362	1.014	0.000	0.000	0.000	3	1	TWIN_GPS
240.530	40.580	0.210	-0.185	0.000	0.000	0.001	2	1	P19A_GPS
240.548	48.694	0.217	-0.101	0.000	0.000	0.001	2	1	TONA_GPS
240.568	34.960	-9.937	12.754	0.000	0.000	-0.006	3	1	PATW_GPS
240.579	35.419	3.238	-6.047	0.000	0.000	-0.003	2	1	P563_PBO
240.581	41.173	0.135	-0.168	0.000	0.000	0.000	2	1	74LR_GPS
240.590	39.350	0.394	-0.268	0.000	0.000	0.002	2	1	A275_GPS
240.606	35.398	3.341	-6.137	0.000	0.000	0.001	2	1	FIBR_GPS
240.629	34.408	-1.077	3.979	0.000	0.000	0.000	3	1	CSST_PBO
240.637	34.015	-0.647	2.138	0.000	0.000	0.002	3	1	ANA1_PBO
240.640	40.420	0.226	-0.193	0.000	0.000	-0.001	2	1	GARL_GPS
240.646	41.997	0.067	-0.155	0.000	0.000	0.014	2	1	LOPE_GPS
240.647	34.683	-2.235	7.849	0.000	0.000	0.001	3	1	OZST_PBO
240.652	35.157	7.033	-10.224	0.000	0.000	-0.001	2	1	BVPP_PBO
240.663	47.185	0.118	-0.111	0.000	0.000	0.005	2	1	LSII_GPS
240.674	34.600	-1.806	6.583	0.000	0.000	0.006	3	1	P549_PBO
240.690	37.170	0.475	-0.869	0.000	0.000	0.011	2	1	MUSB_GPS
240.700	34.636	-2.168	7.502	0.000	0.000	-0.002	3	1	MUNS_GPS
240.712	36.289	0.341	-1.790	0.000	0.000	-0.004	2	1	0609_GPS
240.736	34.566	-1.898	6.451	0.000	0.000	0.000	3	1	0102_GPS
240.760	41.880	0.074	-0.157	0.000	0.000	0.001	2	1	OBSD_GPS
240.762	34.276	-1.041	3.464	0.000	0.000	0.004	3	1	VNCO_PBO
240.763	35.744	0.888	-3.118	0.000	0.000	-0.010	2	1	P565_PBO
240.771	36.324	0.337	-1.705	0.000	0.000	-0.001	2	1	P566_PBO
240.800	39.940	0.279	-0.223	0.000	0.000	-0.005	2	1	FLRN_GPS
240.810	39.430	0.348	-0.265	0.000	0.000	0.003	2	1	A290_GPS
240.812	34.441	-1.564	5.016	0.000	0.000	-0.004	3	1	HVYS_PBO
240.816	34.541	-2.073	6.439	0.000	0.000	0.000	3	1	RSVY_PBO
240.820	38.080	0.483	-0.495	0.000	0.000	-0.017	2	1	CNWY_GPS
240.821	35.002	9.064	-12.473	0.000	0.000	-0.001	2	1	J976_GPS
240.845	34.856	-10.071	14.337	0.000	0.000	-0.008	3	1	P551_PBO
240.859	34.499	-1.963	5.941	0.000	0.000	0.022	3	1	NHRG_PBO
240.870	40.770	0.170	-0.183	0.000	0.000	-0.002	2	1	TRGO_GPS
240.882	36.738	0.360	-1.179	0.000	0.000	-0.004	2	1	0605_GPS
240.896	34.734	-5.398	11.812	0.000	0.000	-0.007	3	1	LVMS_GPS
240.910	38.050	0.461	-0.505	0.000	0.000	-0.006	2	1	DECH_GPS
240.914	37.786	0.460	-0.587	0.000	0.000	0.001	2	1	P632_PBO
240.920	38.160	0.455	-0.476	0.000	0.000	0.000	2	1	H130_GPS
240.931	39.486	0.325	-0.262	0.000	0.000	-0.006	2	1	P128_PBO
240.934	43.585	0.024	-0.139	0.000	0.000	-0.009	2	1	TOMB_GPS
240.936	34.320	-1.384	4.188	0.000	0.000	-0.003	3	1	SOMT_PBO
240.937	36.027	0.441	-2.108	0.000	0.000	-0.003	2	1	P056_PBO
240.940	39.580	0.312	-0.253	0.000	0.000	0.000	2	1	BLAB_GPS
240.950	41.880	0.074	-0.159	0.000	0.000	-0.001	2	1	F067_GPS
240.959	33.472	-0.478	1.490	0.000	0.000	-0.003	3	1	SBIS_GPS
240.961	34.168	-1.058	3.254	0.000	0.000	-0.002	3	1	CSCI_PBO
240.969	45.499	0.051	-0.124	0.000	0.000	-0.001	2	1	PAUL_GPS
240.970	33.480	-0.483	1.508	0.000	0.000	-0.002	3	1	BAR1_PBO
240.980	41.870	0.075	-0.159	0.000	0.000	-0.004	2	1	SHLD_GPS
240.981	37.800	0.443	-0.583	0.000	0.000	-0.011	2	1	P648_PBO
240.990	34.440	-1.956	5.556	0.000	0.000	-0.001	3	1	SNP2_GPS
240.993	46.621	0.092	-0.118	0.000	0.000	0.002	2	1	MESA_GPS
241.000	37.613	0.431	-0.651	0.000	0.000	0.005	2	1	P630_PBO
241.007	47.954	0.164	-0.112	0.000	0.000	-0.002	2	1	P454_PBO
241.010	42.720	0.039	-0.149	0.000	0.000	-0.002	2	1	LOOP_GPS
241.014	47.971	0.165	-0.112	0.000	0.000	-0.010	2	1	CRWN_GPS
241.016	35.011	6.247	-10.138	0.000	0.000	-0.012	2	1	WGPP_PBO
241.039	44.410	0.029	-0.133	0.000	0.000	-0.011	2	1	OGIL_GPS
241.042	45.138	0.042	-0.127	0.000	0.000	-0.012	2	1	FORE_GPS
241.060	39.510	0.305	-0.262	0.000	0.000	-0.013	2	1	B200_GPS
241.062	39.268	0.333	-0.287	0.000	0.000	-0.002	2	1	P130_PBO
241.063	34.110	-1.037	3.140	0.000	0.000	-0.010	3	1	CIRX_PBO
241.068	35.223	3.016	-5.556	0.000	0.000	-0.009	2	1	WEED_GPS
241.070	38.981	0.362	-0.323	0.000	0.000	-0.010	2	1	P134_PBO
241.080	38.330	0.410	-0.438	0.000	0.000	-0.002	2	1	AURO_GPS
241.107	34.800	-12.138	15.490	0.000	0.000	-0.011	3	1	FZHS_GPS
241.116	34.356	-1.776	4.967	0.000	0.000	-0.007	3	1	FMVT_PBO
241.121	34.835	11.386	-15.355	0.000	0.000	-0.007	2	1	P553_PBO
241.130	39.490	0.299	-0.266	0.000	0.000	-0.012	2	1	B210_GPS
241.131	37.655	0.402	-0.633	0.000	0.000	0.001	2	1	P639_PBO
241.150	41.890	0.073	-0.160	0.000	0.000	0.001	2	1	N067_GPS
241.152	34.792	13.544	-16.383	0.000	0.000	0.004	2	1	P554_PBO
241.170	34.157	-1.213	3.565	0.000	0.000	-0.011	3	1	AOA1_GPS
241.180	37.677	0.391	-0.623	0.000	0.000	-0.003	2	1	P646_PBO
241.183	37.591	0.387	-0.655	0.000	0.000	-0.012	2	1	P642_PBO
241.190	37.980	0.395	-0.527	0.000	0.000	-0.075	2	1	HORU_GPS
241.200	39.630	0.276	-0.254	0.000	0.000	-0.008	2	1	UPSA_GPS
241.230	38.420	0.376	-0.421	0.000	0.000	-0.008	2	1	LUCK_GPS
241.233	36.231	0.342	-1.576	0.000	0.000	-0.011	2	1	P571_PBO
241.245	34.460	-2.670	6.891	0.000	0.000	-0.004	3	1	SFDM_PBO
241.246	35.421	1.549	-3.485	0.000	0.000	0.000	2	1	P567_PBO
241.250	40.860	0.147	-0.185	0.000	0.000	-0.003	2	1	PERS_GPS
241.255	47.759	0.152	-0.116	0.000	0.000	-0.003	2	1	P453_PBO
241.259	34.569	-4.107	9.564	0.000	0.000	-0.001	3	1	WKPK_GPS
241.264	37.903	0.379	-0.549	0.000	0.000	-0.004	2	1	P649_PBO
241.270	48.675	0.210	-0.111	0.000	0.000	0.005	2	1	P021_PBO
241.271	40.848	0.147	-0.186	0.000	0.000	-0.003	2	1	B073_GPS
241.287	47.761	0.153	-0.117	0.000	0.000	-0.014	2	1	S509_GPS
241.300	40.000	0.228	-0.228	0.000	0.000	-0.011	2	1	RATT_GPS
241.302	37.562	0.360	-0.661	0.000	0.000	-0.010	2	1	P643_PBO
241.324	34.236	-1.580	4.447	0.000	0.000	-0.010	3	1	ROCK_GPS
241.330	35.138	2.684	-5.539	0.000	0.000	0.007	2	1	RSPG_GPS
241.340	35.089	2.972	-6.188	0.000	0.000	-0.009	2	1	JACK_GPS
241.341	48.698	0.211	-0.112	0.000	0.000	-0.003	2	1	KELL_GPS
241.344	34.944	4.467	-9.334	0.000	0.000	-0.013	2	1	P557_PBO
241.350	39.400	0.282	-0.278	0.000	0.000	-0.007	2	1	B220_GPS
241.354	34.059	-1.134	3.385	0.000	0.000	-0.008	3	1	SPK1_GPS
241.359	34.257	-1.700	4.730	0.000	0.000	-0.016	3	1	CHT3_GPS
241.375	35.274	1.885	-4.083	0.000	0.000	0.003	2	1	0617_GPS
241.382	34.839	6.629	-12.585	0.000	0.000	-0.002	2	1	P559_PBO
241.387	34.517	-3.930	9.168	0.000	0.000	-0.002	3	1	CTDM_PBO
241.388	35.139	2.480	-5.303	0.000	0.000	0.004	2	1	P558_PBO
241.399	34.331	-2.114	5.668	0.000	0.000	-0.013	3	1	PICO_GNR
241.411	46.973	0.112	-0.122	0.000	0.000	-0.009	2	1	CC25_GPS
241.434	47.002	0.113	-0.122	0.000	0.000	0.000	2	1	P020_PBO
241.438	34.179	-1.506	4.307	0.000	0.000	-0.013	3	1	OXCO_GPS
241.440	40.070	0.210	-0.225	0.000	0.000	0.001	2	1	LOLA_GPS
241.445	37.891	0.343	-0.548	0.000	0.000	-0.010	2	1	P650_PBO
241.455	34.771	8.483	-14.182	0.000	0.000	-0.008	2	1	P556_PBO
241.457	34.202	-1.605	4.545	0.000	0.000	-0.014	3	1	MCDS_GPS
241.459	34.822	6.185	-12.282	0.000	0.000	-0.001	2	1	P560_PBO
241.470	45.600	0.060	-0.129	0.000	0.000	0.006	2	1	BIGH_GPS
241.476	34.254	-1.842	5.091	0.000	0.000	-0.012	3	1	CSN1_GPS
241.481	32.927	-0.429	1.230	0.000	0.000	-0.014	3	1	BLUF_GPS
241.486	34.126	-1.387	4.053	0.000	0.000	-0.005	3	1	VIMT_PBO
241.489	34.258	-1.879	5.181	0.000	0.000	0.002	3	1	DELO_GPS
241.512	32.914	-0.431	1.231	0.000	0.000	-0.001	3	1	SCIP_GPS
241.513	35.033	2.657	-6.201	0.000	0.000	-0.002	2	1	DBL1_GPS
241.515	34.293	-2.106	5.692	0.000	0.000	-0.001	3	1	VNCX_PBO
241.528	37.737	0.324	-0.590	0.000	0.000	-0.010	2	1	P653_PBO
241.529	45.813	0.067	-0.129	0.000	0.000	-0.011	2	1	ATHE_GPS
241.540	38.725	0.308	-0.368	0.000	0.000	-0.003	2	1	P133_PBO
241.549	43.216	0.035	-0.148	0.000	0.000	-0.013	2	1	A699_GPS
241.558	34.069	-1.288	3.863	0.000	0.000	0.001	3	1	UCLP_GPS
241.572	33.958	-1.059	3.305	0.000	0.000	-0.019	3	1	WRHS_GPS
241.580	39.150	0.276	-0.309	0.000	0.000	-0.010	2	1	SNDS_GPS
241.585	35.158	1.861	-4.437	0.000	0.000	-0.011	2	1	THCP_PBO
241.589	34.353	-2.712	6.997	0.000	0.000	-0.012	3	1	CMP9_GPS
241.591	35.134	1.934	-4.636	0.000	0.000	-0.007	2	1	SUMT_GPS
241.595	33.407	-0.573	1.835	0.000	0.000	0.000	3	1	BRSH_GPS
241.610	38.540	0.306	-0.399	0.000	0.000	0.022	2	1	X360_GPS
241.613	37.563	0.303	-0.640	0.000	0.000	-0.001	2	1	P651_PBO
241.618	47.127	0.120	-0.124	0.000	0.000	-0.004	2	1	CTHS_GPS
241.621	37.973	0.313	-0.520	0.000	0.000	0.002	2	1	P627_PBO
241.628	33.779	-0.830	2.712	0.000	0.000	-0.004	3	1	PVHS_GPS
241.629	40.015	0.202	-0.232	0.000	0.000	-0.005	2	1	WILD_GPS
241.630	40.020	0.201	-0.232	0.000	0.000	-0.002	2	1	WILD_GPS
241.651	34.024	-1.237	3.815	0.000	0.000	-0.003	3	1	DSHS_PBO
241.666	33.312	-0.551	1.736	0.000	0.000	-0.003	3	1	CAT2_PBO
241.669	33.798	-0.863	2.832	0.000	0.000	-0.005	3	1	TORP_GPS
241.678	34.135	-1.593	4.685	0.000	0.000	-0.002	3	1	LEEP_GPS
241.680	39.040	0.271	-0.324	0.000	0.000	-0.009	2	1	SHEL_GPS
241.690	39.270	0.255	-0.297	0.000	0.000	-0.009	2	1	BX46_GPS
241.700	43.170	0.037	-0.150	0.000	0.000	-0.004	2	1	U698_GPS
241.705	35.121	1.726	-4.378	0.000	0.000	0.003	2	1	PAJA_GPS
241.712	36.979	0.259	-0.856	0.000	0.000	-0.006	2	1	ABER_GPS
241.720	39.400	0.243	-0.284	0.000	0.000	-0.013	2	1	MOND_GPS
241.750	40.940	0.125	-0.189	0.000	0.000	0.080	2	1	J74X_GPS
241.755	34.629	10.548	-15.455	0.000	0.000	-0.014	2	1	QHTP_GPS
241.767	34.072	-1.455	4.464	0.000	0.000	-0.003	3	1	PKRD_PBO
241.770	38.530	0.283	-0.400	0.000	0.000	-0.003	2	1	LIZZ_GPS
241.790	39.110	0.254	-0.316	0.000	0.000	-0.009	2	1	SLR1_GPS
241.793	34.129	-1.696	5.059	0.000	0.000	-0.006	3	1	OXYC_GPS
241.800	41.450	0.093	-0.175	0.000	0.000	-0.002	2	1	BLAC_GPS
241.807	34.875	2.656	-7.052	0.000	0.000	0.009	2	1	RSTP_PBO
241.810	40.120	0.182	-0.228	0.000	0.000	-0.010	2	1	G298_GPS
241.812	34.293	-2.839	7.475	0.000	0.000	-0.008	3	1	BTDM_PBO
241.815	36.781	0.245	-0.928	0.000	0.000	-0.002	2	1	INDE_GPS
241.830	39.290	0.239	-0.296	0.000	0.000	0.003	2	1	B270_GPS
241.841	39.212	0.243	-0.305	0.000	0.000	-0.008	2	1	P099_PBO
241.843	35.087	1.560	-4.210	0.000	0.000	0.004	2	1	PORT_GPS
241.845	48.278	0.183	-0.121	0.000	0.000	-0.005	2	1	FERR_GPS
241.850	39.230	0.241	-0.303	0.000	0.000	0.002	2	1	F279_GPS
241.860	39.670	0.211	-0.261	0.000	0.000	-0.006	2	1	B387_GPS
241.868	36.466	0.259	-1.085	0.000	0.000	0.005	2	1	3188_GPS
241.870	39.000	0.252	-0.330	0.000	0.000	0.006	2	1	AGGI_GPS
241.873	34.137	-1.835	5.496	0.000	0.000	-0.004	3	1	CIT1_GPS
241.879	34.502	-9.481	14.954	0.000	0.000	-0.005	3	1	VNPS_GPS
241.882	36.976	0.241	-0.824	0.000	0.000	-0.004	2	1	P468_PBO
241.891	34.089	-1.635	5.067	0.000	0.000	-0.012	3	1	SGHS_GPS
241.900	35.494	0.780	-2.243	0.000	0.000	-0.008	2	1	GS02_GPS
241.905	33.962	-1.237	4.091	0.000	0.000	-0.010	3	1	BKMS_PBO
241.923	43.744	0.037	-0.147	0.000	0.000	-0.003	2	1	GENT_GPS
241.926	35.878	0.443	-1.552	0.000	0.000	-0.004	2	1	BEPK_PBO
241.930	38.690	0.258	-0.373	0.000	0.000	-0.007	2	1	A435_GPS
241.940	39.200	0.234	-0.307	0.000	0.000	-0.005	2	1	MN54_GPS
241.954	37.737	0.258	-0.563	0.000	0.000	-0.009	2	1	FISH_GPS
241.960	39.040	0.240	-0.325	0.000	0.000	0.000	2	1	POST_GPS
241.970	40.940	0.119	-0.192	0.000	0.000	0.000	2	1	BELL_GPS
241.974	34.333	-4.261	10.188	0.000	0.000	0.000	3	1	CHIL_GPS
241.980	41.410	0.092	-0.179	0.000	0.000	-0.024	2	1	SODH_GPS
241.984	35.152	1.195	-3.383	0.000	0.000	0.014	2	1	P591_PBO
241.986	45.232	0.056	-0.138	0.000	0.000	-0.010	2	1	P022_PBO
241.993	42.923	0.043	-0.155	0.000	0.000	-0.001	2	1	TURN_GPS
241.994	35.039	1.428	-4.085	0.000	0.000	-0.015	2	1	P579_PBO
242.013	37.092	0.230	-0.755	0.000	0.000	-0.001	2	1	WAUC_GPS
242.015	39.306	0.221	-0.296	0.000	0.000	-0.006	2	1	P068_PBO
242.031	35.845	0.438	-1.523	0.000	0.000	-0.008	2	1	GS22_GPS
242.035	34.244	-3.131	8.428	0.000	0.000	-0.023	3	1	CGDM_PBO
242.050	39.300	0.218	-0.297	0.000	0.000	-0.001	2	1	B285_GPS
242.077	34.508	9.906	-15.510	0.000	0.000	-0.004	2	1	PBPP_PBO
242.080	38.970	0.230	-0.334	0.000	0.000	-0.005	2	1	GABB_GPS
242.091	33.748	-0.955	3.327	0.000	0.000	-0.005	3	1	FIFT_GPS
242.112	48.541	0.197	-0.123	0.000	0.000	-0.008	2	1	Z264_GPS
242.116	34.042	-1.675	5.600	0.000	0.000	-0.003	3	1	SNTZ_GPS
242.135	33.863	-1.151	4.076	0.000	0.000	-0.001	3	1	CCCS_GPS
242.140	34.413	-10.233	15.964	0.000	0.000	-0.002	3	1	DVPB_GPS
242.172	34.640	3.460	-9.075	0.000	0.000	0.001	2	1	CHMS_PBO
242.180	45.297	0.059	-0.139	0.000	0.000	0.003	2	1	COVE_GPS
242.184	33.602	-0.851	2.856	0.000	0.000	-0.001	3	1	SJOA_GPS
242.185	44.833	0.050	-0.142	0.000	0.000	-0.002	2	1	AIRP_GPS
242.188	35.647	0.510	-1.670	0.000	0.000	0.014	2	1	INYO_GPS
242.190	39.150	0.212	-0.313	0.000	0.000	0.003	2	1	BUFF_GPS
242.197	33.618	-0.871	2.932	0.000	0.000	-0.004	3	1	TRAK_GPS
242.235	34.493	6.962	-13.412	0.000	0.000	-0.007	2	1	0705_GLA
242.239	70.736	-0.361	0.230	0.000	0.000	-0.015	1	1	HOLM_PBO
242.244	36.217	0.271	-1.097	0.000	0.000	-0.008	2	1	GS35_GPS
242.262	33.914	-1.362	4.893	0.000	0.000	0.006	3	1	SJUA_GPS
242.268	48.208	0.178	-0.127	0.000	0.000	-0.004	2	1	K024_GPS
242.271	34.510	5.580	-12.062	0.000	0.000	-0.007	2	1	P581_PBO
242.274	34.137	-2.709	8.329	0.000	0.000	-0.003	3	1	VERN_GPS
242.284	33.554	-0.856	2.796	0.000	0.000	0.003	3	1	KITE_GPS
242.290	39.260	0.199	-0.301	0.000	0.000	-0.009	2	1	C200_GPS
242.291	33.464	-0.791	2.512	0.000	0.000	-0.004	3	1	DANA_GPS
242.294	35.513	0.555	-1.789	0.000	0.000	-0.001	2	1	PAOS_GPS
242.296	37.201	0.206	-0.675	0.000	0.000	-0.011	2	1	P094_PBO
242.306	34.925	1.217	-3.821	0.000	0.000	-0.002	2	1	PHLB_PBO
242.310	38.770	0.214	-0.358	0.000	0.000	-0.003	2	1	Z25X_GPS
242.311	34.121	-2.634	8.340	0.000	0.000	-0.003	3	1	PSEB_GPS
242.317	35.339	0.669	-2.110	0.000	0.000	-0.004	2	1	RAMT_PBO
242.320	33.469	-0.806	2.551	0.000	0.000	-0.005	3	1	1202_GPS
242.328	36.094	0.291	-1.142	0.000	0.000	-0.003	2	1	GS34_GPS
242.329	35.565	0.509	-1.674	0.000	0.000	-0.001	2	1	CCCC_PBO
242.339	33.553	-0.880	2.850	0.000	0.000	-0.009	3	1	SBCC_PBO
242.360	40.030	0.156	-0.240	0.000	0.000	-0.003	2	1	LOWE_GPS
242.365	33.444	-0.806	2.515	0.000	0.000	-0.003	3	1	SCMS_GPS
242.368	36.107	0.283	-1.116	0.000	0.000	-0.001	2	1	GS42_GPS
242.386	35.366	0.611	-1.964	0.000	0.000	-0.024	2	1	0806_GPS
242.388	36.497	0.217	-0.903	0.000	0.000	-0.001	2	1	LEEF_GPS
242.390	38.880	0.204	-0.343	0.000	0.000	0.000	2	1	6683_GPS
242.391	33.858	-1.361	4.786	0.000	0.000	-0.002	3	1	CNPP_PBO
242.395	34.362	10.587	-15.630	0.000	0.000	-0.001	2	1	CUTT_GPS
242.400	40.110	0.150	-0.236	0.000	0.000	-0.001	2	1	MCOY_GPS
242.402	33.847	-1.348	4.713	0.000	0.000	-0.001	3	1	OAKD_GPS
242.409	35.083	0.848	-2.711	0.000	0.000	-0.001	2	1	GS50_GPS
242.427	35.072	0.846	-2.712	0.000	0.000	-0.002	2	1	CPBN_PBO
242.430	41.010	0.103	-0.195	0.000	0.000	-0.003	2	1	BUTN_GPS
242.431	46.486	0.098	-0.137	0.000	0.000	-0.002	2	1	C334_GPS
242.435	33.375	-0.786	2.376	0.000	0.000	-0.002	3	1	0301_GPS
242.439	36.519	0.211	-0.880	0.000	0.000	0.000	2	1	FLAT_GPS
242.451	33.975	-1.867	6.551	0.000	0.000	0.000	3	1	LIMP_GPS
242.453	33.884	-1.515	5.262	0.000	0.000	-0.003	3	1	0819_GPS
242.454	36.759	0.195	-0.785	0.000	0.000	0.000	2	1	TEAK_GPS
242.457	34.987	0.926	-2.986	0.000	0.000	-0.004	2	1	P583_PBO
242.458	35.740	0.386	-1.365	0.000	0.000	-0.002	2	1	GS26_GCO
242.459	33.562	-0.949	3.013	0.000	0.000	-0.002	3	1	P471_PBO
242.460	36.532	0.208	-0.868	0.000	0.000	-0.002	2	1	JACK_GPS
242.465	33.709	-1.141	3.775	0.000	0.000	-0.001	3	1	SAN1_GLA
242.470	34.077	-2.700	8.961	0.000	0.000	-0.002	3	1	STEE_GPS
242.471	35.007	0.887	-2.862	0.000	0.000	-0.004	2	1	0805_GPS
242.474	34.104	-3.077	9.808	0.000	0.000	0.001	3	1	EWPP_PBO
242.478	36.050	0.283	-1.106	0.000	0.000	0.001	2	1	ARGU_GLA
242.487	34.018	-2.229	7.626	0.000	0.000	0.002	3	1	SANO_GPS
242.490	39.690	0.165	-0.265	0.000	0.000	0.016	2	1	NEWS_GPS
242.495	35.213	0.665	-2.158	0.000	0.000	-0.002	2	1	FMTH_GPS
242.496	34.212	-6.727	14.218	0.000	0.000	0.034	3	1	SANS_GPS
242.500	36.865	0.189	-0.741	0.000	0.000	0.015	2	1	TINP_GPS
242.521	36.572	0.201	-0.837	0.000	0.000	-0.002	2	1	HUNT_GPS
242.530	40.940	0.104	-0.199	0.000	0.000	-0.002	2	1	GOLC_GPS
242.541	35.584	0.429	-1.477	0.000	0.000	-0.002	2	1	GS48_GPS
242.543	44.578	0.050	-0.147	0.000	0.000	-0.002	2	1	R489_GPS
242.549	34.347	6.780	-12.726	0.000	0.000	0.002	2	1	CAJO_GLA
242.557	34.032	-2.631	8.506	0.000	0.000	-0.002	3	1	JUR3_GPS
242.569	34.635	1.643	-5.020	0.000	0.000	0.001	2	1	DIP0_GPS
242.588	33.648	-1.134	3.595	0.000	0.000	-0.001	3	1	ECFS_PBO
242.590	36.159	0.247	-0.998	0.000	0.000	0.002	2	1	P464_PBO
242.597	35.698	0.370	-1.318	0.000	0.000	0.000	2	1	P595_PBO
242.610	35.897	0.304	-1.149	0.000	0.000	-0.002	2	1	P594_PBO
242.640	36.992	0.178	-0.678	0.000	0.000	-0.001	2	1	GRAP_GPS
242.645	33.620	-1.129	3.519	0.000	0.000	-0.083	3	1	LAKE_GPS
242.647	34.089	-4.201	11.487	0.000	0.000	-0.001	3	1	RTHS_GPS
242.671	35.978	0.275	-1.069	0.000	0.000	0.002	2	1	0914_GPS
242.672	35.813	0.318	-1.179	0.000	0.000	0.014	2	1	TRN1_GPS
242.681	34.305	5.941	-10.884	0.000	0.000	0.004	2	1	P577_PBO
242.682	33.918	-2.079	6.682	0.000	0.000	-0.013	3	1	MLFP_PBO
242.683	35.214	0.570	-1.886	0.000	0.000	-0.008	2	1	GS47_GHT
242.684	34.187	-10.708	17.133	0.000	0.000	-0.001	3	1	P612_PBO
242.691	33.837	-1.693	5.457	0.000	0.000	-0.020	3	1	LAST_GLA
242.703	34.749	1.083	-3.326	0.000	0.000	-0.010	2	1	SUNH_GPS
242.708	34.281	6.419	-11.498	0.000	0.000	0.002	2	1	MILU_GLA
242.714	37.061	0.173	-0.649	0.000	0.000	-0.002	2	1	NEV1_GPS
242.719	34.535	1.823	-4.872	0.000	0.000	-0.002	2	1	P586_PBO
242.723	33.130	-0.734	2.007	0.000	0.000	-0.001	3	1	1107_GPS
242.730	39.980	0.140	-0.246	0.000	0.000	-0.003	2	1	61RB_GPS
242.732	34.785	0.986	-3.039	0.000	0.000	-0.015	2	1	P588_PBO
242.734	34.063	-4.365	11.813	0.000	0.000	0.002	3	1	BRYN_GPS
242.747	32.840	-0.630	1.591	0.000	0.000	0.002	3	1	SOLJ_GPS
242.750	32.865	-0.638	1.622	0.000	0.000	-0.002	3	1	SIO3_GPS
242.758	34.537	1.738	-4.547	0.000	0.000	-0.002	2	1	0817_GPS
242.760	42.930	0.047	-0.162	0.000	0.000	0.007	2	1	T128_GPS
242.768	33.796	-1.634	5.233	0.000	0.000	0.000	3	1	METZ_GLA
242.770	34.630	1.326	-3.729	0.000	0.000	-0.016	2	1	ITER_GPS
242.792	34.975	0.700	-2.236	0.000	0.000	0.014	2	1	RAIN_GPS
242.800	40.410	0.119	-0.224	0.000	0.000	-0.003	2	1	BAMO_GPS
242.810	33.440	-0.997	2.902	0.000	0.000	0.014	3	1	P476_PBO
242.811	33.505	-1.071	3.176	0.000	0.000	-0.002	3	1	ROSA_GLA
242.813	39.521	0.152	-0.278	0.000	0.000	-0.001	2	1	P002_PBO
242.820	38.100	0.174	-0.437	0.000	0.000	0.005	2	1	TONO_GPS
242.830	34.834	0.839	-2.560	0.000	0.000	0.001	2	1	HODG_GPS
242.837	35.375	0.433	-1.481	0.000	0.000	0.003	2	1	GS49_GHT
242.841	33.332	-0.909	2.565	0.000	0.000	-0.003	3	1	0303_GPS
242.846	34.468	1.978	-4.667	0.000	0.000	0.000	2	1	AVRY_GPS
242.852	32.818	-0.645	1.605	0.000	0.000	-0.003	3	1	SD17_GPS
242.855	33.430	-1.009	2.916	0.000	0.000	-0.012	3	1	YUNG_GPS
242.860	39.490	0.151	-0.281	0.000	0.000	-0.003	2	1	C240_GPS
242.861	34.014	-4.435	12.093	0.000	0.000	-0.001	3	1	BRI2_GLA
242.863	37.218	0.163	-0.591	0.000	0.000	-0.005	2	1	SCTY_GPS
242.868	47.274	0.132	-0.139	0.000	0.000	0.000	2	1	LATA_GPS
242.887	33.503	-1.114	3.279	0.000	0.000	-0.008	3	1	P477_PBO
242.890	34.621	1.221	-3.269	0.000	0.000	0.007	2	1	P589_PBO
242.895	32.889	-0.674	1.710	0.000	0.000	-0.001	3	1	P472_PBO
242.896	34.022	-5.372	13.387	0.000	0.000	-0.001	3	1	0818_GPS
242.900	34.039	-6.365	14.512	0.000	0.000	-0.003	3	1	CRFP_GPS
242.914	33.636	-1.345	4.164	0.000	0.000	0.000	3	1	DASH_GPS
242.928	33.236	-0.865	2.370	0.000	0.000	0.000	3	1	P478_PBO
242.932	34.454	1.831	-4.357	0.000	0.000	-0.003	2	1	PT65_GLA
242.935	33.578	-1.259	3.799	0.000	0.000	0.000	3	1	BILL_PBO
242.941	48.179	0.175	-0.135	0.000	0.000	-0.001	2	1	JUSW_GPS
242.950	46.426	0.099	-0.143	0.000	0.000	0.000	2	1	S262_GPS
242.951	39.542	0.144	-0.277	0.000	0.000	-0.002	2	1	TOIY_PBO
242.958	35.168	0.494	-1.629	0.000	0.000	0.000	2	1	GS36_GPS
242.960	40.000	0.128	-0.246	0.000	0.000	0.000	2	1	CUSG_GPS
242.988	34.919	0.657	-2.021	0.000	0.000	0.004	2	1	BSRY_PBO
243.017	32.569	-0.633	1.408	0.000	0.000	0.000	3	1	1101_GPS
243.019	34.904	0.657	-2.005	0.000	0.000	-0.002	2	1	SOAP_GPS
243.048	34.003	-8.471	15.885	0.000	0.000	0.017	3	1	CHER_GLA
243.050	32.734	-0.665	1.586	0.000	0.000	-0.001	3	1	P473_PBO
243.060	35.090	0.503	-1.629	0.000	0.000	0.010	2	1	LNMT_PBO
243.068	33.468	-1.201	3.415	0.000	0.000	0.008	3	1	RDEC_GPS
243.069	32.912	-0.719	1.826	0.000	0.000	-0.007	3	1	SD18_GPS
243.109	35.332	0.380	-1.308	0.000	0.000	-0.001	2	1	MOJ1_GPS
243.112	35.331	0.379	-1.307	0.000	0.000	0.002	2	1	MOJM_GPS
243.116	34.264	2.209	-6.249	0.000	0.000	0.000	2	1	BBRY_PBO
243.120	34.462	1.342	-3.567	0.000	0.000	-0.001	2	1	P606_PBO
243.130	40.610	0.101	-0.218	0.000	0.000	0.001	2	1	BATT_GPS
243.140	33.357	-1.098	2.998	0.000	0.000	0.000	3	1	PMOB_GPS
243.152	33.630	-1.657	4.985	0.000	0.000	-0.002	3	1	R293_GPS
243.159	32.601	-0.669	1.488	0.000	0.000	-0.002	3	1	OTAY_GPS
243.164	33.484	-1.328	3.715	0.000	0.000	0.007	3	1	A586_GPS
243.170	39.970	0.120	-0.249	0.000	0.000	-0.002	2	1	79JR_GPS
243.185	34.675	0.819	-2.333	0.000	0.000	-0.004	2	1	ORMT_PBO
243.198	32.844	-0.723	1.796	0.000	0.000	-0.001	3	1	1106_GPS
243.204	47.743	0.153	-0.141	0.000	0.000	0.001	2	1	COEU_GPS
243.217	33.493	-1.415	3.909	0.000	0.000	-0.003	3	1	P479_PBO
243.223	33.794	-2.885	9.252	0.000	0.000	0.002	3	1	INDO_GLA
243.234	36.747	0.149	-0.637	0.000	0.000	-0.001	2	1	CHLO_GLA
243.237	35.205	0.396	-1.334	0.000	0.000	-0.001	2	1	P615_PBO
243.250	39.060	0.138	-0.314	0.000	0.000	0.014	2	1	D300_GPS
243.259	39.521	0.128	-0.278	0.000	0.000	-0.002	2	1	P072_PBO
243.264	40.495	0.101	-0.223	0.000	0.000	-0.007	2	1	P085_PBO
243.265	33.545	-1.630	4.496	0.000	0.000	0.007	3	1	CARY_GPS
243.280	39.150	0.135	-0.306	0.000	0.000	-0.015	2	1	MONI_GPS
243.283	33.550	-1.682	4.610	0.000	0.000	0.001	3	1	HOWY_GPS
243.288	33.714	-2.530	7.321	0.000	0.000	-0.016	3	1	WD91_GLA
243.290	41.220	0.079	-0.198	0.000	0.000	0.008	2	1	6FMK_GPS
243.297	33.382	-1.277	3.390	0.000	0.000	0.001	3	1	SDG6_GPS
243.299	33.543	-1.691	4.596	0.000	0.000	-0.015	3	1	CRAV_GPS
243.307	33.234	-1.040	2.759	0.000	0.000	0.002	3	1	1108_GPS
243.311	33.555	-1.759	4.768	0.000	0.000	0.000	3	1	M586_GPS
243.319	36.889	0.140	-0.595	0.000	0.000	0.004	2	1	CLAI_GPS
243.320	33.619	-2.052	5.637	0.000	0.000	-0.003	3	1	TOME_GLA
243.329	33.240	-1.062	2.812	0.000	0.000	0.001	3	1	P482_PBO
243.333	31.871	-0.662	1.022	0.000	0.000	-0.016	3	1	CICE_GPS
243.338	33.556	-1.824	4.886	0.000	0.000	0.000	3	1	ANZA_GLA
243.366	33.557	-1.897	5.015	0.000	0.000	0.013	3	1	G109_GPS
243.375	34.644	0.688	-2.136	0.000	0.000	0.006	2	1	RDMT_PBO
243.379	33.376	-1.356	3.534	0.000	0.000	-0.022	3	1	P484_PBO
243.380	39.480	0.124	-0.280	0.000	0.000	-0.001	2	1	C280_GPS
243.381	32.824	-0.758	1.879	0.000	0.000	-0.015	3	1	SD21_GPS
243.387	33.550	-1.921	5.023	0.000	0.000	-0.041	3	1	G114_GPS
243.390	33.611	-2.235	5.889	0.000	0.000	-0.013	3	1	ROCH_GLA
243.397	33.565	-2.015	5.256	0.000	0.000	0.000	3	1	G120_GPS
243.402	33.074	-0.899	2.398	0.000	0.000	-0.001	3	1	SD15_GPS
243.404	33.568	-2.049	5.329	0.000	0.000	0.000	3	1	RCUT_GPS
243.410	33.646	-2.544	6.655	0.000	0.000	-0.001	3	1	JOES_GPS
243.411	33.527	-1.883	4.861	0.000	0.000	-0.002	3	1	TBLM_GPS
243.421	33.564	-2.079	5.360	0.000	0.000	0.007	3	1	G125_GPS
243.425	36.809	0.137	-0.595	0.000	0.000	-0.060	2	1	BLAK_GPS
243.426	33.553	-2.039	5.240	0.000	0.000	-0.002	3	1	LOKT_GPS
243.428	35.321	0.315	-1.116	0.000	0.000	-0.009	2	1	P617_PBO
243.429	33.561	-2.088	5.361	0.000	0.000	-0.003	3	1	0821_GPS
243.431	33.059	-0.895	2.393	0.000	0.000	-0.008	3	1	P483_PBO
243.442	33.562	-2.132	5.442	0.000	0.000	-0.009	3	1	G128_GPS
243.448	35.426	0.285	-1.038	0.000	0.000	-0.004	2	1	P_42_GHT
243.463	34.217	1.205	-4.889	0.000	0.000	-0.013	2	1	P599_PBO
243.475	33.211	-1.108	2.938	0.000	0.000	0.006	3	1	MVFD_GPS
243.483	33.571	-2.319	5.808	0.000	0.000	0.002	3	1	PMCN_GPS
243.502	33.571	-2.389	5.930	0.000	0.000	-0.018	3	1	D138_GPS
243.516	33.581	-2.511	6.193	0.000	0.000	0.005	3	1	PF6__GLA
243.523	33.603	-2.707	6.656	0.000	0.000	0.004	3	1	PF5C_GPS
243.528	33.684	-3.592	8.774	0.000	0.000	0.033	3	1	WHAY_GPS
243.532	36.840	0.131	-0.574	0.000	0.000	0.000	2	1	REPO_GLA
243.534	42.656	0.052	-0.173	0.000	0.000	0.001	2	1	16EM_GPS
243.538	33.620	-2.930	7.150	0.000	0.000	0.005	3	1	ASBS_GPS
243.549	36.745	0.133	-0.588	0.000	0.000	-0.004	2	1	BUST_GLA
243.551	44.669	0.059	-0.157	0.000	0.000	-0.020	2	1	F408_GPS
243.553	33.574	-2.621	6.350	0.000	0.000	-0.003	3	1	GREN_GPS
243.562	33.599	-2.870	6.918	0.000	0.000	0.004	3	1	BNDY_GPS
243.570	33.584	-2.783	6.683	0.000	0.000	-0.006	3	1	PF1__GPS
243.571	34.594	0.562	-1.999	0.000	0.000	-0.004	2	1	AGMT_PBO
243.576	39.501	0.114	-0.278	0.000	0.000	0.004	2	1	P073_PBO
243.578	32.892	-0.827	2.172	0.000	0.000	-0.001	3	1	MONP_GPS
243.580	33.609	-3.067	7.321	0.000	0.000	0.001	3	1	T138_GPS
243.584	36.304	0.153	-0.672	0.000	0.000	0.002	2	1	0912_GPS
243.585	35.072	0.351	-1.220	0.000	0.000	0.011	2	1	0803_GPS
243.588	43.075	0.049	-0.169	0.000	0.000	-0.003	2	1	E072_GPS
243.589	33.623	-3.274	7.769	0.000	0.000	-0.021	3	1	L587_GPS
243.591	33.210	-1.187	3.175	0.000	0.000	0.004	3	1	P485_PBO
243.598	46.857	0.118	-0.148	0.000	0.000	-0.003	2	1	BOVL_GPS
243.608	33.935	3.410	-12.092	0.000	0.000	0.001	2	1	WIDC_GPS
243.609	33.688	-4.426	10.235	0.000	0.000	0.005	3	1	RSRT_GPS
243.627	46.142	0.094	-0.151	0.000	0.000	0.002	2	1	G404_GPS
243.630	34.124	0.923	-5.183	0.000	0.000	-0.002	2	1	CTMS_PBO
243.651	32.976	-0.890	2.469	0.000	0.000	-0.008	3	1	P480_PBO
243.662	36.645	0.131	-0.590	0.000	0.000	0.000	2	1	STRI_GLA
243.664	34.829	0.405	-1.432	0.000	0.000	0.003	2	1	CDMT_PBO
243.678	33.260	-1.402	3.695	0.000	0.000	-0.045	3	1	P486_PBO
243.690	39.530	0.109	-0.275	0.000	0.000	0.002	2	1	D200_GPS
243.692	36.746	0.127	-0.568	0.000	0.000	0.012	2	1	LITT_GLA
243.695	34.428	0.538	-2.330	0.000	0.000	-0.158	2	1	OPCL_PBO
243.700	35.867	0.184	-0.760	0.000	0.000	-0.006	2	1	0915_GPS
243.701	33.714	-6.965	14.017	0.000	0.000	-0.007	3	1	PTHP_GPS
243.708	34.533	0.486	-1.960	0.000	0.000	0.000	2	1	OPRD_PBO
243.709	35.397	0.249	-0.939	0.000	0.000	-0.001	2	1	SILV_GHT
243.719	33.750	-9.755	17.118	0.000	0.000	-0.012	3	1	DUNP_GPS
243.726	33.639	-5.023	10.687	0.000	0.000	0.004	3	1	CAHU_GPS
243.742	48.731	0.199	-0.142	0.000	0.000	-0.019	2	1	S381_GPS
243.753	33.160	-1.191	3.396	0.000	0.000	-0.001	3	1	1109_GPS
243.773	33.575	-4.340	9.292	0.000	0.000	0.004	3	1	P491_PBO
243.788	33.866	2.515	-10.042	0.000	0.000	0.001	2	1	P600_PBO
243.789	36.730	0.123	-0.558	0.000	0.000	-0.003	2	1	SKUL_GLA
243.791	34.699	0.388	-1.505	0.000	0.000	-0.004	2	1	LDSW_PBO
243.813	41.962	0.059	-0.187	0.000	0.000	-0.015	2	1	H318_GPS
243.825	33.810	3.715	-11.505	0.000	0.000	-0.027	2	1	BERD_GPS
243.829	33.749	7.442	-15.032	0.000	0.000	0.002	2	1	GAPP_GLA
243.830	32.617	-0.935	1.853	0.000	0.000	0.000	3	1	P066_PBO
243.839	31.257	-0.603	0.966	0.000	0.000	-0.008	3	1	LLCO_GPS
243.840	33.628	-7.362	13.966	0.000	0.000	-0.005	3	1	VORO_GPS
243.842	33.740	7.492	-15.014	0.000	0.000	-0.010	2	1	COCH_GLA
243.851	36.994	0.115	-0.512	0.000	0.000	0.001	2	1	MN71_GPS
243.852	34.509	0.400	-1.792	0.000	0.000	0.001	2	1	NBPS_PBO
243.880	36.580	0.124	-0.570	0.000	0.000	-0.006	2	1	POIN_GLA
243.881	45.942	0.089	-0.155	0.000	0.000	0.000	2	1	FAAS_GPS
243.896	35.142	0.262	-0.997	0.000	0.000	0.002	2	1	P618_PBO
243.900	40.150	0.091	-0.242	0.000	0.000	0.002	2	1	MINE_GPS
243.901	36.459	0.128	-0.587	0.000	0.000	0.001	2	1	JOHN_GLA
243.917	34.367	0.387	-2.044	0.000	0.000	0.009	2	1	OPCP_PBO
243.920	33.959	0.721	-4.698	0.000	0.000	0.007	2	1	P601_PBO
243.939	33.441	-4.045	8.955	0.000	0.000	-0.034	3	1	ROBO_GPS
243.947	34.251	0.390	-2.358	0.000	0.000	-0.009	2	1	BMHL_PBO
243.950	39.546	0.099	-0.273	0.000	0.000	0.003	2	1	P074_PBO
243.992	33.612	8.377	-15.452	0.000	0.000	-0.002	2	1	PAIN_GPS
243.995	46.213	0.098	-0.155	0.000	0.000	-0.002	2	1	KAMI_GPS
243.998	32.734	-1.070	2.257	0.000	0.000	-0.010	3	1	OCTI_GPS
244.001	33.974	0.570	-3.721	0.000	0.000	0.000	2	1	F726_GPS
244.002	34.001	0.520	-3.484	0.000	0.000	0.008	2	1	BEMT_PBO
244.020	39.540	0.097	-0.273	0.000	0.000	0.000	2	1	D220_GPS
244.021	36.633	0.116	-0.543	0.000	0.000	0.001	2	1	MERC_GLA
244.022	33.292	-2.640	7.058	0.000	0.000	0.005	3	1	SLMS_PBO
244.036	33.677	3.479	-9.176	0.000	0.000	0.002	2	1	1113_GPS
244.080	40.770	0.076	-0.219	0.000	0.000	0.003	2	1	BNKS_GPS
244.086	33.503	10.126	-17.471	0.000	0.000	0.000	2	1	VARN_GPS
244.089	34.727	0.277	-1.199	0.000	0.000	0.000	2	1	I40A_PBO
244.112	33.177	-2.029	6.359	0.000	0.000	0.005	3	1	1110_GPS
244.138	33.640	2.617	-7.022	0.000	0.000	0.010	2	1	N125_GPS
244.162	42.880	0.051	-0.177	0.000	0.000	0.000	2	1	S418_GPS
244.167	33.429	10.006	-17.097	0.000	0.000	-0.028	2	1	TRAN_GPS
244.168	41.511	0.063	-0.199	0.000	0.000	-0.013	2	1	036C_GPS
244.179	33.741	1.184	-4.263	0.000	0.000	-0.056	2	1	P607_PBO
244.180	40.910	0.071	-0.215	0.000	0.000	-0.047	2	1	ELKO_GPS
244.200	39.380	0.093	-0.281	0.000	0.000	-0.054	2	1	D240_GPS
244.212	33.390	9.705	-16.482	0.000	0.000	-0.072	2	1	DHLG_GPS
244.217	33.441	6.274	-12.671	0.000	0.000	-0.062	2	1	25SE_GPS
244.230	33.427	6.330	-12.638	0.000	0.000	-0.061	2	1	S_31_GPS
244.234	33.516	3.245	-8.022	0.000	0.000	-0.063	2	1	P504_PBO
244.236	33.834	0.669	-2.928	0.000	0.000	-0.039	2	1	JTRE_GPS
244.239	32.951	-1.644	4.156	0.000	0.000	-0.057	3	1	L589_GPS
244.248	33.412	6.167	-12.250	0.000	0.000	-0.003	2	1	07NE_GPS
244.268	32.760	-1.730	2.737	0.000	0.000	-0.037	3	1	P494_PBO
244.269	43.131	0.051	-0.175	0.000	0.000	-0.042	2	1	U76A_GPS
244.280	33.664	1.244	-3.841	0.000	0.000	-0.034	2	1	BLAC_GLA
244.313	33.424	3.480	-7.548	0.000	0.000	-0.039	2	1	P505_PBO
244.322	33.427	3.240	-7.001	0.000	0.000	-0.042	2	1	SIPH_GPS
244.340	34.784	0.219	-0.986	0.000	0.000	-0.059	2	1	GMRC_PBO
244.350	35.205	0.185	-0.791	0.000	0.000	-0.040	2	1	P611_PBO
244.365	33.705	0.849	-2.685	0.000	0.000	-0.033	2	1	HNPS_PBO
244.372	33.045	-6.799	11.761	0.000	0.000	-0.044	3	1	P495_PBO
244.380	40.950	0.068	-0.215	0.000	0.000	-0.043	2	1	HELO_GPS
244.388	33.200	7.843	-10.079	0.000	0.000	-0.040	2	1	P507_PBO
244.404	32.751	-2.751	3.492	0.000	0.000	-0.034	3	1	P496_PBO
244.406	32.800	-3.110	4.155	0.000	0.000	-0.061	3	1	E122_GPS
244.413	36.320	0.111	-0.540	0.000	0.000	-0.060	2	1	SMYC_GLA
244.423	32.835	-3.540	5.515	0.000	0.000	0.682	3	1	P497_PBO
244.430	32.898	-6.975	9.815	0.000	0.000	-0.397	3	1	P498_PBO
244.442	43.490	0.053	-0.174	0.000	0.000	-0.033	2	1	V162_GPS
244.444	39.925	0.080	-0.252	0.000	0.000	-0.061	2	1	P102_PBO
244.456	35.473	0.154	-0.685	0.000	0.000	-0.064	2	1	P621_PBO
244.479	33.275	4.103	-3.241	0.000	0.000	-0.068	2	1	GLRS_PBO
244.481	33.231	4.318	-3.686	0.000	0.000	-0.040	2	1	1111_GPS
244.487	39.536	0.082	-0.271	0.000	0.000	0.164	2	1	P076_PBO
244.490	33.081	5.352	-4.516	0.000	0.000	0.042	2	1	P506_PBO
244.493	32.829	-8.942	15.559	0.000	0.000	-0.061	3	1	IVCO_PBO
244.494	32.664	-2.611	4.800	0.000	0.000	0.114	3	1	BORD_GPS
244.498	32.827	-9.635	16.515	0.000	0.000	0.221	3	1	COLL_GPS
244.500	32.738	-4.045	7.015	0.000	0.000	0.251	3	1	T124_GPS
244.512	32.980	4.465	-5.224	0.000	0.000	-0.031	2	1	P499_PBO
244.534	31.045	-0.551	1.515	0.000	0.000	-0.044	3	1	SPMX_GPS
244.571	33.248	2.767	-2.273	0.000	0.000	-0.071	2	1	P508_PBO
244.577	35.541	0.140	-0.645	0.000	0.000	-0.043	2	1	0801_GPS
244.578	32.982	2.642	-3.822	0.000	0.000	-0.088	2	1	P502_PBO
244.593	33.196	2.611	-2.292	0.000	0.000	-0.063	2	1	COAC_GPS
244.594	32.917	1.773	-4.754	0.000	0.000	-0.057	2	1	ORIE_GPS
244.600	33.715	0.624	-1.502	0.000	0.000	0.043	2	1	DESO_GPS
244.602	32.876	1.323	-5.780	0.000	0.000	0.015	2	1	P501_PBO
244.634	35.163	0.158	-0.722	0.000	0.000	0.180	2	1	P622_PBO
244.657	32.356	-2.539	3.769	0.000	0.000	-0.060	3	1	LPUR_GPS
244.673	34.806	0.176	-0.818	0.000	0.000	-0.052	2	1	0809_GPS
244.685	46.339	0.105	-0.161	0.000	0.000	0.057	2	1	FLAT_GPS
244.700	32.690	3.397	-9.839	0.000	0.000	-0.077	2	1	P500_PBO
244.704	33.887	0.392	-1.192	0.000	0.000	-0.071	2	1	P511_PBO
244.706	32.891	0.843	-3.592	0.000	0.000	-0.083	2	1	P509_PBO
244.721	39.910	0.073	-0.253	0.000	0.000	-0.024	2	1	P005_PBO
244.753	32.840	0.708	-3.585	0.000	0.000	0.102	2	1	GLOC_GPS
244.754	32.629	3.408	-9.415	0.000	0.000	-0.039	2	1	ASA1_GPS
244.757	33.681	0.601	-1.201	0.000	0.000	-0.038	2	1	1114_GPS
244.762	35.291	0.141	-0.662	0.000	0.000	-0.020	2	1	P626_PBO
244.773	34.040	0.293	-1.051	0.000	0.000	-0.033	2	1	COXO_GPS
244.842	37.358	0.077	-0.401	0.000	0.000	-0.062	2	1	ALAM_GPS
244.870	38.890	0.075	-0.301	0.000	0.000	0.013	2	1	E300_GPS
244.880	40.620	0.064	-0.228	0.000	0.000	0.017	2	1	RUBY_GPS
244.890	41.100	0.060	-0.214	0.000	0.000	-0.045	2	1	B428_GPS
244.897	42.087	0.053	-0.194	0.000	0.000	-0.037	2	1	THR3_GPS
244.920	39.420	0.072	-0.274	0.000	0.000	0.301	2	1	D280_GPS
244.925	32.559	1.397	-4.822	0.000	0.000	0.276	2	1	MONT_GPS
244.938	32.709	0.654	-3.183	0.000	0.000	-0.018	2	1	JUNC_GPS
244.990	40.660	0.062	-0.227	0.000	0.000	-0.020	2	1	CRTS_GPS
245.011	33.609	0.514	-1.046	0.000	0.000	-0.040	2	1	FORD_GPS
245.050	39.290	0.069	-0.279	0.000	0.000	-0.052	2	1	E200_GPS
245.060	39.350	0.069	-0.276	0.000	0.000	-0.038	2	1	EGAN_GPS
245.068	36.319	0.085	-0.476	0.000	0.000	-0.067	2	1	APEX_GLA
245.086	32.251	1.549	-10.497	0.000	0.000	0.018	2	1	CPEI_GPS
245.173	33.051	0.391	-1.682	0.000	0.000	-0.060	2	1	GMPK_PBO
245.200	41.110	0.056	-0.216	0.000	0.000	-0.059	2	1	MOOR_GPS
245.285	33.610	0.341	-0.999	0.000	0.000	-0.032	2	1	BLYT_GPS
245.340	39.030	0.063	-0.288	0.000	0.000	-0.047	2	1	E220_GPS
245.350	39.900	0.060	-0.253	0.000	0.000	-0.047	2	1	E100_GPS
245.396	34.807	0.121	-0.641	0.000	0.000	-0.061	2	1	NEED_GPS
245.401	34.189	0.176	-0.764	0.000	0.000	0.001	2	1	P623_PBO
245.520	62.480	2.659	-1.122	0.000	0.000	-0.032	2	1	YELL_GPS
245.550	39.070	0.058	-0.284	0.000	0.000	-0.004	2	1	E240_GPS
245.723	39.119	0.055	-0.281	0.000	0.000	-0.064	2	1	P080_PBO
245.760	39.100	0.054	-0.281	0.000	0.000	-0.050	2	1	E259_GPS
245.797	32.939	-0.020	-1.582	0.000	0.000	-0.028	2	1	YUMA_GPS
245.811	34.309	0.113	-0.695	0.000	0.000	-0.047	2	1	GNPS_PBO
245.995	32.723	-0.140	-1.744	0.000	0.000	0.065	2	1	P003_PBO
246.021	44.109	0.063	-0.184	0.000	0.000	-0.047	2	1	P354_PBO
246.110	39.040	0.048	-0.281	0.000	0.000	0.098	2	1	E280_GPS
246.129	39.067	0.048	-0.280	0.000	0.000	-0.100	2	1	P081_PBO
246.132	42.879	0.052	-0.195	0.000	0.000	-0.055	2	1	P677_PBO
246.190	39.370	0.047	-0.269	0.000	0.000	0.102	2	1	FOOT_GPS
246.330	38.790	0.044	-0.289	0.000	0.000	-0.043	2	1	F300_GPS
246.370	39.080	0.044	-0.279	0.000	0.000	0.017	2	1	F200_GPS
246.420	39.550	0.044	-0.263	0.000	0.000	-0.039	2	1	F100_GPS
246.480	31.354	0.090	-4.101	0.000	0.000	-0.101	2	1	PENA_GPS
246.495	39.269	0.042	-0.272	0.000	0.000	-0.054	2	1	P082_PBO
246.620	39.020	0.040	-0.280	0.000	0.000	0.025	2	1	F220_GPS
246.668	47.030	0.129	-0.179	0.000	0.000	-0.067	2	1	P046_PBO
246.722	40.671	0.043	-0.234	0.000	0.000	0.003	2	1	P113_PBO
246.946	40.494	0.040	-0.239	0.000	0.000	0.004	2	1	P084_PBO
246.950	39.280	0.036	-0.271	0.000	0.000	-0.050	2	1	F250_GPS
246.988	41.817	0.045	-0.215	0.000	0.000	-0.053	2	1	P111_PBO
247.160	39.430	0.034	-0.266	0.000	0.000	-0.025	2	1	SMEL_GPS
247.195	43.449	0.057	-0.199	0.000	0.000	-0.060	2	1	P678_PBO
247.281	42.212	0.046	-0.212	0.000	0.000	-0.097	2	1	P675_PBO
247.283	39.186	0.032	-0.273	0.000	0.000	-0.164	2	1	P104_PBO
247.302	41.803	0.044	-0.218	0.000	0.000	-0.045	2	1	P121_PBO
247.364	44.400	0.071	-0.195	0.000	0.000	-0.056	2	1	P681_PBO
247.377	41.757	0.043	-0.219	0.000	0.000	-0.042	2	1	P057_PBO
247.383	45.383	0.089	-0.191	0.000	0.000	-0.059	2	1	P045_PBO
247.410	38.600	0.028	-0.291	0.000	0.000	-0.008	2	1	G300_GPS
247.450	39.370	0.031	-0.268	0.000	0.000	-0.052	2	1	F280_GPS
247.472	40.634	0.037	-0.238	0.000	0.000	0.003	2	1	P114_PBO
247.476	45.043	0.082	-0.193	0.000	0.000	-0.054	2	1	P706_PBO
247.496	39.388	0.031	-0.267	0.000	0.000	-0.030	2	1	P105_PBO
247.545	35.342	0.001	-0.466	0.000	0.000	-0.054	2	1	FERN_PBO
247.639	40.078	0.033	-0.251	0.000	0.000	-0.058	2	1	P016_PBO
247.668	41.635	0.041	-0.223	0.000	0.000	-0.055	2	1	P122_PBO
247.718	40.649	0.035	-0.239	0.000	0.000	-0.043	2	1	P086_PBO
247.738	39.459	0.028	-0.266	0.000	0.000	-0.038	2	1	P106_PBO
247.760	39.140	0.026	-0.274	0.000	0.000	-0.023	2	1	G200_GPS
247.770	41.016	0.037	-0.233	0.000	0.000	-0.022	2	1	NAIU_GPS
247.850	39.600	0.028	-0.262	0.000	0.000	0.000	2	1	G101_GPS
247.873	39.306	0.026	-0.270	0.000	0.000	0.034	2	1	SPIC_PBO
247.880	40.650	0.034	-0.240	0.000	0.000	-0.070	2	1	COON_GPS
247.960	39.080	0.024	-0.276	0.000	0.000	-0.023	2	1	G220_GPS
248.055	39.589	0.026	-0.263	0.000	0.000	-0.018	2	1	P108_PBO
248.191	40.781	0.033	-0.239	0.000	0.000	-0.051	2	1	RBUT_GPS
248.211	45.218	0.087	-0.199	0.000	0.000	-0.060	2	1	P719_PBO
248.249	40.435	0.030	-0.246	0.000	0.000	-0.061	2	1	P117_PBO
248.260	38.900	0.020	-0.281	0.000	0.000	-0.022	2	1	G250_GPS
248.277	40.772	0.033	-0.240	0.000	0.000	-0.073	2	1	P088_PBO
248.366	40.016	0.027	-0.254	0.000	0.000	-0.047	2	1	MPUT_PBO
248.429	39.715	0.024	-0.261	0.000	0.000	-0.069	2	1	P110_PBO
248.435	41.607	0.038	-0.228	0.000	0.000	-0.068	2	1	HWUT_PBO
248.474	44.185	0.068	-0.206	0.000	0.000	-0.068	2	1	BBID_PBO
248.549	44.318	0.071	-0.206	0.000	0.000	-0.066	2	1	P360_PBO
248.550	39.817	0.024	-0.259	0.000	0.000	-0.037	2	1	P112_PBO
248.585	40.807	0.031	-0.241	0.000	0.000	-0.039	2	1	P089_PBO
248.630	40.510	0.029	-0.246	0.000	0.000	0.014	2	1	HEBE_GPS
248.640	38.480	0.013	-0.293	0.000	0.000	-0.029	2	1	H300_GPS
248.650	40.635	0.030	-0.244	0.000	0.000	-0.053	2	1	P118_PBO
248.742	40.732	0.030	-0.243	0.000	0.000	-0.022	2	1	P119_PBO
248.752	48.809	0.184	-0.196	0.000	0.000	-0.038	2	1	P050_PBO
248.764	41.692	0.038	-0.229	0.000	0.000	-0.035	2	1	P101_PBO
248.890	38.830	0.013	-0.283	0.000	0.000	0.004	2	1	H200_GPS
248.901	44.598	0.076	-0.207	0.000	0.000	-0.046	2	1	P680_PBO
248.971	45.140	0.086	-0.206	0.000	0.000	0.036	2	1	P460_PBO
248.980	39.290	0.016	-0.272	0.000	0.000	-0.035	2	1	H100_GPS
249.094	47.350	0.138	-0.201	0.000	0.000	0.022	2	1	P049_PBO
249.139	44.636	0.077	-0.209	0.000	0.000	-0.065	2	1	P711_PBO
249.168	44.452	0.073	-0.210	0.000	0.000	-0.142	2	1	OFWY_GPS
249.241	45.354	0.090	-0.207	0.000	0.000	-0.059	2	1	P461_PBO
249.320	39.190	0.013	-0.275	0.000	0.000	-0.025	2	1	CAST_GPS
249.487	41.750	0.037	-0.234	0.000	0.000	-0.066	2	1	P030_PBO
249.488	44.718	0.078	-0.212	0.000	0.000	-0.056	2	1	P716_PBO
249.694	44.943	0.082	-0.213	0.000	0.000	-0.061	2	1	P720_PBO
249.713	44.640	0.077	-0.214	0.000	0.000	0.023	2	1	WLWY_PBO
249.714	44.392	0.073	-0.215	0.000	0.000	-0.004	2	1	P709_PBO
249.991	34.264	-0.090	-0.490	0.000	0.000	-0.107	2	1	P015_PBO
249.998	45.003	0.084	-0.215	0.000	0.000	-0.010	2	1	P721_PBO
250.103	44.485	0.074	-0.218	0.000	0.000	-0.042	2	1	P717_PBO
250.310	43.501	0.058	-0.225	0.000	0.000	-0.064	2	1	P715_PBO
250.429	45.457	0.093	-0.217	0.000	0.000	0.003	2	1	P722_PBO
250.442	42.767	0.048	-0.231	0.000	0.000	-0.052	2	1	BLW2_PBO
250.481	36.150	-0.042	-0.371	0.000	0.000	-0.063	2	1	P011_PBO
250.624	44.753	0.079	-0.221	0.000	0.000	-0.042	2	1	P718_PBO
250.666	38.097	-0.010	-0.304	0.000	0.000	-0.076	2	1	P012_PBO
251.454	45.807	0.100	-0.225	0.000	0.000	-0.122	2	1	P051_PBO
252.091	39.515	0.002	-0.279	0.000	0.000	-0.093	2	1	P031_PBO
252.092	36.032	-0.058	-0.363	0.000	0.000	-0.102	2	1	P028_PBO
252.120	35.132	-0.081	-0.397	0.000	0.000	-0.063	2	1	P107_PBO
252.612	43.953	0.064	-0.241	0.000	0.000	-0.057	2	1	P033_PBO
252.744	41.742	0.030	-0.256	0.000	0.000	-0.049	2	1	P032_PBO
252.805	32.659	-0.173	-0.509	0.000	0.000	-0.015	2	1	P026_PBO
252.981	47.375	0.134	-0.237	0.000	0.000	-0.035	2	1	P052_PBO
253.033	34.068	-0.117	-0.429	0.000	0.000	-0.015	2	1	SC01_PBO
253.541	34.946	-0.092	-0.388	0.000	0.000	-0.054	2	1	P034_PBO
254.089	36.635	-0.054	-0.337	0.000	0.000	-0.117	2	1	P123_PBO
254.330	39.762	-0.002	-0.285	0.000	0.000	-0.011	2	1	RG17_PBO
254.706	36.420	-0.060	-0.340	0.000	0.000	-0.059	2	1	P036_PBO
254.806	39.949	0.000	-0.284	0.000	0.000	-0.048	2	1	P041_PBO
254.816	34.601	-0.103	-0.385	0.000	0.000	-0.020	2	1	P035_PBO
254.895	38.422	-0.024	-0.304	0.000	0.000	-0.047	2	1	P037_PBO
255.089	42.052	0.032	-0.269	0.000	0.000	-0.034	2	1	P042_PBO
255.315	47.117	0.125	-0.259	0.000	0.000	0.384	2	1	P055_PBO
255.475	38.803	-0.019	-0.300	0.000	0.000	-0.052	2	1	AMC2_GPS
255.559	45.846	0.097	-0.261	0.000	0.000	-0.060	2	1	P054_PBO
255.814	43.881	0.061	-0.266	0.000	0.000	-0.049	2	1	P043_PBO
256.593	34.147	-0.112	-0.378	0.000	0.000	-0.002	2	1	P038_PBO
256.778	40.172	0.001	-0.292	0.000	0.000	-0.088	2	1	P044_PBO
256.846	36.448	-0.062	-0.334	0.000	0.000	-0.044	2	1	P039_PBO
257.313	38.071	-0.033	-0.313	0.000	0.000	-0.006	2	1	P040_PBO
261.219	34.738	-0.086	-0.348	0.000	0.000	-0.151	2	1	WMOK_PBO
263.391	39.101	-0.017	-0.329	0.000	0.000	-0.468	2	1	KSU1_PBO
265.106	74.691	-0.213	0.269	0.000	0.000	-0.276	1	1	RESO_PBO
268.420	41.770	0.017	-0.366	0.000	0.000	0.204	2	1	ALGO_GPS
269.752	42.914	0.030	-0.383	0.000	0.000	-0.051	2	1	JFWS_PBO
276.527	33.415	-0.077	-0.443	0.000	0.000	0.033	2	1	GOGA_PBO
281.930	45.960	0.050	-0.577	0.000	0.000	-0.053	2	1	NLIB_GPS
282.934	38.919	-0.035	-0.545	0.000	0.000	-0.053	2	1	USNO_GPS
288.510	42.610	-0.015	-0.686	0.000	0.000	-0.037	2	1	WES2_GPS
288.840	44.099	0.004	-0.699	0.000	0.000	-0.033	2	1	BARN_GPS
291.175	76.537	-0.122	0.304	0.000	0.000	-0.031	1	1	THU3_PBO
291.210	76.540	-0.122	0.304	0.000	0.000	0.061	1	1	THU1_GPS
295.300	32.310	-1.159	-4.767	0.000	0.000	-0.035	2	1	BRMU_GPS
297.660	82.494	-0.063	0.132	0.000	0.000	0.178	1	1	ALRT_PBO
307.320	47.600	-0.887	-4.608	0.000	0.000	-0.101	2	1	STJO_GPS
309.050	66.990	-0.287	1.307	0.000	0.000	-0.051	1	1	KELY_GPS
