128.870	71.630	2.181	-2.095	0.000	0.000	0.000	1	1	TIXI_GPS
142.720	47.030	1.201	-2.223	0.000	0.000	0.000	1	1	YSSK_GPS
150.770	59.580	1.242	-2.403	0.000	0.000	0.000	1	1	MAGO_GPS
158.610	53.010	-7.799	0.755	0.000	0.000	0.000	1	1	PETP_GPS
166.440	68.080	0.534	-2.544	0.000	0.000	0.000	1	1	BILI_GPS
183.337	51.864	-22.505	6.916	0.000	0.000	0.000	1	1	AB21_PBO
193.458	53.876	-9.545	6.593	0.000	0.000	0.000	1	1	AV09_PBO
193.972	54.136	-8.429	5.699	0.000	0.000	0.000	1	1	AV08_PBO
194.066	54.098	-8.974	6.180	0.000	0.000	0.000	1	1	AV10_PBO
194.158	54.119	-9.005	6.215	0.000	0.000	0.000	1	1	AV14_PBO
194.234	54.147	-8.933	6.159	0.000	0.000	0.000	1	1	AV06_PBO
194.290	54.100	-9.527	6.665	0.000	0.000	0.000	1	1	AV15_PBO
194.627	64.564	-0.848	-1.803	0.000	0.000	0.000	1	1	AB11_PBO
197.293	55.190	-6.953	4.449	0.000	0.000	0.000	1	1	BAY2_PBO
197.761	64.638	-0.977	-1.678	0.000	0.000	0.000	1	1	AC31_PBO
199.523	55.349	-9.624	6.855	0.000	0.000	0.000	1	1	AB07_PBO
199.593	55.909	-6.091	3.565	0.000	0.000	0.000	1	1	AC41_PBO
200.122	61.040	-1.567	-0.973	0.000	0.000	0.000	1	1	AB15_PBO
200.872	55.921	-7.500	4.876	0.000	0.000	0.000	1	1	AC21_PBO
201.496	56.307	-6.351	3.768	0.000	0.000	0.000	1	1	AB13_PBO
203.390	71.323	-1.020	-2.029	0.000	0.000	0.000	1	1	SG27_PBO
203.743	20.707	-86.544	49.112	0.000	0.000	0.000	3	1	MAUI_PBO
205.302	59.899	-2.700	0.273	0.000	0.000	0.000	1	1	AB22_PBO
205.817	56.951	-9.696	7.416	0.000	0.000	0.000	1	1	AC02_PBO
205.819	56.564	-13.682	10.827	0.000	0.000	0.000	1	1	AC45_PBO
205.837	59.253	-3.375	0.936	0.000	0.000	0.000	1	1	AC27_PBO
206.415	59.567	-3.313	0.890	0.000	0.000	0.000	1	1	AC59_PBO
206.721	57.220	-10.482	8.027	0.000	0.000	0.000	1	1	AC34_PBO
207.185	62.094	-1.890	-0.418	0.000	0.000	0.000	1	1	AB28_PBO
207.596	60.664	-2.766	0.463	0.000	0.000	0.000	1	1	AC17_PBO
207.606	58.610	-5.656	3.113	0.000	0.000	0.000	1	1	AC39_PBO
207.807	57.618	-10.891	8.212	0.000	0.000	0.000	1	1	KOD5_PBO
209.109	59.764	-4.669	2.291	0.000	0.000	0.000	1	1	AC06_PBO
209.827	67.251	-1.135	-1.563	0.000	0.000	0.000	1	1	AB33_PBO
209.931	61.769	-2.378	0.359	0.000	0.000	0.000	1	1	AC53_PBO
210.276	60.481	-4.213	2.121	0.000	0.000	0.000	1	1	AC15_PBO
210.394	-17.577	-98.832	42.371	0.000	0.000	0.000	3	1	THTI_GPS
210.868	61.598	-2.687	0.844	0.000	0.000	0.000	1	1	ATW2_PBO
211.022	63.836	-1.473	-0.696	0.000	0.000	0.000	1	1	GRNR_PBO
211.665	70.256	-1.197	-1.792	0.000	0.000	0.000	1	1	PBOC_PBO
212.140	64.874	-1.269	-1.020	0.000	0.000	0.000	1	1	CLGO_PBO
212.500	64.980	-1.249	-1.043	0.000	0.000	0.000	1	1	FAIR_GPS
213.687	63.084	-1.715	0.073	0.000	0.000	0.000	1	1	AC62_PBO
214.153	63.502	-1.506	-0.231	0.000	0.000	0.000	1	1	AC63_PBO
214.257	61.139	-5.447	5.224	0.000	0.000	0.000	1	1	AC57_PBO
214.548	62.967	-1.740	0.328	0.000	0.000	0.000	1	1	AB37_PBO
216.296	62.832	-1.631	0.731	0.000	0.000	0.000	1	1	AC65_PBO
218.842	64.777	-0.942	-1.125	0.000	0.000	0.000	1	1	AB41_PBO
224.303	58.418	-5.754	7.498	0.000	0.000	0.000	2	1	GUS2_PBO
224.461	56.854	-21.958	4.572	0.000	0.000	0.000	2	1	BIS1_PBO
224.772	59.528	-1.676	8.098	0.000	0.000	0.000	2	1	AB44_PBO
225.353	56.245	-12.480	6.451	0.000	0.000	0.000	2	1	AB48_PBO
225.455	58.417	-2.064	8.119	0.000	0.000	0.000	2	1	AB50_PBO
226.473	68.306	-1.235	-1.590	0.000	0.000	0.000	1	1	INVK_PBO
226.932	55.580	-4.376	8.083	0.000	0.000	0.000	2	1	AB49_PBO
227.086	56.798	-1.434	8.129	0.000	0.000	0.000	2	1	AB51_PBO
228.400	55.069	-1.506	8.176	0.000	0.000	0.000	2	1	AIS1_PBO
231.401	50.813	-6.262	6.882	0.000	0.000	0.000	2	1	COXI_GPS
231.673	50.678	-5.656	6.633	0.000	0.000	0.000	2	1	SPAT_GPS
231.735	50.646	-5.531	6.574	0.000	0.000	0.000	2	1	JENS_GPS
231.865	50.640	-4.823	6.581	0.000	0.000	0.000	2	1	HOLB_GPS
231.992	50.654	-4.107	6.642	0.000	0.000	0.000	2	1	SCAR_GPS
232.046	51.544	-1.159	7.148	0.000	0.000	0.000	2	1	CALV_GPS
232.101	50.486	-4.527	6.468	0.000	0.000	0.000	2	1	KOPR_GPS
232.191	50.781	-2.789	6.831	0.000	0.000	0.000	2	1	SHUS_GPS
232.229	51.854	-0.344	7.120	0.000	0.000	0.000	2	1	KING_GPS
232.399	51.186	-1.222	7.000	0.000	0.000	0.000	2	1	ROBI_GPS
232.481	50.458	-2.790	6.860	0.000	0.000	0.000	2	1	ALCC_GPS
232.619	50.698	-1.763	6.923	0.000	0.000	0.000	2	1	HARD_GPS
232.625	50.686	-1.772	6.925	0.000	0.000	0.000	2	1	PTHY_GPS
232.720	51.465	-0.229	6.962	0.000	0.000	0.000	2	1	SEYM_GPS
232.836	50.573	-1.405	7.010	0.000	0.000	0.000	2	1	KLUC_GPS
232.877	49.873	-0.990	7.669	0.000	0.000	0.000	2	1	ELIZ_GPS
232.890	50.961	-0.707	6.939	0.000	0.000	0.000	2	1	BULC_GPS
233.157	50.544	-0.684	7.062	0.000	0.000	0.000	2	1	BCOV_GPS
233.383	49.592	0.151	7.552	0.000	0.000	0.000	2	1	NTKA_GPS
233.453	49.789	0.047	7.465	0.000	0.000	0.000	2	1	ANAW_GPS
233.878	49.619	0.537	7.312	0.000	0.000	0.000	2	1	PIER_GPS
233.942	50.104	0.496	7.109	0.000	0.000	0.000	2	1	MOAK_GPS
234.042	49.956	0.615	7.126	0.000	0.000	0.000	2	1	SENT_GPS
234.159	49.084	0.738	7.272	0.000	0.000	0.000	2	1	RADA_GPS
234.302	49.883	0.857	7.027	0.000	0.000	0.000	2	1	FILB_GPS
234.360	50.125	0.930	6.914	0.000	0.000	0.000	2	1	BRWV_GPS
234.417	49.995	0.965	6.934	0.000	0.000	0.000	2	1	STRA_GPS
234.458	48.926	0.846	7.155	0.000	0.000	0.000	2	1	UCLU_GPS
234.493	48.985	0.880	7.129	0.000	0.000	0.000	2	1	FRDC_GPS
234.503	50.231	1.084	6.809	0.000	0.000	0.000	2	1	MENZ_GPS
234.507	49.738	1.011	6.969	0.000	0.000	0.000	2	1	ALEX_GPS
234.600	49.823	1.091	6.898	0.000	0.000	0.000	2	1	OYST_GPS
234.603	50.033	1.129	6.831	0.000	0.000	0.000	2	1	JHRT_GPS
234.636	49.552	1.076	6.951	0.000	0.000	0.000	2	1	GLAC_GPS
234.685	50.491	1.336	6.633	0.000	0.000	0.000	2	1	ANNA_GPS
234.703	49.752	1.155	6.866	0.000	0.000	0.000	2	1	WAS2_GPS
234.718	49.192	1.050	6.984	0.000	0.000	0.000	2	1	FOUR_GPS
234.777	49.650	1.186	6.856	0.000	0.000	0.000	2	1	BCHR_GPS
234.866	48.828	1.005	6.973	0.000	0.000	0.000	2	1	BAMF_GPS
234.957	48.865	1.063	6.922	0.000	0.000	0.000	2	1	PACH_GPS
235.001	49.949	1.414	6.661	0.000	0.000	0.000	2	1	NACH_GPS
235.041	49.069	1.179	6.844	0.000	0.000	0.000	2	1	HAND_GPS
235.139	49.256	1.295	6.758	0.000	0.000	0.000	2	1	PTAL_GPS
235.296	48.996	1.279	6.728	0.000	0.000	0.000	2	1	GREY_GPS
235.336	49.490	1.485	6.606	0.000	0.000	0.000	2	1	TOBY_GPS
235.401	48.370	1.035	6.787	0.000	0.000	0.000	2	1	NBCG_GPS
235.443	47.937	0.812	6.845	0.000	0.000	0.000	2	1	P401_PBO
235.514	42.801	-2.810	7.944	0.000	0.000	0.000	2	1	BLCO_GPS
235.544	49.807	1.725	6.422	0.000	0.000	0.000	2	1	POWE_GPS
235.555	49.710	1.695	6.441	0.000	0.000	0.000	2	1	POCA_GPS
235.572	42.430	-3.062	8.020	0.000	0.000	0.000	2	1	ROG2_GPS
235.607	42.586	-2.932	7.958	0.000	0.000	0.000	2	1	T758_GPS
235.623	40.452	-4.569	9.656	0.000	0.000	0.000	2	1	L229_GPS
235.628	40.392	-5.015	10.114	0.000	0.000	0.000	2	1	P229_GPS
235.670	43.350	-2.335	7.724	0.000	0.000	0.000	2	1	TID3_GPS
235.676	43.344	-2.337	7.722	0.000	0.000	0.000	2	1	2780_GPS
235.678	42.183	-3.203	8.046	0.000	0.000	0.000	2	1	M746_GPS
235.680	49.599	1.724	6.402	0.000	0.000	0.000	2	1	DAVI_GPS
235.692	40.248	-14.206	14.858	0.000	0.000	0.000	2	1	P157_PBO
235.706	40.498	-4.519	9.366	0.000	0.000	0.000	2	1	BEAR_GPS
235.717	40.505	-4.514	9.342	0.000	0.000	0.000	2	1	P159_PBO
235.721	47.304	0.535	6.826	0.000	0.000	0.000	2	1	GREV_GPS
235.734	40.257	-10.516	13.264	0.000	0.000	0.000	2	1	COOS_GPS
235.736	49.228	1.599	6.455	0.000	0.000	0.000	2	1	OKAY_GPS
235.738	48.901	1.452	6.519	0.000	0.000	0.000	2	1	YOUB_GPS
235.744	40.589	-4.377	9.146	0.000	0.000	0.000	2	1	01PA_GPS
235.763	40.691	-4.261	8.960	0.000	0.000	0.000	2	1	P162_PBO
235.787	40.637	-4.335	9.039	0.000	0.000	0.000	2	1	P161_PBO
235.798	40.715	-4.248	8.908	0.000	0.000	0.000	2	1	SIS3_GPS
235.801	43.340	-2.288	7.660	0.000	0.000	0.000	2	1	F751_GPS
235.813	49.535	1.771	6.348	0.000	0.000	0.000	2	1	SHEP_GPS
235.822	47.114	0.452	6.812	0.000	0.000	0.000	2	1	GP14_GPS
235.825	43.124	-2.441	7.704	0.000	0.000	0.000	2	1	P75Z_GPS
235.844	40.448	-4.844	9.526	0.000	0.000	0.000	2	1	1468_GPS
235.859	48.062	1.062	6.612	0.000	0.000	0.000	2	1	P403_PBO
235.867	40.551	-4.532	9.182	0.000	0.000	0.000	2	1	P160_PBO
235.876	40.157	-3.587	22.676	0.000	0.000	0.000	3	1	KNGP_GPS
235.883	40.975	-4.025	8.563	0.000	0.000	0.000	2	1	HP19_GPS
235.886	43.885	-1.845	7.483	0.000	0.000	0.000	2	1	SOOS_GPS
235.893	40.422	-4.993	9.630	0.000	0.000	0.000	2	1	P158_PBO
235.897	48.465	1.305	6.518	0.000	0.000	0.000	2	1	JRDR_GPS
235.900	46.903	0.343	6.814	0.000	0.000	0.000	2	1	GRAY_GPS
235.905	41.192	-3.854	8.384	0.000	0.000	0.000	2	1	CW07_GPS
235.914	41.559	-3.578	8.175	0.000	0.000	0.000	2	1	P316_PBO
235.924	46.300	-0.064	6.926	0.000	0.000	0.000	2	1	HEAD_GPS
235.925	40.876	-4.106	8.635	0.000	0.000	0.000	2	1	P058_PBO
235.934	44.830	-1.122	7.239	0.000	0.000	0.000	2	1	BAL2_GPS
235.935	44.602	-1.291	7.290	0.000	0.000	0.000	2	1	HAMI_GPS
235.940	44.587	-1.300	7.291	0.000	0.000	0.000	2	1	A16N_GPS
235.941	42.552	-2.824	7.803	0.000	0.000	0.000	2	1	LUCA_GPS
235.943	40.220	-10.335	9.805	0.000	0.000	0.000	2	1	P163_PBO
235.967	41.522	-3.588	8.166	0.000	0.000	0.000	2	1	H111_GPS
235.986	42.967	-2.493	7.664	0.000	0.000	0.000	2	1	P061_PBO
236.022	40.306	-6.412	9.236	0.000	0.000	0.000	2	1	GRSH_GPS
236.024	49.753	1.985	6.186	0.000	0.000	0.000	2	1	EARL_GPS
236.025	40.727	-4.278	8.728	0.000	0.000	0.000	2	1	KNEE_GPS
236.032	40.791	-4.197	8.648	0.000	0.000	0.000	2	1	P169_PBO
236.034	45.134	-0.857	7.120	0.000	0.000	0.000	2	1	NESK_GPS
236.040	45.862	-0.327	6.958	0.000	0.000	0.000	2	1	CANN_GPS
236.044	46.205	-0.081	6.884	0.000	0.000	0.000	2	1	FTS1_GPS
236.051	45.273	-0.748	7.080	0.000	0.000	0.000	2	1	ISLE_GPS
236.063	41.986	-3.204	7.926	0.000	0.000	0.000	2	1	GORD_GPS
236.076	46.972	0.463	6.711	0.000	0.000	0.000	2	1	OP25_GPS
236.079	48.377	1.337	6.441	0.000	0.000	0.000	2	1	SHER_GPS
236.083	46.057	-0.170	6.895	0.000	0.000	0.000	2	1	COND_GPS
236.084	46.926	0.435	6.716	0.000	0.000	0.000	2	1	P398_PBO
236.094	40.024	-17.232	11.056	0.000	0.000	0.000	2	1	P156_PBO
236.119	40.669	-4.389	8.687	0.000	0.000	0.000	2	1	P168_PBO
236.120	40.544	-4.682	8.814	0.000	0.000	0.000	2	1	P167_PBO
236.123	49.598	1.969	6.170	0.000	0.000	0.000	2	1	SECH_GPS
236.137	40.435	-5.180	8.818	0.000	0.000	0.000	2	1	P166_PBO
236.140	44.019	-1.640	7.320	0.000	0.000	0.000	2	1	FHAM_GPS
236.142	45.022	-0.895	7.089	0.000	0.000	0.000	2	1	P395_PBO
236.147	40.246	-8.193	8.412	0.000	0.000	0.000	2	1	P165_PBO
236.154	45.214	-0.749	7.040	0.000	0.000	0.000	2	1	CEDC_GPS
236.156	41.874	-3.255	7.919	0.000	0.000	0.000	2	1	01XD_GPS
236.164	42.792	-2.554	7.621	0.000	0.000	0.000	2	1	BOLI_GPS
236.165	39.777	-18.788	12.669	0.000	0.000	0.000	2	1	HP15_GPS
236.168	46.173	-0.052	6.827	0.000	0.000	0.000	2	1	ASTO_GPS
236.176	45.421	-0.589	6.983	0.000	0.000	0.000	2	1	PRAI_GPS
236.180	49.203	1.811	6.227	0.000	0.000	0.000	2	1	GABR_GPS
236.190	46.663	0.299	6.715	0.000	0.000	0.000	2	1	SOBE_GPS
236.211	41.993	-3.144	7.846	0.000	0.000	0.000	2	1	HP12_GPS
236.212	45.907	-0.223	6.860	0.000	0.000	0.000	2	1	N274_GPS
236.222	43.002	-2.372	7.533	0.000	0.000	0.000	2	1	CAM4_GPS
236.233	44.612	-1.160	7.134	0.000	0.000	-0.024	2	1	EDDY_GPS
236.267	40.875	-4.098	8.358	0.000	0.000	-0.009	2	1	HORS_GPS
236.270	46.656	0.327	6.675	0.000	0.000	-0.172	2	1	P415_PBO
236.274	38.928	-15.185	31.304	0.000	0.000	0.003	3	1	P059_PBO
236.280	46.089	-0.066	6.787	0.000	0.000	-0.020	2	1	KLAS_GPS
236.283	39.864	-14.074	10.290	0.000	0.000	0.036	2	1	P315_PBO
236.294	47.817	1.099	6.435	0.000	0.000	-0.025	2	1	SC03_PBO
236.297	46.973	0.554	6.597	0.000	0.000	0.018	2	1	CNTR_GPS
236.301	40.575	-4.690	8.461	0.000	0.000	-0.261	2	1	P326_PBO
236.303	45.483	-0.492	6.904	0.000	0.000	-0.024	2	1	SISK_GPS
236.325	40.439	-5.322	8.381	0.000	0.000	-0.005	2	1	01NE_GPS
236.326	48.465	1.494	6.296	0.000	0.000	-0.042	2	1	CNSP_GPS
236.344	40.257	-7.121	8.233	0.000	0.000	-0.012	2	1	P324_PBO
236.349	48.316	1.420	6.312	0.000	0.000	0.005	2	1	BCHD_GPS
236.351	46.334	0.136	6.699	0.000	0.000	0.000	2	1	GP35_GPS
236.356	45.629	-0.364	6.845	0.000	0.000	0.016	2	1	P405_PBO
236.361	45.082	-0.761	6.962	0.000	0.000	-0.040	2	1	GRND_GPS
236.377	40.944	-4.006	8.218	0.000	0.000	-0.045	2	1	01RE_GPS
236.397	39.352	-15.685	12.065	0.000	0.000	-0.068	2	1	P187_PBO
236.401	44.377	-1.266	7.100	0.000	0.000	-0.025	2	1	CURT_GPS
236.403	42.719	-2.515	7.517	0.000	0.000	-0.022	2	1	REUB_GPS
236.409	44.382	-1.259	7.095	0.000	0.000	0.005	2	1	P374_PBO
236.417	43.644	-1.809	7.266	0.000	0.000	-0.002	2	1	WELK_GPS
236.418	39.686	-12.689	10.256	0.000	0.000	0.003	2	1	P314_PBO
236.419	46.146	0.031	6.703	0.000	0.000	-0.008	2	1	BIGC_GPS
236.430	45.885	-0.150	6.752	0.000	0.000	-0.045	2	1	HANS_GPS
236.433	44.185	-1.396	7.128	0.000	0.000	0.061	2	1	TRIA_GPS
236.435	39.554	-13.257	10.689	0.000	0.000	-0.042	2	1	P313_PBO
236.446	40.334	-6.052	8.175	0.000	0.000	-0.028	2	1	LASS_GPS
236.448	39.906	-10.529	9.150	0.000	0.000	-0.047	2	1	P317_PBO
236.450	44.038	-1.500	7.154	0.000	0.000	0.075	2	1	SOAM_GPS
236.453	44.594	-1.084	7.023	0.000	0.000	-0.003	2	1	U727_GPS
236.459	46.966	0.616	6.515	0.000	0.000	-0.003	2	1	SATS_GPS
236.467	46.991	0.636	6.506	0.000	0.000	-0.102	2	1	A479_GPS
236.471	47.990	1.279	6.311	0.000	0.000	-0.031	2	1	HUR2_GPS
236.477	40.460	-5.207	8.192	0.000	0.000	0.068	2	1	HP16_GPS
236.497	48.060	1.332	6.284	0.000	0.000	-0.038	2	1	P435_PBO
236.500	46.541	0.341	6.580	0.000	0.000	-0.109	2	1	FRAN_GPS
236.505	48.117	1.370	6.269	0.000	0.000	-0.035	2	1	PTAN_GPS
236.507	40.815	-4.183	8.149	0.000	0.000	-0.043	2	1	0108_GPS
236.539	45.797	-0.169	6.714	0.000	0.000	0.025	2	1	REST_GPS
236.540	46.268	0.167	6.615	0.000	0.000	-0.047	2	1	PARK_GPS
236.545	43.126	-2.150	7.331	0.000	0.000	-0.059	2	1	DELI_GPS
236.549	48.648	1.694	6.144	0.000	0.000	0.144	2	1	PGC4_GPS
236.564	47.004	0.684	6.453	0.000	0.000	-0.011	2	1	P430_PBO
236.571	43.140	-2.129	7.313	0.000	0.000	-0.001	2	1	P369_PBO
236.588	45.065	-0.681	6.847	0.000	0.000	-0.077	2	1	BRAE_GPS
236.589	43.129	-2.130	7.307	0.000	0.000	0.039	2	1	B741_GPS
236.591	47.939	1.298	6.258	0.000	0.000	-0.019	2	1	EA40_GPS
236.592	47.237	0.851	6.393	0.000	0.000	-0.019	2	1	P418_PBO
236.597	48.140	1.422	6.216	0.000	0.000	-0.005	2	1	TUCK_GPS
236.607	43.242	-2.037	7.268	0.000	0.000	0.003	2	1	DARL_GPS
236.610	45.159	-0.604	6.815	0.000	0.000	0.010	2	1	P404_PBO
236.617	42.504	-2.598	7.464	0.000	0.000	-0.025	2	1	P368_PBO
236.618	42.621	-2.507	7.430	0.000	0.000	-0.029	2	1	N748_GPS
236.623	46.201	0.153	6.586	0.000	0.000	0.412	2	1	P408_PBO
236.624	47.015	0.715	6.420	0.000	0.000	0.098	2	1	FARW_GPS
236.628	39.452	-11.021	9.962	0.000	0.000	-0.009	2	1	P318_PBO
236.645	43.246	-2.019	7.246	0.000	0.000	-0.007	2	1	ROSE_GPS
236.652	38.987	-14.436	11.730	0.000	0.000	0.005	2	1	P189_PBO
236.653	48.493	1.653	6.119	0.000	0.000	-0.048	2	1	DOUG_GPS
236.661	42.423	-2.644	7.464	0.000	0.000	-0.046	2	1	FARO_GPS
236.667	43.623	-1.725	7.140	0.000	0.000	0.000	2	1	P373_PBO
236.675	40.815	-4.172	7.991	0.000	0.000	-0.056	2	1	01QF_GPS
236.681	43.465	-1.839	7.172	0.000	0.000	0.000	2	1	T739_GPS
236.702	46.575	0.446	6.468	0.000	0.000	0.004	2	1	P417_PBO
236.705	39.707	-9.145	9.030	0.000	0.000	0.014	2	1	P319_PBO
236.709	44.391	-1.132	6.936	0.000	0.000	-0.078	2	1	E141_GPS
236.725	46.631	0.494	6.445	0.000	0.000	-0.031	2	1	DOTT_GPS
236.740	47.955	1.370	6.177	0.000	0.000	-0.214	2	1	BLUE_GPS
236.747	42.799	-2.321	7.310	0.000	0.000	0.000	2	1	AZAL_GPS
236.752	39.771	-8.524	8.774	0.000	0.000	0.014	2	1	CVR3_GPS
236.761	45.851	-0.041	6.587	0.000	0.000	-0.040	2	1	P409_PBO
236.762	43.706	-1.625	7.069	0.000	0.000	-0.021	2	1	LESL_GPS
236.770	38.668	-18.234	14.400	0.000	0.000	0.007	2	1	P188_PBO
236.772	44.925	-0.711	6.782	0.000	0.000	-0.055	2	1	NESM_GPS
236.773	48.425	1.666	6.069	0.000	0.000	-0.040	2	1	DISC_GPS
236.781	44.689	-0.882	6.830	0.000	0.000	0.009	2	1	Y683_GPS
236.795	46.105	0.154	6.516	0.000	0.000	-0.019	2	1	CLAT_GPS
236.796	39.242	-10.383	9.815	0.000	0.000	0.002	2	1	P190_PBO
236.799	39.795	-8.133	8.634	0.000	0.000	-0.066	2	1	HP14_GPS
236.803	44.149	-1.275	6.942	0.000	0.000	0.205	2	1	B737_GPS
236.807	41.842	-3.053	7.562	0.000	0.000	0.024	2	1	HP21_GPS
236.819	38.495	-22.343	18.593	0.000	0.000	0.004	2	1	P182_PBO
236.825	40.547	-4.751	7.893	0.000	0.000	0.000	2	1	P332_PBO
236.829	48.774	1.890	5.971	0.000	0.000	0.008	2	1	SATU_GPS
236.837	44.079	-1.314	6.941	0.000	0.000	-0.006	2	1	EZEL_GPS
236.843	45.538	-0.234	6.611	0.000	0.000	0.020	2	1	P411_PBO
236.848	45.190	-0.486	6.683	0.000	0.000	-0.017	2	1	P406_PBO
236.859	47.237	0.959	6.254	0.000	0.000	-0.060	2	1	SNDR_GPS
236.861	45.070	-0.569	6.703	0.000	0.000	-0.031	2	1	YAMB_GPS
236.866	48.045	1.478	6.093	0.000	0.000	-0.005	2	1	P436_PBO
236.869	45.190	-0.477	6.672	0.000	0.000	0.000	2	1	MACK_GPS
236.887	47.387	1.069	6.210	0.000	0.000	0.001	2	1	TAHU_GPS
236.888	47.033	0.834	6.279	0.000	0.000	0.149	2	1	Z478_GPS
236.890	48.181	1.570	6.055	0.000	0.000	-0.033	2	1	DUNG_GPS
236.895	39.320	-9.318	9.322	0.000	0.000	0.006	2	1	P192_PBO
236.897	44.780	-0.768	6.748	0.000	0.000	-0.178	2	1	SDNY_GPS
236.898	44.941	-0.649	6.712	0.000	0.000	-0.004	2	1	P376_PBO
236.900	44.633	-0.876	6.780	0.000	0.000	0.010	2	1	C715_GPS
236.930	45.612	-0.146	6.549	0.000	0.000	-0.050	2	1	GARY_GPS
236.931	38.314	-12.978	25.981	0.000	0.000	0.002	3	1	P183_PBO
236.935	43.372	-1.810	7.060	0.000	0.000	0.001	2	1	SCOT_GPS
236.942	43.363	-1.815	7.058	0.000	0.000	0.004	2	1	P371_PBO
236.969	39.729	-7.558	8.469	0.000	0.000	-0.003	2	1	POIR_GPS
236.996	44.325	-1.068	6.799	0.000	0.000	-0.069	2	1	TWIN_GPS
237.004	49.078	2.138	5.815	0.000	0.000	-0.055	2	1	BOUN_GPS
237.009	45.524	-0.179	6.527	0.000	0.000	-0.068	2	1	CHAS_GPS
237.015	46.671	0.637	6.285	0.000	0.000	-0.089	2	1	APSA_GPS
237.029	44.876	-0.645	6.657	0.000	0.000	0.002	2	1	JAIL_GPS
237.031	44.510	-0.916	6.738	0.000	0.000	-0.084	2	1	PETE_GPS
237.044	44.566	-0.869	6.719	0.000	0.000	-0.108	2	1	LANG_GPS
237.058	40.652	-4.397	7.708	0.000	0.000	-0.001	2	1	H217_GPS
237.059	47.288	1.073	6.139	0.000	0.000	0.005	2	1	P423_PBO
237.063	38.104	-15.255	28.170	0.000	0.000	-0.032	3	1	PRNC_GPS
237.064	40.370	-5.099	7.765	0.000	0.000	-0.001	2	1	0221_GPS
237.075	46.040	0.218	6.383	0.000	0.000	0.185	2	1	PRES_GPS
237.077	40.748	-4.204	7.679	0.000	0.000	0.008	2	1	P338_PBO
237.079	50.127	2.749	5.541	0.000	0.000	0.010	2	1	WSLR_GPS
237.081	46.283	0.393	6.329	0.000	0.000	0.047	2	1	CSTL_GPS
237.091	48.708	1.968	5.844	0.000	0.000	0.003	2	1	P439_PBO
237.113	44.052	-1.227	6.800	0.000	0.000	0.069	2	1	P377_PBO
237.115	48.420	1.809	5.889	0.000	0.000	-0.037	2	1	ICEB_GPS
237.120	44.990	-0.525	6.584	0.000	0.000	0.013	2	1	HOWE_GPS
237.123	42.323	-2.553	7.234	0.000	0.000	-0.009	2	1	JUST_GPS
237.125	47.824	1.446	6.000	0.000	0.000	-0.006	2	1	SCHO_GPS
237.126	45.269	-0.318	6.520	0.000	0.000	0.007	2	1	SPRO_GPS
237.131	38.080	-13.615	26.108	0.000	0.000	-0.291	3	1	PRH2_GPS
237.134	46.589	0.628	6.239	0.000	0.000	0.001	2	1	P420_PBO
237.170	44.208	-1.088	6.733	0.000	0.000	0.002	2	1	COLR_GPS
237.174	44.795	-0.648	6.598	0.000	0.000	0.004	2	1	IMP0_GPS
237.187	38.087	-22.386	18.929	0.000	0.000	-0.063	2	1	1395_GPS
237.189	45.179	-0.360	6.506	0.000	0.000	0.013	2	1	HUBB_GPS
237.193	46.477	0.573	6.231	0.000	0.000	-0.031	2	1	ARP0_GPS
237.199	45.857	0.136	6.356	0.000	0.000	-0.122	2	1	HELE_GPS
237.213	47.549	1.305	6.007	0.000	0.000	-0.144	2	1	GLDH_GPS
237.232	48.141	1.688	5.881	0.000	0.000	-0.096	2	1	WORD_GPS
237.233	38.429	-12.832	10.570	0.000	0.000	-0.065	2	1	P197_PBO
237.245	47.501	1.287	5.999	0.000	0.000	0.035	2	1	B197_GPS
237.256	45.672	0.025	6.365	0.000	0.000	-0.006	2	1	VANC_GPS
237.257	38.298	-14.586	11.458	0.000	0.000	0.000	2	1	P196_PBO
237.260	43.340	-1.710	6.892	0.000	0.000	0.004	2	1	STEA_GPS
237.263	38.093	-19.524	15.438	0.000	0.000	-0.065	2	1	NICC_GPS
237.280	46.533	0.646	6.173	0.000	0.000	-0.040	2	1	PTS5_GPS
237.290	41.730	-2.990	7.300	0.000	0.000	-0.012	2	1	YBHB_GPS
237.293	42.216	-2.579	7.165	0.000	0.000	-0.024	2	1	ASH0_GPS
237.304	48.313	1.824	5.809	0.000	0.000	-0.104	2	1	WHD1_GPS
237.307	45.835	0.163	6.303	0.000	0.000	-0.038	2	1	P414_PBO
237.317	47.922	1.586	5.879	0.000	0.000	0.011	2	1	PLUD_GPS
237.330	48.419	1.899	5.774	0.000	0.000	0.002	2	1	P438_PBO
237.339	47.446	1.288	5.960	0.000	0.000	-0.112	2	1	ORCC_GPS
237.344	42.191	-2.581	7.142	0.000	0.000	-0.021	2	1	P370_PBO
237.347	43.586	-1.490	6.785	0.000	0.000	-0.005	2	1	FARV_GPS
237.352	47.735	1.481	5.897	0.000	0.000	-0.049	2	1	KINW_GPS
237.375	42.142	-2.610	7.137	0.000	0.000	0.001	2	1	F760_GPS
237.379	47.094	1.070	6.008	0.000	0.000	0.008	2	1	LEWG_GPS
237.393	38.260	-12.752	10.465	0.000	0.000	-0.048	2	1	P198_PBO
237.397	48.892	2.208	5.643	0.000	0.000	0.000	2	1	FRND_GPS
237.401	37.923	-19.757	15.735	0.000	0.000	-0.031	2	1	T3R2_GPS
237.405	38.186	-13.644	10.915	0.000	0.000	-0.024	2	1	COR__GPS
237.409	45.216	-0.247	6.381	0.000	0.000	-0.032	2	1	4S9B_GPS
237.411	45.221	-0.243	6.379	0.000	0.000	-0.108	2	1	P412_PBO
237.423	44.497	-0.774	6.532	0.000	0.000	0.003	2	1	P379_PBO
237.424	38.778	-8.693	8.845	0.000	0.000	0.042	2	1	P206_PBO
237.425	45.326	-0.161	6.349	0.000	0.000	0.000	2	1	CLCC_GPS
237.429	47.172	1.142	5.966	0.000	0.000	0.002	2	1	PCOL_PBO
237.430	44.150	-1.031	6.607	0.000	0.000	0.009	2	1	VIDA_GPS
237.434	45.547	0.004	6.297	0.000	0.000	-0.157	2	1	RKBU_GPS
237.447	47.571	1.413	5.878	0.000	0.000	-0.040	2	1	SITA_GPS
237.453	45.781	0.180	6.237	0.000	0.000	-0.004	2	1	BATT_GPS
237.465	48.791	2.178	5.627	0.000	0.000	-0.027	2	1	BHAP_GPS
237.473	38.236	-11.949	10.066	0.000	0.000	0.001	2	1	ADOO_GPS
237.474	41.555	-3.091	7.230	0.000	0.000	0.043	2	1	GREN_GPS
237.485	47.803	1.578	5.813	0.000	0.000	0.008	2	1	P426_PBO
237.489	42.741	-2.089	6.915	0.000	0.000	-0.013	2	1	PROS_GPS
237.496	37.509	-19.306	30.004	0.000	0.000	0.118	3	1	WHAL_GPS
237.497	38.264	-11.382	9.807	0.000	0.000	-0.017	2	1	P199_PBO
237.500	43.750	-1.307	6.662	0.000	0.000	-0.001	2	1	OAKR_GPS
237.507	48.856	2.235	5.591	0.000	0.000	-0.007	2	1	P440_PBO
237.520	44.752	-0.547	6.423	0.000	0.000	-0.173	2	1	MILL_GPS
237.521	42.065	-2.624	7.071	0.000	0.000	-0.005	2	1	SOR4_GPS
237.536	43.160	-1.745	6.784	0.000	0.000	-0.002	2	1	BLK4_GPS
237.542	37.609	-14.481	24.827	0.000	0.000	-0.004	3	1	SWEE_GPS
237.544	37.527	-17.184	27.919	0.000	0.000	-0.063	3	1	PALO_GPS
237.545	37.805	-18.366	14.338	0.000	0.000	0.006	2	1	PRSD_GPS
237.548	38.240	-11.081	9.657	0.000	0.000	0.000	2	1	P200_PBO
237.556	47.306	1.281	5.873	0.000	0.000	-0.037	2	1	BROW_GPS
237.571	46.532	0.758	6.019	0.000	0.000	-0.014	2	1	P421_PBO
237.572	43.228	-1.680	6.748	0.000	0.000	-0.050	2	1	TOKE_GPS
237.584	37.959	-14.004	11.082	0.000	0.000	0.025	2	1	SNPR_GPS
237.585	40.998	-3.659	7.284	0.000	0.000	-0.005	2	1	P060_PBO
237.598	37.942	-14.017	11.093	0.000	0.000	0.018	2	1	HIL4_GPS
237.605	37.183	-25.837	32.871	0.000	0.000	-0.031	3	1	PIGE_GPS
237.613	47.595	1.494	5.785	0.000	0.000	-0.003	2	1	DUWA_GPS
237.618	37.592	-21.881	18.943	0.000	0.000	0.011	2	1	PEEE_GPS
237.623	37.915	-13.979	11.086	0.000	0.000	0.001	2	1	P181_PBO
237.625	47.388	1.363	5.820	0.000	0.000	-0.056	2	1	RPT1_GPS
237.634	37.810	-15.661	12.244	0.000	0.000	-0.020	2	1	NAVY_GPS
237.638	38.283	-10.019	9.180	0.000	0.000	-0.020	2	1	HENN_GPS
237.639	46.190	0.544	6.053	0.000	0.000	-0.007	2	1	P689_PBO
237.641	37.228	-24.288	32.131	0.000	0.000	0.000	3	1	HALM_GPS
237.644	37.990	-12.557	10.310	0.000	0.000	-0.038	2	1	SPA1_GPS
237.645	46.110	0.489	6.066	0.000	0.000	0.035	2	1	P687_PBO
237.650	42.620	-2.127	6.855	0.000	0.000	-0.103	2	1	RUST_GPS
237.655	46.301	0.628	6.022	0.000	0.000	-0.016	2	1	ELKR_GPS
237.659	45.430	0.005	6.202	0.000	0.000	-0.053	2	1	P427_PBO
237.660	37.934	-13.042	10.571	0.000	0.000	-0.112	2	1	RMD1_GPS
237.662	38.258	-10.010	9.163	0.000	0.000	0.004	2	1	DEAL_GPS
237.667	45.299	-0.088	6.225	0.000	0.000	-0.042	2	1	ESTA_GPS
237.670	44.170	-0.925	6.473	0.000	0.000	-0.001	2	1	BR02_GPS
237.681	40.731	-3.986	7.278	0.000	0.000	0.004	2	1	P349_PBO
237.682	46.026	0.444	6.064	0.000	0.000	0.005	2	1	YALE_GPS
237.686	43.963	-1.076	6.512	0.000	0.000	-0.257	2	1	SARD_GPS
237.689	46.173	0.551	6.030	0.000	0.000	-0.049	2	1	P705_PBO
237.695	37.937	-12.476	10.276	0.000	0.000	0.000	2	1	MA_A_GPS
237.710	47.103	1.205	5.831	0.000	0.000	-0.011	2	1	THUN_GPS
237.716	37.274	-21.131	30.000	0.000	0.000	0.001	3	1	HAUL_GPS
237.728	47.908	1.743	5.662	0.000	0.000	-0.041	2	1	PAIN_GPS
237.729	40.271	-4.713	7.376	0.000	0.000	-0.265	2	1	P345_PBO
237.730	46.551	0.833	5.931	0.000	0.000	-0.001	2	1	MORT_GPS
237.735	37.872	-12.680	10.406	0.000	0.000	-0.001	2	1	UCBK_GPS
237.741	38.324	-9.185	8.804	0.000	0.000	-0.050	2	1	HAGG_GPS
237.745	38.030	-10.974	9.531	0.000	0.000	-0.074	2	1	0410_GPS
237.748	37.871	-12.502	10.310	0.000	0.000	0.047	2	1	STAC_GPS
237.749	37.870	-12.499	10.309	0.000	0.000	0.003	2	1	STAD_GPS
237.753	37.879	-12.340	10.221	0.000	0.000	-0.103	2	1	04GG_GPS
237.765	44.119	-0.928	6.433	0.000	0.000	-0.095	2	1	CUGR_GPS
237.771	38.043	-10.640	9.371	0.000	0.000	0.000	2	1	CROC_GPS
237.772	48.508	2.137	5.519	0.000	0.000	-0.040	2	1	SDRO_GPS
237.773	46.231	0.624	5.973	0.000	0.000	0.067	2	1	P691_PBO
237.778	37.884	-11.958	10.015	0.000	0.000	-0.014	2	1	BAPK_GPS
237.781	37.864	-12.129	10.110	0.000	0.000	-0.016	2	1	P224_PBO
237.782	38.153	-9.840	9.028	0.000	0.000	0.004	2	1	P261_PBO
237.784	37.312	-17.086	26.268	0.000	0.000	0.000	3	1	TRUE_GPS
237.794	41.294	-3.249	7.088	0.000	0.000	0.004	2	1	P655_PBO
237.796	37.417	-21.536	18.008	0.000	0.000	-0.009	2	1	SLAC_PBO
237.797	38.313	-8.964	8.687	0.000	0.000	-0.028	2	1	MADI_GPS
237.798	46.210	0.619	5.964	0.000	0.000	0.030	2	1	P693_PBO
237.804	46.145	0.575	5.974	0.000	0.000	0.160	2	1	P703_PBO
237.805	37.147	-25.059	30.662	0.000	0.000	0.025	3	1	EAUN_GPS
237.816	37.691	-13.771	11.097	0.000	0.000	-0.071	2	1	SLBB_GPS
237.818	46.300	0.690	5.935	0.000	0.000	-0.009	2	1	P694_PBO
237.824	47.485	1.505	5.694	0.000	0.000	-0.005	2	1	HAFF_GPS
237.825	38.351	-8.688	8.572	0.000	0.000	0.001	2	1	GAME_GPS
237.833	37.324	-23.757	20.803	0.000	0.000	-0.037	2	1	PAWT_GPS
237.836	46.199	0.625	5.946	0.000	0.000	0.008	2	1	P695_PBO
237.842	48.162	1.950	5.551	0.000	0.000	0.032	2	1	ARLI_GPS
237.846	48.170	1.957	5.547	0.000	0.000	0.001	2	1	ARLO_GPS
237.847	37.290	-15.738	24.095	0.000	0.000	0.005	3	1	BM1R_GPS
237.857	48.917	2.421	5.390	0.000	0.000	-0.040	2	1	GP37_GPS
237.858	47.636	1.617	5.646	0.000	0.000	-0.006	2	1	OVER_GPS
237.867	46.195	0.634	5.930	0.000	0.000	-0.032	2	1	P701_PBO
237.872	37.937	-10.555	9.282	0.000	0.000	-0.001	2	1	HILL_GPS
237.877	37.363	-20.386	16.629	0.000	0.000	0.005	2	1	FTHL_GPS
237.885	38.331	-8.525	8.474	0.000	0.000	-0.010	2	1	GORR_GPS
237.897	38.398	-8.254	8.376	0.000	0.000	-0.002	2	1	VAC3_GPS
237.900	42.473	-2.156	6.747	0.000	0.000	-0.020	2	1	RKPT_GPS
237.903	37.563	-14.223	11.215	0.000	0.000	-0.016	2	1	COYS_GPS
237.904	38.025	-9.782	8.926	0.000	0.000	-0.037	2	1	P262_PBO
237.905	37.551	-14.399	11.319	0.000	0.000	-0.020	2	1	RDHL_GPS
237.912	45.533	0.175	6.044	0.000	0.000	-0.008	2	1	LARC_GPS
237.917	37.539	-14.372	11.265	0.000	0.000	0.324	2	1	P222_PBO
237.931	37.732	-11.627	9.740	0.000	0.000	-0.038	2	1	CAS2_GPS
237.939	37.815	-10.855	9.364	0.000	0.000	-0.039	2	1	ROC2_GPS
237.941	37.099	-25.014	28.555	0.000	0.000	-0.032	3	1	LOMP_GPS
237.942	37.714	-11.673	9.744	0.000	0.000	-0.011	2	1	P225_PBO
237.944	36.978	-27.432	31.444	0.000	0.000	0.008	3	1	SCAZ_GPS
237.945	39.244	-6.263	7.725	0.000	0.000	0.000	2	1	P270_PBO
237.948	36.993	-27.202	31.171	0.000	0.000	0.002	3	1	CRO3_GPS
237.972	39.929	-5.082	7.352	0.000	0.000	-0.073	2	1	P344_PBO
237.977	37.217	-22.659	18.313	0.000	0.000	-0.080	2	1	ELSE_GPS
237.980	44.190	-0.795	6.300	0.000	0.000	0.001	2	1	CUPO_GPS
237.989	37.645	-11.812	9.699	0.000	0.000	0.434	2	1	GARS_GPS
237.990	42.140	-2.401	6.775	0.000	0.000	0.032	2	1	W784_GPS
238.004	37.185	-23.413	19.142	0.000	0.000	-0.008	2	1	BRIG_BVU
238.005	37.738	-10.847	9.255	0.000	0.000	0.001	2	1	WED2_GPS
238.006	37.059	-24.669	29.271	0.000	0.000	-0.066	3	1	TRAL_GPS
238.009	37.202	-21.891	17.067	0.000	0.000	-0.003	2	1	P213_PBO
238.012	46.572	0.954	5.776	0.000	0.000	-0.006	2	1	P431_PBO
238.015	47.509	1.595	5.587	0.000	0.000	0.009	2	1	TIGR_GPS
238.022	37.749	-10.624	9.134	0.000	0.000	-0.013	2	1	P229_PBO
238.023	37.206	-20.973	15.746	0.000	0.000	0.032	2	1	SNJO_GPS
238.026	37.480	-13.329	10.203	0.000	0.000	-0.022	2	1	Z137_GPS
238.027	37.180	-22.242	17.891	0.000	0.000	-0.030	2	1	ODAM_GPS
238.034	37.247	-18.765	12.949	0.000	0.000	-0.030	2	1	VASO_GPS
238.039	37.073	-22.831	28.338	0.000	0.000	-0.039	3	1	BRUC_GPS
238.046	38.530	-7.475	8.031	0.000	0.000	-0.035	2	1	P265_PBO
238.048	37.532	-12.318	9.686	0.000	0.000	-0.002	2	1	WINE_1PS
238.053	37.110	-18.630	25.176	0.000	0.000	0.008	3	1	BURD_GPS
238.056	43.530	-1.269	6.409	0.000	0.000	-0.143	2	1	CRES_GPS
238.057	39.145	-6.263	7.668	0.000	0.000	-0.007	2	1	P272_PBO
238.060	37.643	-11.095	9.212	0.000	0.000	-0.001	2	1	SUNS_GPS
238.062	37.047	-23.492	29.101	0.000	0.000	0.003	3	1	FIRE_GPS
238.071	36.449	-29.793	34.044	0.000	0.000	0.000	3	1	SOBR_GPS
238.076	36.982	-25.749	30.912	0.000	0.000	0.004	3	1	GREG_GPS
238.080	37.004	-24.953	30.328	0.000	0.000	-0.037	3	1	PORT_GPS
238.081	37.507	-12.189	9.480	0.000	0.000	-0.056	2	1	1582_GPS
238.091	37.104	-15.818	22.922	0.000	0.000	0.004	3	1	LP2__GPS
238.095	36.622	-29.395	33.674	0.000	0.000	-0.006	3	1	P231_PBO
238.103	42.318	-2.213	6.667	0.000	0.000	-0.001	2	1	SKIL_GPS
238.112	37.540	-11.495	9.144	0.000	0.000	0.002	2	1	MILS_GPS
238.117	45.692	0.367	5.901	0.000	0.000	-0.032	2	1	STEV_GPS
238.122	42.574	-1.997	6.595	0.000	0.000	0.002	2	1	V546_GPS
238.123	45.676	0.358	5.901	0.000	0.000	-0.086	2	1	P429_PBO
238.126	36.946	-25.894	31.223	0.000	0.000	-0.061	3	1	LEON_GPS
238.129	37.499	-11.718	9.123	0.000	0.000	-0.078	2	1	ALLI_GPS
238.130	37.541	-11.306	9.025	0.000	0.000	-0.003	2	1	SHER_GPS
238.137	36.962	-25.164	30.697	0.000	0.000	-0.002	3	1	P212_PBO
238.149	36.288	-29.899	34.213	0.000	0.000	-0.077	3	1	MOLR_GPS
238.151	44.120	-0.785	6.222	0.000	0.000	-0.002	2	1	HUSB_GPS
238.156	37.111	-17.916	15.185	0.000	0.000	-0.039	2	1	LOMA_GPS
238.161	37.050	-16.297	23.355	0.000	0.000	0.015	3	1	LP4__GPS
238.167	37.012	-20.690	27.158	0.000	0.000	0.006	3	1	CORR_GPS
238.170	42.870	-1.743	6.499	0.000	0.000	-0.043	2	1	J789_GPS
238.174	37.337	-13.103	9.283	0.000	0.000	-0.004	2	1	P226_PBO
238.177	38.380	-7.521	7.950	0.000	0.000	0.005	2	1	P267_PBO
238.180	39.210	-5.988	7.522	0.000	0.000	-0.023	2	1	SUTB_GPS
238.186	36.235	-29.903	34.253	0.000	0.000	-0.023	3	1	FEIF_GPS
238.190	37.594	-10.392	8.633	0.000	0.000	0.000	2	1	SARE_GPS
238.191	37.069	-19.167	16.742	0.000	0.000	-0.106	2	1	NDDD_GPS
238.195	43.133	-1.527	6.423	0.000	0.000	-0.001	2	1	BEAV_GPS
238.200	43.130	-1.528	6.421	0.000	0.000	-0.006	2	1	BEAV_GPS
238.201	36.749	-28.543	33.027	0.000	0.000	-0.002	3	1	MULL_GPS
238.207	36.486	-29.636	33.861	0.000	0.000	-0.011	3	1	P171_PBO
238.208	37.922	-8.729	8.237	0.000	0.000	-0.049	2	1	JOBE_GPS
238.210	37.533	-10.664	8.624	0.000	0.000	-0.005	2	1	P227_PBO
238.212	37.137	-14.181	11.923	0.000	0.000	0.021	2	1	MAZZ_GPS
238.217	37.186	-13.551	10.762	0.000	0.000	0.005	2	1	CAAA_GPS
238.220	42.260	-2.221	6.612	0.000	0.000	0.124	2	1	P380_PBO
238.223	48.539	2.340	5.269	0.000	0.000	-0.018	2	1	GRSM_GPS
238.228	36.589	-29.435	33.574	0.000	0.000	-0.001	3	1	FORD_GPS
238.229	36.846	-26.895	31.976	0.000	0.000	0.010	3	1	05ZB_GPS
238.240	44.290	-0.624	6.136	0.000	0.000	0.003	2	1	BLCK_GPS
238.250	36.763	-28.244	32.747	0.000	0.000	-0.121	3	1	0513_GPS
238.253	42.209	-2.253	6.604	0.000	0.000	-0.017	2	1	ALTA_GPS
238.260	40.870	-3.555	6.890	0.000	0.000	-0.025	2	1	HHTT_GPS
238.262	37.219	-12.427	9.811	0.000	0.000	-0.024	2	1	COY__GPS
238.268	36.816	-27.161	32.058	0.000	0.000	-0.008	3	1	P210_PBO
238.278	37.954	-8.373	8.069	0.000	0.000	-0.001	2	1	MINN_GPS
238.285	38.657	-6.752	7.675	0.000	0.000	-0.029	2	1	P271_PBO
238.286	37.229	-11.961	9.528	0.000	0.000	-0.014	2	1	METC_GPS
238.288	45.334	0.169	5.884	0.000	0.000	-0.028	2	1	TIMB_GPS
238.294	37.184	-11.948	9.918	0.000	0.000	0.024	2	1	PERR_GPS
238.297	37.622	-9.559	8.249	0.000	0.000	0.206	2	1	USG7_GPS
238.310	43.680	-1.063	6.234	0.000	0.000	-0.014	2	1	WICK_GPS
238.313	37.602	-9.567	8.222	0.000	0.000	0.018	2	1	P228_PBO
238.317	46.623	1.104	5.602	0.000	0.000	-0.116	2	1	P432_PBO
238.325	37.694	-9.103	8.133	0.000	0.000	-0.054	2	1	B112_GPS
238.326	48.865	2.585	5.147	0.000	0.000	-0.019	2	1	BAKR_GPS
238.327	36.914	-19.100	25.603	0.000	0.000	-0.031	3	1	04AL_GPS
238.330	45.304	0.163	5.867	0.000	0.000	-0.027	2	1	STOL_GPS
238.332	36.791	-27.167	31.759	0.000	0.000	-0.004	3	1	05YC_GPS
238.334	36.698	-28.929	32.745	0.000	0.000	0.019	3	1	SALI_GPS
238.340	39.430	-5.472	7.294	0.000	0.000	-0.003	2	1	CHO1_GPS
238.341	36.722	-28.653	32.514	0.000	0.000	0.021	3	1	BORO_GPS
238.349	37.104	-11.509	10.236	0.000	0.000	0.012	2	1	P217_PBO
238.354	38.474	-6.971	7.684	0.000	0.000	0.074	2	1	P268_PBO
238.372	36.540	-29.480	33.519	0.000	0.000	0.004	3	1	TORO_GPS
238.375	47.138	1.481	5.467	0.000	0.000	0.009	2	1	GP17_GPS
238.384	36.980	-14.125	12.741	0.000	0.000	-0.042	2	1	GILR_GPS
238.395	37.932	-8.079	7.881	0.000	0.000	-0.156	2	1	P256_PBO
238.406	48.486	2.380	5.180	0.000	0.000	-0.010	2	1	GP29_GPS
238.409	36.859	-18.934	25.210	0.000	0.000	0.004	3	1	P234_PBO
238.415	36.887	-22.203	19.611	0.000	0.000	0.004	2	1	PGN4_GPS
238.423	36.055	-29.738	34.336	0.000	0.000	0.011	3	1	GAMB_GPS
238.428	48.079	2.128	5.250	0.000	0.000	-0.073	2	1	SLVR_GPS
238.432	36.873	-22.614	19.875	0.000	0.000	0.004	2	1	77RT_GPS
238.434	37.755	-8.462	7.896	0.000	0.000	0.012	2	1	MEDA_GPS
238.444	37.477	-9.367	8.061	0.000	0.000	0.001	2	1	MOCH_GPS
238.460	40.980	-3.349	6.747	0.000	0.000	-0.004	2	1	PITR_GPS
238.470	41.720	-2.608	6.585	0.000	0.000	0.009	2	1	M504_GPS
238.490	42.250	-2.138	6.457	0.000	0.000	-0.042	2	1	HILD_GPS
238.493	41.712	-2.607	6.573	0.000	0.000	-0.003	2	1	P672_PBO
238.510	41.616	-2.690	6.583	0.000	0.000	-0.010	2	1	P674_PBO
238.516	35.992	-29.651	34.350	0.000	0.000	0.004	3	1	0509_GPS
238.530	40.816	-3.505	6.741	0.000	0.000	0.011	2	1	HCRO_PBO
238.536	37.755	-8.138	7.750	0.000	0.000	0.000	2	1	P257_PBO
238.537	36.954	-10.705	9.289	0.000	0.000	0.000	2	1	P242_PBO
238.538	36.909	-11.791	9.919	0.000	0.000	-0.124	2	1	RAIL_BVU
238.540	41.430	-2.856	6.605	0.000	0.000	-0.024	2	1	ROUN_GPS
238.571	36.493	-29.328	33.858	0.000	0.000	-0.003	3	1	05VE_GPS
238.574	47.735	1.958	5.240	0.000	0.000	0.002	2	1	B059_GPS
238.600	41.050	-3.220	6.649	0.000	0.000	0.000	2	1	MCAR_GPS
238.608	47.388	1.738	5.291	0.000	0.000	0.009	2	1	HYAK_GPS
238.612	38.116	-7.183	7.547	0.000	0.000	-0.067	2	1	P273_PBO
238.625	37.508	-8.438	7.767	0.000	0.000	0.009	2	1	OSR1_GPS
238.634	44.823	-0.083	5.804	0.000	0.000	0.004	2	1	Y502_GPS
238.645	37.011	-9.147	7.997	0.000	0.000	-0.001	2	1	P244_PBO
238.650	42.410	-1.950	6.329	0.000	0.000	0.002	2	1	J288_GPS
238.672	45.783	0.635	5.581	0.000	0.000	-0.028	2	1	GWEN_GPS
238.675	36.793	-10.065	7.376	0.000	0.000	-0.014	2	1	05YF_GPS
238.677	36.420	-29.285	34.223	0.000	0.000	0.256	3	1	0512_GPS
238.700	46.873	1.419	5.344	0.000	0.000	-0.010	2	1	SPIL_GPS
238.701	36.900	-9.430	7.470	0.000	0.000	0.032	2	1	TURK_GPS
238.710	41.100	-3.125	6.573	0.000	0.000	-0.005	2	1	FRAZ_GPS
238.712	37.008	-8.801	7.732	0.000	0.000	0.002	2	1	PACH_GPS
238.716	35.665	-29.449	34.329	0.000	0.000	-0.001	3	1	BLAN_GPS
238.720	44.060	-0.627	5.923	0.000	0.000	0.002	2	1	PIBU_GPS
238.730	36.696	-7.408	7.159	0.000	0.000	-0.053	2	1	05WF_GPS
238.731	48.674	2.628	4.965	0.000	0.000	-0.028	2	1	G370_GPS
238.742	41.671	-2.560	6.435	0.000	0.000	-0.001	2	1	0209_GPS
238.785	38.322	-6.571	7.330	0.000	0.000	0.000	2	1	P275_PBO
238.790	42.440	-1.878	6.242	0.000	0.000	-0.065	2	1	TUFF_GPS
238.799	36.294	-29.238	34.420	0.000	0.000	-0.042	3	1	OSI2_GPS
238.803	44.269	-0.439	5.831	0.000	0.000	0.013	2	1	F735_GPS
238.812	36.560	-29.329	34.548	0.000	0.000	-0.058	3	1	P247_PBO
238.816	36.571	-29.351	34.572	0.000	0.000	0.003	3	1	05WG_GPS
238.822	37.464	-7.871	7.583	0.000	0.000	-0.036	2	1	H104_GPS
238.825	45.618	0.570	5.532	0.000	0.000	-0.014	2	1	DALL_GPS
238.829	47.232	1.714	5.202	0.000	0.000	-0.001	2	1	EASN_GPS
238.850	39.630	-4.767	6.868	0.000	0.000	-0.046	2	1	LUMP_GPS
238.863	36.161	-29.216	34.432	0.000	0.000	0.000	3	1	QCYN_PBO
238.865	36.426	-29.154	34.532	0.000	0.000	-0.041	3	1	P175_PBO
238.867	46.629	1.309	5.302	0.000	0.000	0.003	2	1	FALL_GPS
238.872	44.634	-0.140	5.715	0.000	0.000	-0.038	2	1	SKYO_GPS
238.899	37.433	-7.706	7.530	0.000	0.000	-0.044	2	1	P259_PBO
238.900	42.430	-1.849	6.181	0.000	0.000	0.002	2	1	ROCO_GPS
238.905	38.645	-5.972	7.142	0.000	0.000	-0.044	2	1	P276_PBO
238.910	44.210	-0.446	5.785	0.000	0.000	-0.044	2	1	DRYX_GPS
238.916	37.711	-7.306	7.412	0.000	0.000	0.012	2	1	P260_PBO
238.932	48.730	2.742	4.844	0.000	0.000	-0.031	2	1	P444_PBO
238.936	36.612	-7.033	7.426	0.000	0.000	0.026	2	1	P249_PBO
238.939	35.711	-29.015	34.274	0.000	0.000	-0.013	3	1	P278_PBO
238.940	37.080	-7.863	7.547	0.000	0.000	-0.014	2	1	ONIE_GPS
238.942	37.170	-7.807	7.554	0.000	0.000	-0.146	2	1	P252_PBO
238.960	41.510	-2.634	6.341	0.000	0.000	0.000	2	1	02SS_GPS
238.973	42.393	-1.855	6.147	0.000	0.000	-0.013	2	1	V357_GPS
238.980	39.730	-4.556	6.756	0.000	0.000	0.004	2	1	HELI_GPS
238.997	35.552	-28.825	34.229	0.000	0.000	-0.020	3	1	P067_PBO
239.004	36.410	-11.420	10.513	0.000	0.000	-0.059	2	1	05UH_GPS
239.019	36.417	-7.312	7.742	0.000	0.000	-0.014	2	1	P285_PBO
239.049	38.090	-6.559	7.206	0.000	0.000	-0.001	2	1	P309_PBO
239.050	41.180	-2.918	6.358	0.000	0.000	0.015	2	1	ADIN_GPS
239.053	44.920	0.137	5.554	0.000	0.000	0.048	2	1	JUNC_GPS
239.060	39.970	-4.223	6.639	0.000	0.000	-0.011	2	1	QUIN_GPS
239.067	46.844	1.531	5.150	0.000	0.000	-0.013	2	1	P065_PBO
239.070	44.260	-0.353	5.686	0.000	0.000	0.030	2	1	HSTN_GPS
239.093	35.933	-28.928	34.395	0.000	0.000	0.009	3	1	P284_PBO
239.121	36.140	-29.011	34.572	0.000	0.000	-0.036	3	1	P288_PBO
239.130	35.636	-28.499	34.196	0.000	0.000	-0.014	3	1	P526_PBO
239.135	44.301	-0.300	5.641	0.000	0.000	0.011	2	1	PRIN_GPS
239.158	35.697	-28.511	34.214	0.000	0.000	0.010	3	1	P295_PBO
239.168	35.359	-28.322	34.175	0.000	0.000	0.034	3	1	BLHL_GPS
239.192	35.426	-28.166	34.163	0.000	0.000	0.022	3	1	P525_PBO
239.194	40.419	-3.649	6.445	0.000	0.000	-0.026	2	1	P148_PBO
239.230	43.010	-1.268	5.867	0.000	0.000	-0.026	2	1	W072_GPS
239.256	45.475	0.617	5.326	0.000	0.000	0.016	2	1	A545_GPS
239.257	36.806	-7.101	7.556	0.000	0.000	-0.025	2	1	P301_PBO
239.279	38.340	-5.983	6.989	0.000	0.000	0.022	2	1	JAST_GPS
239.280	42.260	-1.864	5.999	0.000	0.000	-0.020	2	1	PL20_GPS
239.295	37.054	-7.126	7.464	0.000	0.000	-0.023	2	1	P303_PBO
239.300	41.490	-2.534	6.149	0.000	0.000	-0.023	2	1	HOTC_GPS
239.302	35.386	-27.684	34.134	0.000	0.000	-0.011	3	1	TESS_GPS
239.307	38.829	-5.380	6.823	0.000	0.000	-0.024	2	1	P140_PBO
239.310	43.170	-1.114	5.787	0.000	0.000	-0.022	2	1	7MIR_GPS
239.318	34.469	-30.159	33.636	0.000	0.000	-0.020	3	1	HARV_GPS
239.328	45.590	0.726	5.263	0.000	0.000	-0.026	2	1	P445_PBO
239.330	40.420	-3.585	6.366	0.000	0.000	-0.025	2	1	N843_GPS
239.335	47.768	2.261	4.818	0.000	0.000	0.014	2	1	1882_GPS
239.356	37.795	-6.527	7.133	0.000	0.000	0.003	2	1	P306_PBO
239.360	43.290	-1.003	5.733	0.000	0.000	-0.018	2	1	L091_GPS
239.373	34.571	-29.840	33.608	0.000	0.000	-0.001	3	1	RUS1_GPS
239.380	44.310	-0.209	5.503	0.000	0.000	-0.025	2	1	C753_GPS
239.381	36.635	-6.885	7.608	0.000	0.000	0.001	2	1	P302_PBO
239.383	34.593	-29.769	33.605	0.000	0.000	-0.014	3	1	ALVA_GPS
239.390	40.450	-3.526	6.325	0.000	0.000	-0.016	2	1	E843_GPS
239.394	34.894	-28.864	33.779	0.000	0.000	0.014	3	1	LOSP_GPS
239.408	47.559	2.146	4.820	0.000	0.000	-0.020	2	1	E518_GPS
239.410	42.200	-1.872	5.937	0.000	0.000	-0.032	2	1	OREG_GPS
239.427	35.456	-26.819	34.090	0.000	0.000	-0.024	3	1	BARR_GPS
239.430	40.550	-3.404	6.278	0.000	0.000	-0.009	2	1	Q837_GPS
239.448	35.974	-28.742	34.769	0.000	0.000	-0.018	3	1	P297_PBO
239.451	42.704	-1.441	5.807	0.000	0.000	-0.025	2	1	PAIS_GPS
239.455	35.328	-26.920	34.072	0.000	0.000	-0.025	3	1	P528_PBO
239.457	36.089	-6.679	7.721	0.000	0.000	-0.025	2	1	P293_PBO
239.458	35.945	-28.701	34.746	0.000	0.000	-0.017	3	1	PKDB_GPS
239.460	43.390	-0.891	5.655	0.000	0.000	-0.022	2	1	F091_GPS
239.461	47.000	1.779	4.903	0.000	0.000	-0.021	2	1	LINH_GPS
239.479	47.012	1.794	4.891	0.000	0.000	-0.018	2	1	WILS_GPS
239.491	44.353	-0.139	5.432	0.000	0.000	-0.011	2	1	G753_GPS
239.500	40.630	-3.293	6.220	0.000	0.000	-0.032	2	1	HUSG_GPS
239.520	35.625	-26.743	34.005	0.000	0.000	-0.020	3	1	P530_PBO
239.521	35.867	-28.534	34.747	0.000	0.000	-0.023	3	1	HOGS_PBO
239.547	35.552	-25.845	33.969	0.000	0.000	-0.025	3	1	ALMO_GPS
239.557	35.833	-28.431	34.768	0.000	0.000	-0.043	3	1	MASW_PBO
239.560	36.123	-6.756	7.926	0.000	0.000	-0.034	2	1	P294_PBO
239.575	48.594	2.898	4.519	0.000	0.000	-0.018	2	1	A515_GPS
239.580	44.400	-0.074	5.373	0.000	0.000	-0.001	2	1	M753_GPS
239.590	35.011	-27.848	33.492	0.000	0.000	-0.004	3	1	P514_PBO
239.610	38.030	-6.008	6.918	0.000	0.000	0.000	2	1	CMBB_GPS
239.617	35.106	-27.233	33.495	0.000	0.000	0.011	3	1	P516_PBO
239.622	42.469	-1.577	5.759	0.000	0.000	0.004	2	1	P388_PBO
239.629	35.748	-27.953	34.709	0.000	0.000	0.005	3	1	P533_PBO
239.636	36.052	-6.785	8.152	0.000	0.000	0.005	2	1	P296_PBO
239.643	36.739	-6.742	7.606	0.000	0.000	0.049	2	1	P304_PBO
239.646	36.501	-6.752	7.778	0.000	0.000	0.011	2	1	0607_GPS
239.649	34.038	-30.582	33.027	0.000	0.000	0.016	3	1	MIG1_PBO
239.652	35.544	-24.072	33.892	0.000	0.000	-0.009	3	1	P280_PBO
239.654	35.607	-25.192	33.832	0.000	0.000	0.003	3	1	H623_GPS
239.660	40.560	-3.297	6.145	0.000	0.000	0.000	2	1	BISC_GPS
239.666	38.736	-5.212	6.643	0.000	0.000	0.006	2	1	P310_PBO
239.674	47.480	2.186	4.690	0.000	0.000	-0.004	2	1	OHME_GNI
239.680	39.320	-4.578	6.458	0.000	0.000	0.007	2	1	UU83_GPS
239.690	43.430	-0.784	5.517	0.000	0.000	0.022	2	1	Y090_GPS
239.697	41.902	-2.031	5.835	0.000	0.000	0.005	2	1	MODB_1PS
239.700	34.960	-27.751	33.103	0.000	0.000	0.007	3	1	7HLI_GPS
239.701	35.346	-24.726	33.517	0.000	0.000	0.000	3	1	POZO_GPS
239.706	36.016	-6.832	8.431	0.000	0.000	0.002	2	1	P298_PBO
239.707	35.583	-23.564	33.696	0.000	0.000	0.002	3	1	L623_GPS
239.723	36.304	-6.768	8.037	0.000	0.000	0.004	2	1	P300_PBO
239.733	35.634	-25.534	34.114	0.000	0.000	0.003	3	1	P532_PBO
239.739	35.605	-23.932	33.713	0.000	0.000	0.005	3	1	REDH_GPS
239.740	41.550	-2.327	5.884	0.000	0.000	0.007	2	1	CEDR_GPS
239.743	34.798	-28.454	32.905	0.000	0.000	0.003	3	1	LAMO_GPS
239.744	48.508	2.903	4.443	0.000	0.000	0.033	2	1	R378_GPS
239.750	40.130	-3.693	6.198	0.000	0.000	0.026	2	1	02EX_GPS
239.760	34.871	-28.056	32.853	0.000	0.000	-0.003	3	1	P515_PBO
239.770	40.590	-3.221	6.076	0.000	0.000	-0.001	2	1	SHIN_GPS
239.780	45.000	0.444	5.136	0.000	0.000	-0.035	2	1	FOSS_GPS
239.782	44.631	0.168	5.212	0.000	0.000	0.002	2	1	U73H_GPS
239.785	45.745	0.995	4.980	0.000	0.000	0.030	2	1	H428_GPS
239.801	34.502	-29.427	32.698	0.000	0.000	-0.039	3	1	GAVI_GPS
239.803	37.352	-6.389	7.169	0.000	0.000	0.021	2	1	P305_PBO
239.818	35.703	-6.745	10.589	0.000	0.000	0.002	2	1	P539_PBO
239.820	45.243	0.637	5.064	0.000	0.000	0.004	2	1	E040_GPS
239.845	35.928	-6.931	9.388	0.000	0.000	0.020	2	1	P546_PBO
239.860	39.360	-4.431	6.344	0.000	0.000	-0.010	2	1	A210_GPS
239.867	34.483	-29.396	32.506	0.000	0.000	0.020	3	1	TJRN_PBO
239.869	35.801	-6.999	10.687	0.000	0.000	0.013	2	1	P540_PBO
239.880	43.480	-0.682	5.400	0.000	0.000	0.046	2	1	R090_GPS
239.887	35.520	-16.494	26.991	0.000	0.000	0.006	3	1	POSO_GPS
239.888	35.534	-15.602	26.194	0.000	0.000	0.005	3	1	P538_PBO
239.894	33.951	-30.421	32.620	0.000	0.000	0.013	3	1	SNRI_GPS
239.899	35.235	-23.899	30.911	0.000	0.000	0.030	3	1	P535_PBO
239.930	48.157	2.736	4.412	0.000	0.000	0.034	2	1	S389_GPS
239.933	35.076	-25.665	31.441	0.000	0.000	0.003	3	1	MADC_GPS
239.935	34.004	-30.285	32.523	0.000	0.000	0.007	3	1	SRS1_PBO
239.937	47.656	2.398	4.509	0.000	0.000	0.012	2	1	L387_GPS
239.942	36.947	-6.465	7.419	0.000	0.000	0.020	2	1	P307_PBO
239.953	35.889	-6.905	10.220	0.000	0.000	0.022	2	1	TAR0_GPS
239.960	39.790	-3.938	6.168	0.000	0.000	0.003	2	1	SAGE_GPS
239.975	35.280	-21.694	28.472	0.000	0.000	0.001	3	1	P536_PBO
239.980	41.550	-2.245	5.748	0.000	0.000	-0.002	2	1	ALKA_GPS
239.991	34.733	-28.255	31.835	0.000	0.000	0.035	3	1	FGST_PBO
239.999	35.575	-10.930	16.645	0.000	0.000	0.006	2	1	C616_GPS
240.006	40.245	-3.462	6.026	0.000	0.000	0.012	2	1	0226_GPS
240.010	40.240	-3.465	6.025	0.000	0.000	0.003	2	1	HP26_GPS
240.017	43.590	-0.552	5.300	0.000	0.000	0.009	2	1	0047_GPS
240.018	34.582	-28.886	31.881	0.000	0.000	0.005	3	1	BBDM_PBO
240.020	43.590	-0.551	5.298	0.000	0.000	-0.003	2	1	0047_GPS
240.048	42.098	-1.748	5.595	0.000	0.000	0.004	2	1	G118_GPS
240.064	41.276	-2.462	5.759	0.000	0.000	0.000	2	1	P017_PBO
240.065	35.317	-18.004	23.892	0.000	0.000	-0.011	3	1	P537_PBO
240.070	42.930	-1.057	5.409	0.000	0.000	-0.006	2	1	JUNI_GPS
240.080	39.110	-4.560	6.296	0.000	0.000	0.002	2	1	P208_GPS
240.091	35.935	-6.805	9.969	0.000	0.000	0.007	2	1	P547_PBO
240.120	34.415	-29.264	31.660	0.000	0.000	0.002	3	1	COPR_PBO
240.143	44.119	-0.103	5.118	0.000	0.000	0.002	2	1	J090_GPS
240.146	35.603	-9.157	13.327	0.000	0.000	0.000	2	1	P807_GPS
240.150	42.120	-1.696	5.533	0.000	0.000	0.004	2	1	K589_GPS
240.162	35.003	-24.753	28.788	0.000	0.000	0.016	3	1	0504_GPS
240.177	45.813	1.174	4.749	0.000	0.000	0.021	2	1	D639_GPS
240.189	47.242	2.198	4.453	0.000	0.000	0.015	2	1	C033_GPS
240.210	39.370	-4.231	6.147	0.000	0.000	-0.023	2	1	MAGU_GPS
240.215	34.029	-29.870	31.905	0.000	0.000	0.004	3	1	CRU1_PBO
240.220	41.000	-2.658	5.731	0.000	0.000	0.004	2	1	P515_GPS
240.230	39.100	-4.486	6.218	0.000	0.000	-0.002	2	1	A250_GPS
240.234	35.414	-14.070	16.657	0.000	0.000	0.003	2	1	GOUD_GPS
240.247	33.995	-29.879	31.873	0.000	0.000	0.001	3	1	CENT_GPS
240.254	37.089	-6.160	7.198	0.000	0.000	0.000	2	1	P725_PBO
240.262	35.731	-7.418	11.109	0.000	0.000	0.003	2	1	P544_PBO
240.263	48.394	3.011	4.180	0.000	0.000	0.004	2	1	ROSW_GPS
240.273	46.578	1.757	4.541	0.000	0.000	-0.002	2	1	B317_GPS
240.278	39.908	-3.671	5.960	0.000	0.000	0.001	2	1	P139_PBO
240.286	34.823	-26.630	28.883	0.000	0.000	0.003	3	1	SALI_GPS
240.287	35.319	-16.035	18.509	0.000	0.000	0.015	2	1	P543_PBO
240.300	39.280	-4.272	6.124	0.000	0.000	0.002	2	1	10BB_GPS
240.340	39.850	-3.699	5.941	0.000	0.000	0.003	2	1	43JD_GPS
240.360	38.330	-5.140	6.422	0.000	0.000	-0.008	2	1	1008_GPS
240.369	46.260	1.561	4.552	0.000	0.000	0.003	2	1	P449_PBO
240.372	44.623	0.353	4.886	0.000	0.000	0.002	2	1	JONY_GPS
240.376	41.358	-2.280	5.566	0.000	0.000	0.007	2	1	P145_PBO
240.380	49.320	3.668	3.924	0.000	0.000	-0.002	2	1	DRAO_GPS
240.400	39.499	-4.010	6.005	0.000	0.000	0.000	2	1	P127_PBO
240.451	45.344	0.918	4.693	0.000	0.000	-0.001	2	1	CBL1_GPS
240.456	45.953	1.366	4.566	0.000	0.000	-0.004	2	1	P450_PBO
240.460	39.080	-4.380	6.099	0.000	0.000	-0.002	2	1	V209_GPS
240.463	39.698	-3.789	5.914	0.000	0.000	0.003	2	1	P095_PBO
240.511	34.928	-21.641	22.751	0.000	0.000	-0.002	3	1	CUYA_GPS
240.513	47.404	2.419	4.241	0.000	0.000	0.003	2	1	P452_PBO
240.516	34.852	-24.419	24.536	0.000	0.000	0.000	3	1	YAM2_GPS
240.520	42.020	-1.661	5.344	0.000	0.000	-0.003	2	1	GUAN_GPS
240.521	33.232	-30.626	32.053	0.000	0.000	0.000	3	1	TWIN_GPS
240.530	40.580	-2.930	5.654	0.000	0.000	0.001	2	1	P19A_GPS
240.548	48.694	3.311	3.960	0.000	0.000	0.001	2	1	TONA_GPS
240.568	34.960	-18.814	20.491	0.000	0.000	-0.006	3	1	PATW_GPS
240.579	35.419	-9.988	12.505	0.000	0.000	-0.003	2	1	P563_PBO
240.581	41.173	-2.374	5.491	0.000	0.000	0.000	2	1	74LR_GPS
240.590	39.350	-4.059	5.945	0.000	0.000	0.002	2	1	A275_GPS
240.606	35.398	-10.099	12.583	0.000	0.000	0.001	2	1	FIBR_GPS
240.629	34.408	-28.296	29.156	0.000	0.000	0.000	3	1	CSST_PBO
240.637	34.015	-29.212	30.944	0.000	0.000	0.002	3	1	ANA1_PBO
240.640	40.420	-3.036	5.631	0.000	0.000	-0.001	2	1	GARL_GPS
240.646	41.997	-1.640	5.278	0.000	0.000	0.014	2	1	LOPE_GPS
240.647	34.683	-26.766	25.307	0.000	0.000	0.001	3	1	OZST_PBO
240.652	35.157	-13.964	16.691	0.000	0.000	-0.001	2	1	BVPP_PBO
240.663	47.185	2.314	4.202	0.000	0.000	0.005	2	1	LSII_GPS
240.674	34.600	-27.266	26.545	0.000	0.000	0.006	3	1	P549_PBO
240.690	37.170	-5.820	6.918	0.000	0.000	0.011	2	1	MUSB_GPS
240.700	34.636	-26.826	25.613	0.000	0.000	-0.002	3	1	MUNS_GPS
240.712	36.289	-6.369	8.001	0.000	0.000	-0.004	2	1	0609_GPS
240.736	34.566	-27.139	26.630	0.000	0.000	0.000	3	1	0102_GPS
240.760	41.880	-1.702	5.239	0.000	0.000	0.001	2	1	OBSD_GPS
240.762	34.276	-28.330	29.564	0.000	0.000	0.004	3	1	VNCO_PBO
240.763	35.744	-7.326	9.406	0.000	0.000	-0.010	2	1	P565_PBO
240.771	36.324	-6.319	7.875	0.000	0.000	-0.001	2	1	P566_PBO
240.800	39.940	-3.414	5.663	0.000	0.000	-0.005	2	1	FLRN_GPS
240.810	39.430	-3.881	5.800	0.000	0.000	0.003	2	1	A290_GPS
240.812	34.441	-27.535	27.997	0.000	0.000	-0.004	3	1	HVYS_PBO
240.816	34.541	-26.894	26.583	0.000	0.000	0.000	3	1	RSVY_PBO
240.820	38.080	-5.073	6.290	0.000	0.000	-0.017	2	1	CNWY_GPS
240.821	35.002	-16.064	18.874	0.000	0.000	-0.001	2	1	J976_GPS
240.845	34.856	-18.460	18.704	0.000	0.000	-0.008	3	1	P551_PBO
240.859	34.499	-27.004	27.047	0.000	0.000	0.022	3	1	NHRG_PBO
240.870	40.770	-2.632	5.420	0.000	0.000	-0.002	2	1	TRGO_GPS
240.882	36.738	-5.983	7.204	0.000	0.000	-0.004	2	1	0605_GPS
240.896	34.734	-23.223	21.179	0.000	0.000	-0.007	3	1	LVMS_GPS
240.910	38.050	-5.045	6.256	0.000	0.000	-0.006	2	1	DECH_GPS
240.914	37.786	-5.251	6.387	0.000	0.000	0.001	2	1	P632_PBO
240.920	38.160	-4.950	6.199	0.000	0.000	0.000	2	1	H130_GPS
240.931	39.486	-3.775	5.717	0.000	0.000	-0.006	2	1	P128_PBO
240.934	43.585	-0.268	4.786	0.000	0.000	-0.009	2	1	TOMB_GPS
240.936	34.320	-27.711	28.725	0.000	0.000	-0.003	3	1	SOMT_PBO
240.937	36.027	-6.604	8.242	0.000	0.000	-0.003	2	1	P056_PBO
240.940	39.580	-3.685	5.685	0.000	0.000	0.000	2	1	BLAB_GPS
240.950	41.880	-1.642	5.132	0.000	0.000	-0.001	2	1	F067_GPS
240.959	33.472	-29.658	31.303	0.000	0.000	-0.003	3	1	SBIS_GPS
240.961	34.168	-28.198	29.623	0.000	0.000	-0.002	3	1	CSCI_PBO
240.969	45.499	1.195	4.373	0.000	0.000	-0.001	2	1	PAUL_GPS
240.970	33.480	-29.630	31.280	0.000	0.000	-0.002	3	1	BAR1_PBO
240.980	41.870	-1.641	5.117	0.000	0.000	-0.004	2	1	SHLD_GPS
240.981	37.800	-5.202	6.342	0.000	0.000	-0.011	2	1	P648_PBO
240.990	34.440	-26.919	27.334	0.000	0.000	-0.001	3	1	SNP2_GPS
240.993	46.621	2.019	4.133	0.000	0.000	0.002	2	1	MESA_GPS
241.000	37.613	-5.332	6.436	0.000	0.000	0.005	2	1	P630_PBO
241.007	47.954	2.961	3.856	0.000	0.000	-0.002	2	1	P454_PBO
241.010	42.720	-0.931	4.922	0.000	0.000	-0.002	2	1	LOOP_GPS
241.014	47.971	2.975	3.849	0.000	0.000	-0.010	2	1	CRWN_GPS
241.016	35.011	-13.180	16.427	0.000	0.000	-0.012	2	1	WGPP_PBO
241.039	44.410	0.399	4.557	0.000	0.000	-0.011	2	1	OGIL_GPS
241.042	45.138	0.949	4.406	0.000	0.000	-0.012	2	1	FORE_GPS
241.060	39.510	-3.697	5.639	0.000	0.000	-0.013	2	1	B200_GPS
241.062	39.268	-3.913	5.711	0.000	0.000	-0.002	2	1	P130_PBO
241.063	34.110	-28.164	29.659	0.000	0.000	-0.010	3	1	CIRX_PBO
241.068	35.223	-9.767	11.773	0.000	0.000	-0.009	2	1	WEED_GPS
241.070	38.981	-4.166	5.799	0.000	0.000	-0.010	2	1	P134_PBO
241.080	38.330	-4.722	6.037	0.000	0.000	-0.002	2	1	AURO_GPS
241.107	34.800	-16.131	17.363	0.000	0.000	-0.011	3	1	FZHS_GPS
241.116	34.356	-27.047	27.825	0.000	0.000	-0.007	3	1	FMVT_PBO
241.121	34.835	-18.424	21.619	0.000	0.000	-0.007	2	1	P553_PBO
241.130	39.490	-3.684	5.607	0.000	0.000	-0.012	2	1	B210_GPS
241.131	37.655	-5.228	6.335	0.000	0.000	0.001	2	1	P639_PBO
241.150	41.890	-1.570	5.017	0.000	0.000	0.001	2	1	N067_GPS
241.152	34.792	-20.607	22.637	0.000	0.000	0.004	2	1	P554_PBO
241.170	34.157	-27.794	29.166	0.000	0.000	-0.011	3	1	AOA1_GPS
241.180	37.677	-5.186	6.293	0.000	0.000	-0.003	2	1	P646_PBO
241.183	37.591	-5.248	6.340	0.000	0.000	-0.012	2	1	P642_PBO
241.190	37.980	-4.948	6.132	0.000	0.000	-0.075	2	1	HORU_GPS
241.200	39.630	-3.530	5.528	0.000	0.000	-0.008	2	1	UPSA_GPS
241.230	38.420	-4.571	5.916	0.000	0.000	-0.008	2	1	LUCK_GPS
241.233	36.231	-6.255	7.500	0.000	0.000	-0.011	2	1	P571_PBO
241.245	34.460	-25.857	25.824	0.000	0.000	-0.004	3	1	SFDM_PBO
241.246	35.421	-8.092	9.562	0.000	0.000	0.000	2	1	P567_PBO
241.250	40.860	-2.419	5.188	0.000	0.000	-0.003	2	1	PERS_GPS
241.255	47.759	2.905	3.757	0.000	0.000	-0.003	2	1	P453_PBO
241.259	34.569	-24.264	23.155	0.000	0.000	-0.001	3	1	WKPK_GPS
241.264	37.903	-4.970	6.126	0.000	0.000	-0.004	2	1	P649_PBO
241.270	48.675	3.540	3.563	0.000	0.000	0.005	2	1	P021_PBO
241.271	40.848	-2.423	5.179	0.000	0.000	-0.003	2	1	B073_GPS
241.287	47.761	2.917	3.739	0.000	0.000	-0.014	2	1	S509_GPS
241.300	40.000	-3.160	5.371	0.000	0.000	-0.011	2	1	RATT_GPS
241.302	37.562	-5.207	6.283	0.000	0.000	-0.010	2	1	P643_PBO
241.324	34.236	-27.132	28.186	0.000	0.000	-0.010	3	1	ROCK_GPS
241.330	35.138	-9.423	11.624	0.000	0.000	0.007	2	1	RSPG_GPS
241.340	35.089	-9.747	12.276	0.000	0.000	-0.009	2	1	JACK_GPS
241.341	48.698	3.578	3.519	0.000	0.000	-0.003	2	1	KELL_GPS
241.344	34.944	-11.354	15.449	0.000	0.000	-0.013	2	1	P557_PBO
241.350	39.400	-3.671	5.512	0.000	0.000	-0.007	2	1	B220_GPS
241.354	34.059	-27.765	29.206	0.000	0.000	-0.008	3	1	SPK1_GPS
241.359	34.257	-26.941	27.882	0.000	0.000	-0.016	3	1	CHT3_GPS
241.375	35.274	-8.504	10.115	0.000	0.000	0.003	2	1	0617_GPS
241.382	34.839	-13.586	18.699	0.000	0.000	-0.002	2	1	P559_PBO
241.387	34.517	-24.345	23.456	0.000	0.000	-0.002	3	1	CTDM_PBO
241.388	35.139	-9.201	11.354	0.000	0.000	0.004	2	1	P558_PBO
241.399	34.331	-26.383	26.925	0.000	0.000	-0.013	3	1	PICO_GNR
241.411	46.973	2.400	3.829	0.000	0.000	-0.009	2	1	CC25_GPS
241.434	47.002	2.428	3.810	0.000	0.000	0.000	2	1	P020_PBO
241.438	34.179	-27.134	28.240	0.000	0.000	-0.013	3	1	OXCO_GPS
241.440	40.070	-3.045	5.275	0.000	0.000	0.001	2	1	LOLA_GPS
241.445	37.891	-4.889	6.024	0.000	0.000	-0.010	2	1	P650_PBO
241.455	34.771	-15.472	20.267	0.000	0.000	-0.008	2	1	P556_PBO
241.457	34.202	-26.982	27.991	0.000	0.000	-0.014	3	1	MCDS_GPS
241.459	34.822	-13.133	18.355	0.000	0.000	-0.001	2	1	P560_PBO
241.470	45.600	1.421	4.073	0.000	0.000	0.006	2	1	BIGH_GPS
241.476	34.254	-26.655	27.438	0.000	0.000	-0.012	3	1	CSN1_GPS
241.481	32.927	-29.738	31.135	0.000	0.000	-0.014	3	1	BLUF_GPS
241.486	34.126	-27.259	28.454	0.000	0.000	-0.005	3	1	VIMT_PBO
241.489	34.258	-26.596	27.340	0.000	0.000	0.002	3	1	DELO_GPS
241.512	32.914	-29.714	31.110	0.000	0.000	-0.001	3	1	SCIP_GPS
241.513	35.033	-9.423	12.201	0.000	0.000	-0.002	2	1	DBL1_GPS
241.515	34.293	-26.292	26.815	0.000	0.000	-0.001	3	1	VNCX_PBO
241.528	37.737	-4.966	6.049	0.000	0.000	-0.010	2	1	P653_PBO
241.529	45.813	1.596	3.997	0.000	0.000	-0.011	2	1	ATHE_GPS
241.540	38.725	-4.170	5.626	0.000	0.000	-0.003	2	1	P133_PBO
241.549	43.216	-0.374	4.516	0.000	0.000	-0.013	2	1	A699_GPS
241.558	34.069	-27.340	28.587	0.000	0.000	0.001	3	1	UCLP_GPS
241.572	33.958	-27.693	29.121	0.000	0.000	-0.019	3	1	WRHS_GPS
241.580	39.150	-3.792	5.461	0.000	0.000	-0.010	2	1	SNDS_GPS
241.585	35.158	-8.509	10.371	0.000	0.000	-0.011	2	1	THCP_PBO
241.589	34.353	-25.516	25.465	0.000	0.000	-0.012	3	1	CMP9_GPS
241.591	35.134	-8.599	10.572	0.000	0.000	-0.007	2	1	SUMT_GPS
241.595	33.407	-28.847	30.508	0.000	0.000	0.000	3	1	BRSH_GPS
241.610	38.540	-4.293	5.653	0.000	0.000	0.022	2	1	X360_GPS
241.613	37.563	-5.057	6.085	0.000	0.000	-0.001	2	1	P651_PBO
241.618	47.127	2.572	3.682	0.000	0.000	-0.004	2	1	CTHS_GPS
241.621	37.973	-4.742	5.880	0.000	0.000	0.002	2	1	P627_PBO
241.628	33.779	-28.078	29.654	0.000	0.000	-0.004	3	1	PVHS_GPS
241.629	40.015	-3.023	5.185	0.000	0.000	-0.005	2	1	WILD_GPS
241.630	40.020	-3.018	5.183	0.000	0.000	-0.002	2	1	WILD_GPS
241.651	34.024	-27.331	28.564	0.000	0.000	-0.003	3	1	DSHS_PBO
241.666	33.312	-28.900	30.546	0.000	0.000	-0.003	3	1	CAT2_PBO
241.669	33.798	-27.969	29.507	0.000	0.000	-0.005	3	1	TORP_GPS
241.678	34.135	-26.800	27.689	0.000	0.000	-0.002	3	1	LEEP_GPS
241.680	39.040	-3.844	5.440	0.000	0.000	-0.009	2	1	SHEL_GPS
241.690	39.270	-3.644	5.362	0.000	0.000	-0.009	2	1	BX46_GPS
241.700	43.170	-0.367	4.440	0.000	0.000	-0.004	2	1	U698_GPS
241.705	35.121	-8.368	10.251	0.000	0.000	0.003	2	1	PAJA_GPS
241.712	36.979	-5.443	6.360	0.000	0.000	-0.006	2	1	ABER_GPS
241.720	39.400	-3.520	5.306	0.000	0.000	-0.013	2	1	MOND_GPS
241.750	40.940	-2.184	4.891	0.000	0.000	0.080	2	1	J74X_GPS
241.755	34.629	-17.560	21.397	0.000	0.000	-0.014	2	1	QHTP_GPS
241.767	34.072	-26.906	27.840	0.000	0.000	-0.003	3	1	PKRD_PBO
241.770	38.530	-4.231	5.565	0.000	0.000	-0.003	2	1	LIZZ_GPS
241.790	39.110	-3.739	5.355	0.000	0.000	-0.009	2	1	SLR1_GPS
241.793	34.129	-26.560	27.234	0.000	0.000	-0.006	3	1	OXYC_GPS
241.800	41.450	-1.737	4.748	0.000	0.000	-0.002	2	1	BLAC_GPS
241.807	34.875	-9.460	12.916	0.000	0.000	0.009	2	1	RSTP_PBO
241.810	40.120	-2.867	5.057	0.000	0.000	-0.010	2	1	G298_GPS
241.812	34.293	-25.184	24.823	0.000	0.000	-0.008	3	1	BTDM_PBO
241.815	36.781	-5.554	6.412	0.000	0.000	-0.002	2	1	INDE_GPS
241.830	39.290	-3.571	5.277	0.000	0.000	0.003	2	1	B270_GPS
241.841	39.212	-3.633	5.294	0.000	0.000	-0.008	2	1	P099_PBO
241.843	35.087	-8.188	10.012	0.000	0.000	0.004	2	1	PORT_GPS
241.845	48.278	3.448	3.323	0.000	0.000	-0.005	2	1	FERR_GPS
241.850	39.230	-3.614	5.284	0.000	0.000	0.002	2	1	F279_GPS
241.860	39.670	-3.235	5.149	0.000	0.000	-0.006	2	1	B387_GPS
241.868	36.466	-5.799	6.601	0.000	0.000	0.005	2	1	3188_GPS
241.870	39.000	-3.800	5.345	0.000	0.000	0.006	2	1	AGGI_GPS
241.873	34.137	-26.309	26.741	0.000	0.000	-0.004	3	1	CIT1_GPS
241.879	34.502	-18.191	17.323	0.000	0.000	-0.005	3	1	VNPS_GPS
241.882	36.976	-5.377	6.231	0.000	0.000	-0.004	2	1	P468_PBO
241.891	34.089	-26.548	27.151	0.000	0.000	-0.012	3	1	SGHS_GPS
241.900	35.494	-7.073	7.931	0.000	0.000	-0.008	2	1	GS02_GPS
241.905	33.962	-27.090	28.102	0.000	0.000	-0.010	3	1	BKMS_PBO
241.923	43.744	0.147	4.197	0.000	0.000	-0.003	2	1	GENT_GPS
241.926	35.878	-6.429	7.150	0.000	0.000	-0.004	2	1	BEPK_PBO
241.930	38.690	-4.032	5.415	0.000	0.000	-0.007	2	1	A435_GPS
241.940	39.200	-3.604	5.242	0.000	0.000	-0.005	2	1	MN54_GPS
241.954	37.737	-4.776	5.779	0.000	0.000	-0.009	2	1	FISH_GPS
241.960	39.040	-3.730	5.281	0.000	0.000	0.000	2	1	POST_GPS
241.970	40.940	-2.113	4.768	0.000	0.000	0.000	2	1	BELL_GPS
241.974	34.333	-23.506	22.001	0.000	0.000	0.000	3	1	CHIL_GPS
241.980	41.410	-1.715	4.656	0.000	0.000	-0.024	2	1	SODH_GPS
241.984	35.152	-7.732	9.091	0.000	0.000	0.014	2	1	P591_PBO
241.986	45.232	1.298	3.858	0.000	0.000	-0.010	2	1	P022_PBO
241.993	42.923	-0.478	4.327	0.000	0.000	-0.001	2	1	TURN_GPS
241.994	35.039	-8.051	9.810	0.000	0.000	-0.015	2	1	P579_PBO
242.013	37.092	-5.238	6.064	0.000	0.000	-0.001	2	1	WAUC_GPS
242.015	39.306	-3.486	5.168	0.000	0.000	-0.006	2	1	P068_PBO
242.031	35.845	-6.420	7.068	0.000	0.000	-0.008	2	1	GS22_GPS
242.035	34.244	-24.672	23.708	0.000	0.000	-0.023	3	1	CGDM_PBO
242.050	39.300	-3.477	5.149	0.000	0.000	-0.001	2	1	B285_GPS
242.077	34.508	-16.920	21.292	0.000	0.000	-0.004	2	1	PBPP_PBO
242.080	38.970	-3.741	5.235	0.000	0.000	-0.005	2	1	GABB_GPS
242.091	33.748	-27.410	28.709	0.000	0.000	-0.005	3	1	FIFT_GPS
242.112	48.541	3.711	3.120	0.000	0.000	-0.008	2	1	Z264_GPS
242.116	34.042	-26.284	26.454	0.000	0.000	-0.003	3	1	SNTZ_GPS
242.135	33.863	-27.012	27.943	0.000	0.000	-0.001	3	1	CCCS_GPS
242.140	34.413	-17.222	16.118	0.000	0.000	-0.002	3	1	DVPB_GPS
242.172	34.640	-10.344	14.777	0.000	0.000	0.001	2	1	CHMS_PBO
242.180	45.297	1.401	3.736	0.000	0.000	0.003	2	1	COVE_GPS
242.184	33.602	-27.582	29.097	0.000	0.000	-0.001	3	1	SJOA_GPS
242.185	44.833	1.054	3.828	0.000	0.000	-0.002	2	1	AIRP_GPS
242.188	35.647	-6.602	7.164	0.000	0.000	0.014	2	1	INYO_GPS
242.190	39.150	-3.550	5.115	0.000	0.000	0.003	2	1	BUFF_GPS
242.197	33.618	-27.526	29.013	0.000	0.000	-0.004	3	1	TRAK_GPS
242.235	34.493	-13.943	19.106	0.000	0.000	-0.007	2	1	0705_GLA
242.239	70.736	-1.655	-1.012	0.000	0.000	-0.015	1	1	HOLM_PBO
242.244	36.217	-5.900	6.447	0.000	0.000	-0.008	2	1	GS35_GPS
242.262	33.914	-26.576	27.042	0.000	0.000	0.006	3	1	SJUA_GPS
242.268	48.208	3.526	3.100	0.000	0.000	-0.004	2	1	K024_GPS
242.271	34.510	-12.537	17.732	0.000	0.000	-0.007	2	1	P581_PBO
242.274	34.137	-24.929	23.625	0.000	0.000	-0.003	3	1	VERN_GPS
242.284	33.554	-27.513	29.080	0.000	0.000	0.003	3	1	KITE_GPS
242.290	39.260	-3.421	5.025	0.000	0.000	-0.009	2	1	C200_GPS
242.291	33.464	-27.683	29.348	0.000	0.000	-0.004	3	1	DANA_GPS
242.294	35.513	-6.722	7.248	0.000	0.000	-0.001	2	1	PAOS_GPS
242.296	37.201	-5.047	5.800	0.000	0.000	-0.011	2	1	P094_PBO
242.306	34.925	-7.840	9.389	0.000	0.000	-0.002	2	1	PHLB_PBO
242.310	38.770	-3.817	5.166	0.000	0.000	-0.003	2	1	Z25X_GPS
242.311	34.121	-24.978	23.586	0.000	0.000	-0.003	3	1	PSEB_GPS
242.317	35.339	-6.966	7.591	0.000	0.000	-0.004	2	1	RAMT_PBO
242.320	33.469	-27.625	29.289	0.000	0.000	-0.005	3	1	1202_GPS
242.328	36.094	-5.993	6.468	0.000	0.000	-0.003	2	1	GS34_GPS
242.329	35.565	-6.625	7.103	0.000	0.000	-0.001	2	1	CCCC_PBO
242.339	33.553	-27.420	28.987	0.000	0.000	-0.009	3	1	SBCC_PBO
242.360	40.030	-2.753	4.772	0.000	0.000	-0.003	2	1	LOWE_GPS
242.365	33.444	-27.600	29.291	0.000	0.000	-0.003	3	1	SCMS_GPS
242.368	36.107	-5.963	6.416	0.000	0.000	-0.001	2	1	GS42_GPS
242.386	35.366	-6.868	7.400	0.000	0.000	-0.024	2	1	0806_GPS
242.388	36.497	-5.586	6.115	0.000	0.000	-0.001	2	1	LEEF_GPS
242.390	38.880	-3.697	5.084	0.000	0.000	0.000	2	1	6683_GPS
242.391	33.858	-26.486	27.051	0.000	0.000	-0.002	3	1	CNPP_PBO
242.395	34.362	-17.625	21.259	0.000	0.000	-0.001	2	1	CUTT_GPS
242.400	40.110	-2.673	4.729	0.000	0.000	-0.001	2	1	MCOY_GPS
242.402	33.847	-26.499	27.115	0.000	0.000	-0.001	3	1	OAKD_GPS
242.409	35.083	-7.320	8.189	0.000	0.000	-0.001	2	1	GS50_GPS
242.427	35.072	-7.321	8.182	0.000	0.000	-0.002	2	1	CPBN_PBO
242.430	41.010	-1.910	4.494	0.000	0.000	-0.003	2	1	BUTN_GPS
242.431	46.486	2.347	3.356	0.000	0.000	-0.002	2	1	C334_GPS
242.435	33.375	-27.620	29.371	0.000	0.000	-0.002	3	1	0301_GPS
242.439	36.519	-5.548	6.058	0.000	0.000	0.000	2	1	FLAT_GPS
242.451	33.975	-25.755	25.258	0.000	0.000	0.000	3	1	LIMP_GPS
242.453	33.884	-26.221	26.534	0.000	0.000	-0.003	3	1	0819_GPS
242.454	36.759	-5.340	5.908	0.000	0.000	0.000	2	1	TEAK_GPS
242.457	34.987	-7.460	8.455	0.000	0.000	-0.004	2	1	P583_PBO
242.458	35.740	-6.329	6.686	0.000	0.000	-0.002	2	1	GS26_GCO
242.459	33.562	-27.189	28.740	0.000	0.000	-0.002	3	1	P471_PBO
242.460	36.532	-5.530	6.032	0.000	0.000	-0.002	2	1	JACK_GPS
242.465	33.709	-26.803	27.992	0.000	0.000	-0.001	3	1	SAN1_GLA
242.470	34.077	-24.768	22.847	0.000	0.000	-0.002	3	1	STEE_GPS
242.471	35.007	-7.400	8.320	0.000	0.000	-0.004	2	1	0805_GPS
242.474	34.104	-24.352	22.001	0.000	0.000	0.001	3	1	EWPP_PBO
242.478	36.050	-5.978	6.355	0.000	0.000	0.001	2	1	ARGU_GLA
242.487	34.018	-25.293	24.163	0.000	0.000	0.002	3	1	SANO_GPS
242.490	39.690	-2.993	4.789	0.000	0.000	0.016	2	1	NEWS_GPS
242.495	35.213	-7.011	7.562	0.000	0.000	-0.002	2	1	FMTH_GPS
242.496	34.212	-20.536	17.587	0.000	0.000	0.034	3	1	SANS_GPS
242.500	36.865	-5.238	5.816	0.000	0.000	0.015	2	1	TINP_GPS
242.521	36.572	-5.474	5.958	0.000	0.000	-0.002	2	1	HUNT_GPS
242.530	40.940	-1.938	4.454	0.000	0.000	-0.002	2	1	GOLC_GPS
242.541	35.584	-6.472	6.781	0.000	0.000	-0.002	2	1	GS48_GPS
242.543	44.578	0.960	3.678	0.000	0.000	-0.002	2	1	R489_GPS
242.549	34.347	-13.787	18.269	0.000	0.000	0.002	2	1	CAJO_GLA
242.557	34.032	-24.785	23.235	0.000	0.000	-0.002	3	1	JUR3_GPS
242.569	34.635	-8.420	10.495	0.000	0.000	0.001	2	1	DIP0_GPS
242.588	33.648	-26.733	28.077	0.000	0.000	-0.001	3	1	ECFS_PBO
242.590	36.159	-5.825	6.161	0.000	0.000	0.002	2	1	P464_PBO
242.597	35.698	-6.308	6.568	0.000	0.000	0.000	2	1	P595_PBO
242.610	35.897	-6.083	6.352	0.000	0.000	-0.002	2	1	P594_PBO
242.640	36.992	-5.088	5.648	0.000	0.000	-0.001	2	1	GRAP_GPS
242.645	33.620	-26.702	28.109	0.000	0.000	-0.083	3	1	LAKE_GPS
242.647	34.089	-23.029	20.196	0.000	0.000	-0.001	3	1	RTHS_GPS
242.671	35.978	-5.973	6.220	0.000	0.000	0.002	2	1	0914_GPS
242.672	35.813	-6.145	6.363	0.000	0.000	0.014	2	1	TRN1_GPS
242.681	34.305	-12.946	16.360	0.000	0.000	0.004	2	1	P577_PBO
242.682	33.918	-25.325	24.955	0.000	0.000	-0.013	3	1	MLFP_PBO
242.683	35.214	-6.864	7.182	0.000	0.000	-0.008	2	1	GS47_GHT
242.684	34.187	-16.350	14.536	0.000	0.000	-0.001	3	1	P612_PBO
242.691	33.837	-25.804	26.164	0.000	0.000	-0.020	3	1	LAST_GLA
242.703	34.749	-7.735	8.702	0.000	0.000	-0.010	2	1	SUNH_GPS
242.708	34.281	-13.435	16.963	0.000	0.000	0.002	2	1	MILU_GLA
242.714	37.061	-5.008	5.563	0.000	0.000	-0.002	2	1	NEV1_GPS
242.719	34.535	-8.638	10.280	0.000	0.000	-0.002	2	1	P586_PBO
242.723	33.130	-27.622	29.506	0.000	0.000	-0.001	3	1	1107_GPS
242.730	39.980	-2.673	4.576	0.000	0.000	-0.003	2	1	61RB_GPS
242.732	34.785	-7.602	8.391	0.000	0.000	-0.015	2	1	P588_PBO
242.734	34.063	-22.788	19.806	0.000	0.000	0.002	3	1	BRYN_GPS
242.747	32.840	-28.065	29.869	0.000	0.000	0.002	3	1	SOLJ_GPS
242.750	32.865	-28.022	29.839	0.000	0.000	-0.002	3	1	SIO3_GPS
242.758	34.537	-8.541	9.933	0.000	0.000	-0.002	2	1	0817_GPS
242.760	42.930	-0.259	3.894	0.000	0.000	0.007	2	1	T128_GPS
242.768	33.796	-25.818	26.329	0.000	0.000	0.000	3	1	METZ_GLA
242.770	34.630	-8.053	9.090	0.000	0.000	-0.016	2	1	ITER_GPS
242.792	34.975	-7.151	7.516	0.000	0.000	0.014	2	1	RAIN_GPS
242.800	40.410	-2.295	4.428	0.000	0.000	-0.003	2	1	BAMO_GPS
242.810	33.440	-26.857	28.586	0.000	0.000	0.014	3	1	P476_PBO
242.811	33.505	-26.698	28.319	0.000	0.000	-0.002	3	1	ROSA_GLA
242.813	39.521	-3.024	4.651	0.000	0.000	-0.001	2	1	P002_PBO
242.820	38.100	-4.163	5.085	0.000	0.000	0.005	2	1	TONO_GPS
242.830	34.834	-7.390	7.847	0.000	0.000	0.001	2	1	HODG_GPS
242.837	35.375	-6.559	6.656	0.000	0.000	0.003	2	1	GS49_GHT
242.841	33.332	-27.043	28.888	0.000	0.000	-0.003	3	1	0303_GPS
242.846	34.468	-8.811	10.016	0.000	0.000	0.000	2	1	AVRY_GPS
242.852	32.818	-27.947	29.778	0.000	0.000	-0.003	3	1	SD17_GPS
242.855	33.430	-26.801	28.539	0.000	0.000	-0.012	3	1	YUNG_GPS
242.860	39.490	-3.034	4.632	0.000	0.000	-0.003	2	1	C240_GPS
242.861	34.014	-22.621	19.429	0.000	0.000	-0.001	3	1	BRI2_GLA
242.863	37.218	-4.835	5.389	0.000	0.000	-0.005	2	1	SCTY_GPS
242.868	47.274	3.036	2.952	0.000	0.000	0.000	2	1	LATA_GPS
242.887	33.503	-26.563	28.162	0.000	0.000	-0.008	3	1	P477_PBO
242.890	34.621	-7.923	8.562	0.000	0.000	0.007	2	1	P589_PBO
242.895	32.889	-27.774	29.650	0.000	0.000	-0.001	3	1	P472_PBO
242.896	34.022	-21.629	18.110	0.000	0.000	-0.001	3	1	0818_GPS
242.900	34.039	-20.610	16.985	0.000	0.000	-0.003	3	1	CRFP_GPS
242.914	33.636	-26.127	27.274	0.000	0.000	0.000	3	1	DASH_GPS
242.928	33.236	-27.100	29.009	0.000	0.000	0.000	3	1	P478_PBO
242.932	34.454	-8.652	9.660	0.000	0.000	-0.003	2	1	PT65_GLA
242.935	33.578	-26.262	27.617	0.000	0.000	0.000	3	1	BILL_PBO
242.941	48.179	3.697	2.729	0.000	0.000	-0.001	2	1	JUSW_GPS
242.950	46.426	2.445	3.077	0.000	0.000	0.000	2	1	S262_GPS
242.951	39.542	-2.962	4.566	0.000	0.000	-0.002	2	1	TOIY_PBO
242.958	35.168	-6.749	6.776	0.000	0.000	0.000	2	1	GS36_GPS
242.960	40.000	-2.583	4.440	0.000	0.000	0.000	2	1	CUSG_GPS
242.988	34.919	-7.100	7.200	0.000	0.000	0.004	2	1	BSRY_PBO
243.017	32.569	-28.069	29.826	0.000	0.000	0.000	3	1	1101_GPS
243.019	34.904	-7.103	7.169	0.000	0.000	-0.002	2	1	SOAP_GPS
243.048	34.003	-18.364	15.502	0.000	0.000	0.017	3	1	CHER_GLA
243.050	32.734	-27.786	29.644	0.000	0.000	-0.001	3	1	P473_PBO
243.060	35.090	-6.793	6.733	0.000	0.000	0.010	2	1	LNMT_PBO
243.068	33.468	-26.293	27.893	0.000	0.000	0.008	3	1	RDEC_GPS
243.069	32.912	-27.482	29.413	0.000	0.000	-0.007	3	1	SD18_GPS
243.109	35.332	-6.467	6.336	0.000	0.000	-0.001	2	1	MOJ1_GPS
243.112	35.331	-6.467	6.333	0.000	0.000	0.002	2	1	MOJM_GPS
243.116	34.264	-9.129	11.483	0.000	0.000	0.000	2	1	BBRY_PBO
243.120	34.462	-8.107	8.760	0.000	0.000	-0.001	2	1	P606_PBO
243.130	40.610	-2.031	4.194	0.000	0.000	0.001	2	1	BATT_GPS
243.140	33.357	-26.447	28.244	0.000	0.000	0.000	3	1	PMOB_GPS
243.152	33.630	-25.524	26.282	0.000	0.000	-0.002	3	1	R293_GPS
243.159	32.601	-27.815	29.648	0.000	0.000	-0.002	3	1	OTAY_GPS
243.164	33.484	-26.026	27.525	0.000	0.000	0.007	3	1	A586_GPS
243.170	39.970	-2.543	4.329	0.000	0.000	-0.002	2	1	79JR_GPS
243.185	34.675	-7.401	7.447	0.000	0.000	-0.004	2	1	ORMT_PBO
243.198	32.844	-27.404	29.342	0.000	0.000	-0.001	3	1	1106_GPS
243.204	47.743	3.460	2.669	0.000	0.000	0.001	2	1	COEU_GPS
243.217	33.493	-25.860	27.294	0.000	0.000	-0.003	3	1	P479_PBO
243.223	33.794	-23.997	21.984	0.000	0.000	0.002	3	1	INDO_GLA
243.234	36.747	-5.093	5.315	0.000	0.000	-0.001	2	1	CHLO_GLA
243.237	35.205	-6.550	6.314	0.000	0.000	-0.001	2	1	P615_PBO
243.250	39.060	-3.257	4.526	0.000	0.000	0.014	2	1	D300_GPS
243.259	39.521	-2.882	4.395	0.000	0.000	-0.002	2	1	P072_PBO
243.264	40.495	-2.086	4.146	0.000	0.000	-0.007	2	1	P085_PBO
243.265	33.545	-25.518	26.679	0.000	0.000	0.007	3	1	CARY_GPS
243.280	39.150	-3.175	4.484	0.000	0.000	-0.015	2	1	MONI_GPS
243.283	33.550	-25.438	26.553	0.000	0.000	0.001	3	1	HOWY_GPS
243.288	33.714	-24.372	23.858	0.000	0.000	-0.016	3	1	WD91_GLA
243.290	41.220	-1.488	3.963	0.000	0.000	0.008	2	1	6FMK_GPS
243.297	33.382	-26.040	27.742	0.000	0.000	0.001	3	1	SDG6_GPS
243.299	33.543	-25.417	26.554	0.000	0.000	-0.015	3	1	CRAV_GPS
243.307	33.234	-26.453	28.348	0.000	0.000	0.002	3	1	1108_GPS
243.311	33.555	-25.319	26.375	0.000	0.000	0.000	3	1	M586_GPS
243.319	36.889	-4.951	5.196	0.000	0.000	0.004	2	1	CLAI_GPS
243.320	33.619	-24.932	25.508	0.000	0.000	-0.003	3	1	TOME_GLA
243.329	33.240	-26.396	28.280	0.000	0.000	0.001	3	1	P482_PBO
243.333	31.871	-28.530	29.900	0.000	0.000	-0.016	3	1	CICE_GPS
243.338	33.556	-25.218	26.238	0.000	0.000	0.000	3	1	ANZA_GLA
243.366	33.557	-25.109	26.089	0.000	0.000	0.013	3	1	G109_GPS
243.375	34.644	-7.245	7.148	0.000	0.000	0.006	2	1	RDMT_PBO
243.379	33.376	-25.865	27.539	0.000	0.000	-0.022	3	1	P484_PBO
243.380	39.480	-2.877	4.336	0.000	0.000	-0.001	2	1	C280_GPS
243.381	32.824	-27.166	29.125	0.000	0.000	-0.015	3	1	SD21_GPS
243.387	33.550	-25.068	26.065	0.000	0.000	-0.041	3	1	G114_GPS
243.390	33.611	-24.672	25.204	0.000	0.000	-0.013	3	1	ROCH_GLA
243.397	33.565	-24.942	25.827	0.000	0.000	0.000	3	1	G120_GPS
243.402	33.074	-26.679	28.621	0.000	0.000	-0.001	3	1	SD15_GPS
243.404	33.568	-24.895	25.749	0.000	0.000	0.000	3	1	RCUT_GPS
243.410	33.646	-24.293	24.428	0.000	0.000	-0.001	3	1	JOES_GPS
243.411	33.527	-25.105	26.207	0.000	0.000	-0.002	3	1	TBLM_GPS
243.421	33.564	-24.849	25.705	0.000	0.000	0.007	3	1	G125_GPS
243.425	36.809	-4.983	5.151	0.000	0.000	-0.060	2	1	BLAK_GPS
243.426	33.553	-24.896	25.820	0.000	0.000	-0.002	3	1	LOKT_GPS
243.428	35.321	-6.328	5.963	0.000	0.000	-0.009	2	1	P617_PBO
243.429	33.561	-24.834	25.699	0.000	0.000	-0.003	3	1	0821_GPS
243.431	33.059	-26.667	28.603	0.000	0.000	-0.008	3	1	P483_PBO
243.442	33.562	-24.772	25.608	0.000	0.000	-0.009	3	1	G128_GPS
243.448	35.426	-6.211	5.853	0.000	0.000	-0.004	2	1	P_42_GHT
243.463	34.217	-8.073	9.934	0.000	0.000	-0.013	2	1	P599_PBO
243.475	33.211	-26.204	28.046	0.000	0.000	0.006	3	1	MVFD_GPS
243.483	33.571	-24.523	25.213	0.000	0.000	0.002	3	1	PMCN_GPS
243.502	33.571	-24.429	25.078	0.000	0.000	-0.018	3	1	D138_GPS
243.516	33.581	-24.276	24.805	0.000	0.000	0.005	3	1	PF6__GLA
243.523	33.603	-24.043	24.340	0.000	0.000	0.004	3	1	PF5C_GPS
243.528	33.684	-23.048	22.228	0.000	0.000	0.033	3	1	WHAY_GPS
243.532	36.840	-4.925	5.062	0.000	0.000	0.000	2	1	REPO_GLA
243.534	42.656	-0.272	3.515	0.000	0.000	0.001	2	1	16EM_GPS
243.538	33.620	-23.780	23.838	0.000	0.000	0.005	3	1	ASBS_GPS
243.549	36.745	-4.997	5.086	0.000	0.000	-0.004	2	1	BUST_GLA
243.551	44.669	1.292	3.092	0.000	0.000	-0.020	2	1	F408_GPS
243.553	33.574	-24.128	24.621	0.000	0.000	-0.003	3	1	GREN_GPS
243.562	33.599	-23.836	24.050	0.000	0.000	0.004	3	1	BNDY_GPS
243.570	33.584	-23.932	24.277	0.000	0.000	-0.006	3	1	PF1__GPS
243.571	34.594	-7.108	6.908	0.000	0.000	-0.004	2	1	AGMT_PBO
243.576	39.501	-2.801	4.217	0.000	0.000	0.004	2	1	P073_PBO
243.578	32.892	-26.764	28.698	0.000	0.000	-0.001	3	1	MONP_GPS
243.580	33.609	-23.603	23.635	0.000	0.000	0.001	3	1	T138_GPS
243.584	36.304	-5.355	5.236	0.000	0.000	0.002	2	1	0912_GPS
243.585	35.072	-6.519	6.026	0.000	0.000	0.011	2	1	0803_GPS
243.588	43.075	0.072	3.397	0.000	0.000	-0.003	2	1	E072_GPS
243.589	33.623	-23.368	23.182	0.000	0.000	-0.021	3	1	L587_GPS
243.591	33.210	-25.981	27.724	0.000	0.000	0.004	3	1	P485_PBO
243.598	46.857	2.927	2.626	0.000	0.000	-0.003	2	1	BOVL_GPS
243.608	33.935	-10.460	17.109	0.000	0.000	0.001	2	1	WIDC_GPS
243.609	33.688	-22.106	20.709	0.000	0.000	0.005	3	1	RSRT_GPS
243.627	46.142	2.411	2.753	0.000	0.000	0.002	2	1	G404_GPS
243.630	34.124	-7.821	10.150	0.000	0.000	-0.002	2	1	CTMS_PBO
243.651	32.976	-26.503	28.359	0.000	0.000	-0.008	3	1	P480_PBO
243.662	36.645	-5.046	5.042	0.000	0.000	0.000	2	1	STRI_GLA
243.664	34.829	-6.743	6.241	0.000	0.000	0.003	2	1	CDMT_PBO
243.678	33.260	-25.594	27.147	0.000	0.000	-0.045	3	1	P486_PBO
243.690	39.530	-2.744	4.143	0.000	0.000	0.002	2	1	D200_GPS
243.692	36.746	-4.954	4.983	0.000	0.000	0.012	2	1	LITT_GLA
243.695	34.428	-7.182	7.200	0.000	0.000	-0.158	2	1	OPCL_PBO
243.700	35.867	-5.700	5.344	0.000	0.000	-0.006	2	1	0915_GPS
243.701	33.714	-19.418	16.865	0.000	0.000	-0.007	3	1	PTHP_GPS
243.708	34.533	-7.045	6.802	0.000	0.000	0.000	2	1	OPRD_PBO
243.709	35.397	-6.132	5.610	0.000	0.000	-0.001	2	1	SILV_GHT
243.719	33.750	-16.560	13.755	0.000	0.000	-0.012	3	1	DUNP_GPS
243.726	33.639	-21.426	20.167	0.000	0.000	0.004	3	1	CAHU_GPS
243.742	48.731	4.297	2.168	0.000	0.000	-0.019	2	1	S381_GPS
243.753	33.160	-25.838	27.380	0.000	0.000	-0.001	3	1	1109_GPS
243.773	33.575	-22.132	21.520	0.000	0.000	0.004	3	1	P491_PBO
243.788	33.866	-9.573	14.970	0.000	0.000	0.001	2	1	P600_PBO
243.789	36.730	-4.938	4.921	0.000	0.000	-0.003	2	1	SKUL_GLA
243.791	34.699	-6.796	6.267	0.000	0.000	-0.004	2	1	LDSW_PBO
243.813	41.962	-0.752	3.505	0.000	0.000	-0.015	2	1	H318_GPS
243.825	33.810	-10.808	16.423	0.000	0.000	-0.027	2	1	BERD_GPS
243.829	33.749	-14.581	19.959	0.000	0.000	0.002	2	1	GAPP_GLA
243.830	32.617	-26.692	28.801	0.000	0.000	0.000	3	1	P066_PBO
243.839	31.257	-28.738	29.516	0.000	0.000	-0.008	3	1	LLCO_GPS
243.840	33.628	-18.957	16.804	0.000	0.000	-0.005	3	1	VORO_GPS
243.842	33.740	-14.636	19.935	0.000	0.000	-0.010	2	1	COCH_GLA
243.851	36.994	-4.707	4.787	0.000	0.000	0.001	2	1	MN71_GPS
243.852	34.509	-6.941	6.557	0.000	0.000	0.001	2	1	NBPS_PBO
243.880	36.580	-5.035	4.910	0.000	0.000	-0.006	2	1	POIN_GLA
243.881	45.942	2.326	2.650	0.000	0.000	0.000	2	1	FAAS_GPS
243.896	35.142	-6.298	5.612	0.000	0.000	0.002	2	1	P618_PBO
243.900	40.150	-2.185	3.867	0.000	0.000	0.002	2	1	MINE_GPS
243.901	36.459	-5.129	4.939	0.000	0.000	0.001	2	1	JOHN_GLA
243.917	34.367	-7.023	6.799	0.000	0.000	0.009	2	1	OPCP_PBO
243.920	33.959	-7.674	9.532	0.000	0.000	0.007	2	1	P601_PBO
243.939	33.441	-22.391	21.720	0.000	0.000	-0.034	3	1	ROBO_GPS
243.947	34.251	-7.109	7.119	0.000	0.000	-0.009	2	1	BMHL_PBO
243.950	39.546	-2.657	3.989	0.000	0.000	0.003	2	1	P074_PBO
243.992	33.612	-15.583	20.313	0.000	0.000	-0.002	2	1	PAIN_GPS
243.995	46.213	2.554	2.531	0.000	0.000	-0.002	2	1	KAMI_GPS
243.998	32.734	-26.198	28.290	0.000	0.000	-0.010	3	1	OCTI_GPS
244.001	33.974	-7.492	8.505	0.000	0.000	0.000	2	1	F726_GPS
244.002	34.001	-7.421	8.263	0.000	0.000	0.008	2	1	BEMT_PBO
244.020	39.540	-2.642	3.950	0.000	0.000	0.000	2	1	D220_GPS
244.021	36.633	-4.950	4.792	0.000	0.000	0.001	2	1	MERC_GLA
244.022	33.292	-23.883	23.539	0.000	0.000	0.005	3	1	SLMS_PBO
244.036	33.677	-10.623	13.999	0.000	0.000	0.002	2	1	1113_GPS
244.080	40.770	-1.638	3.619	0.000	0.000	0.003	2	1	BNKS_GPS
244.086	33.503	-17.393	22.299	0.000	0.000	0.000	2	1	VARN_GPS
244.089	34.727	-6.590	5.785	0.000	0.000	0.000	2	1	I40A_PBO
244.112	33.177	-24.530	24.159	0.000	0.000	0.005	3	1	1110_GPS
244.138	33.640	-9.766	11.794	0.000	0.000	0.010	2	1	N125_GPS
244.162	42.880	0.061	3.114	0.000	0.000	0.000	2	1	S418_GPS
244.167	33.429	-17.312	21.893	0.000	0.000	-0.028	2	1	TRAN_GPS
244.168	41.511	-1.022	3.403	0.000	0.000	-0.013	2	1	036C_GPS
244.179	33.741	-8.244	8.991	0.000	0.000	-0.056	2	1	P607_PBO
244.180	40.910	-1.500	3.530	0.000	0.000	-0.047	2	1	ELKO_GPS
244.200	39.380	-2.720	3.886	0.000	0.000	-0.054	2	1	D240_GPS
244.212	33.390	-17.030	21.261	0.000	0.000	-0.072	2	1	DHLG_GPS
244.217	33.441	-13.558	17.437	0.000	0.000	-0.062	2	1	25SE_GPS
244.230	33.427	-13.622	17.399	0.000	0.000	-0.061	2	1	S_31_GPS
244.234	33.516	-10.467	12.763	0.000	0.000	-0.063	2	1	P504_PBO
244.236	33.834	-7.643	7.605	0.000	0.000	-0.039	2	1	JTRE_GPS
244.239	32.951	-25.046	26.241	0.000	0.000	-0.057	3	1	L589_GPS
244.248	33.412	-13.466	17.004	0.000	0.000	-0.003	2	1	07NE_GPS
244.268	32.760	-25.169	27.616	0.000	0.000	-0.037	3	1	P494_PBO
244.269	43.131	0.282	3.002	0.000	0.000	-0.042	2	1	U76A_GPS
244.280	33.664	-8.340	8.527	0.000	0.000	-0.034	2	1	BLAC_GLA
244.313	33.424	-10.754	12.262	0.000	0.000	-0.039	2	1	P505_PBO
244.322	33.427	-10.510	11.710	0.000	0.000	-0.042	2	1	SIPH_GPS
244.340	34.784	-6.427	5.417	0.000	0.000	-0.059	2	1	GMRC_PBO
244.350	35.205	-6.061	5.133	0.000	0.000	-0.040	2	1	P611_PBO
244.365	33.705	-7.893	7.314	0.000	0.000	-0.033	2	1	HNPS_PBO
244.372	33.045	-19.604	18.550	0.000	0.000	-0.044	3	1	P495_PBO
244.380	40.950	-1.417	3.408	0.000	0.000	-0.043	2	1	HELO_GPS
244.388	33.200	-15.273	14.794	0.000	0.000	-0.040	2	1	P507_PBO
244.404	32.751	-23.989	26.760	0.000	0.000	-0.034	3	1	P496_PBO
244.406	32.800	-23.565	26.102	0.000	0.000	-0.061	3	1	E122_GPS
244.413	36.320	-5.097	4.626	0.000	0.000	-0.060	2	1	SMYC_GLA
244.423	32.835	-23.068	24.734	0.000	0.000	0.682	3	1	P497_PBO
244.430	32.898	-19.544	20.436	0.000	0.000	-0.397	3	1	P498_PBO
244.442	43.490	0.602	2.830	0.000	0.000	-0.033	2	1	V162_GPS
244.444	39.925	-2.220	3.610	0.000	0.000	-0.061	2	1	P102_PBO
244.456	35.473	-5.795	4.913	0.000	0.000	-0.064	2	1	P621_PBO
244.479	33.275	-11.454	7.889	0.000	0.000	-0.068	2	1	GLRS_PBO
244.481	33.231	-11.703	8.341	0.000	0.000	-0.040	2	1	1111_GPS
244.487	39.536	-2.519	3.681	0.000	0.000	0.164	2	1	P076_PBO
244.490	33.081	-12.851	9.196	0.000	0.000	0.042	2	1	P506_PBO
244.493	32.829	-17.587	14.637	0.000	0.000	-0.061	3	1	IVCO_PBO
244.494	32.664	-24.129	25.375	0.000	0.000	0.114	3	1	BORD_GPS
244.498	32.827	-16.891	13.678	0.000	0.000	0.221	3	1	COLL_GPS
244.500	32.738	-22.593	23.165	0.000	0.000	0.251	3	1	T124_GPS
244.512	32.980	-12.037	9.912	0.000	0.000	-0.031	2	1	P499_PBO
244.534	31.045	-28.201	28.435	0.000	0.000	-0.044	3	1	SPMX_GPS
244.571	33.248	-10.117	6.873	0.000	0.000	-0.071	2	1	P508_PBO
244.577	35.541	-5.699	4.791	0.000	0.000	-0.043	2	1	0801_GPS
244.578	32.982	-10.197	8.471	0.000	0.000	-0.088	2	1	P502_PBO
244.593	33.196	-9.997	6.891	0.000	0.000	-0.063	2	1	COAC_GPS
244.594	32.917	-9.375	9.407	0.000	0.000	-0.057	2	1	ORIE_GPS
244.600	33.715	-7.605	5.994	0.000	0.000	0.043	2	1	DESO_GPS
244.602	32.876	-8.954	10.436	0.000	0.000	0.015	2	1	P501_PBO
244.634	35.163	-6.000	4.909	0.000	0.000	0.180	2	1	P622_PBO
244.657	32.356	-24.392	26.249	0.000	0.000	-0.060	3	1	LPUR_GPS
244.673	34.806	-6.288	5.053	0.000	0.000	-0.052	2	1	0809_GPS
244.685	46.339	2.807	2.118	0.000	0.000	0.057	2	1	FLAT_GPS
244.700	32.690	-11.150	14.476	0.000	0.000	-0.077	2	1	P500_PBO
244.704	33.887	-7.215	5.591	0.000	0.000	-0.071	2	1	P511_PBO
244.706	32.891	-8.439	8.186	0.000	0.000	-0.083	2	1	P509_PBO
244.721	39.910	-2.161	3.455	0.000	0.000	-0.024	2	1	P005_PBO
244.753	32.840	-8.332	8.162	0.000	0.000	0.102	2	1	GLOC_GPS
244.754	32.629	-11.195	14.033	0.000	0.000	-0.039	2	1	ASA1_GPS
244.757	33.681	-7.571	5.610	0.000	0.000	-0.038	2	1	1114_GPS
244.762	35.291	-5.853	4.750	0.000	0.000	-0.020	2	1	P626_PBO
244.773	34.040	-6.980	5.380	0.000	0.000	-0.033	2	1	COXO_GPS
244.842	37.358	-4.147	4.036	0.000	0.000	-0.062	2	1	ALAM_GPS
244.870	38.890	-2.932	3.618	0.000	0.000	0.013	2	1	E300_GPS
244.880	40.620	-1.556	3.199	0.000	0.000	0.017	2	1	RUBY_GPS
244.890	41.100	-1.173	3.085	0.000	0.000	-0.045	2	1	B428_GPS
244.897	42.087	-0.390	2.867	0.000	0.000	-0.037	2	1	THR3_GPS
244.920	39.420	-2.500	3.458	0.000	0.000	0.301	2	1	D280_GPS
244.925	32.559	-9.199	9.355	0.000	0.000	0.276	2	1	MONT_GPS
244.938	32.709	-8.338	7.680	0.000	0.000	-0.018	2	1	JUNC_GPS
244.990	40.660	-1.498	3.127	0.000	0.000	-0.020	2	1	CRTS_GPS
245.011	33.609	-7.483	5.323	0.000	0.000	-0.040	2	1	FORD_GPS
245.050	39.290	-2.570	3.414	0.000	0.000	-0.052	2	1	E200_GPS
245.060	39.350	-2.520	3.394	0.000	0.000	-0.038	2	1	EGAN_GPS
245.068	36.319	-4.921	4.187	0.000	0.000	-0.067	2	1	APEX_GLA
245.086	32.251	-9.553	14.999	0.000	0.000	0.018	2	1	CPEI_GPS
245.173	33.051	-7.757	5.977	0.000	0.000	-0.060	2	1	GMPK_PBO
245.200	41.110	-1.093	2.907	0.000	0.000	-0.059	2	1	MOOR_GPS
245.285	33.610	-7.247	5.119	0.000	0.000	-0.032	2	1	BLYT_GPS
245.340	39.030	-2.706	3.309	0.000	0.000	-0.047	2	1	E220_GPS
245.350	39.900	-2.016	3.096	0.000	0.000	-0.047	2	1	E100_GPS
245.396	34.807	-6.070	4.462	0.000	0.000	-0.061	2	1	NEED_GPS
245.401	34.189	-6.607	4.704	0.000	0.000	0.001	2	1	P623_PBO
245.520	62.480	11.474	-0.580	0.000	0.000	-0.032	2	1	YELL_GPS
245.550	39.070	-2.625	3.177	0.000	0.000	-0.004	2	1	E240_GPS
245.723	39.119	-2.546	3.065	0.000	0.000	-0.064	2	1	P080_PBO
245.760	39.100	-2.553	3.048	0.000	0.000	-0.050	2	1	E259_GPS
245.797	32.939	-7.297	5.541	0.000	0.000	-0.028	2	1	YUMA_GPS
245.811	34.309	-6.362	4.376	0.000	0.000	-0.047	2	1	GNPS_PBO
245.995	32.723	-7.302	5.632	0.000	0.000	0.065	2	1	P003_PBO
246.021	44.109	1.413	1.814	0.000	0.000	-0.047	2	1	P354_PBO
246.110	39.040	-2.523	2.859	0.000	0.000	0.098	2	1	E280_GPS
246.129	39.067	-2.498	2.842	0.000	0.000	-0.100	2	1	P081_PBO
246.132	42.879	0.489	2.004	0.000	0.000	-0.055	2	1	P677_PBO
246.190	39.370	-2.246	2.736	0.000	0.000	0.102	2	1	FOOT_GPS
246.330	38.790	-2.672	2.791	0.000	0.000	-0.043	2	1	F300_GPS
246.370	39.080	-2.436	2.700	0.000	0.000	0.017	2	1	F200_GPS
246.420	39.550	-2.057	2.563	0.000	0.000	-0.039	2	1	F100_GPS
246.480	31.354	-8.487	7.981	0.000	0.000	-0.101	2	1	PENA_GPS
246.495	39.269	-2.262	2.584	0.000	0.000	-0.054	2	1	P082_PBO
246.620	39.020	-2.432	2.570	0.000	0.000	0.025	2	1	F220_GPS
246.668	47.030	3.713	0.864	0.000	0.000	-0.067	2	1	P046_PBO
246.722	40.671	-1.118	2.141	0.000	0.000	0.003	2	1	P113_PBO
246.946	40.494	-1.214	2.053	0.000	0.000	0.004	2	1	P084_PBO
246.950	39.280	-2.163	2.321	0.000	0.000	-0.050	2	1	F250_GPS
246.988	41.817	-0.174	1.744	0.000	0.000	-0.053	2	1	P111_PBO
247.160	39.430	-2.006	2.167	0.000	0.000	-0.025	2	1	SMEL_GPS
247.195	43.449	1.122	1.289	0.000	0.000	-0.060	2	1	P678_PBO
247.281	42.212	0.184	1.496	0.000	0.000	-0.097	2	1	P675_PBO
247.283	39.186	-2.174	2.152	0.000	0.000	-0.164	2	1	P104_PBO
247.302	41.803	-0.130	1.570	0.000	0.000	-0.045	2	1	P121_PBO
247.364	44.400	1.874	1.000	0.000	0.000	-0.056	2	1	P681_PBO
247.377	41.757	-0.153	1.538	0.000	0.000	-0.042	2	1	P057_PBO
247.383	45.383	2.616	0.792	0.000	0.000	-0.059	2	1	P045_PBO
247.410	38.600	-2.608	2.213	0.000	0.000	-0.008	2	1	G300_GPS
247.450	39.370	-1.999	2.015	0.000	0.000	-0.052	2	1	F280_GPS
247.472	40.634	-1.010	1.724	0.000	0.000	0.003	2	1	P114_PBO
247.476	45.043	2.377	0.808	0.000	0.000	-0.054	2	1	P706_PBO
247.496	39.388	-1.977	1.985	0.000	0.000	-0.030	2	1	P105_PBO
247.545	35.342	-5.111	2.953	0.000	0.000	-0.054	2	1	FERN_PBO
247.639	40.078	-1.414	1.751	0.000	0.000	-0.058	2	1	P016_PBO
247.668	41.635	-0.198	1.400	0.000	0.000	-0.055	2	1	P122_PBO
247.718	40.649	-0.956	1.582	0.000	0.000	-0.043	2	1	P086_PBO
247.738	39.459	-1.879	1.831	0.000	0.000	-0.038	2	1	P106_PBO
247.760	39.140	-2.124	1.890	0.000	0.000	-0.023	2	1	G200_GPS
247.770	41.016	-0.662	1.474	0.000	0.000	-0.022	2	1	NAIU_GPS
247.850	39.600	-1.750	1.737	0.000	0.000	0.000	2	1	G101_GPS
247.873	39.306	-1.975	1.789	0.000	0.000	0.034	2	1	SPIC_PBO
247.880	40.650	-0.928	1.490	0.000	0.000	-0.070	2	1	COON_GPS
247.960	39.080	-2.136	1.790	0.000	0.000	-0.023	2	1	G220_GPS
248.055	39.589	-1.725	1.623	0.000	0.000	-0.018	2	1	P108_PBO
248.191	40.781	-0.777	1.287	0.000	0.000	-0.051	2	1	RBUT_GPS
248.211	45.218	2.618	0.361	0.000	0.000	-0.060	2	1	P719_PBO
248.249	40.435	-1.036	1.329	0.000	0.000	-0.061	2	1	P117_PBO
248.260	38.900	-2.227	1.660	0.000	0.000	-0.022	2	1	G250_GPS
248.277	40.772	-0.771	1.240	0.000	0.000	-0.073	2	1	P088_PBO
248.366	40.016	-1.343	1.353	0.000	0.000	-0.047	2	1	MPUT_PBO
248.429	39.715	-1.567	1.384	0.000	0.000	-0.069	2	1	P110_PBO
248.435	41.607	-0.101	0.975	0.000	0.000	-0.068	2	1	HWUT_PBO
248.474	44.185	1.877	0.422	0.000	0.000	-0.068	2	1	BBID_PBO
248.549	44.318	1.988	0.353	0.000	0.000	-0.066	2	1	P360_PBO
248.550	39.817	-1.469	1.293	0.000	0.000	-0.037	2	1	P112_PBO
248.585	40.807	-0.697	1.060	0.000	0.000	-0.039	2	1	P089_PBO
248.630	40.510	-0.921	1.098	0.000	0.000	0.014	2	1	HEBE_GPS
248.640	38.480	-2.492	1.539	0.000	0.000	-0.029	2	1	H300_GPS
248.650	40.635	-0.821	1.060	0.000	0.000	-0.053	2	1	P118_PBO
248.742	40.732	-0.733	0.988	0.000	0.000	-0.022	2	1	P119_PBO
248.752	48.809	5.309	-0.657	0.000	0.000	-0.038	2	1	P050_PBO
248.764	41.692	0.012	0.772	0.000	0.000	-0.035	2	1	P101_PBO
248.890	38.830	-2.183	1.319	0.000	0.000	0.004	2	1	H200_GPS
248.901	44.598	2.244	0.100	0.000	0.000	-0.046	2	1	P680_PBO
248.971	45.140	2.659	-0.048	0.000	0.000	0.036	2	1	P460_PBO
248.980	39.290	-1.814	1.166	0.000	0.000	-0.035	2	1	H100_GPS
249.094	47.350	4.302	-0.557	0.000	0.000	0.022	2	1	P049_PBO
249.139	44.636	2.302	-0.040	0.000	0.000	-0.065	2	1	P711_PBO
249.168	44.452	2.167	-0.019	0.000	0.000	-0.142	2	1	OFWY_GPS
249.241	45.354	2.851	-0.241	0.000	0.000	-0.059	2	1	P461_PBO
249.320	39.190	-1.844	0.996	0.000	0.000	-0.025	2	1	CAST_GPS
249.487	41.750	0.150	0.356	0.000	0.000	-0.066	2	1	P030_PBO
249.488	44.718	2.404	-0.251	0.000	0.000	-0.056	2	1	P716_PBO
249.694	44.943	2.594	-0.411	0.000	0.000	-0.061	2	1	P720_PBO
249.713	44.640	2.370	-0.360	0.000	0.000	0.023	2	1	WLWY_PBO
249.714	44.392	2.184	-0.311	0.000	0.000	-0.004	2	1	P709_PBO
249.991	34.264	-5.488	1.803	0.000	0.000	-0.107	2	1	P015_PBO
249.998	45.003	2.670	-0.591	0.000	0.000	-0.010	2	1	P721_PBO
250.103	44.485	2.293	-0.545	0.000	0.000	-0.042	2	1	P717_PBO
250.310	43.501	1.572	-0.461	0.000	0.000	-0.064	2	1	P715_PBO
250.429	45.457	3.047	-0.921	0.000	0.000	0.003	2	1	P722_PBO
250.442	42.767	1.029	-0.384	0.000	0.000	-0.052	2	1	BLW2_PBO
250.481	36.150	-4.019	1.037	0.000	0.000	-0.063	2	1	P011_PBO
250.624	44.753	2.540	-0.887	0.000	0.000	-0.042	2	1	P718_PBO
250.666	38.097	-2.518	0.483	0.000	0.000	-0.076	2	1	P012_PBO
251.454	45.807	3.381	-1.555	0.000	0.000	-0.122	2	1	P051_PBO
252.091	39.515	-1.309	-0.616	0.000	0.000	-0.093	2	1	P031_PBO
252.092	36.032	-3.938	0.154	0.000	0.000	-0.102	2	1	P028_PBO
252.120	35.132	-4.604	0.350	0.000	0.000	-0.063	2	1	P107_PBO
252.612	43.953	2.066	-1.816	0.000	0.000	-0.057	2	1	P033_PBO
252.744	41.742	0.414	-1.438	0.000	0.000	-0.049	2	1	P032_PBO
252.805	32.659	-6.339	0.571	0.000	0.000	-0.015	2	1	P026_PBO
252.981	47.375	4.582	-2.697	0.000	0.000	-0.035	2	1	P052_PBO
253.033	34.068	-5.311	0.088	0.000	0.000	-0.015	2	1	SC01_PBO
253.541	34.946	-4.637	-0.405	0.000	0.000	-0.054	2	1	P034_PBO
254.089	36.635	-3.363	-1.087	0.000	0.000	-0.117	2	1	P123_PBO
254.330	39.762	-1.023	-1.886	0.000	0.000	-0.011	2	1	RG17_PBO
254.706	36.420	-3.502	-1.376	0.000	0.000	-0.059	2	1	P036_PBO
254.806	39.949	-0.877	-2.180	0.000	0.000	-0.048	2	1	P041_PBO
254.816	34.601	-4.831	-1.032	0.000	0.000	-0.020	2	1	P035_PBO
254.895	38.422	-2.014	-1.908	0.000	0.000	-0.047	2	1	P037_PBO
255.089	42.052	0.687	-2.762	0.000	0.000	-0.034	2	1	P042_PBO
255.315	47.117	4.372	-3.891	0.000	0.000	0.384	2	1	P055_PBO
255.475	38.803	-1.727	-2.298	0.000	0.000	-0.052	2	1	AMC2_GPS
255.559	45.846	3.452	-3.769	0.000	0.000	-0.060	2	1	P054_PBO
255.814	43.881	2.016	-3.513	0.000	0.000	-0.049	2	1	P043_PBO
256.593	34.147	-5.131	-1.895	0.000	0.000	-0.002	2	1	P038_PBO
256.778	40.172	-0.742	-3.266	0.000	0.000	-0.088	2	1	P044_PBO
256.846	36.448	-3.472	-2.525	0.000	0.000	-0.044	2	1	P039_PBO
257.313	38.071	-2.302	-3.110	0.000	0.000	-0.006	2	1	P040_PBO
261.219	34.738	-4.938	-4.387	0.000	0.000	-0.151	2	1	WMOK_PBO
263.391	39.101	-2.209	-6.293	0.000	0.000	-0.468	2	1	KSU1_PBO
265.106	74.691	-2.060	0.081	0.000	0.000	-0.276	1	1	RESO_PBO
268.420	41.770	-1.630	-8.946	0.000	0.000	0.204	2	1	ALGO_GPS
269.752	42.914	-1.338	-9.669	0.000	0.000	-0.051	2	1	JFWS_PBO
276.527	33.415	-9.185	-9.918	0.000	0.000	0.033	2	1	GOGA_PBO
281.930	45.960	-5.634	-13.388	0.000	0.000	-0.053	2	1	NLIB_GPS
282.934	38.919	-9.407	-12.177	0.000	0.000	-0.053	2	1	USNO_GPS
288.510	42.610	-11.403	-13.151	0.000	0.000	-0.037	2	1	WES2_GPS
288.840	44.099	-11.120	-13.431	0.000	0.000	-0.033	2	1	BARN_GPS
291.175	76.537	-1.799	1.257	0.000	0.000	-0.031	1	1	THU3_PBO
291.210	76.540	-1.798	1.259	0.000	0.000	0.061	1	1	THU1_GPS
295.300	32.310	-17.394	-6.483	0.000	0.000	-0.035	2	1	BRMU_GPS
297.660	82.494	-1.893	1.691	0.000	0.000	0.178	1	1	ALRT_PBO
307.320	47.600	-26.383	-5.533	0.000	0.000	-0.101	2	1	STJO_GPS
309.050	66.990	-0.682	0.915	0.000	0.000	-0.051	1	1	KELY_GPS
