128.870	71.630	-2.546	-1.133	1.500	1.500	0.000	1	1	TIXI_GPS
142.720	47.030	8.391	0.490	1.700	1.700	0.000	1	1	YSSK_GPS
150.770	59.580	4.682	-5.544	1.500	1.600	0.000	1	1	MAGO_GPS
158.610	53.010	-5.856	10.623	1.600	1.600	0.000	1	1	PETP_GPS
166.440	68.080	2.113	-1.869	0.671	0.689	0.000	1	1	BILI_GPS
183.337	51.864	-11.283	5.330	1.800	1.900	0.000	1	1	AB21_PBO
193.458	53.876	-6.344	-3.051	0.900	1.300	0.000	1	1	AV09_PBO
193.972	54.136	-3.328	-3.156	0.800	1.600	0.000	1	1	AV08_PBO
194.066	54.098	-3.927	-4.357	1.400	1.900	0.000	1	1	AV10_PBO
194.158	54.119	-2.425	-5.158	1.200	1.300	0.000	1	1	AV14_PBO
194.234	54.147	-3.523	-3.558	1.000	1.400	0.000	1	1	AV06_PBO
194.290	54.100	-8.923	-4.459	1.100	1.600	0.000	1	1	AV15_PBO
194.627	64.564	4.194	-6.162	1.300	1.300	0.000	1	1	AB11_PBO
197.293	55.190	-6.238	-2.691	0.500	1.200	0.000	1	1	BAY2_PBO
197.761	64.638	3.557	-7.497	1.200	1.300	0.000	1	1	AC31_PBO
199.523	55.349	-8.395	4.282	0.600	0.800	0.000	1	1	AB07_PBO
199.593	55.909	-3.977	0.882	1.300	1.400	0.000	1	1	AC41_PBO
200.122	61.040	2.990	-6.625	1.400	1.600	0.000	1	1	AB15_PBO
200.872	55.921	-8.954	4.766	1.600	1.800	0.000	1	1	AC21_PBO
201.496	56.307	-6.332	4.458	1.300	1.400	0.000	1	1	AB13_PBO
203.390	71.323	0.672	-2.567	0.500	1.400	0.000	1	1	SG27_PBO
203.743	20.707	-59.690	53.128	0.600	0.700	0.000	3	1	MAUI_PBO
205.302	59.899	5.145	-10.994	1.200	1.300	0.000	1	1	AB22_PBO
205.817	56.951	-14.140	14.199	1.300	1.700	0.000	1	1	AC02_PBO
205.819	56.564	-14.652	24.799	1.200	1.200	0.000	1	1	AC45_PBO
205.837	59.253	3.133	-11.301	0.700	0.700	0.000	1	1	AC27_PBO
206.415	59.567	2.953	-13.310	0.500	0.600	0.000	1	1	AC59_PBO
206.721	57.220	-11.917	14.186	1.200	1.200	0.000	1	1	AC34_PBO
207.185	62.094	1.447	-12.121	1.200	1.200	0.000	1	1	AB28_PBO
207.596	60.664	1.107	-14.527	1.500	1.600	0.000	1	1	AC17_PBO
207.606	58.610	3.042	-8.827	1.500	1.700	0.000	1	1	AC39_PBO
207.807	57.618	-9.287	19.670	0.500	0.800	0.000	1	1	KOD5_PBO
209.109	59.764	-2.697	4.450	1.300	1.200	0.000	1	1	AC06_PBO
209.827	67.251	3.157	-8.061	1.400	1.500	0.000	1	1	AB33_PBO
209.931	61.769	-5.419	-0.363	1.500	1.600	0.000	1	1	AC53_PBO
210.276	60.481	-12.355	16.931	1.600	1.400	0.000	1	1	AC15_PBO
210.394	-17.577	-66.958	47.557	0.700	0.600	0.000	3	1	THTI_GPS
210.868	61.598	-12.709	11.022	0.700	0.800	0.000	1	1	ATW2_PBO
211.022	63.836	-1.734	-2.080	0.500	0.600	0.000	1	1	GRNR_PBO
211.665	70.256	-2.415	1.509	0.600	0.500	0.000	1	1	PBOC_PBO
212.140	64.874	2.418	-6.499	0.500	0.700	0.000	1	1	CLGO_PBO
212.500	64.980	0.464	-3.506	0.365	0.354	0.000	1	1	FAIR_GPS
213.687	63.084	-22.317	6.976	0.500	0.500	0.000	1	1	AC62_PBO
214.153	63.502	6.104	-4.032	0.500	0.800	0.000	1	1	AC63_PBO
214.257	61.139	-13.573	24.266	1.400	1.400	0.000	1	1	AC57_PBO
214.548	62.967	-26.208	14.161	0.500	0.800	0.000	1	1	AB37_PBO
216.296	62.832	-12.486	26.731	1.800	0.800	0.000	1	1	AC65_PBO
218.842	64.777	1.715	-11.715	1.500	1.600	0.000	1	1	AB41_PBO
224.303	58.418	-0.731	1.781	0.400	0.600	0.000	2	1	GUS2_PBO
224.461	56.854	-3.783	7.878	0.300	0.600	0.000	2	1	BIS1_PBO
224.772	59.528	1.313	4.071	1.300	1.100	0.000	2	1	AB44_PBO
225.353	56.245	-1.194	6.860	0.700	0.900	0.000	2	1	AB48_PBO
225.455	58.417	-0.518	0.958	1.100	0.800	0.000	2	1	AB50_PBO
226.473	68.306	0.535	0.937	0.400	0.900	0.000	1	1	INVK_PBO
226.932	55.580	-1.200	4.228	1.100	1.200	0.000	2	1	AB49_PBO
227.086	56.798	-2.856	3.325	0.700	0.800	0.000	2	1	AB51_PBO
228.400	55.069	-0.203	4.198	0.800	0.500	0.000	2	1	AIS1_PBO
231.401	50.813	-0.190	2.910	0.900	0.950	0.000	2	1	COXI_GPS
231.673	50.678	-0.380	4.820	0.870	0.900	0.000	2	1	SPAT_GPS
231.735	50.646	-1.470	3.840	0.920	0.940	0.000	2	1	JENS_GPS
231.865	50.640	0.110	3.730	0.630	0.630	0.000	2	1	HOLB_GPS
231.992	50.654	1.090	2.650	0.860	0.880	0.000	2	1	SCAR_GPS
232.046	51.544	-1.960	2.390	0.910	0.950	0.000	2	1	CALV_GPS
232.101	50.486	2.750	2.860	0.840	0.860	0.000	2	1	KOPR_GPS
232.191	50.781	-0.670	3.380	1.070	1.090	0.000	2	1	SHUS_GPS
232.229	51.854	-3.740	2.470	0.930	0.960	0.000	2	1	KING_GPS
232.399	51.186	-1.830	2.700	0.860	0.890	0.000	2	1	ROBI_GPS
232.481	50.458	-0.190	3.010	0.730	0.750	0.000	2	1	ALCC_GPS
232.619	50.698	-0.110	3.310	0.770	0.800	0.000	2	1	HARD_GPS
232.625	50.686	-0.100	4.850	0.730	0.700	0.000	2	1	PTHY_GPS
232.720	51.465	-0.270	3.430	0.880	0.920	0.000	2	1	SEYM_GPS
232.836	50.573	1.360	4.700	1.200	1.230	0.000	2	1	KLUC_GPS
232.877	49.873	5.180	6.260	0.700	0.730	0.000	2	1	ELIZ_GPS
232.890	50.961	-1.250	4.420	0.860	0.910	0.000	2	1	BULC_GPS
233.157	50.544	2.790	4.200	0.690	0.710	0.000	2	1	BCOV_GPS
233.383	49.592	6.690	8.500	0.700	0.730	0.000	2	1	NTKA_GPS
233.453	49.789	5.880	5.890	0.740	0.780	0.000	2	1	ANAW_GPS
233.878	49.619	7.000	5.230	0.730	0.770	0.000	2	1	PIER_GPS
233.942	50.104	4.630	4.060	0.780	0.820	0.000	2	1	MOAK_GPS
234.042	49.956	4.550	3.930	1.020	1.040	0.000	2	1	SENT_GPS
234.159	49.084	9.310	7.380	0.600	0.650	0.000	2	1	RADA_GPS
234.302	49.883	4.430	4.210	0.750	0.790	0.000	2	1	FILB_GPS
234.360	50.125	4.390	4.480	0.760	0.790	0.000	2	1	BRWV_GPS
234.417	49.995	3.300	4.340	0.750	0.790	0.000	2	1	STRA_GPS
234.458	48.926	9.010	7.640	0.310	0.300	0.000	2	1	UCLU_GPS
234.493	48.985	9.080	9.010	0.790	0.890	0.000	2	1	FRDC_GPS
234.503	50.231	2.580	4.440	0.740	0.750	0.000	2	1	MENZ_GPS
234.507	49.738	5.280	5.960	1.020	1.050	0.000	2	1	ALEX_GPS
234.600	49.823	4.690	4.910	0.730	0.770	0.000	2	1	OYST_GPS
234.603	50.033	4.160	4.330	0.760	0.780	0.000	2	1	JHRT_GPS
234.636	49.552	5.640	4.300	0.710	0.760	0.000	2	1	GLAC_GPS
234.685	50.491	2.350	3.110	0.850	0.880	0.000	2	1	ANNA_GPS
234.703	49.752	3.350	4.960	1.750	1.660	0.000	2	1	WAS2_GPS
234.718	49.192	6.410	6.160	0.600	0.630	0.000	2	1	FOUR_GPS
234.777	49.650	5.800	4.600	0.720	0.780	0.000	2	1	BCHR_GPS
234.866	48.828	8.600	7.460	0.780	0.960	0.000	2	1	BAMF_GPS
234.957	48.865	8.180	7.170	0.560	0.580	0.000	2	1	PACH_GPS
235.001	49.949	4.540	5.020	0.720	0.750	0.000	2	1	NACH_GPS
235.041	49.069	6.120	6.110	0.600	0.630	0.000	2	1	HAND_GPS
235.139	49.256	5.300	5.160	0.730	0.720	0.000	2	1	PTAL_GPS
235.296	48.996	7.240	7.160	0.630	0.670	0.000	2	1	GREY_GPS
235.336	49.490	4.090	5.300	0.670	0.700	0.000	2	1	TOBY_GPS
235.401	48.370	9.670	8.210	0.500	0.500	0.000	2	1	NBCG_GPS
235.443	47.937	15.123	10.497	0.471	0.496	0.000	2	1	P401_PBO
235.514	42.801	3.530	12.790	0.430	0.420	0.000	2	1	BLCO_GPS
235.544	49.807	4.560	4.370	0.600	0.670	0.000	2	1	POWE_GPS
235.555	49.710	3.570	4.560	0.580	0.640	0.000	2	1	POCA_GPS
235.572	42.430	4.200	13.170	0.970	0.900	0.000	2	1	ROG2_GPS
235.607	42.586	-1.060	12.190	0.980	0.900	0.000	2	1	T758_GPS
235.623	40.452	-6.902	32.104	1.400	1.110	0.000	2	1	L229_GPS
235.628	40.392	-7.750	28.597	0.880	0.720	0.000	2	1	P229_GPS
235.670	43.350	5.080	11.270	0.580	0.450	0.000	2	1	TID3_GPS
235.676	43.344	5.080	11.270	0.580	0.450	0.000	2	1	2780_GPS
235.678	42.183	3.150	13.720	0.760	0.700	0.000	2	1	M746_GPS
235.680	49.599	4.430	5.200	0.540	0.570	0.000	2	1	DAVI_GPS
235.692	40.248	-19.168	31.542	1.100	1.100	0.000	2	1	P157_PBO
235.706	40.498	-3.857	27.120	0.400	0.360	0.000	2	1	BEAR_GPS
235.717	40.505	-2.059	24.741	1.500	1.600	0.000	2	1	P159_PBO
235.721	47.304	14.790	12.390	0.330	0.350	0.000	2	1	GREV_GPS
235.734	40.257	-18.984	30.838	0.520	0.440	0.000	2	1	COOS_GPS
235.736	49.228	4.910	5.200	0.510	0.530	0.000	2	1	OKAY_GPS
235.738	48.901	5.880	5.240	0.440	0.430	0.000	2	1	YOUB_GPS
235.744	40.589	0.515	21.995	0.890	0.850	0.000	2	1	01PA_GPS
235.763	40.691	3.548	20.940	0.500	0.500	0.000	2	1	P162_PBO
235.787	40.637	0.146	21.740	0.900	1.000	0.000	2	1	P161_PBO
235.798	40.715	4.230	19.251	0.770	0.670	0.000	2	1	SIS3_GPS
235.801	43.340	4.490	11.560	0.970	1.110	0.000	2	1	F751_GPS
235.813	49.535	4.230	4.740	0.530	0.560	0.000	2	1	SHEP_GPS
235.822	47.114	13.540	12.580	0.450	0.500	0.000	2	1	GP14_GPS
235.825	43.124	1.990	10.090	0.540	0.560	0.000	2	1	P75Z_GPS
235.844	40.448	-5.210	24.761	1.810	0.950	0.000	2	1	1468_GPS
235.859	48.062	12.111	12.938	0.800	1.100	0.000	2	1	P403_PBO
235.867	40.551	-4.200	20.072	0.689	0.616	0.000	2	1	P160_PBO
235.876	40.157	-35.502	46.832	0.970	0.960	0.000	3	1	KNGP_GPS
235.883	40.975	4.040	14.577	0.500	0.460	0.000	2	1	HP19_GPS
235.886	43.885	5.800	10.740	0.680	0.730	0.000	2	1	SOOS_GPS
235.893	40.422	-5.961	22.937	0.500	0.500	0.000	2	1	P158_PBO
235.897	48.465	6.730	5.240	1.260	1.080	0.000	2	1	JRDR_GPS
235.900	46.903	10.840	10.940	0.470	0.480	0.000	2	1	GRAY_GPS
235.905	41.192	4.018	13.181	0.930	0.930	0.000	2	1	CW07_GPS
235.914	41.559	1.179	9.037	1.300	1.400	0.000	2	1	P316_PBO
235.924	46.300	9.560	10.480	0.730	0.740	0.000	2	1	HEAD_GPS
235.925	40.876	1.355	17.036	0.700	0.700	0.000	2	1	P058_PBO
235.934	44.830	7.390	9.810	0.570	0.590	0.000	2	1	BAL2_GPS
235.935	44.602	6.590	8.960	0.420	0.440	0.000	2	1	HAMI_GPS
235.940	44.587	6.729	9.813	0.442	0.409	0.000	2	1	A16N_GPS
235.941	42.552	2.160	10.730	1.320	1.200	0.000	2	1	LUCA_GPS
235.943	40.220	-14.768	23.536	1.100	1.200	0.000	2	1	P163_PBO
235.967	41.522	2.999	10.611	1.450	1.320	0.000	2	1	H111_GPS
235.986	42.967	2.030	9.235	1.100	1.400	0.000	2	1	P061_PBO
236.022	40.306	-10.275	20.077	0.460	0.390	0.000	2	1	GRSH_GPS
236.024	49.753	3.520	4.250	0.480	0.520	0.000	2	1	EARL_GPS
236.025	40.727	-0.297	14.929	0.560	0.480	0.000	2	1	KNEE_GPS
236.032	40.791	0.853	15.334	0.600	0.400	0.000	2	1	P169_PBO
236.034	45.134	7.360	9.320	0.390	0.400	0.000	2	1	NESK_GPS
236.040	45.862	7.610	8.580	0.380	0.400	0.000	2	1	CANN_GPS
236.044	46.205	8.520	8.740	0.260	0.260	0.000	2	1	FTS1_GPS
236.051	45.273	5.680	9.480	1.410	1.530	0.000	2	1	ISLE_GPS
236.063	41.986	0.338	7.954	0.770	0.610	0.000	2	1	GORD_GPS
236.076	46.972	10.380	8.700	0.450	0.470	0.000	2	1	OP25_GPS
236.079	48.377	6.900	4.510	1.520	1.230	0.000	2	1	SHER_GPS
236.083	46.057	7.800	7.710	0.550	0.580	0.000	2	1	COND_GPS
236.084	46.926	7.872	8.133	1.300	1.400	0.000	2	1	P398_PBO
236.094	40.024	-19.174	22.233	1.200	1.300	0.000	2	1	P156_PBO
236.119	40.669	-1.288	13.780	0.520	0.687	0.000	2	1	P168_PBO
236.120	40.544	-4.355	14.432	0.900	0.800	0.000	2	1	P167_PBO
236.123	49.598	3.590	4.730	0.570	0.630	0.000	2	1	SECH_GPS
236.137	40.435	-6.559	15.532	0.500	0.800	0.000	2	1	P166_PBO
236.140	44.019	4.520	9.560	1.560	1.540	0.000	2	1	FHAM_GPS
236.142	45.022	6.504	8.532	0.800	1.000	0.000	2	1	P395_PBO
236.147	40.246	-12.066	16.432	1.200	1.200	0.000	2	1	P165_PBO
236.154	45.214	5.190	8.280	0.590	0.630	0.000	2	1	CEDC_GPS
236.156	41.874	1.971	8.923	1.120	1.020	0.000	2	1	01XD_GPS
236.164	42.792	-0.020	9.350	0.350	0.350	0.000	2	1	BOLI_GPS
236.165	39.777	-23.242	24.349	0.630	0.530	0.000	2	1	HP15_GPS
236.168	46.173	7.280	8.290	0.760	0.780	0.000	2	1	ASTO_GPS
236.176	45.421	4.940	9.060	1.090	1.290	0.000	2	1	PRAI_GPS
236.180	49.203	4.570	4.390	0.700	0.660	0.000	2	1	GABR_GPS
236.190	46.663	7.630	9.330	0.490	0.550	0.000	2	1	SOBE_GPS
236.211	41.993	2.158	8.529	1.650	1.460	0.000	2	1	HP12_GPS
236.212	45.907	5.420	8.350	0.680	0.730	0.000	2	1	N274_GPS
236.222	43.002	-0.140	9.310	0.430	0.430	0.000	2	1	CAM4_GPS
236.233	44.612	5.420	7.950	1.040	1.250	-0.024	2	1	EDDY_GPS
236.267	40.875	-0.903	8.744	0.690	0.600	-0.009	2	1	HORS_GPS
236.270	46.656	6.864	7.729	0.500	0.500	-0.172	2	1	P415_PBO
236.274	38.928	-24.811	37.229	1.500	1.500	0.003	3	1	P059_PBO
236.280	46.089	6.480	7.210	0.640	0.710	-0.020	2	1	KLAS_GPS
236.283	39.864	-22.178	19.929	0.500	0.600	0.036	2	1	P315_PBO
236.294	47.817	6.806	6.328	0.900	0.800	-0.025	2	1	SC03_PBO
236.297	46.973	8.500	7.370	0.520	0.590	0.018	2	1	CNTR_GPS
236.301	40.575	-5.393	7.992	0.654	0.640	-0.261	2	1	P326_PBO
236.303	45.483	5.950	8.570	0.480	0.450	-0.024	2	1	SISK_GPS
236.325	40.439	-6.259	13.021	0.990	0.620	-0.005	2	1	01NE_GPS
236.326	48.465	5.740	4.800	1.310	1.010	-0.042	2	1	CNSP_GPS
236.344	40.257	-11.864	13.327	1.100	1.100	-0.012	2	1	P324_PBO
236.349	48.316	5.530	4.820	1.310	0.930	0.005	2	1	BCHD_GPS
236.351	46.334	6.730	7.080	0.610	0.640	0.000	2	1	GP35_GPS
236.356	45.629	5.828	6.527	1.200	1.300	0.016	2	1	P405_PBO
236.361	45.082	4.210	6.490	0.470	0.480	-0.040	2	1	GRND_GPS
236.377	40.944	-2.752	8.703	0.690	0.660	-0.045	2	1	01RE_GPS
236.397	39.352	-21.396	23.726	0.500	1.200	-0.068	2	1	P187_PBO
236.401	44.377	3.490	8.260	0.500	0.530	-0.025	2	1	CURT_GPS
236.403	42.719	-1.220	8.900	0.340	0.340	-0.022	2	1	REUB_GPS
236.409	44.382	3.583	6.326	1.100	1.100	0.005	2	1	P374_PBO
236.417	43.644	0.680	8.880	1.540	1.850	-0.002	2	1	WELK_GPS
236.418	39.686	-22.384	19.326	0.400	0.400	0.003	2	1	P314_PBO
236.419	46.146	4.740	6.430	0.540	0.600	-0.008	2	1	BIGC_GPS
236.430	45.885	5.100	6.580	0.500	0.520	-0.045	2	1	HANS_GPS
236.433	44.185	3.000	9.080	0.560	0.610	0.061	2	1	TRIA_GPS
236.435	39.554	-21.888	20.625	1.200	1.200	-0.042	2	1	P313_PBO
236.446	40.334	-8.982	8.507	0.560	0.490	-0.028	2	1	LASS_GPS
236.448	39.906	-17.876	13.625	1.200	1.200	-0.047	2	1	P317_PBO
236.450	44.038	2.730	7.710	0.520	0.560	0.075	2	1	SOAM_GPS
236.453	44.594	4.030	8.630	0.570	0.670	-0.003	2	1	U727_GPS
236.459	46.966	6.010	7.530	0.760	0.810	-0.003	2	1	SATS_GPS
236.467	46.991	7.100	6.100	0.530	0.600	-0.102	2	1	A479_GPS
236.471	47.990	6.600	5.650	0.450	0.470	-0.031	2	1	HUR2_GPS
236.477	40.460	-6.674	7.036	0.710	0.580	0.068	2	1	HP16_GPS
236.497	48.060	6.116	4.824	0.800	1.400	-0.038	2	1	P435_PBO
236.500	46.541	6.110	7.650	0.480	0.510	-0.109	2	1	FRAN_GPS
236.505	48.117	5.190	5.270	0.660	0.650	-0.035	2	1	PTAN_GPS
236.507	40.815	-3.816	7.714	1.000	0.820	-0.043	2	1	0108_GPS
236.539	45.797	4.620	7.430	0.480	0.480	0.025	2	1	REST_GPS
236.540	46.268	6.650	8.130	0.500	0.570	-0.047	2	1	PARK_GPS
236.545	43.126	0.060	7.920	0.730	0.790	-0.059	2	1	DELI_GPS
236.549	48.648	4.700	4.120	0.530	0.530	0.144	2	1	PGC4_GPS
236.564	47.004	5.778	6.422	0.600	0.600	-0.011	2	1	P430_PBO
236.571	43.140	0.940	8.122	0.700	0.800	-0.001	2	1	P369_PBO
236.588	45.065	3.670	6.520	0.950	0.970	-0.077	2	1	BRAE_GPS
236.589	43.129	-0.680	8.530	0.660	0.720	0.039	2	1	B741_GPS
236.591	47.939	6.810	4.310	0.450	0.470	-0.019	2	1	EA40_GPS
236.592	47.237	3.687	4.022	1.300	1.400	-0.019	2	1	P418_PBO
236.597	48.140	7.470	4.530	1.380	1.190	-0.005	2	1	TUCK_GPS
236.607	43.242	-1.670	9.390	0.930	0.730	0.003	2	1	DARL_GPS
236.610	45.159	4.212	6.021	0.900	1.500	0.010	2	1	P404_PBO
236.617	42.504	-1.383	8.021	0.900	1.100	-0.025	2	1	P368_PBO
236.618	42.621	-2.560	8.710	1.540	1.420	-0.029	2	1	N748_GPS
236.623	46.201	5.050	5.821	0.600	0.800	0.412	2	1	P408_PBO
236.624	47.015	5.600	6.690	0.500	0.560	0.098	2	1	FARW_GPS
236.628	39.452	-18.091	14.421	1.200	1.300	-0.009	2	1	P318_PBO
236.645	43.246	-0.890	7.520	0.400	0.410	-0.007	2	1	ROSE_GPS
236.652	38.987	-21.007	26.020	0.500	0.500	0.005	2	1	P189_PBO
236.653	48.493	4.970	4.020	1.300	0.930	-0.048	2	1	DOUG_GPS
236.661	42.423	-1.860	8.540	0.600	0.660	-0.046	2	1	FARO_GPS
236.667	43.623	1.258	7.120	0.600	1.000	0.000	2	1	P373_PBO
236.675	40.815	-4.377	6.038	1.050	0.900	-0.056	2	1	01QF_GPS
236.681	43.465	0.840	7.750	1.020	0.870	0.000	2	1	T739_GPS
236.702	46.575	4.864	5.419	0.500	0.800	0.004	2	1	P417_PBO
236.705	39.707	-16.481	10.219	0.400	0.400	0.014	2	1	P319_PBO
236.709	44.391	4.720	7.210	0.590	0.630	-0.078	2	1	E141_GPS
236.725	46.631	4.850	6.810	0.460	0.520	-0.031	2	1	DOTT_GPS
236.740	47.955	5.690	5.160	0.380	0.400	-0.214	2	1	BLUE_GPS
236.747	42.799	-0.600	8.340	0.750	0.740	0.000	2	1	AZAL_GPS
236.752	39.771	-13.257	9.834	1.110	0.890	0.014	2	1	CVR3_GPS
236.761	45.851	4.938	5.518	0.600	1.400	-0.040	2	1	P409_PBO
236.762	43.706	1.500	6.380	0.680	0.830	-0.021	2	1	LESL_GPS
236.770	38.668	-24.217	27.118	1.900	2.000	0.007	2	1	P188_PBO
236.772	44.925	3.410	7.410	0.620	0.650	-0.055	2	1	NESM_GPS
236.773	48.425	4.610	4.660	1.370	0.990	-0.040	2	1	DISC_GPS
236.781	44.689	3.610	7.360	1.540	0.820	0.009	2	1	Y683_GPS
236.795	46.105	4.730	6.810	1.060	1.110	-0.019	2	1	CLAT_GPS
236.796	39.242	-17.797	18.117	0.700	0.400	0.002	2	1	P190_PBO
236.799	39.795	-9.893	7.393	0.790	0.630	-0.066	2	1	HP14_GPS
236.803	44.149	2.420	5.000	0.910	0.990	0.205	2	1	B737_GPS
236.807	41.842	0.291	6.468	0.720	0.600	0.024	2	1	HP21_GPS
236.819	38.495	-22.323	32.617	1.500	1.600	0.004	2	1	P182_PBO
236.825	40.547	-6.851	7.716	1.000	0.700	0.000	2	1	P332_PBO
236.829	48.774	4.220	4.190	1.330	1.050	0.008	2	1	SATU_GPS
236.837	44.079	1.990	7.120	0.820	0.940	-0.006	2	1	EZEL_GPS
236.843	45.538	5.527	5.016	1.200	1.300	0.020	2	1	P411_PBO
236.848	45.190	3.715	5.116	1.100	1.600	-0.017	2	1	P406_PBO
236.859	47.237	4.550	6.000	0.570	0.580	-0.060	2	1	SNDR_GPS
236.861	45.070	3.150	6.650	0.530	0.560	-0.031	2	1	YAMB_GPS
236.866	48.045	4.618	3.916	0.700	0.900	-0.005	2	1	P436_PBO
236.869	45.190	2.910	7.370	1.070	1.140	0.000	2	1	MACK_GPS
236.887	47.387	5.670	5.600	0.450	0.480	0.001	2	1	TAHU_GPS
236.888	47.033	5.550	6.670	0.470	0.510	0.149	2	1	Z478_GPS
236.890	48.181	6.730	3.170	1.200	1.230	-0.033	2	1	DUNG_GPS
236.895	39.320	-15.294	14.915	0.700	0.800	0.006	2	1	P192_PBO
236.897	44.780	3.780	8.150	0.830	0.860	-0.178	2	1	SDNY_GPS
236.898	44.941	2.506	6.515	0.300	0.600	-0.004	2	1	P376_PBO
236.900	44.633	4.210	7.020	0.880	1.140	0.010	2	1	C715_GPS
236.930	45.612	2.970	5.650	0.460	0.480	-0.050	2	1	GARY_GPS
236.931	38.314	-22.329	32.614	1.100	1.100	0.002	3	1	P183_PBO
236.935	43.372	-0.210	7.060	0.350	0.360	0.001	2	1	SCOT_GPS
236.942	43.363	0.650	6.914	1.000	0.600	0.004	2	1	P371_PBO
236.969	39.729	-7.697	6.354	0.800	0.640	-0.003	2	1	POIR_GPS
236.996	44.325	2.660	5.630	0.850	0.860	-0.069	2	1	TWIN_GPS
237.004	49.078	3.680	3.990	1.230	0.940	-0.055	2	1	BOUN_GPS
237.009	45.524	3.180	6.140	0.420	0.470	-0.068	2	1	CHAS_GPS
237.015	46.671	3.770	5.740	0.400	0.400	-0.089	2	1	APSA_GPS
237.029	44.876	2.610	6.390	0.980	1.140	0.002	2	1	JAIL_GPS
237.031	44.510	2.410	6.580	0.740	0.820	-0.084	2	1	PETE_GPS
237.044	44.566	2.790	6.300	0.600	0.620	-0.108	2	1	LANG_GPS
237.058	40.652	-4.948	6.067	1.040	0.810	-0.001	2	1	H217_GPS
237.059	47.288	4.692	4.811	0.400	0.400	0.005	2	1	P423_PBO
237.063	38.104	-28.053	33.576	1.600	1.500	-0.032	3	1	PRNC_GPS
237.064	40.370	-6.406	4.830	0.870	0.760	-0.001	2	1	0221_GPS
237.075	46.040	3.300	7.080	0.750	0.650	0.185	2	1	PRES_GPS
237.077	40.748	-6.942	6.711	0.900	0.800	0.008	2	1	P338_PBO
237.079	50.127	2.040	2.460	0.380	0.390	0.010	2	1	WSLR_GPS
237.081	46.283	3.750	6.440	0.620	0.690	0.047	2	1	CSTL_GPS
237.091	48.708	4.143	3.511	0.500	0.500	0.003	2	1	P439_PBO
237.113	44.052	3.976	5.310	1.200	1.300	0.069	2	1	P377_PBO
237.115	48.420	4.950	4.140	0.580	0.500	-0.037	2	1	ICEB_GPS
237.120	44.990	2.810	6.810	0.470	0.490	0.013	2	1	HOWE_GPS
237.123	42.323	-2.460	7.360	0.460	0.530	-0.009	2	1	JUST_GPS
237.125	47.824	6.180	5.260	0.790	0.830	-0.006	2	1	SCHO_GPS
237.126	45.269	2.970	6.250	0.450	0.430	0.007	2	1	SPRO_GPS
237.131	38.080	-24.647	32.256	0.500	0.500	-0.291	3	1	PRH2_GPS
237.134	46.589	3.967	5.510	0.700	0.800	0.001	2	1	P420_PBO
237.170	44.208	2.350	6.400	1.000	1.020	0.002	2	1	COLR_GPS
237.174	44.795	2.840	6.320	0.540	0.580	0.004	2	1	IMP0_GPS
237.187	38.087	-23.837	29.339	0.600	0.600	-0.063	2	1	1395_GPS
237.189	45.179	4.150	7.270	1.070	1.280	0.013	2	1	HUBB_GPS
237.193	46.477	8.840	3.690	1.450	1.670	-0.031	2	1	ARP0_GPS
237.199	45.857	2.980	6.940	0.400	0.440	-0.122	2	1	HELE_GPS
237.213	47.549	5.420	4.590	0.410	0.430	-0.144	2	1	GLDH_GPS
237.232	48.141	4.820	3.690	0.640	0.620	-0.096	2	1	WORD_GPS
237.233	38.429	-16.123	26.007	0.800	0.700	-0.065	2	1	P197_PBO
237.245	47.501	4.920	5.580	0.580	0.640	0.035	2	1	B197_GPS
237.256	45.672	5.850	4.900	1.030	1.120	-0.006	2	1	VANC_GPS
237.257	38.298	-18.028	25.207	1.200	1.100	0.000	2	1	P196_PBO
237.260	43.340	-1.341	6.357	0.487	0.495	0.004	2	1	STEA_GPS
237.263	38.093	-21.224	28.116	0.500	0.500	-0.065	2	1	NICC_GPS
237.280	46.533	4.530	5.600	0.560	0.660	-0.040	2	1	PTS5_GPS
237.290	41.730	-3.575	6.787	0.424	0.421	-0.012	2	1	YBHB_GPS
237.293	42.216	-5.030	7.500	0.680	0.750	-0.024	2	1	ASH0_GPS
237.304	48.313	5.300	4.390	0.840	0.900	-0.104	2	1	WHD1_GPS
237.307	45.835	4.541	4.706	1.100	1.100	-0.038	2	1	P414_PBO
237.317	47.922	5.020	3.780	0.620	0.700	0.011	2	1	PLUD_GPS
237.330	48.419	1.034	1.105	1.400	1.400	0.002	2	1	P438_PBO
237.339	47.446	4.730	3.620	0.990	1.150	-0.112	2	1	ORCC_GPS
237.344	42.191	-1.089	7.305	0.900	1.200	-0.021	2	1	P370_PBO
237.347	43.586	-0.050	7.450	0.660	0.750	-0.005	2	1	FARV_GPS
237.352	47.735	5.730	4.620	0.670	0.810	-0.049	2	1	KINW_GPS
237.375	42.142	-3.230	5.430	0.770	0.890	0.001	2	1	F760_GPS
237.379	47.094	3.670	6.540	0.570	0.630	0.008	2	1	LEWG_GPS
237.393	38.260	-17.528	22.304	0.500	0.400	-0.048	2	1	P198_PBO
237.397	48.892	3.580	3.540	1.060	1.350	0.000	2	1	FRND_GPS
237.401	37.923	-22.740	26.376	0.600	0.600	-0.031	2	1	T3R2_GPS
237.405	38.186	-19.181	23.675	0.500	0.500	-0.024	2	1	COR__GPS
237.409	45.216	1.670	6.896	1.015	0.865	-0.032	2	1	4S9B_GPS
237.411	45.221	1.670	6.896	1.015	0.865	-0.108	2	1	P412_PBO
237.423	44.497	2.494	5.703	1.200	1.200	0.003	2	1	P379_PBO
237.424	38.778	-12.910	14.203	1.400	1.300	0.042	2	1	P206_PBO
237.425	45.326	1.750	8.010	1.040	1.270	0.000	2	1	CLCC_GPS
237.429	47.172	4.490	6.203	1.100	1.100	0.002	2	1	PCOL_PBO
237.430	44.150	1.349	4.769	0.594	0.545	0.009	2	1	VIDA_GPS
237.434	45.547	2.340	5.970	0.340	0.360	-0.157	2	1	RKBU_GPS
237.447	47.571	1.780	4.020	1.590	1.870	-0.040	2	1	SITA_GPS
237.453	45.781	2.960	5.760	0.420	0.450	-0.004	2	1	BATT_GPS
237.465	48.791	3.830	2.090	1.950	1.140	-0.027	2	1	BHAP_GPS
237.473	38.236	-17.059	21.855	0.500	0.500	0.001	2	1	ADOO_GPS
237.474	41.555	-4.430	4.380	1.130	1.390	0.043	2	1	GREN_GPS
237.485	47.803	1.513	1.402	1.300	1.400	0.008	2	1	P426_PBO
237.489	42.741	-1.890	6.770	0.710	0.800	-0.013	2	1	PROS_GPS
237.496	37.509	-26.518	33.248	0.700	0.700	0.118	3	1	WHAL_GPS
237.497	38.264	-15.228	18.901	0.700	0.500	-0.017	2	1	P199_PBO
237.500	43.750	0.262	5.769	0.507	0.487	-0.001	2	1	OAKR_GPS
237.507	48.856	1.751	2.801	1.000	1.100	-0.007	2	1	P440_PBO
237.520	44.752	2.250	5.880	0.530	0.580	-0.173	2	1	MILL_GPS
237.521	42.065	-3.720	6.340	0.380	0.380	-0.005	2	1	SOR4_GPS
237.536	43.160	-0.650	5.990	0.380	0.400	-0.002	2	1	BLK4_GPS
237.542	37.609	-24.888	30.834	0.600	0.600	-0.004	3	1	SWEE_GPS
237.544	37.527	-26.207	31.833	0.600	0.600	-0.063	3	1	PALO_GPS
237.545	37.805	-22.544	26.333	0.800	0.800	0.006	2	1	PRSD_GPS
237.548	38.240	-14.428	18.500	0.800	0.500	0.000	2	1	P200_PBO
237.556	47.306	3.730	2.800	0.980	1.180	-0.037	2	1	BROW_GPS
237.571	46.532	5.868	3.100	0.600	0.700	-0.014	2	1	P421_PBO
237.572	43.228	-0.990	4.880	0.660	0.710	-0.050	2	1	TOKE_GPS
237.584	37.959	-20.103	23.022	0.800	0.900	0.025	2	1	SNPR_GPS
237.585	40.998	-5.130	6.300	1.000	0.500	-0.005	2	1	P060_PBO
237.598	37.942	-20.405	24.417	1.100	1.100	0.018	2	1	HIL4_GPS
237.605	37.183	-28.575	35.616	0.600	0.600	-0.031	3	1	PIGE_GPS
237.613	47.595	4.870	5.340	1.170	1.460	-0.003	2	1	DUWA_GPS
237.618	37.592	-21.880	28.812	0.700	0.700	0.011	2	1	PEEE_GPS
237.623	37.915	-19.339	24.799	0.500	0.900	0.001	2	1	P181_PBO
237.625	47.388	3.230	4.000	0.390	0.390	-0.056	2	1	RPT1_GPS
237.634	37.810	-20.629	25.007	0.500	0.600	-0.020	2	1	NAVY_GPS
237.638	38.283	-14.022	18.606	1.700	1.900	-0.020	2	1	HENN_GPS
237.639	46.190	4.056	4.198	0.800	0.900	-0.007	2	1	P689_PBO
237.641	37.228	-29.659	34.405	0.600	0.700	0.000	3	1	HALM_GPS
237.644	37.990	-15.887	18.804	0.900	0.900	-0.038	2	1	SPA1_GPS
237.645	46.110	4.553	6.398	0.600	0.500	0.035	2	1	P687_PBO
237.650	42.620	-2.299	6.336	0.616	0.598	-0.103	2	1	RUST_GPS
237.655	46.301	3.715	4.539	0.568	0.574	-0.016	2	1	ELKR_GPS
237.659	45.430	2.429	5.298	0.900	0.700	-0.053	2	1	P427_PBO
237.660	37.934	-19.398	23.100	1.400	1.700	-0.112	2	1	RMD1_GPS
237.662	38.258	-14.325	16.699	0.700	0.800	0.004	2	1	DEAL_GPS
237.667	45.299	1.350	5.100	0.590	0.640	-0.042	2	1	ESTA_GPS
237.670	44.170	1.002	2.351	1.300	1.200	-0.001	2	1	BR02_GPS
237.681	40.731	-6.639	5.597	0.900	0.600	0.004	2	1	P349_PBO
237.682	46.026	2.130	4.710	0.380	0.400	0.005	2	1	YALE_GPS
237.686	43.963	1.770	4.590	0.650	0.670	-0.257	2	1	SARD_GPS
237.689	46.173	1.956	5.097	1.400	1.500	-0.049	2	1	P705_PBO
237.695	37.937	-19.691	22.989	1.000	0.800	0.000	2	1	MA_A_GPS
237.710	47.103	3.940	4.800	0.560	0.580	-0.011	2	1	THUN_GPS
237.716	37.274	-24.937	33.883	0.900	1.000	0.001	3	1	HAUL_GPS
237.728	47.908	2.920	3.040	0.810	0.880	-0.041	2	1	PAIN_GPS
237.729	40.271	-8.255	6.196	0.900	0.600	-0.265	2	1	P345_PBO
237.730	46.551	3.440	5.120	0.320	0.330	-0.001	2	1	MORT_GPS
237.735	37.872	-19.300	22.777	0.500	0.600	-0.001	2	1	UCBK_GPS
237.741	38.324	-13.097	15.075	0.500	0.500	-0.050	2	1	HAGG_GPS
237.745	38.030	-16.563	17.574	1.000	1.200	-0.074	2	1	0410_GPS
237.748	37.871	-17.898	22.273	0.900	0.900	0.047	2	1	STAC_GPS
237.749	37.870	-18.198	22.873	0.900	0.900	0.003	2	1	STAD_GPS
237.753	37.879	-16.595	17.272	0.800	0.800	-0.103	2	1	04GG_GPS
237.765	44.119	0.980	5.120	1.210	1.030	-0.095	2	1	CUGR_GPS
237.771	38.043	-15.755	16.167	1.100	1.100	0.000	2	1	CROC_GPS
237.772	48.508	3.060	3.320	0.520	0.560	-0.040	2	1	SDRO_GPS
237.773	46.231	0.958	3.295	1.400	1.600	0.067	2	1	P691_PBO
237.778	37.884	-16.190	18.065	0.500	0.600	-0.014	2	1	BAPK_GPS
237.781	37.864	-16.240	18.795	0.700	0.700	-0.016	2	1	P224_PBO
237.782	38.153	-12.530	14.295	0.800	0.500	0.004	2	1	P261_PBO
237.784	37.312	-24.918	30.963	0.600	0.700	0.000	3	1	TRUE_GPS
237.794	41.294	-3.719	5.495	1.400	1.500	0.004	2	1	P655_PBO
237.796	37.417	-23.956	28.495	0.400	0.300	-0.009	2	1	SLAC_PBO
237.797	38.313	-13.791	13.959	0.500	0.500	-0.028	2	1	MADI_GPS
237.798	46.210	4.058	2.395	1.800	1.100	0.030	2	1	P693_PBO
237.804	46.145	0.855	2.895	1.500	1.600	0.160	2	1	P703_PBO
237.805	37.147	-28.153	33.856	0.500	0.500	0.025	3	1	EAUN_GPS
237.816	37.691	-18.928	22.753	0.700	0.700	-0.071	2	1	SLBB_GPS
237.818	46.300	2.261	4.294	1.400	1.400	-0.009	2	1	P694_PBO
237.824	47.485	3.260	3.900	0.700	0.740	-0.005	2	1	HAFF_GPS
237.825	38.351	-12.679	10.951	0.500	0.500	0.001	2	1	GAME_GPS
237.833	37.324	-23.908	29.148	0.600	0.600	-0.037	2	1	PAWT_GPS
237.836	46.199	-1.242	4.894	1.100	1.800	0.008	2	1	P695_PBO
237.842	48.162	2.670	2.900	0.440	0.450	0.032	2	1	ARLI_GPS
237.846	48.170	2.850	3.640	0.590	0.680	0.001	2	1	ARLO_GPS
237.847	37.290	-23.714	29.444	0.700	0.700	0.005	3	1	BM1R_GPS
237.857	48.917	2.560	1.700	0.700	0.860	-0.040	2	1	GP37_GPS
237.858	47.636	2.700	3.760	0.870	0.990	-0.006	2	1	OVER_GPS
237.867	46.195	-0.742	2.193	1.400	1.600	-0.032	2	1	P701_PBO
237.872	37.937	-14.064	15.837	0.600	0.600	-0.001	2	1	HILL_GPS
237.877	37.363	-22.193	26.236	0.800	0.900	0.005	2	1	FTHL_GPS
237.885	38.331	-11.974	9.233	0.700	0.700	-0.010	2	1	GORR_GPS
237.897	38.398	-11.357	8.329	0.500	0.500	-0.002	2	1	VAC3_GPS
237.900	42.473	-3.290	6.300	0.700	0.810	-0.020	2	1	RKPT_GPS
237.903	37.563	-21.043	22.627	0.500	0.600	-0.016	2	1	COYS_GPS
237.904	38.025	-13.534	14.492	1.300	1.100	-0.037	2	1	P262_PBO
237.905	37.551	-21.046	22.627	0.500	0.600	-0.020	2	1	RDHL_GPS
237.912	45.533	1.630	7.640	1.180	1.210	-0.008	2	1	LARC_GPS
237.917	37.539	-21.251	24.792	0.800	0.400	0.324	2	1	P222_PBO
237.931	37.732	-16.301	16.620	0.600	0.600	-0.038	2	1	CAS2_GPS
237.939	37.815	-15.581	15.317	0.500	0.500	-0.039	2	1	ROC2_GPS
237.941	37.099	-23.643	33.716	1.100	1.200	-0.032	3	1	LOMP_GPS
237.942	37.714	-15.245	17.092	0.500	0.400	-0.011	2	1	P225_PBO
237.944	36.978	-29.770	33.115	1.200	1.200	0.008	3	1	SCAZ_GPS
237.945	39.244	-8.791	6.591	1.000	0.900	0.000	2	1	P270_PBO
237.948	36.993	-26.366	33.914	1.200	1.200	0.002	3	1	CRO3_GPS
237.972	39.929	-10.566	5.991	1.400	1.400	-0.073	2	1	P344_PBO
237.977	37.217	-22.210	27.705	0.500	0.500	-0.080	2	1	ELSE_GPS
237.980	44.190	-1.367	6.840	1.000	0.900	0.001	2	1	CUPO_GPS
237.989	37.645	-17.511	17.202	0.600	0.600	0.434	2	1	GARS_GPS
237.990	42.140	-1.776	2.040	1.000	1.000	0.032	2	1	W784_GPS
238.004	37.185	-22.214	27.597	0.400	0.400	-0.008	2	1	BRIG_BVU
238.005	37.738	-14.988	16.397	0.600	0.600	0.001	2	1	WED2_GPS
238.006	37.059	-26.242	33.497	0.500	0.500	-0.066	3	1	TRAL_GPS
238.009	37.202	-22.562	27.090	0.700	0.400	-0.003	2	1	P213_PBO
238.012	46.572	-0.628	3.090	1.400	1.500	-0.006	2	1	P431_PBO
238.015	47.509	2.600	3.270	0.400	0.410	0.009	2	1	TIGR_GPS
238.022	37.749	-15.443	14.790	1.200	0.400	-0.013	2	1	P229_PBO
238.023	37.206	-21.606	26.391	0.500	0.500	0.032	2	1	SNJO_GPS
238.026	37.480	-19.843	23.090	0.600	0.700	-0.022	2	1	Z137_GPS
238.027	37.180	-22.312	26.290	1.100	1.100	-0.030	2	1	ODAM_GPS
238.034	37.247	-20.895	24.689	0.800	0.800	-0.030	2	1	VASO_GPS
238.039	37.073	-25.034	31.987	0.500	0.500	-0.039	3	1	BRUC_GPS
238.046	38.530	-9.715	7.189	1.800	0.800	-0.035	2	1	P265_PBO
238.048	37.532	-14.528	16.485	1.400	1.400	-0.002	2	1	WINE_1PS
238.053	37.110	-25.423	28.183	0.500	0.400	0.008	3	1	BURD_GPS
238.056	43.530	-0.570	5.040	0.900	0.750	-0.143	2	1	CRES_GPS
238.057	39.145	-10.693	4.689	1.300	0.900	-0.007	2	1	P272_PBO
238.060	37.643	-16.601	16.481	0.600	0.600	-0.001	2	1	SUNS_GPS
238.062	37.047	-26.537	31.380	0.600	0.600	0.003	3	1	FIRE_GPS
238.071	36.449	-29.472	36.677	1.800	1.700	0.000	3	1	SOBR_GPS
238.076	36.982	-28.749	32.476	0.500	0.500	0.004	3	1	GREG_GPS
238.080	37.004	-26.244	32.674	0.500	0.500	-0.037	3	1	PORT_GPS
238.081	37.507	-16.329	16.874	1.000	1.100	-0.056	2	1	1582_GPS
238.091	37.104	-24.219	28.672	0.600	0.600	0.004	3	1	LP2__GPS
238.095	36.622	-30.582	35.788	1.700	1.800	-0.006	3	1	P231_PBO
238.103	42.318	-3.680	6.210	0.880	0.920	-0.001	2	1	SKIL_GPS
238.112	37.540	-15.817	16.965	0.600	0.600	0.002	2	1	MILS_GPS
238.117	45.692	2.060	4.340	0.610	0.670	-0.032	2	1	STEV_GPS
238.122	42.574	-1.940	6.070	0.610	0.670	0.002	2	1	V546_GPS
238.123	45.676	1.941	5.087	1.100	1.200	-0.086	2	1	P429_PBO
238.126	36.946	-27.950	32.961	0.600	0.600	-0.061	3	1	LEON_GPS
238.129	37.499	-15.423	16.560	0.600	0.600	-0.078	2	1	ALLI_GPS
238.130	37.541	-14.414	18.160	0.600	0.600	-0.003	2	1	SHER_GPS
238.137	36.962	-27.970	30.887	1.300	1.300	-0.002	3	1	P212_PBO
238.149	36.288	-27.798	34.755	1.700	1.700	-0.077	3	1	MOLR_GPS
238.151	44.120	-3.350	11.080	0.770	0.790	-0.002	2	1	HUSB_GPS
238.156	37.111	-21.707	26.352	0.600	0.600	-0.039	2	1	LOMA_GPS
238.161	37.050	-25.121	29.551	0.700	0.700	0.015	3	1	LP4__GPS
238.167	37.012	-25.229	31.449	0.500	0.500	0.006	3	1	CORR_GPS
238.170	42.870	-1.785	4.834	0.900	1.000	-0.043	2	1	J789_GPS
238.174	37.337	-22.057	21.186	1.100	1.200	-0.004	2	1	P226_PBO
238.177	38.380	-8.520	9.986	1.100	1.400	0.005	2	1	P267_PBO
238.180	39.210	-10.871	7.506	0.370	0.353	-0.023	2	1	SUTB_GPS
238.186	36.235	-27.805	36.243	1.800	1.700	-0.023	3	1	FEIF_GPS
238.190	37.594	-13.493	11.842	0.600	0.600	0.000	2	1	SARE_GPS
238.191	37.069	-22.612	28.241	0.500	0.500	-0.106	2	1	NDDD_GPS
238.195	43.133	-2.723	7.111	0.500	0.512	-0.001	2	1	BEAV_GPS
238.200	43.130	-2.723	7.111	0.500	0.512	-0.006	2	1	BEAV_GPS
238.201	36.749	-31.883	35.539	0.700	0.700	-0.002	3	1	MULL_GPS
238.207	36.486	-29.786	35.986	0.300	0.800	-0.011	3	1	P171_PBO
238.208	37.922	-11.915	9.237	0.700	0.700	-0.049	2	1	JOBE_GPS
238.210	37.533	-13.749	12.685	0.700	0.700	-0.005	2	1	P227_PBO
238.212	37.137	-22.293	24.536	0.500	0.600	0.021	2	1	MAZZ_GPS
238.217	37.186	-22.082	22.634	0.500	0.500	0.005	2	1	CAAA_GPS
238.220	42.260	-2.082	5.485	0.900	0.400	0.124	2	1	P380_PBO
238.223	48.539	3.400	3.870	0.830	1.030	-0.018	2	1	GRSM_GPS
238.228	36.589	-26.816	37.331	1.200	1.100	-0.001	3	1	FORD_GPS
238.229	36.846	-28.557	32.430	0.700	0.600	0.010	3	1	05ZB_GPS
238.240	44.290	-0.732	5.431	0.700	0.700	0.003	2	1	BLCK_GPS
238.250	36.763	-28.173	33.425	0.600	0.500	-0.121	3	1	0513_GPS
238.253	42.209	-3.430	5.150	0.400	0.440	-0.017	2	1	ALTA_GPS
238.260	40.870	-8.680	6.231	1.000	0.900	-0.025	2	1	HHTT_GPS
238.262	37.219	-21.367	21.921	0.500	0.500	-0.024	2	1	COY__GPS
238.268	36.816	-29.374	32.484	0.800	0.400	-0.008	3	1	P210_PBO
238.278	37.954	-14.098	6.016	1.200	1.300	-0.001	2	1	MINN_GPS
238.285	38.657	-11.709	6.984	0.600	0.400	-0.029	2	1	P271_PBO
238.286	37.229	-20.961	21.613	0.600	0.500	-0.014	2	1	METC_GPS
238.288	45.334	2.100	3.510	0.630	0.770	-0.028	2	1	TIMB_GPS
238.294	37.184	-19.370	21.111	1.500	1.600	0.024	2	1	PERR_GPS
238.297	37.622	-12.169	11.410	0.800	0.900	0.206	2	1	USG7_GPS
238.310	43.680	-3.170	6.335	0.492	0.500	-0.014	2	1	WICK_GPS
238.313	37.602	-12.047	11.083	0.500	0.500	0.018	2	1	P228_PBO
238.317	46.623	1.876	2.983	0.400	0.300	-0.116	2	1	P432_PBO
238.325	37.694	-10.850	8.502	1.000	1.100	-0.054	2	1	B112_GPS
238.326	48.865	1.550	1.990	1.240	1.390	-0.019	2	1	BAKR_GPS
238.327	36.914	-26.527	31.601	0.700	0.600	-0.031	3	1	04AL_GPS
238.330	45.304	1.860	4.950	0.500	0.590	-0.027	2	1	STOL_GPS
238.332	36.791	-28.955	33.099	0.600	0.500	-0.004	3	1	05YC_GPS
238.334	36.698	-28.375	33.499	1.400	0.800	0.019	3	1	SALI_GPS
238.340	39.430	-11.038	7.049	0.436	0.433	-0.003	2	1	CHO1_GPS
238.341	36.722	-30.169	34.697	1.600	0.800	0.021	3	1	BORO_GPS
238.349	37.104	-21.464	22.082	0.500	0.700	0.012	2	1	P217_PBO
238.354	38.474	-14.216	7.182	1.500	0.500	0.074	2	1	P268_PBO
238.372	36.540	-26.406	32.588	1.800	1.800	0.004	3	1	TORO_GPS
238.375	47.138	2.490	2.850	0.630	0.640	0.009	2	1	GP17_GPS
238.384	36.980	-20.103	22.584	0.500	0.500	-0.042	2	1	GILR_GPS
238.395	37.932	-11.934	8.281	0.500	0.500	-0.156	2	1	P256_PBO
238.406	48.486	1.160	2.290	0.580	0.570	-0.010	2	1	GP29_GPS
238.409	36.859	-27.972	30.181	1.200	1.200	0.004	3	1	P234_PBO
238.415	36.887	-23.120	28.375	0.600	0.600	0.004	2	1	PGN4_GPS
238.423	36.055	-25.412	33.273	1.800	1.800	0.011	3	1	GAMB_GPS
238.428	48.079	2.900	3.720	1.200	1.540	-0.073	2	1	SLVR_GPS
238.432	36.873	-24.621	27.570	0.600	0.600	0.004	2	1	77RT_GPS
238.434	37.755	-12.518	8.169	0.700	0.800	0.012	2	1	MEDA_GPS
238.444	37.477	-13.980	9.166	0.500	0.500	0.001	2	1	MOCH_GPS
238.460	40.980	-4.151	9.623	1.000	1.000	-0.004	2	1	PITR_GPS
238.470	41.720	-5.975	4.723	0.500	0.500	0.009	2	1	M504_GPS
238.490	42.250	-1.819	5.122	0.800	1.000	-0.042	2	1	HILD_GPS
238.493	41.712	-3.800	4.679	0.800	1.000	-0.003	2	1	P672_PBO
238.510	41.616	-5.803	3.379	1.300	1.400	-0.010	2	1	P674_PBO
238.516	35.992	-29.539	36.375	1.040	1.030	0.004	3	1	0509_GPS
238.530	40.816	-7.069	5.717	1.181	0.843	0.011	2	1	HCRO_PBO
238.536	37.755	-10.840	7.678	0.500	0.500	0.000	2	1	P257_PBO
238.537	36.954	-19.068	18.578	0.700	1.000	0.000	2	1	P242_PBO
238.538	36.909	-17.296	20.538	0.700	0.700	-0.124	2	1	RAIL_BVU
238.540	41.430	-5.598	3.621	0.400	0.400	-0.024	2	1	ROUN_GPS
238.571	36.493	-29.288	34.828	0.700	0.600	-0.003	3	1	05VE_GPS
238.574	47.735	3.630	3.100	0.540	0.560	0.002	2	1	B059_GPS
238.600	41.050	-10.131	3.818	1.000	1.000	0.000	2	1	MCAR_GPS
238.608	47.388	2.930	2.350	1.070	1.330	0.009	2	1	HYAK_GPS
238.612	38.116	-10.327	5.976	0.800	0.900	-0.067	2	1	P273_PBO
238.625	37.508	-13.046	8.312	0.500	0.600	0.009	2	1	OSR1_GPS
238.634	44.823	0.930	3.120	0.570	0.710	0.004	2	1	Y502_GPS
238.645	37.011	-13.566	9.076	0.500	0.500	-0.001	2	1	P244_PBO
238.650	42.410	-1.388	2.917	0.800	1.000	0.002	2	1	J288_GPS
238.672	45.783	2.290	2.310	0.970	0.970	-0.028	2	1	GWEN_GPS
238.675	36.793	-12.203	12.496	0.600	0.600	-0.014	2	1	05YF_GPS
238.677	36.420	-26.289	36.596	0.800	0.700	0.256	3	1	0512_GPS
238.700	46.873	2.080	3.080	0.550	0.620	-0.010	2	1	SPIL_GPS
238.701	36.900	-11.875	9.589	0.600	0.600	0.032	2	1	TURK_GPS
238.710	41.100	-9.916	7.514	0.900	0.900	-0.005	2	1	FRAZ_GPS
238.712	37.008	-14.048	12.685	0.600	0.600	0.002	2	1	PACH_GPS
238.716	35.665	-29.395	37.577	1.000	1.010	-0.001	3	1	BLAN_GPS
238.720	44.060	0.260	3.327	0.602	0.585	0.002	2	1	PIBU_GPS
238.730	36.696	-17.318	19.780	0.900	0.900	-0.053	2	1	05WF_GPS
238.731	48.674	2.810	2.340	0.610	0.620	-0.028	2	1	G370_GPS
238.742	41.671	-2.440	4.050	1.580	1.610	-0.001	2	1	0209_GPS
238.785	38.322	-11.319	6.473	1.200	1.300	0.000	2	1	P275_PBO
238.790	42.440	-2.272	1.111	1.000	1.000	-0.065	2	1	TUFF_GPS
238.799	36.294	-27.701	35.660	1.100	0.900	-0.042	3	1	OSI2_GPS
238.803	44.269	-0.620	4.170	1.310	1.270	0.013	2	1	F735_GPS
238.812	36.560	-28.581	33.572	1.100	1.100	-0.058	3	1	P247_PBO
238.816	36.571	-29.534	34.854	0.900	0.900	0.003	3	1	05WG_GPS
238.822	37.464	-11.326	7.652	0.500	0.500	-0.036	2	1	H104_GPS
238.825	45.618	1.390	3.340	0.350	0.410	-0.014	2	1	DALL_GPS
238.829	47.232	4.950	4.160	0.470	0.480	-0.001	2	1	EASN_GPS
238.850	39.630	-7.552	6.409	1.400	0.900	-0.046	2	1	LUMP_GPS
238.863	36.161	-29.594	35.271	1.000	0.700	0.000	3	1	QCYN_PBO
238.865	36.426	-28.885	32.871	1.100	1.100	-0.041	3	1	P175_PBO
238.867	46.629	2.580	2.700	0.810	0.750	0.003	2	1	FALL_GPS
238.872	44.634	0.050	1.950	0.660	0.830	-0.038	2	1	SKYO_GPS
238.899	37.433	-12.049	4.470	0.900	0.400	-0.044	2	1	P259_PBO
238.900	42.430	-0.963	1.607	1.100	1.000	0.002	2	1	ROCO_GPS
238.905	38.645	-10.807	7.070	0.600	0.500	-0.044	2	1	P276_PBO
238.910	44.210	1.523	6.907	0.800	0.800	-0.044	2	1	DRYX_GPS
238.916	37.711	-11.540	7.570	1.200	0.600	0.012	2	1	P260_PBO
238.932	48.730	0.456	3.769	1.200	1.300	-0.031	2	1	P444_PBO
238.936	36.612	-11.878	7.569	1.100	1.100	0.026	2	1	P249_PBO
238.939	35.711	-29.210	35.569	0.600	0.700	-0.013	3	1	P278_PBO
238.940	37.080	-11.897	7.916	0.500	0.500	-0.014	2	1	ONIE_GPS
238.942	37.170	-11.358	7.869	0.500	0.600	-0.146	2	1	P252_PBO
238.960	41.510	-7.652	4.905	0.700	0.800	0.000	2	1	02SS_GPS
238.973	42.393	-3.400	4.720	0.690	0.820	-0.013	2	1	V357_GPS
238.980	39.730	-7.631	4.604	1.200	0.900	0.004	2	1	HELI_GPS
238.997	35.552	-29.415	34.268	0.600	1.700	-0.020	3	1	P067_PBO
239.004	36.410	-10.644	13.498	1.000	0.700	-0.059	2	1	05UH_GPS
239.019	36.417	-12.585	12.467	1.200	1.200	-0.014	2	1	P285_PBO
239.049	38.090	-9.825	7.767	0.600	0.700	-0.001	2	1	P309_PBO
239.050	41.180	-6.178	8.602	1.000	0.900	0.015	2	1	ADIN_GPS
239.053	44.920	0.360	2.598	0.532	0.550	0.048	2	1	JUNC_GPS
239.060	39.970	-9.600	6.301	0.400	0.400	-0.011	2	1	QUIN_GPS
239.067	46.844	1.089	1.466	1.700	1.800	-0.013	2	1	P065_PBO
239.070	44.260	0.043	3.001	0.800	0.800	0.030	2	1	HSTN_GPS
239.093	35.933	-29.601	31.566	0.500	0.300	0.009	3	1	P284_PBO
239.121	36.140	-29.994	32.065	0.900	0.700	-0.036	3	1	P288_PBO
239.130	35.636	-26.911	35.465	0.500	1.300	-0.014	3	1	P526_PBO
239.135	44.301	-0.430	4.190	0.580	0.550	0.011	2	1	PRIN_GPS
239.158	35.697	-27.109	33.764	0.300	0.700	0.010	3	1	P295_PBO
239.168	35.359	-28.812	36.108	0.820	0.860	0.034	3	1	BLHL_GPS
239.192	35.426	-29.918	34.063	1.600	1.600	0.022	3	1	P525_PBO
239.194	40.419	-6.342	3.863	1.300	1.400	-0.026	2	1	P148_PBO
239.230	43.010	-3.527	3.277	0.628	0.600	-0.026	2	1	W072_GPS
239.256	45.475	0.420	3.060	0.600	0.620	0.016	2	1	A545_GPS
239.257	36.806	-10.870	8.362	0.500	0.300	-0.025	2	1	P301_PBO
239.279	38.340	-11.357	7.015	0.600	0.600	0.022	2	1	JAST_GPS
239.280	42.260	-3.447	3.993	0.900	0.900	-0.020	2	1	PL20_GPS
239.295	37.054	-11.061	8.561	0.500	0.400	-0.023	2	1	P303_PBO
239.300	41.490	-2.624	3.292	0.900	0.900	-0.023	2	1	HOTC_GPS
239.302	35.386	-27.448	34.942	0.920	0.960	-0.011	3	1	TESS_GPS
239.307	38.829	-12.198	7.061	1.300	1.300	-0.024	2	1	P140_PBO
239.310	43.170	-1.649	2.392	0.900	0.900	-0.022	2	1	7MIR_GPS
239.318	34.469	-32.739	34.162	0.850	0.900	-0.020	3	1	HARV_GPS
239.328	45.590	0.245	2.560	0.600	0.500	-0.026	2	1	P445_PBO
239.330	40.420	-6.131	4.191	1.400	0.900	-0.025	2	1	N843_GPS
239.335	47.768	1.730	2.530	0.520	0.550	0.014	2	1	1882_GPS
239.356	37.795	-12.434	7.260	1.200	1.300	0.003	2	1	P306_PBO
239.360	43.290	-1.332	2.690	0.900	1.000	-0.018	2	1	L091_GPS
239.373	34.571	-29.703	36.709	1.320	1.230	-0.001	3	1	RUS1_GPS
239.380	44.310	-0.723	2.289	1.000	1.100	-0.025	2	1	C753_GPS
239.381	36.635	-12.175	8.559	0.500	0.300	0.001	2	1	P302_PBO
239.383	34.593	-31.057	35.479	1.350	1.230	-0.014	3	1	ALVA_GPS
239.390	40.450	-6.223	4.089	1.100	0.900	-0.016	2	1	E843_GPS
239.394	34.894	-30.686	35.288	0.970	0.960	0.014	3	1	LOSP_GPS
239.408	47.559	3.290	2.680	1.250	0.950	-0.020	2	1	E518_GPS
239.410	42.200	-3.441	2.688	0.900	1.000	-0.032	2	1	OREG_GPS
239.427	35.456	-27.432	33.707	0.870	0.910	-0.024	3	1	BARR_GPS
239.430	40.550	-7.809	3.588	1.000	0.900	-0.009	2	1	Q837_GPS
239.448	35.974	-29.398	34.258	0.500	0.600	-0.018	3	1	P297_PBO
239.451	42.704	-2.220	2.590	0.780	0.920	-0.025	2	1	PAIS_GPS
239.455	35.328	-27.421	33.257	1.400	1.400	-0.025	3	1	P528_PBO
239.457	36.089	-8.994	12.057	1.400	1.500	-0.025	2	1	P293_PBO
239.458	35.945	-23.488	30.760	0.500	0.500	-0.017	3	1	PKDB_GPS
239.460	43.390	-0.312	3.786	0.900	1.000	-0.022	2	1	F091_GPS
239.461	47.000	1.550	2.210	0.370	0.380	-0.021	2	1	LINH_GPS
239.479	47.012	2.780	1.420	0.590	0.550	-0.018	2	1	WILS_GPS
239.491	44.353	-0.950	1.840	1.370	1.120	-0.011	2	1	G753_GPS
239.500	40.630	-5.295	5.385	0.800	0.700	-0.032	2	1	HUSG_GPS
239.520	35.625	-25.910	31.456	0.500	0.800	-0.020	3	1	P530_PBO
239.521	35.867	-23.201	29.556	0.400	0.300	-0.023	3	1	HOGS_PBO
239.547	35.552	-25.419	32.082	0.840	0.870	-0.025	3	1	ALMO_GPS
239.557	35.833	-23.602	28.855	0.400	0.300	-0.043	3	1	MASW_PBO
239.560	36.123	-9.692	11.055	1.100	1.100	-0.034	2	1	P294_PBO
239.575	48.594	0.700	1.770	0.950	0.920	-0.018	2	1	A515_GPS
239.580	44.400	0.406	3.082	1.000	1.300	-0.001	2	1	M753_GPS
239.590	35.011	-29.231	32.354	1.300	1.300	-0.004	3	1	P514_PBO
239.610	38.030	-11.429	7.847	0.386	0.383	0.000	2	1	CMBB_GPS
239.617	35.106	-30.028	30.554	0.600	0.600	0.011	3	1	P516_PBO
239.622	42.469	-2.466	3.354	1.100	0.900	0.004	2	1	P388_PBO
239.629	35.748	-22.805	29.153	1.100	1.100	0.005	3	1	P533_PBO
239.636	36.052	-8.994	13.653	1.500	1.500	0.005	2	1	P296_PBO
239.643	36.739	-11.270	9.053	0.600	0.700	0.049	2	1	P304_PBO
239.646	36.501	-7.627	10.478	1.240	1.050	0.011	2	1	0607_GPS
239.649	34.038	-31.665	36.453	0.300	0.300	0.016	3	1	MIG1_PBO
239.652	35.544	-24.912	29.853	1.200	1.200	-0.009	3	1	P280_PBO
239.654	35.607	-24.847	30.578	1.090	1.010	0.003	3	1	H623_GPS
239.660	40.560	-7.588	3.979	1.000	1.000	0.000	2	1	BISC_GPS
239.666	38.736	-11.199	8.353	1.600	1.700	0.006	2	1	P310_PBO
239.674	47.480	2.650	1.640	0.970	1.000	-0.004	2	1	OHME_GNI
239.680	39.320	-9.112	6.778	0.700	0.600	0.007	2	1	UU83_GPS
239.690	43.430	-0.187	2.977	0.800	0.900	0.022	2	1	Y090_GPS
239.697	41.902	-4.750	3.660	0.510	0.510	0.005	2	1	MODB_1PS
239.700	34.960	-29.106	34.176	1.530	1.430	0.007	3	1	7HLI_GPS
239.701	35.346	-25.740	30.556	1.140	1.080	0.000	3	1	POZO_GPS
239.706	36.016	-9.195	13.552	1.600	1.600	0.002	2	1	P298_PBO
239.707	35.583	-24.155	29.526	1.420	1.030	0.002	3	1	L623_GPS
239.723	36.304	-14.085	7.451	0.300	0.300	0.004	2	1	P300_PBO
239.733	35.634	-22.809	27.751	0.300	0.400	0.003	3	1	P532_PBO
239.739	35.605	-23.409	27.394	0.830	0.860	0.005	3	1	REDH_GPS
239.740	41.550	-5.379	4.076	0.900	0.900	0.007	2	1	CEDR_GPS
239.743	34.798	-31.031	34.814	1.260	1.160	0.003	3	1	LAMO_GPS
239.744	48.508	-0.380	3.770	0.500	0.530	0.033	2	1	R378_GPS
239.750	40.130	-7.124	4.575	1.000	0.900	0.026	2	1	02EX_GPS
239.760	34.871	-30.435	31.150	1.100	1.100	-0.003	3	1	P515_PBO
239.770	40.590	-6.749	4.175	0.335	0.333	-0.001	2	1	SHIN_GPS
239.780	45.000	-0.750	2.150	0.920	0.920	-0.035	2	1	FOSS_GPS
239.782	44.631	-1.390	1.910	0.800	0.820	0.002	2	1	U73H_GPS
239.785	45.745	0.760	2.130	1.300	1.510	0.030	2	1	H428_GPS
239.801	34.502	-29.833	33.182	1.030	0.980	-0.039	3	1	GAVI_GPS
239.803	37.352	-11.248	7.849	0.500	0.500	0.021	2	1	P305_PBO
239.818	35.703	-15.306	18.949	0.400	0.400	0.002	2	1	P539_PBO
239.820	45.243	1.320	1.930	0.760	0.760	0.004	2	1	E040_GPS
239.845	35.928	-9.598	13.049	0.600	0.700	0.020	2	1	P546_PBO
239.860	39.360	-10.393	6.571	0.700	0.700	-0.010	2	1	A210_GPS
239.867	34.483	-31.648	33.648	0.200	0.300	0.020	3	1	TJRN_PBO
239.869	35.801	-12.402	13.548	0.700	0.800	0.013	2	1	P540_PBO
239.880	43.480	0.036	3.570	0.900	0.900	0.046	2	1	R090_GPS
239.887	35.520	-20.827	25.478	0.950	0.920	0.006	3	1	POSO_GPS
239.888	35.534	-22.011	23.748	1.200	1.200	0.005	3	1	P538_PBO
239.894	33.951	-30.864	36.098	0.940	0.930	0.013	3	1	SNRI_GPS
239.899	35.235	-26.222	28.747	1.900	1.900	0.030	3	1	P535_PBO
239.930	48.157	0.920	1.450	0.510	0.550	0.034	2	1	S389_GPS
239.933	35.076	-27.400	30.696	0.940	0.930	0.003	3	1	MADC_GPS
239.935	34.004	-31.465	35.646	0.200	0.200	0.007	3	1	SRS1_PBO
239.937	47.656	1.300	1.680	0.600	0.570	0.012	2	1	L387_GPS
239.942	36.947	-12.861	9.646	1.100	0.700	0.020	2	1	P307_PBO
239.953	35.889	-8.686	16.016	0.940	0.930	0.022	2	1	TAR0_GPS
239.960	39.790	-8.841	4.867	0.500	0.500	0.003	2	1	SAGE_GPS
239.975	35.280	-24.620	26.346	1.300	1.400	0.001	3	1	P536_PBO
239.980	41.550	-2.657	3.866	0.700	0.800	-0.002	2	1	ALKA_GPS
239.991	34.733	-30.539	32.045	0.300	0.200	0.035	3	1	FGST_PBO
239.999	35.575	-16.365	19.304	0.960	0.920	0.006	2	1	C616_GPS
240.006	40.245	-5.730	3.482	0.680	0.652	0.012	2	1	0226_GPS
240.010	40.240	-5.730	3.482	0.680	0.652	0.003	2	1	HP26_GPS
240.017	43.590	-2.069	1.357	0.610	0.600	0.009	2	1	0047_GPS
240.018	34.582	-32.544	32.745	0.900	0.500	0.005	3	1	BBDM_PBO
240.020	43.590	-2.069	1.357	0.610	0.600	-0.003	2	1	0047_GPS
240.048	42.098	-3.520	3.680	0.670	0.750	0.004	2	1	G118_GPS
240.064	41.276	-1.907	2.944	2.000	2.000	0.000	2	1	P017_PBO
240.065	35.317	-22.018	23.644	1.200	1.400	-0.011	3	1	P537_PBO
240.070	42.930	-1.952	2.852	0.507	0.510	-0.006	2	1	JUNI_GPS
240.080	39.110	-9.800	6.362	0.500	0.500	0.002	2	1	P208_GPS
240.091	35.935	-9.796	11.443	0.500	0.600	0.007	2	1	P547_PBO
240.120	34.415	-30.649	29.242	0.300	0.200	0.002	3	1	COPR_PBO
240.143	44.119	-0.810	2.270	0.480	0.510	0.002	2	1	J090_GPS
240.146	35.603	-12.631	15.518	0.920	0.890	0.000	2	1	P807_GPS
240.150	42.120	-2.583	0.159	1.000	1.000	0.004	2	1	K589_GPS
240.162	35.003	-27.296	28.747	0.980	1.000	0.016	3	1	0504_GPS
240.177	45.813	-0.040	2.420	0.490	0.540	0.021	2	1	D639_GPS
240.189	47.242	1.720	1.550	0.760	0.740	0.015	2	1	C033_GPS
240.210	39.370	-9.562	6.057	0.400	0.400	-0.023	2	1	MAGU_GPS
240.215	34.029	-30.977	35.222	0.579	0.572	0.004	3	1	CRU1_PBO
240.220	41.000	-5.693	2.657	0.700	0.800	0.004	2	1	P515_GPS
240.230	39.100	-10.088	6.156	0.700	0.600	-0.002	2	1	A250_GPS
240.234	35.414	-13.755	16.684	1.390	1.190	0.003	2	1	GOUD_GPS
240.247	33.995	-29.811	34.414	0.920	0.920	0.001	3	1	CENT_GPS
240.254	37.089	-10.655	8.739	1.500	1.600	0.000	2	1	P725_PBO
240.262	35.731	-12.103	11.239	0.500	0.600	0.003	2	1	P544_PBO
240.263	48.394	0.230	1.540	0.870	0.840	0.004	2	1	ROSW_GPS
240.273	46.578	0.720	1.710	0.550	0.610	-0.002	2	1	B317_GPS
240.278	39.908	-4.855	4.839	1.600	1.700	0.001	2	1	P139_PBO
240.286	34.823	-28.409	29.722	0.890	0.920	0.003	3	1	SALI_GPS
240.287	35.319	-16.017	17.038	1.200	1.300	0.015	2	1	P543_PBO
240.300	39.280	-7.764	6.353	0.800	0.900	0.002	2	1	10BB_GPS
240.340	39.850	-5.802	4.052	0.500	0.500	0.003	2	1	43JD_GPS
240.360	38.330	-8.156	8.351	1.200	0.900	-0.008	2	1	1008_GPS
240.369	46.260	0.375	1.437	0.800	0.800	0.003	2	1	P449_PBO
240.372	44.623	-0.800	1.140	0.670	0.670	0.002	2	1	JONY_GPS
240.376	41.358	-4.002	3.036	0.600	0.600	0.007	2	1	P145_PBO
240.380	49.320	1.065	1.366	0.353	0.361	-0.002	2	1	DRAO_GPS
240.400	39.499	-7.369	4.336	0.600	0.600	0.000	2	1	P127_PBO
240.451	45.344	-0.170	2.110	0.530	0.570	-0.001	2	1	CBL1_GPS
240.456	45.953	0.364	1.535	0.600	0.400	-0.004	2	1	P450_PBO
240.460	39.080	-6.671	4.847	0.600	0.500	-0.002	2	1	V209_GPS
240.463	39.698	-6.561	4.334	0.800	0.600	0.003	2	1	P095_PBO
240.511	34.928	-23.616	23.373	1.200	1.140	-0.002	3	1	CUYA_GPS
240.513	47.404	0.317	0.433	0.600	0.500	0.003	2	1	P452_PBO
240.516	34.852	-25.237	25.103	1.040	0.980	0.000	3	1	YAM2_GPS
240.520	42.020	-4.260	1.844	0.900	1.000	-0.003	2	1	GUAN_GPS
240.521	33.232	-31.040	35.542	0.890	0.910	0.000	3	1	TWIN_GPS
240.530	40.580	-2.810	2.144	0.900	0.900	0.001	2	1	P19A_GPS
240.548	48.694	1.620	0.440	0.870	0.940	0.001	2	1	TONA_GPS
240.568	34.960	-21.149	21.191	0.900	0.910	-0.006	3	1	PATW_GPS
240.579	35.419	-13.812	12.132	0.700	0.600	-0.003	2	1	P563_PBO
240.581	41.173	-4.190	2.250	0.700	0.730	0.000	2	1	74LR_GPS
240.590	39.350	-6.932	5.342	0.600	0.700	0.002	2	1	A275_GPS
240.606	35.398	-13.590	13.059	0.880	0.880	0.001	2	1	FIBR_GPS
240.629	34.408	-29.647	27.031	0.200	0.300	0.000	3	1	CSST_PBO
240.637	34.015	-30.861	35.831	0.400	1.200	0.002	3	1	ANA1_PBO
240.640	40.420	-5.417	2.740	0.400	0.400	-0.001	2	1	GARL_GPS
240.646	41.997	-3.740	2.470	0.660	0.700	0.014	2	1	LOPE_GPS
240.647	34.683	-28.787	24.343	0.644	0.634	0.001	3	1	OZST_PBO
240.652	35.157	-18.321	14.630	0.200	0.200	-0.001	2	1	BVPP_PBO
240.663	47.185	0.580	0.950	0.450	0.480	0.005	2	1	LSII_GPS
240.674	34.600	-29.241	21.430	1.700	1.700	0.006	3	1	P549_PBO
240.690	37.170	-11.115	8.876	0.379	0.393	0.011	2	1	MUSB_GPS
240.700	34.636	-27.650	24.475	0.970	0.950	-0.002	3	1	MUNS_GPS
240.712	36.289	-10.836	11.815	1.000	1.020	-0.004	2	1	0609_GPS
240.736	34.566	-29.500	25.324	1.290	1.170	0.000	3	1	0102_GPS
240.760	41.880	-1.653	1.735	0.700	0.800	0.001	2	1	OBSD_GPS
240.762	34.276	-31.052	29.428	0.200	0.500	0.004	3	1	VNCO_PBO
240.763	35.744	-14.300	7.828	0.700	1.400	-0.010	2	1	P565_PBO
240.771	36.324	-11.980	8.127	0.400	0.600	-0.001	2	1	P566_PBO
240.800	39.940	-5.853	2.733	0.400	0.400	-0.005	2	1	FLRN_GPS
240.810	39.430	-4.905	5.233	0.600	0.700	0.003	2	1	A290_GPS
240.812	34.441	-28.446	25.027	0.300	0.300	-0.004	3	1	HVYS_PBO
240.816	34.541	-28.342	24.126	0.300	0.500	0.000	3	1	RSVY_PBO
240.820	38.080	-6.943	9.832	1.000	0.800	-0.017	2	1	CNWY_GPS
240.821	35.002	-15.354	17.630	1.070	1.100	-0.001	2	1	J976_GPS
240.845	34.856	-22.431	17.626	1.800	2.000	-0.008	3	1	P551_PBO
240.859	34.499	-27.543	23.625	0.300	0.300	0.022	3	1	NHRG_PBO
240.870	40.770	-7.461	2.530	1.000	0.800	-0.002	2	1	TRGO_GPS
240.882	36.738	-9.374	11.598	1.100	1.030	-0.004	2	1	0605_GPS
240.896	34.734	-24.689	21.027	1.140	1.170	-0.007	3	1	LVMS_GPS
240.910	38.050	-11.139	8.428	0.500	0.500	-0.006	2	1	DECH_GPS
240.914	37.786	-11.527	8.624	1.700	1.700	0.001	2	1	P632_PBO
240.920	38.160	-11.227	7.128	1.100	0.900	0.000	2	1	H130_GPS
240.931	39.486	-4.367	3.424	1.700	1.700	-0.006	2	1	P128_PBO
240.934	43.585	-1.870	1.120	0.720	0.760	-0.009	2	1	TOMB_GPS
240.936	34.320	-29.249	30.324	0.300	0.300	-0.003	3	1	SOMT_PBO
240.937	36.027	-13.189	5.724	0.500	1.100	-0.003	2	1	P056_PBO
240.940	39.580	-4.579	3.427	0.500	0.400	0.000	2	1	BLAB_GPS
240.950	41.880	-3.636	-0.973	0.800	1.000	-0.001	2	1	F067_GPS
240.959	33.472	-31.318	35.145	0.930	0.980	-0.003	3	1	SBIS_GPS
240.961	34.168	-29.354	30.923	0.300	0.200	-0.002	3	1	CSCI_PBO
240.969	45.499	0.670	1.690	0.870	0.870	-0.001	2	1	PAUL_GPS
240.970	33.480	-30.978	33.823	0.200	0.300	-0.002	3	1	BAR1_PBO
240.980	41.870	-3.519	2.599	0.346	0.346	-0.004	2	1	SHLD_GPS
240.981	37.800	-9.826	8.623	1.700	1.800	-0.011	2	1	P648_PBO
240.990	34.440	-29.341	26.294	1.260	1.280	-0.001	3	1	SNP2_GPS
240.993	46.621	0.310	1.500	0.560	0.520	0.002	2	1	MESA_GPS
241.000	37.613	-6.433	8.422	1.600	1.600	0.005	2	1	P630_PBO
241.007	47.954	2.540	-1.278	1.400	1.500	-0.002	2	1	P454_PBO
241.010	42.720	-3.442	0.524	0.800	0.700	-0.002	2	1	LOOP_GPS
241.014	47.971	1.360	-0.040	1.190	1.100	-0.010	2	1	CRWN_GPS
241.016	35.011	-17.225	16.522	0.200	0.300	-0.012	2	1	WGPP_PBO
241.039	44.410	-1.660	1.910	0.740	0.710	-0.011	2	1	OGIL_GPS
241.042	45.138	0.500	1.260	0.690	0.830	-0.012	2	1	FORE_GPS
241.060	39.510	-6.076	3.522	0.600	0.600	-0.013	2	1	B200_GPS
241.062	39.268	-4.174	4.021	1.600	1.700	-0.002	2	1	P130_PBO
241.063	34.110	-29.156	30.321	0.300	0.200	-0.010	3	1	CIRX_PBO
241.068	35.223	-12.850	11.241	1.160	1.250	-0.009	2	1	WEED_GPS
241.070	38.981	-5.384	4.021	1.600	1.600	-0.010	2	1	P134_PBO
241.080	38.330	-5.596	6.721	1.300	0.800	-0.002	2	1	AURO_GPS
241.107	34.800	-20.907	19.999	1.010	1.030	-0.011	3	1	FZHS_GPS
241.116	34.356	-28.247	28.820	0.300	0.300	-0.007	3	1	FMVT_PBO
241.121	34.835	-19.730	17.319	0.400	0.500	-0.007	2	1	P553_PBO
241.130	39.490	-5.772	2.419	0.800	0.700	-0.012	2	1	B210_GPS
241.131	37.655	-6.631	7.219	1.700	1.700	0.001	2	1	P639_PBO
241.150	41.890	-2.418	2.718	0.800	0.900	0.001	2	1	N067_GPS
241.152	34.792	-19.632	19.319	1.400	1.400	0.004	2	1	P554_PBO
241.170	34.157	-29.142	30.306	0.860	0.890	-0.011	3	1	AOA1_GPS
241.180	37.677	-5.230	7.518	1.600	1.700	-0.003	2	1	P646_PBO
241.183	37.591	-13.033	2.218	1.600	1.600	-0.012	2	1	P642_PBO
241.190	37.980	-9.723	10.317	0.800	0.800	-0.075	2	1	HORU_GPS
241.200	39.630	-6.647	3.055	0.342	0.323	-0.008	2	1	UPSA_GPS
241.230	38.420	-6.774	6.315	1.100	0.800	-0.008	2	1	LUCK_GPS
241.233	36.231	-10.681	8.517	0.500	0.900	-0.011	2	1	P571_PBO
241.245	34.460	-26.543	23.517	0.300	0.400	-0.004	3	1	SFDM_PBO
241.246	35.421	-12.609	10.017	0.400	0.400	0.000	2	1	P567_PBO
241.250	40.860	-7.218	0.514	1.200	0.900	-0.003	2	1	PERS_GPS
241.255	47.759	0.534	0.216	0.600	0.500	-0.003	2	1	P453_PBO
241.259	34.569	-24.969	21.394	0.514	0.494	-0.001	3	1	WKPK_GPS
241.264	37.903	-5.421	7.216	1.800	1.800	-0.004	2	1	P649_PBO
241.270	48.675	0.568	-0.084	0.500	0.800	0.005	2	1	P021_PBO
241.271	40.848	-4.540	2.720	0.880	0.910	-0.003	2	1	B073_GPS
241.287	47.761	1.380	0.680	1.120	0.850	-0.014	2	1	S509_GPS
241.300	40.000	-6.604	2.512	0.500	0.500	-0.011	2	1	RATT_GPS
241.302	37.562	-2.233	7.815	1.600	1.700	-0.010	2	1	P643_PBO
241.324	34.236	-27.485	30.340	0.880	0.910	-0.010	3	1	ROCK_GPS
241.330	35.138	-13.951	13.440	0.990	1.080	0.007	2	1	RSPG_GPS
241.340	35.089	-13.584	14.700	1.220	1.310	-0.009	2	1	JACK_GPS
241.341	48.698	1.080	0.970	0.930	0.650	-0.003	2	1	KELL_GPS
241.344	34.944	-16.026	14.014	0.600	0.500	-0.013	2	1	P557_PBO
241.350	39.400	-8.063	2.510	0.800	0.700	-0.007	2	1	B220_GPS
241.354	34.059	-28.523	29.879	0.870	0.900	-0.008	3	1	SPK1_GPS
241.359	34.257	-27.810	29.939	0.840	0.870	-0.016	3	1	CHT3_GPS
241.375	35.274	-12.295	12.778	0.960	1.020	0.003	2	1	0617_GPS
241.382	34.839	-15.629	16.113	0.600	0.600	-0.002	2	1	P559_PBO
241.387	34.517	-25.611	21.425	0.606	0.610	-0.002	3	1	CTDM_PBO
241.388	35.139	-13.519	12.213	1.200	1.200	0.004	2	1	P558_PBO
241.399	34.331	-28.021	26.197	0.810	0.840	-0.013	3	1	PICO_GNR
241.411	46.973	0.620	1.760	0.520	0.520	-0.009	2	1	CC25_GPS
241.434	47.002	0.108	0.812	0.200	0.300	0.000	2	1	P020_PBO
241.438	34.179	-26.753	30.876	0.990	1.000	-0.013	3	1	OXCO_GPS
241.440	40.070	-6.185	2.106	0.600	0.600	0.001	2	1	LOLA_GPS
241.445	37.891	-5.421	6.612	1.700	1.800	-0.010	2	1	P650_PBO
241.455	34.771	-15.431	15.712	0.700	0.800	-0.008	2	1	P556_PBO
241.457	34.202	-26.457	30.475	0.990	1.000	-0.014	3	1	MCDS_GPS
241.459	34.822	-16.529	17.812	0.400	0.500	-0.001	2	1	P560_PBO
241.470	45.600	-0.370	1.030	1.080	0.920	0.006	2	1	BIGH_GPS
241.476	34.254	-27.004	26.394	0.900	0.930	-0.012	3	1	CSN1_GPS
241.481	32.927	-30.585	35.334	0.880	0.910	-0.014	3	1	BLUF_GPS
241.486	34.126	-27.254	28.011	0.300	0.300	-0.005	3	1	VIMT_PBO
241.489	34.258	-24.993	26.514	1.110	1.160	0.002	3	1	DELO_GPS
241.512	32.914	-31.659	33.573	0.970	0.990	-0.001	3	1	SCIP_GPS
241.513	35.033	-14.194	14.873	1.110	1.200	-0.002	2	1	DBL1_GPS
241.515	34.293	-26.401	24.246	0.561	0.566	-0.001	3	1	VNCX_PBO
241.528	37.737	-3.826	6.310	1.700	1.800	-0.010	2	1	P653_PBO
241.529	45.813	-0.240	0.450	0.520	0.510	-0.011	2	1	ATHE_GPS
241.540	38.725	-3.591	4.210	1.600	1.600	-0.003	2	1	P133_PBO
241.549	43.216	-2.620	1.230	0.730	0.720	-0.013	2	1	A699_GPS
241.558	34.069	-27.226	27.771	0.860	0.890	0.001	3	1	UCLP_GPS
241.572	33.958	-27.816	28.301	1.160	1.180	-0.019	3	1	WRHS_GPS
241.580	39.150	-7.769	3.300	0.600	0.700	-0.010	2	1	SNDS_GPS
241.585	35.158	-12.517	13.109	0.200	0.200	-0.011	2	1	THCP_PBO
241.589	34.353	-26.280	24.490	0.870	0.900	-0.012	3	1	CMP9_GPS
241.591	35.134	-10.199	13.550	1.080	1.210	-0.007	2	1	SUMT_GPS
241.595	33.407	-29.362	33.790	0.860	0.920	0.000	3	1	BRSH_GPS
241.610	38.540	-3.030	2.899	1.000	0.900	0.022	2	1	X360_GPS
241.613	37.563	-5.932	6.108	1.700	1.800	-0.001	2	1	P651_PBO
241.618	47.127	0.550	1.620	0.960	1.150	-0.004	2	1	CTHS_GPS
241.621	37.973	-4.717	5.908	1.700	1.700	0.002	2	1	P627_PBO
241.628	33.779	-27.745	29.748	1.120	1.140	-0.004	3	1	PVHS_GPS
241.629	40.015	-5.460	1.500	1.330	0.930	-0.005	2	1	WILD_GPS
241.630	40.020	-5.374	4.098	0.700	0.700	-0.002	2	1	WILD_GPS
241.651	34.024	-27.257	26.607	0.400	0.400	-0.003	3	1	DSHS_PBO
241.666	33.312	-29.881	32.007	0.200	0.200	-0.003	3	1	CAT2_PBO
241.669	33.798	-28.521	30.387	0.910	0.940	-0.005	3	1	TORP_GPS
241.678	34.135	-27.511	25.886	0.860	0.890	-0.002	3	1	LEEP_GPS
241.680	39.040	-5.372	1.096	0.900	0.700	-0.009	2	1	SHEL_GPS
241.690	39.270	-4.848	2.395	0.900	0.600	-0.009	2	1	BX46_GPS
241.700	43.170	-2.030	-1.405	0.900	1.000	-0.004	2	1	U698_GPS
241.705	35.121	-11.336	14.025	1.210	1.320	0.003	2	1	PAJA_GPS
241.712	36.979	-8.809	7.734	1.050	1.030	-0.006	2	1	ABER_GPS
241.720	39.400	-5.531	1.594	0.700	0.700	-0.013	2	1	MOND_GPS
241.750	40.940	-4.666	0.093	1.500	0.900	0.080	2	1	J74X_GPS
241.755	34.629	-19.131	19.353	1.150	1.170	-0.014	2	1	QHTP_GPS
241.767	34.072	-26.954	24.505	0.300	0.300	-0.003	3	1	PKRD_PBO
241.770	38.530	-3.718	3.292	0.600	0.600	-0.003	2	1	LIZZ_GPS
241.790	39.110	-6.256	3.391	0.600	0.600	-0.009	2	1	SLR1_GPS
241.793	34.129	-27.186	24.512	1.150	1.170	-0.006	3	1	OXYC_GPS
241.800	41.450	-2.607	1.090	0.800	1.000	-0.002	2	1	BLAC_GPS
241.807	34.875	-12.826	15.804	0.200	0.200	0.009	2	1	RSTP_PBO
241.810	40.120	-5.148	1.190	0.900	0.900	-0.010	2	1	G298_GPS
241.812	34.293	-25.647	23.304	0.300	0.300	-0.008	3	1	BTDM_PBO
241.815	36.781	-6.608	8.591	1.220	1.010	-0.002	2	1	INDE_GPS
241.830	39.290	-4.234	1.389	0.900	0.700	0.003	2	1	B270_GPS
241.841	39.212	-3.772	2.503	1.500	1.600	-0.008	2	1	P099_PBO
241.843	35.087	-10.619	14.400	0.970	1.000	0.004	2	1	PORT_GPS
241.845	48.278	-0.600	0.010	1.290	1.710	-0.005	2	1	FERR_GPS
241.850	39.230	-3.438	1.388	0.600	0.600	0.002	2	1	F279_GPS
241.860	39.670	-5.891	3.488	0.800	0.900	-0.006	2	1	B387_GPS
241.868	36.466	-9.532	9.371	1.010	0.980	0.005	2	1	3188_GPS
241.870	39.000	-4.361	1.987	0.700	0.600	0.006	2	1	AGGI_GPS
241.873	34.137	-26.016	24.639	0.840	0.870	-0.004	3	1	CIT1_GPS
241.879	34.502	-22.268	20.548	1.120	1.150	-0.005	3	1	VNPS_GPS
241.882	36.976	-8.152	5.202	1.600	1.700	-0.004	2	1	P468_PBO
241.891	34.089	-24.239	24.478	1.190	1.210	-0.012	3	1	SGHS_GPS
241.900	35.494	-11.460	11.698	0.700	0.702	-0.008	2	1	GS02_GPS
241.905	33.962	-28.858	30.001	0.300	0.500	-0.010	3	1	BKMS_PBO
241.923	43.744	-1.810	1.120	1.200	0.840	-0.003	2	1	GENT_GPS
241.926	35.878	-9.990	11.501	0.300	0.600	-0.004	2	1	BEPK_PBO
241.930	38.690	-3.788	2.785	1.000	0.900	-0.007	2	1	A435_GPS
241.940	39.200	-4.734	1.584	0.600	0.600	-0.005	2	1	MN54_GPS
241.954	37.737	-4.824	5.324	1.170	1.170	-0.009	2	1	FISH_GPS
241.960	39.040	-4.249	2.883	0.600	0.600	0.000	2	1	POST_GPS
241.970	40.940	-4.347	1.283	1.000	0.800	0.000	2	1	BELL_GPS
241.974	34.333	-24.406	22.685	0.840	0.880	0.000	3	1	CHIL_GPS
241.980	41.410	-2.096	2.183	0.600	0.700	-0.024	2	1	SODH_GPS
241.984	35.152	-10.116	12.600	0.500	0.400	0.014	2	1	P591_PBO
241.986	45.232	-0.754	0.900	0.700	0.600	-0.010	2	1	P022_PBO
241.993	42.923	-2.610	0.290	0.880	0.770	-0.001	2	1	TURN_GPS
241.994	35.039	-10.020	12.999	1.200	1.200	-0.015	2	1	P579_PBO
242.013	37.092	-6.940	6.690	1.340	1.340	-0.001	2	1	WAUC_GPS
242.015	39.306	-3.168	0.499	1.700	1.800	-0.006	2	1	P068_PBO
242.031	35.845	-9.902	11.221	0.735	0.737	-0.008	2	1	GS22_GPS
242.035	34.244	-24.847	22.398	0.600	1.100	-0.023	3	1	CGDM_PBO
242.050	39.300	-2.014	4.579	2.000	1.600	-0.001	2	1	B285_GPS
242.077	34.508	-16.703	18.590	0.570	0.619	-0.004	2	1	PBPP_PBO
242.080	38.970	-4.238	1.229	0.444	0.442	-0.005	2	1	GABB_GPS
242.091	33.748	-26.885	29.950	1.090	1.230	-0.005	3	1	FIFT_GPS
242.112	48.541	0.840	0.720	0.440	0.460	-0.008	2	1	Z264_GPS
242.116	34.042	-22.178	24.849	1.400	1.180	-0.003	3	1	SNTZ_GPS
242.135	33.863	-26.296	25.778	1.040	1.070	-0.001	3	1	CCCS_GPS
242.140	34.413	-22.189	20.598	1.110	1.140	-0.002	3	1	DVPB_GPS
242.172	34.640	-14.233	15.395	0.200	0.300	0.001	2	1	CHMS_PBO
242.180	45.297	-0.740	0.820	0.790	1.030	0.003	2	1	COVE_GPS
242.184	33.602	-28.326	30.807	1.240	1.260	-0.001	3	1	SJOA_GPS
242.185	44.833	-0.690	0.350	0.560	0.500	-0.002	2	1	AIRP_GPS
242.188	35.647	-9.495	11.416	0.930	0.940	0.014	2	1	INYO_GPS
242.190	39.150	-3.518	1.173	0.600	0.600	0.003	2	1	BUFF_GPS
242.197	33.618	-26.112	29.436	0.850	0.880	-0.004	3	1	TRAK_GPS
242.235	34.493	-15.780	18.175	1.350	1.050	-0.007	2	1	0705_GLA
242.239	70.736	1.367	0.594	0.700	0.700	-0.015	1	1	HOLM_PBO
242.244	36.217	-7.475	6.811	1.150	1.130	-0.008	2	1	GS35_GPS
242.262	33.914	-25.616	26.334	0.860	0.880	0.006	3	1	SJUA_GPS
242.268	48.208	0.430	1.410	0.870	1.000	-0.004	2	1	K024_GPS
242.271	34.510	-15.637	16.293	0.500	0.500	-0.007	2	1	P581_PBO
242.274	34.137	-24.367	21.493	1.210	1.200	-0.003	3	1	VERN_GPS
242.284	33.554	-28.241	30.663	1.080	0.990	0.003	3	1	KITE_GPS
242.290	39.260	-2.498	-0.031	0.600	0.600	-0.009	2	1	C200_GPS
242.291	33.464	-28.115	30.922	0.950	0.980	-0.004	3	1	DANA_GPS
242.294	35.513	-9.085	11.262	1.380	1.360	-0.001	2	1	PAOS_GPS
242.296	37.201	-6.242	1.792	1.800	1.900	-0.011	2	1	P094_PBO
242.306	34.925	-11.264	14.707	0.587	0.592	-0.002	2	1	PHLB_PBO
242.310	38.770	-5.548	-0.932	1.000	0.900	-0.003	2	1	Z25X_GPS
242.311	34.121	-23.962	22.612	1.070	1.110	-0.003	3	1	PSEB_GPS
242.317	35.339	-8.608	11.892	0.200	0.200	-0.004	2	1	RAMT_PBO
242.320	33.469	-27.775	29.841	0.940	0.960	-0.005	3	1	1202_GPS
242.328	36.094	-9.959	6.074	1.140	1.120	-0.003	2	1	GS34_GPS
242.329	35.565	-9.500	10.492	0.200	0.200	-0.001	2	1	CCCC_PBO
242.339	33.553	-27.570	28.391	0.200	0.200	-0.009	3	1	SBCC_PBO
242.360	40.030	-4.410	0.266	0.600	0.600	-0.003	2	1	LOWE_GPS
242.365	33.444	-28.723	31.060	1.020	1.040	-0.003	3	1	SCMS_GPS
242.368	36.107	-8.190	5.990	1.290	1.300	-0.001	2	1	GS42_GPS
242.386	35.366	-7.998	11.529	1.350	1.150	-0.024	2	1	0806_GPS
242.388	36.497	-6.008	5.568	1.060	1.070	-0.001	2	1	LEEF_GPS
242.390	38.880	-3.330	0.464	0.800	0.800	0.000	2	1	6683_GPS
242.391	33.858	-24.859	25.790	0.200	0.200	-0.002	3	1	CNPP_PBO
242.395	34.362	-17.320	22.048	1.840	1.600	-0.001	2	1	CUTT_GPS
242.400	40.110	-4.799	1.064	0.600	0.600	-0.001	2	1	MCOY_GPS
242.402	33.847	-25.267	26.788	0.920	0.960	-0.001	3	1	OAKD_GPS
242.409	35.083	-10.772	13.997	1.330	1.320	-0.001	2	1	GS50_GPS
242.427	35.072	-9.417	11.889	0.500	0.500	-0.002	2	1	CPBN_PBO
242.430	41.010	-1.999	-0.538	0.800	0.900	-0.003	2	1	BUTN_GPS
242.431	46.486	0.180	1.630	0.630	0.660	-0.002	2	1	C334_GPS
242.435	33.375	-27.443	29.967	0.970	1.020	-0.002	3	1	0301_GPS
242.439	36.519	-5.476	3.964	1.060	1.060	0.000	2	1	FLAT_GPS
242.451	33.975	-24.234	26.006	1.110	1.140	0.000	3	1	LIMP_GPS
242.453	33.884	-24.609	26.506	0.930	0.960	-0.003	3	1	0819_GPS
242.454	36.759	-4.609	3.783	1.040	1.010	0.000	2	1	TEAK_GPS
242.457	34.987	-9.820	12.189	0.400	0.400	-0.004	2	1	P583_PBO
242.458	35.740	-8.598	8.733	1.170	1.170	-0.002	2	1	GS26_GCO
242.459	33.562	-26.470	26.289	0.500	0.600	-0.002	3	1	P471_PBO
242.460	36.532	-5.742	4.442	1.060	1.050	-0.002	2	1	JACK_GPS
242.465	33.709	-25.575	26.776	1.120	1.100	-0.001	3	1	SAN1_GLA
242.470	34.077	-23.348	25.685	1.170	1.200	-0.002	3	1	STEE_GPS
242.471	35.007	-8.908	13.775	1.960	1.480	-0.004	2	1	0805_GPS
242.474	34.104	-23.951	22.688	0.200	0.200	0.001	3	1	EWPP_PBO
242.478	36.050	-7.280	5.840	0.400	0.390	0.001	2	1	ARGU_GLA
242.487	34.018	-22.734	24.555	1.020	1.050	0.002	3	1	SANO_GPS
242.490	39.690	-4.490	0.467	0.481	0.487	0.016	2	1	NEWS_GPS
242.495	35.213	-9.901	12.249	1.320	1.320	-0.002	2	1	FMTH_GPS
242.496	34.212	-20.773	20.564	1.080	1.090	0.034	3	1	SANS_GPS
242.500	36.865	-3.966	3.879	1.020	1.010	0.015	2	1	TINP_GPS
242.521	36.572	-5.277	4.147	1.060	1.050	-0.002	2	1	HUNT_GPS
242.530	40.940	-2.698	0.658	0.900	0.900	-0.002	2	1	GOLC_GPS
242.541	35.584	-8.703	10.695	1.340	1.360	-0.002	2	1	GS48_GPS
242.543	44.578	-1.250	1.380	0.720	0.590	-0.002	2	1	R489_GPS
242.549	34.347	-17.718	18.752	0.910	0.940	0.002	2	1	CAJO_GLA
242.557	34.032	-23.122	24.682	0.920	0.930	-0.002	3	1	JUR3_GPS
242.569	34.635	-14.071	14.932	1.760	1.810	0.001	2	1	DIP0_GPS
242.588	33.648	-25.666	26.886	0.200	0.200	-0.001	3	1	ECFS_PBO
242.590	36.159	-7.078	4.886	1.200	1.300	0.002	2	1	P464_PBO
242.597	35.698	-8.194	7.686	0.600	0.600	0.000	2	1	P595_PBO
242.610	35.897	-8.487	7.385	0.300	0.400	-0.002	2	1	P594_PBO
242.640	36.992	-3.753	2.477	1.030	1.010	-0.001	2	1	GRAP_GPS
242.645	33.620	-25.484	28.329	1.150	1.240	-0.083	3	1	LAKE_GPS
242.647	34.089	-22.069	22.249	0.960	0.990	-0.001	3	1	RTHS_GPS
242.671	35.978	-6.277	5.778	0.940	0.920	0.002	2	1	0914_GPS
242.672	35.813	-6.676	6.721	0.709	0.711	0.014	2	1	TRN1_GPS
242.681	34.305	-16.743	16.384	0.300	0.400	0.004	2	1	P577_PBO
242.682	33.918	-23.456	24.484	0.200	0.200	-0.013	3	1	MLFP_PBO
242.683	35.214	-9.331	12.163	1.320	1.320	-0.008	2	1	GS47_GHT
242.684	34.187	-18.247	17.384	0.500	0.800	-0.001	3	1	P612_PBO
242.691	33.837	-23.408	26.257	0.970	1.070	-0.020	3	1	LAST_GLA
242.703	34.749	-15.284	13.086	1.720	1.720	-0.010	2	1	SUNH_GPS
242.708	34.281	-17.730	19.046	0.950	0.980	0.002	2	1	MILU_GLA
242.714	37.061	-3.346	2.691	1.010	0.990	-0.002	2	1	NEV1_GPS
242.719	34.535	-13.834	13.383	0.700	0.500	-0.002	2	1	P586_PBO
242.723	33.130	-29.084	30.186	1.010	1.110	-0.001	3	1	1107_GPS
242.730	39.980	0.316	0.049	0.900	0.900	-0.003	2	1	61RB_GPS
242.732	34.785	-10.026	11.882	0.600	0.400	-0.015	2	1	P588_PBO
242.734	34.063	-21.669	23.495	1.540	1.750	0.002	3	1	BRYN_GPS
242.747	32.840	-28.260	30.155	1.110	1.090	0.002	3	1	SOLJ_GPS
242.750	32.865	-28.394	28.615	0.730	0.760	-0.002	3	1	SIO3_GPS
242.758	34.537	-14.413	14.774	1.000	1.050	-0.002	2	1	0817_GPS
242.760	42.930	-2.761	-0.853	0.900	1.000	0.007	2	1	T128_GPS
242.768	33.796	-23.020	25.864	1.170	1.120	0.000	3	1	METZ_GLA
242.770	34.630	-12.928	14.004	1.120	1.170	-0.016	2	1	ITER_GPS
242.792	34.975	-9.224	12.368	0.723	0.725	0.014	2	1	RAIN_GPS
242.800	40.410	-4.432	1.446	0.600	0.600	-0.003	2	1	BAMO_GPS
242.810	33.440	-27.273	27.281	0.400	0.400	0.014	3	1	P476_PBO
242.811	33.505	-25.598	28.232	1.160	1.150	-0.002	3	1	ROSA_GLA
242.813	39.521	-3.557	0.281	1.700	1.700	-0.001	2	1	P002_PBO
242.820	38.100	-4.222	0.772	0.348	0.330	0.005	2	1	TONO_GPS
242.830	34.834	-11.715	13.762	1.590	1.730	0.001	2	1	HODG_GPS
242.837	35.375	-6.795	11.520	1.300	1.290	0.003	2	1	GS49_GHT
242.841	33.332	-26.545	29.301	1.260	1.440	-0.003	3	1	0303_GPS
242.846	34.468	-14.664	14.281	1.010	1.030	0.000	2	1	AVRY_GPS
242.852	32.818	-29.209	29.221	1.200	1.500	-0.003	3	1	SD17_GPS
242.855	33.430	-27.159	27.601	0.980	1.040	-0.012	3	1	YUNG_GPS
242.860	39.490	-2.426	0.043	0.600	0.600	-0.003	2	1	C240_GPS
242.861	34.014	-17.055	21.210	0.940	0.990	-0.001	3	1	BRI2_GLA
242.863	37.218	-3.179	2.008	1.040	1.020	-0.005	2	1	SCTY_GPS
242.868	47.274	1.050	1.300	0.660	0.770	0.000	2	1	LATA_GPS
242.887	33.503	-24.970	24.879	0.400	0.400	-0.008	3	1	P477_PBO
242.890	34.621	-13.131	13.479	0.300	0.300	0.007	2	1	P589_PBO
242.895	32.889	-28.691	27.179	0.300	0.300	-0.001	3	1	P472_PBO
242.896	34.022	-17.684	20.569	1.080	1.110	-0.001	3	1	0818_GPS
242.900	34.039	-18.890	19.999	0.830	0.860	-0.003	3	1	CRFP_GPS
242.914	33.636	-23.507	27.278	1.030	1.070	0.000	3	1	DASH_GPS
242.928	33.236	-27.279	26.878	0.200	0.900	0.000	3	1	P478_PBO
242.932	34.454	-15.450	15.068	1.190	0.990	-0.003	2	1	PT65_GLA
242.935	33.578	-25.467	25.678	0.200	0.300	0.000	3	1	BILL_PBO
242.941	48.179	0.870	0.050	0.600	0.670	-0.001	2	1	JUSW_GPS
242.950	46.426	2.010	0.130	0.720	0.660	0.000	2	1	S262_GPS
242.951	39.542	-3.955	1.277	0.300	0.200	-0.002	2	1	TOIY_PBO
242.958	35.168	-10.024	10.569	1.350	1.360	0.000	2	1	GS36_GPS
242.960	40.000	-2.363	-1.062	0.700	0.700	0.000	2	1	CUSG_GPS
242.988	34.919	-10.020	11.076	0.200	0.200	0.004	2	1	BSRY_PBO
243.017	32.569	-28.147	30.114	1.050	1.190	0.000	3	1	1101_GPS
243.019	34.904	-10.521	11.544	0.890	0.910	-0.002	2	1	SOAP_GPS
243.048	34.003	-14.933	20.713	1.090	1.100	0.017	3	1	CHER_GLA
243.050	32.734	-29.096	27.375	0.300	0.300	-0.001	3	1	P473_PBO
243.060	35.090	-7.614	9.275	0.200	0.200	0.010	2	1	LNMT_PBO
243.068	33.468	-24.325	27.072	1.160	1.250	0.008	3	1	RDEC_GPS
243.069	32.912	-28.230	29.862	1.030	1.140	-0.007	3	1	SD18_GPS
243.109	35.332	-5.007	7.375	0.395	0.396	-0.001	2	1	MOJ1_GPS
243.112	35.331	-5.007	7.375	0.395	0.396	0.002	2	1	MOJM_GPS
243.116	34.264	-12.942	14.774	0.300	0.300	0.000	2	1	BBRY_PBO
243.120	34.462	-12.235	11.773	0.500	0.500	-0.001	2	1	P606_PBO
243.130	40.610	-3.082	0.530	0.600	0.600	0.001	2	1	BATT_GPS
243.140	33.357	-25.496	27.040	1.000	1.020	0.000	3	1	PMOB_GPS
243.152	33.630	-22.225	26.429	1.050	1.120	-0.002	3	1	R293_GPS
243.159	32.601	-26.763	29.209	1.480	1.210	-0.002	3	1	OTAY_GPS
243.164	33.484	-24.013	27.239	1.080	1.140	0.007	3	1	A586_GPS
243.170	39.970	-1.048	1.828	0.900	0.900	-0.002	2	1	79JR_GPS
243.185	34.675	-11.528	10.872	0.200	0.200	-0.004	2	1	ORMT_PBO
243.198	32.844	-28.021	28.587	0.960	1.040	-0.001	3	1	1106_GPS
243.204	47.743	0.860	0.160	0.520	0.510	0.001	2	1	COEU_GPS
243.217	33.493	-23.769	22.971	0.800	0.500	-0.003	3	1	P479_PBO
243.223	33.794	-14.893	23.407	1.030	1.060	0.002	3	1	INDO_GLA
243.234	36.747	-3.600	0.560	0.380	0.370	-0.001	2	1	CHLO_GLA
243.237	35.205	-6.509	5.371	1.100	1.100	-0.001	2	1	P615_PBO
243.250	39.060	-4.239	-0.975	0.500	0.500	0.014	2	1	D300_GPS
243.259	39.521	-3.655	0.470	0.400	0.400	-0.002	2	1	P072_PBO
243.264	40.495	-2.920	-0.630	1.500	1.500	-0.007	2	1	P085_PBO
243.265	33.545	-21.870	25.815	1.010	1.060	0.007	3	1	CARY_GPS
243.280	39.150	-3.727	0.223	0.400	0.400	-0.015	2	1	MONI_GPS
243.283	33.550	-21.829	25.884	0.980	1.020	0.001	3	1	HOWY_GPS
243.288	33.714	-18.236	22.384	0.960	1.000	-0.016	3	1	WD91_GLA
243.290	41.220	-3.402	-0.177	0.700	0.700	0.008	2	1	6FMK_GPS
243.297	33.382	-25.094	27.284	0.960	1.000	0.001	3	1	SDG6_GPS
243.299	33.543	-21.691	24.954	0.970	0.990	-0.015	3	1	CRAV_GPS
243.307	33.234	-26.733	27.363	1.010	1.100	0.002	3	1	1108_GPS
243.311	33.555	-20.959	25.523	1.150	1.180	0.000	3	1	M586_GPS
243.319	36.889	-4.246	1.507	1.370	1.380	0.004	2	1	CLAI_GPS
243.320	33.619	-19.062	23.293	0.990	1.060	-0.003	3	1	TOME_GLA
243.329	33.240	-26.078	24.969	0.400	0.300	0.001	3	1	P482_PBO
243.333	31.871	-29.954	30.882	0.980	0.990	-0.016	3	1	CICE_GPS
243.338	33.556	-20.779	24.892	0.890	0.910	0.000	3	1	ANZA_GLA
243.366	33.557	-20.550	24.921	1.050	1.080	0.013	3	1	G109_GPS
243.375	34.644	-10.928	8.768	0.300	0.200	0.006	2	1	RDMT_PBO
243.379	33.376	-24.473	22.967	0.400	0.400	-0.022	3	1	P484_PBO
243.380	39.480	-3.183	-0.982	0.800	0.600	-0.001	2	1	C280_GPS
243.381	32.824	-27.291	28.431	0.950	1.030	-0.015	3	1	SD21_GPS
243.387	33.550	-19.132	23.640	1.040	1.080	-0.041	3	1	G114_GPS
243.390	33.611	-18.266	22.650	0.810	0.830	-0.013	3	1	ROCH_GLA
243.397	33.565	-19.758	23.490	1.160	1.200	0.000	3	1	G120_GPS
243.402	33.074	-27.797	27.880	1.200	1.740	-0.001	3	1	SD15_GPS
243.404	33.568	-18.738	22.950	1.050	1.080	0.000	3	1	RCUT_GPS
243.410	33.646	-17.397	20.999	0.940	0.950	-0.001	3	1	JOES_GPS
243.411	33.527	-20.219	23.959	1.010	1.050	-0.002	3	1	TBLM_GPS
243.421	33.564	-20.039	22.209	1.240	1.270	0.007	3	1	G125_GPS
243.425	36.809	-3.124	1.908	1.370	1.370	-0.060	2	1	BLAK_GPS
243.426	33.553	-18.982	22.159	0.900	0.930	-0.002	3	1	LOKT_GPS
243.428	35.321	-5.004	2.866	1.100	1.100	-0.009	2	1	P617_PBO
243.429	33.561	-18.770	20.279	1.440	1.670	-0.003	3	1	0821_GPS
243.431	33.059	-26.984	26.066	0.300	0.300	-0.008	3	1	P483_PBO
243.442	33.562	-17.120	22.638	1.250	1.330	-0.009	3	1	G128_GPS
243.448	35.426	-4.634	1.925	1.420	1.370	-0.004	2	1	P_42_GHT
243.463	34.217	-8.943	13.165	1.100	1.100	-0.013	2	1	P599_PBO
243.475	33.211	-24.873	26.527	1.080	1.100	0.006	3	1	MVFD_GPS
243.483	33.571	-17.989	22.267	1.010	1.050	0.002	3	1	PMCN_GPS
243.502	33.571	-16.630	19.896	1.170	1.210	-0.018	3	1	D138_GPS
243.516	33.581	-16.707	19.395	1.020	1.070	0.005	3	1	PF6__GLA
243.523	33.603	-16.332	20.605	1.180	1.150	0.004	3	1	PF5C_GPS
243.528	33.684	-14.991	19.665	0.970	0.970	0.033	3	1	WHAY_GPS
243.532	36.840	-3.256	-1.988	1.014	1.016	0.000	2	1	REPO_GLA
243.534	42.656	-2.380	1.810	0.860	0.840	0.001	2	1	16EM_GPS
243.538	33.620	-15.698	18.505	0.940	1.000	0.005	3	1	ASBS_GPS
243.549	36.745	-3.490	0.120	0.380	0.370	-0.004	2	1	BUST_GLA
243.551	44.669	0.850	1.230	0.890	0.640	-0.020	2	1	F408_GPS
243.553	33.574	-16.560	18.434	1.120	1.140	-0.003	3	1	GREN_GPS
243.562	33.599	-16.764	21.084	1.170	1.180	0.004	3	1	BNDY_GPS
243.570	33.584	-15.618	19.483	0.960	1.000	-0.006	3	1	PF1__GPS
243.571	34.594	-8.129	7.763	0.200	0.200	-0.004	2	1	AGMT_PBO
243.576	39.501	-2.954	0.763	1.400	1.500	0.004	2	1	P073_PBO
243.578	32.892	-27.929	27.943	0.790	0.810	-0.001	3	1	MONP_GPS
243.580	33.609	-16.452	21.363	1.650	1.590	0.001	3	1	T138_GPS
243.584	36.304	-2.603	2.023	0.930	1.030	0.002	2	1	0912_GPS
243.585	35.072	-6.181	2.063	1.090	1.140	0.011	2	1	0803_GPS
243.588	43.075	-1.960	0.420	0.970	1.000	-0.003	2	1	E072_GPS
243.589	33.623	-18.068	19.863	1.430	1.410	-0.021	3	1	L587_GPS
243.591	33.210	-26.278	24.363	1.200	1.200	0.004	3	1	P485_PBO
243.598	46.857	1.160	0.480	0.750	0.700	-0.003	2	1	BOVL_GPS
243.608	33.935	-10.546	17.902	0.930	0.950	0.001	2	1	WIDC_GPS
243.609	33.688	-13.052	17.582	0.970	1.000	0.005	3	1	RSRT_GPS
243.627	46.142	0.380	0.430	0.720	0.830	0.002	2	1	G404_GPS
243.630	34.124	-7.045	11.662	0.200	0.200	-0.002	2	1	CTMS_PBO
243.651	32.976	-27.186	25.261	0.300	0.300	-0.008	3	1	P480_PBO
243.662	36.645	-3.230	0.150	0.380	0.370	0.000	2	1	STRI_GLA
243.664	34.829	-7.321	2.961	0.200	0.200	0.003	2	1	CDMT_PBO
243.678	33.260	-23.476	22.060	0.300	0.300	-0.045	3	1	P486_PBO
243.690	39.530	-3.052	-0.396	0.600	0.500	0.002	2	1	D200_GPS
243.692	36.746	-3.330	-0.190	0.380	0.370	0.012	2	1	LITT_GLA
243.695	34.428	-5.735	7.860	0.200	0.300	-0.158	2	1	OPCL_PBO
243.700	35.867	-3.537	2.558	1.050	1.090	-0.006	2	1	0915_GPS
243.701	33.714	-12.727	15.788	0.930	0.940	-0.007	3	1	PTHP_GPS
243.708	34.533	-6.431	5.860	0.200	0.200	0.000	2	1	OPRD_PBO
243.709	35.397	-5.139	0.291	1.320	1.300	-0.001	2	1	SILV_GHT
243.719	33.750	-11.148	14.008	1.060	1.050	-0.012	3	1	DUNP_GPS
243.726	33.639	-12.678	15.897	1.050	1.080	0.004	3	1	CAHU_GPS
243.742	48.731	1.260	-0.130	0.580	0.650	-0.019	2	1	S381_GPS
243.753	33.160	-23.474	24.356	0.940	1.030	-0.001	3	1	1109_GPS
243.773	33.575	-15.164	14.858	0.400	0.400	0.004	3	1	P491_PBO
243.788	33.866	-9.654	9.558	0.300	0.400	0.001	2	1	P600_PBO
243.789	36.730	-3.470	-0.200	0.380	0.370	-0.003	2	1	SKUL_GLA
243.791	34.699	-6.025	2.158	0.300	0.500	-0.004	2	1	LDSW_PBO
243.813	41.962	-3.210	0.600	0.760	0.710	-0.015	2	1	H318_GPS
243.825	33.810	-7.445	8.164	1.050	1.050	-0.027	2	1	BERD_GPS
243.829	33.749	-8.772	10.324	0.970	0.990	0.002	2	1	GAPP_GLA
243.830	32.617	-27.898	26.957	0.300	0.300	0.000	3	1	P066_PBO
243.839	31.257	-32.331	31.783	0.920	0.910	-0.008	3	1	LLCO_GPS
243.840	33.628	-12.114	13.243	1.280	1.190	-0.005	3	1	VORO_GPS
243.842	33.740	-9.384	9.553	0.990	1.020	-0.010	2	1	COCH_GLA
243.851	36.994	-1.687	0.453	1.040	1.030	0.001	2	1	MN71_GPS
243.852	34.509	-3.431	3.256	0.200	0.300	0.001	2	1	NBPS_PBO
243.880	36.580	-3.170	-0.320	0.380	0.370	-0.006	2	1	POIN_GLA
243.881	45.942	-0.250	-0.020	0.740	0.840	0.000	2	1	FAAS_GPS
243.896	35.142	-4.709	0.155	0.500	0.600	0.002	2	1	P618_PBO
243.900	40.150	-3.569	0.286	0.343	0.343	0.002	2	1	MINE_GPS
243.901	36.459	-3.320	-0.260	0.380	0.370	0.001	2	1	JOHN_GLA
243.917	34.367	-2.836	4.355	0.200	0.200	0.009	2	1	OPCP_PBO
243.920	33.959	-6.550	5.455	0.900	1.000	0.007	2	1	P601_PBO
243.939	33.441	-12.295	16.929	1.050	1.050	-0.034	3	1	ROBO_GPS
243.947	34.251	-3.740	4.454	0.200	0.200	-0.009	2	1	BMHL_PBO
243.950	39.546	-2.751	-0.646	1.400	1.500	0.003	2	1	P074_PBO
243.992	33.612	-8.992	7.657	1.050	1.070	-0.002	2	1	PAIN_GPS
243.995	46.213	1.280	1.260	0.610	0.680	-0.002	2	1	KAMI_GPS
243.998	32.734	-28.101	28.357	0.970	0.960	-0.010	3	1	OCTI_GPS
244.001	33.974	-4.757	4.357	1.570	1.700	0.000	2	1	F726_GPS
244.002	34.001	-5.948	5.653	0.300	0.200	0.008	2	1	BEMT_PBO
244.020	39.540	-6.323	-0.612	1.000	0.700	0.000	2	1	D220_GPS
244.021	36.633	-3.240	-0.550	0.380	0.370	0.001	2	1	MERC_GLA
244.022	33.292	-13.573	16.453	0.200	0.200	0.005	3	1	SLMS_PBO
244.036	33.677	-7.076	4.596	1.180	1.380	0.002	2	1	1113_GPS
244.080	40.770	-3.383	0.785	0.900	0.900	0.003	2	1	BNKS_GPS
244.086	33.503	-12.313	7.904	1.060	1.020	0.000	2	1	VARN_GPS
244.089	34.727	-4.023	1.551	0.400	0.500	0.000	2	1	I40A_PBO
244.112	33.177	-15.159	16.273	0.940	0.970	0.005	3	1	1110_GPS
244.138	33.640	-5.159	3.792	1.640	1.660	0.010	2	1	N125_GPS
244.162	42.880	-2.760	-0.410	0.810	0.840	0.000	2	1	S418_GPS
244.167	33.429	-11.445	9.451	0.970	0.980	-0.028	2	1	TRAN_GPS
244.168	41.511	-2.840	-0.620	0.800	0.750	-0.013	2	1	036C_GPS
244.179	33.741	-6.357	2.849	0.900	1.000	-0.056	2	1	P607_PBO
244.180	40.910	-4.159	-0.020	0.400	0.400	-0.047	2	1	ELKO_GPS
244.200	39.380	-4.026	-1.321	1.000	0.600	-0.054	2	1	D240_GPS
244.212	33.390	-11.776	9.899	0.860	0.880	-0.072	2	1	DHLG_GPS
244.217	33.441	-10.523	8.679	1.070	1.120	-0.062	2	1	25SE_GPS
244.230	33.427	-8.627	8.339	1.300	1.270	-0.061	2	1	S_31_GPS
244.234	33.516	-8.565	4.148	0.500	0.500	-0.063	2	1	P504_PBO
244.236	33.834	-1.900	2.868	1.130	1.130	-0.039	2	1	JTRE_GPS
244.239	32.951	-22.811	25.678	0.920	0.890	-0.057	3	1	L589_GPS
244.248	33.412	-10.491	8.198	1.190	1.220	-0.003	2	1	07NE_GPS
244.268	32.760	-22.791	26.547	0.600	0.500	-0.037	3	1	P494_PBO
244.269	43.131	-0.120	-0.960	0.970	0.900	-0.042	2	1	U76A_GPS
244.280	33.664	-4.176	1.817	0.860	0.880	-0.034	2	1	BLAC_GLA
244.313	33.424	-5.868	3.346	1.000	0.900	-0.039	2	1	P505_PBO
244.322	33.427	-6.999	3.485	0.920	0.940	-0.042	2	1	SIPH_GPS
244.340	34.784	-3.720	1.045	0.200	0.200	-0.059	2	1	GMRC_PBO
244.350	35.205	-4.805	0.045	0.900	1.000	-0.040	2	1	P611_PBO
244.365	33.705	-5.858	2.745	0.200	0.300	-0.033	2	1	HNPS_PBO
244.372	33.045	-11.281	15.244	0.400	0.400	-0.044	3	1	P495_PBO
244.380	40.950	-3.338	-1.730	0.900	1.000	-0.043	2	1	HELO_GPS
244.388	33.200	-8.963	0.209	0.602	0.644	-0.040	2	1	P507_PBO
244.404	32.751	-23.391	28.044	0.500	0.900	-0.034	3	1	P496_PBO
244.406	32.800	-17.154	22.102	1.320	1.160	-0.061	3	1	E122_GPS
244.413	36.320	-3.520	-0.510	0.380	0.370	-0.060	2	1	SMYC_GLA
244.423	32.835	-16.488	22.143	0.500	0.600	0.682	3	1	P497_PBO
244.430	32.898	-15.286	21.843	0.500	0.500	-0.397	3	1	P498_PBO
244.442	43.490	-2.570	0.260	1.240	0.850	-0.033	2	1	V162_GPS
244.444	39.925	-2.635	0.243	1.500	1.500	-0.061	2	1	P102_PBO
244.456	35.473	-3.995	0.042	0.600	0.500	-0.064	2	1	P621_PBO
244.479	33.275	-6.872	1.742	0.300	0.500	-0.068	2	1	GLRS_PBO
244.481	33.231	-5.045	1.399	1.040	1.030	-0.040	2	1	1111_GPS
244.487	39.536	-2.349	-0.458	1.500	1.600	0.164	2	1	P076_PBO
244.490	33.081	-6.579	4.042	0.800	0.800	0.042	2	1	P506_PBO
244.493	32.829	-14.864	20.255	0.626	0.534	-0.061	3	1	IVCO_PBO
244.494	32.664	-21.202	26.349	1.090	1.070	0.114	3	1	BORD_GPS
244.498	32.827	-14.864	20.255	0.626	0.534	0.221	3	1	COLL_GPS
244.500	32.738	-21.183	20.719	0.920	0.930	0.251	3	1	T124_GPS
244.512	32.980	-6.783	5.041	0.600	0.700	-0.031	2	1	P499_PBO
244.534	31.045	-32.751	30.337	1.040	1.050	-0.044	3	1	SPMX_GPS
244.571	33.248	-4.873	1.940	0.400	0.400	-0.071	2	1	P508_PBO
244.577	35.541	-1.892	1.626	1.220	1.530	-0.043	2	1	0801_GPS
244.578	32.982	-4.682	3.940	0.500	0.600	-0.088	2	1	P502_PBO
244.593	33.196	-3.147	3.095	1.050	0.980	-0.063	2	1	COAC_GPS
244.594	32.917	-3.299	4.535	0.950	0.910	-0.057	2	1	ORIE_GPS
244.600	33.715	-2.082	1.145	1.030	0.960	0.043	2	1	DESO_GPS
244.602	32.876	-4.686	6.439	0.400	0.400	0.015	2	1	P501_PBO
244.634	35.163	-3.605	0.038	0.600	0.500	0.180	2	1	P622_PBO
244.657	32.356	-19.825	27.333	0.890	0.890	-0.060	3	1	LPUR_GPS
244.673	34.806	-1.434	0.632	1.550	1.260	-0.052	2	1	0809_GPS
244.685	46.339	0.890	0.480	0.690	0.760	0.057	2	1	FLAT_GPS
244.700	32.690	-6.392	8.937	0.500	0.500	-0.077	2	1	P500_PBO
244.704	33.887	-4.550	0.637	0.400	0.400	-0.071	2	1	P511_PBO
244.706	32.891	-1.585	3.137	0.600	0.600	-0.083	2	1	P509_PBO
244.721	39.910	-2.935	-1.064	1.500	1.600	-0.024	2	1	P005_PBO
244.753	32.840	-4.513	-0.321	0.920	0.880	0.102	2	1	GLOC_GPS
244.754	32.629	-8.018	7.749	1.050	0.960	-0.039	2	1	ASA1_GPS
244.757	33.681	-3.575	1.679	1.240	1.060	-0.038	2	1	1114_GPS
244.762	35.291	-3.400	0.035	0.600	0.500	-0.020	2	1	P626_PBO
244.773	34.040	-0.711	1.039	1.830	1.760	-0.033	2	1	COXO_GPS
244.842	37.358	-3.280	-0.160	0.390	0.380	-0.062	2	1	ALAM_GPS
244.870	38.890	-3.825	-0.855	0.500	0.500	0.013	2	1	E300_GPS
244.880	40.620	-3.634	-0.207	0.335	0.333	0.017	2	1	RUBY_GPS
244.890	41.100	-2.277	-0.556	0.800	0.900	-0.045	2	1	B428_GPS
244.897	42.087	-3.310	0.910	0.900	0.890	-0.037	2	1	THR3_GPS
244.920	39.420	-3.662	-2.257	0.800	0.700	0.301	2	1	D280_GPS
244.925	32.559	-6.620	1.493	1.100	1.120	0.276	2	1	MONT_GPS
244.938	32.709	-4.012	2.552	1.050	0.990	-0.018	2	1	JUNC_GPS
244.990	40.660	-2.218	-0.961	0.600	0.600	-0.020	2	1	CRTS_GPS
245.011	33.609	-2.121	0.930	1.790	1.720	-0.040	2	1	FORD_GPS
245.050	39.290	-3.866	0.036	0.500	0.500	-0.052	2	1	E200_GPS
245.060	39.350	-3.058	-0.564	0.400	0.400	-0.038	2	1	EGAN_GPS
245.068	36.319	-3.390	-0.290	0.380	0.370	-0.067	2	1	APEX_GLA
245.086	32.251	-8.913	7.697	1.120	1.130	0.018	2	1	CPEI_GPS
245.173	33.051	-3.478	2.626	0.300	0.200	-0.060	2	1	GMPK_PBO
245.200	41.110	-2.650	-1.972	1.000	1.000	-0.059	2	1	MOOR_GPS
245.285	33.610	-2.868	1.420	0.800	0.810	-0.032	2	1	BLYT_GPS
245.340	39.030	-4.671	-0.479	0.800	0.600	-0.047	2	1	E220_GPS
245.350	39.900	-4.173	-0.379	0.500	0.500	-0.047	2	1	E100_GPS
245.396	34.807	-2.714	1.286	1.110	0.980	-0.061	2	1	NEED_GPS
245.401	34.189	-3.637	0.420	0.400	0.400	0.001	2	1	P623_PBO
245.520	62.480	-0.434	-0.312	0.330	0.347	-0.032	2	1	YELL_GPS
245.550	39.070	-1.349	-0.190	0.800	0.600	-0.004	2	1	E240_GPS
245.723	39.119	-2.160	-0.287	1.600	1.700	-0.064	2	1	P080_PBO
245.760	39.100	-3.129	-1.101	1.200	0.800	-0.050	2	1	E259_GPS
245.797	32.939	-1.616	2.961	1.040	0.960	-0.028	2	1	YUMA_GPS
245.811	34.309	-2.332	2.911	0.200	0.200	-0.047	2	1	GNPS_PBO
245.995	32.723	-3.287	0.106	0.700	0.700	0.065	2	1	P003_PBO
246.021	44.109	-1.277	-1.494	1.200	1.200	-0.047	2	1	P354_PBO
246.110	39.040	-4.807	-2.419	1.000	0.700	0.098	2	1	E280_GPS
246.129	39.067	-2.960	-0.297	1.100	1.100	-0.100	2	1	P081_PBO
246.132	42.879	-2.522	-1.297	1.000	1.200	-0.055	2	1	P677_PBO
246.190	39.370	-3.461	-0.307	0.338	0.320	0.102	2	1	FOOT_GPS
246.330	38.790	-2.917	-0.331	0.500	0.500	-0.043	2	1	F300_GPS
246.370	39.080	-3.881	-0.733	0.900	0.700	0.017	2	1	F200_GPS
246.420	39.550	-2.224	-1.436	0.500	0.500	-0.039	2	1	F100_GPS
246.480	31.354	-2.985	1.997	0.830	0.810	-0.101	2	1	PENA_GPS
246.495	39.269	-2.852	-0.505	1.300	1.300	-0.054	2	1	P082_PBO
246.620	39.020	-4.068	-0.247	1.000	0.700	0.025	2	1	F220_GPS
246.668	47.030	0.433	-2.009	1.300	1.400	-0.067	2	1	P046_PBO
246.722	40.671	-3.200	-1.111	1.000	1.200	0.003	2	1	P113_PBO
246.946	40.494	-3.606	-0.916	1.100	1.100	0.004	2	1	P084_PBO
246.950	39.280	-1.811	-1.765	0.900	0.600	-0.050	2	1	F250_GPS
246.988	41.817	-2.657	-1.717	1.200	1.200	-0.053	2	1	P111_PBO
247.160	39.430	-3.077	-0.366	0.320	0.320	-0.025	2	1	SMEL_GPS
247.195	43.449	-2.197	-1.522	1.600	1.300	-0.060	2	1	P678_PBO
247.281	42.212	-3.342	-1.424	1.200	1.200	-0.097	2	1	P675_PBO
247.283	39.186	-1.452	-1.024	1.600	1.100	-0.164	2	1	P104_PBO
247.302	41.803	-2.857	-0.824	0.300	0.300	-0.045	2	1	P121_PBO
247.364	44.400	-2.361	-1.926	1.200	1.300	-0.056	2	1	P681_PBO
247.377	41.757	-2.758	-0.426	0.300	0.300	-0.042	2	1	P057_PBO
247.383	45.383	-0.325	-1.826	1.200	1.300	-0.059	2	1	P045_PBO
247.410	38.600	-3.352	-0.591	0.500	0.500	-0.008	2	1	G300_GPS
247.450	39.370	-1.860	0.307	1.000	0.700	-0.052	2	1	F280_GPS
247.472	40.634	-2.699	-0.328	0.800	0.400	0.003	2	1	P114_PBO
247.476	45.043	-0.337	-1.128	1.400	1.400	-0.054	2	1	P706_PBO
247.496	39.388	-2.744	0.471	0.500	0.700	-0.030	2	1	P105_PBO
247.545	35.342	-2.390	0.470	0.300	0.200	-0.054	2	1	FERN_PBO
247.639	40.078	-2.719	-0.232	1.400	1.100	-0.058	2	1	P016_PBO
247.668	41.635	-2.262	-0.833	0.300	0.200	-0.055	2	1	P122_PBO
247.718	40.649	-2.498	0.966	0.400	0.400	-0.043	2	1	P086_PBO
247.738	39.459	-2.741	-0.535	1.100	1.100	-0.038	2	1	P106_PBO
247.760	39.140	-2.662	-0.611	0.800	0.600	-0.023	2	1	G200_GPS
247.770	41.016	-1.540	-0.860	0.320	0.310	-0.022	2	1	NAIU_GPS
247.850	39.600	-3.501	-0.016	0.800	0.700	0.000	2	1	G101_GPS
247.873	39.306	-2.946	0.862	0.300	0.200	0.034	2	1	SPIC_PBO
247.880	40.650	-2.455	-0.515	0.337	0.353	-0.070	2	1	COON_GPS
247.960	39.080	-5.753	-0.422	0.700	0.700	-0.023	2	1	G220_GPS
248.055	39.589	-1.735	-0.742	0.500	0.600	-0.018	2	1	P108_PBO
248.191	40.781	-1.360	-0.110	0.330	0.320	-0.051	2	1	RBUT_GPS
248.211	45.218	0.772	-1.646	1.400	1.500	-0.060	2	1	P719_PBO
248.249	40.435	-3.004	-2.247	1.400	1.600	-0.061	2	1	P117_PBO
248.260	38.900	-5.250	0.960	0.700	0.600	-0.022	2	1	G250_GPS
248.277	40.772	-0.591	-1.347	1.300	1.400	-0.073	2	1	P088_PBO
248.366	40.016	-2.519	1.051	0.600	0.400	-0.047	2	1	MPUT_PBO
248.429	39.715	0.171	-1.451	0.700	0.500	-0.069	2	1	P110_PBO
248.435	41.607	-0.760	0.049	1.600	1.600	-0.068	2	1	HWUT_PBO
248.474	44.185	-2.566	-2.452	0.600	0.800	-0.068	2	1	BBID_PBO
248.549	44.318	-1.961	-2.754	0.500	0.500	-0.066	2	1	P360_PBO
248.550	39.817	-0.825	-0.354	0.500	0.600	-0.037	2	1	P112_PBO
248.585	40.807	-1.089	0.145	0.400	0.300	-0.039	2	1	P089_PBO
248.630	40.510	-0.934	-0.239	0.335	0.333	0.014	2	1	HEBE_GPS
248.640	38.480	-1.268	2.538	0.700	0.600	-0.029	2	1	H300_GPS
248.650	40.635	-1.095	-0.756	0.600	0.600	-0.053	2	1	P118_PBO
248.742	40.732	-0.392	-0.958	1.100	1.300	-0.022	2	1	P119_PBO
248.752	48.809	0.806	-1.259	0.900	0.800	-0.038	2	1	P050_PBO
248.764	41.692	-0.156	-0.759	0.900	0.500	-0.035	2	1	P101_PBO
248.890	38.830	-2.108	-0.177	0.900	0.600	0.004	2	1	H200_GPS
248.901	44.598	0.651	-2.462	0.600	0.800	-0.046	2	1	P680_PBO
248.971	45.140	0.671	-0.664	0.800	0.900	0.036	2	1	P460_PBO
248.980	39.290	-0.746	-0.782	0.500	0.500	-0.035	2	1	H100_GPS
249.094	47.350	0.353	-0.967	1.200	1.400	0.022	2	1	P049_PBO
249.139	44.636	11.353	3.432	0.900	0.500	-0.065	2	1	P711_PBO
249.168	44.452	-3.512	-0.534	0.826	0.763	-0.142	2	1	OFWY_GPS
249.241	45.354	0.580	-0.970	0.900	0.500	-0.059	2	1	P461_PBO
249.320	39.190	-0.772	-0.055	0.356	0.338	-0.025	2	1	CAST_GPS
249.487	41.750	-1.152	-0.676	1.000	0.500	-0.066	2	1	P030_PBO
249.488	44.718	-10.443	0.924	0.900	0.600	-0.056	2	1	P716_PBO
249.694	44.943	-0.834	-0.381	0.700	0.600	-0.061	2	1	P720_PBO
249.713	44.640	4.755	-4.781	0.500	0.300	0.023	2	1	WLWY_PBO
249.714	44.392	-0.654	-0.381	1.000	0.800	-0.004	2	1	P709_PBO
249.991	34.264	-1.722	-0.188	0.500	0.400	-0.107	2	1	P015_PBO
249.998	45.003	-0.731	-0.788	0.700	0.700	-0.010	2	1	P721_PBO
250.103	44.485	-0.150	-1.391	1.200	1.200	-0.042	2	1	P717_PBO
250.310	43.501	-0.886	-0.296	1.600	1.700	-0.064	2	1	P715_PBO
250.429	45.457	-0.113	-0.898	0.900	0.500	0.003	2	1	P722_PBO
250.442	42.767	-1.912	-0.099	0.300	0.300	-0.052	2	1	BLW2_PBO
250.481	36.150	-0.753	-0.600	1.200	0.800	-0.063	2	1	P011_PBO
250.624	44.753	-2.039	-1.503	1.300	1.400	-0.042	2	1	P718_PBO
250.666	38.097	-1.383	-0.504	1.000	0.800	-0.076	2	1	P012_PBO
251.454	45.807	-0.298	-1.223	0.600	0.500	-0.122	2	1	P051_PBO
252.091	39.515	0.772	-1.638	1.200	0.800	-0.093	2	1	P031_PBO
252.092	36.032	-0.955	-0.338	0.500	1.100	-0.102	2	1	P028_PBO
252.120	35.132	-0.987	0.461	1.200	0.900	-0.063	2	1	P107_PBO
252.612	43.953	-0.564	-1.150	0.600	0.500	-0.057	2	1	P033_PBO
252.744	41.742	-0.545	-0.254	0.800	0.500	-0.049	2	1	P032_PBO
252.805	32.659	-1.574	0.945	0.400	0.700	-0.015	2	1	P026_PBO
252.981	47.375	-0.536	-0.959	0.900	1.000	-0.035	2	1	P052_PBO
253.033	34.068	-0.824	-1.161	0.800	0.700	-0.015	2	1	SC01_PBO
253.541	34.946	-1.091	0.027	0.300	0.300	-0.054	2	1	P034_PBO
254.089	36.635	-0.730	-0.486	1.100	0.800	-0.117	2	1	P123_PBO
254.330	39.762	-3.115	-0.292	1.700	1.700	-0.011	2	1	RG17_PBO
254.706	36.420	-1.637	0.299	0.600	0.300	-0.059	2	1	P036_PBO
254.806	39.949	-0.608	-0.203	0.400	0.300	-0.048	2	1	P041_PBO
254.816	34.601	-1.402	-0.103	0.500	0.500	-0.020	2	1	P035_PBO
254.895	38.422	-0.764	-0.105	0.300	0.400	-0.047	2	1	P037_PBO
255.089	42.052	-1.030	-0.010	0.400	0.300	-0.034	2	1	P042_PBO
255.315	47.117	-0.642	-1.215	1.200	0.800	0.384	2	1	P055_PBO
255.475	38.803	-1.536	-0.189	0.600	0.500	-0.052	2	1	AMC2_GPS
255.559	45.846	-0.689	-0.721	1.400	0.900	-0.060	2	1	P054_PBO
255.814	43.881	-0.962	-1.027	1.200	0.700	-0.049	2	1	P043_PBO
256.593	34.147	-1.217	-0.346	0.500	0.500	-0.002	2	1	P038_PBO
256.778	40.172	-0.698	-0.350	0.400	0.300	-0.088	2	1	P044_PBO
256.846	36.448	-0.934	-0.052	0.500	0.400	-0.044	2	1	P039_PBO
257.313	38.071	-0.475	-1.463	0.400	1.000	-0.006	2	1	P040_PBO
261.219	34.738	-0.996	-1.457	1.100	1.100	-0.151	2	1	WMOK_PBO
263.391	39.101	-2.239	-1.010	1.300	1.300	-0.468	2	1	KSU1_PBO
265.106	74.691	-0.048	-0.251	1.100	1.900	-0.276	1	1	RESO_PBO
268.420	41.770	0.102	0.021	0.332	0.321	0.204	2	1	ALGO_GPS
269.752	42.914	-3.912	-5.761	1.600	1.600	-0.051	2	1	JFWS_PBO
276.527	33.415	-3.377	-1.220	1.900	1.800	0.033	2	1	GOGA_PBO
281.930	45.960	0.475	-0.605	0.360	0.360	-0.053	2	1	NLIB_GPS
282.934	38.919	-0.460	0.237	0.500	0.500	-0.053	2	1	USNO_GPS
288.510	42.610	0.461	-1.144	0.418	0.409	-0.037	2	1	WES2_GPS
288.840	44.099	0.484	0.154	0.900	0.800	-0.033	2	1	BARN_GPS
291.175	76.537	-0.883	-0.439	0.200	0.200	-0.031	1	1	THU3_PBO
291.210	76.540	-1.933	-0.805	0.548	0.548	0.061	1	1	THU1_GPS
295.300	32.310	0.117	-0.249	0.700	0.700	-0.035	2	1	BRMU_GPS
297.660	82.494	-0.083	-1.667	0.900	0.600	0.178	1	1	ALRT_PBO
307.320	47.600	-1.395	-0.657	0.800	0.100	-0.101	2	1	STJO_GPS
309.050	66.990	0.569	-0.543	0.363	0.369	-0.051	1	1	KELY_GPS
