128.870	71.630	-4.727	0.962	1.500	1.500	0.000	1	1	TIXI_GPS
142.720	47.030	7.190	2.713	1.700	1.700	0.000	1	1	YSSK_GPS
150.770	59.580	3.440	-3.141	1.500	1.600	0.000	1	1	MAGO_GPS
158.610	53.010	1.943	9.868	1.600	1.600	0.000	1	1	PETP_GPS
166.440	68.080	1.579	0.675	0.671	0.689	0.000	1	1	BILI_GPS
183.337	51.864	11.222	-1.586	1.800	1.900	0.000	1	1	AB21_PBO
193.458	53.876	3.201	-9.644	0.900	1.300	0.000	1	1	AV09_PBO
193.972	54.136	5.101	-8.855	0.800	1.600	0.000	1	1	AV08_PBO
194.066	54.098	5.047	-10.537	1.400	1.900	0.000	1	1	AV10_PBO
194.158	54.119	6.580	-11.373	1.200	1.300	0.000	1	1	AV14_PBO
194.234	54.147	5.410	-9.717	1.000	1.400	0.000	1	1	AV06_PBO
194.290	54.100	0.604	-11.124	1.100	1.600	0.000	1	1	AV15_PBO
194.627	64.564	5.042	-4.359	1.300	1.300	0.000	1	1	AB11_PBO
197.293	55.190	0.715	-7.140	0.500	1.200	0.000	1	1	BAY2_PBO
197.761	64.638	4.534	-5.819	1.200	1.300	0.000	1	1	AC31_PBO
199.523	55.349	1.229	-2.573	0.600	0.800	0.000	1	1	AB07_PBO
199.593	55.909	2.114	-2.683	1.300	1.400	0.000	1	1	AC41_PBO
200.122	61.040	4.557	-5.652	1.400	1.600	0.000	1	1	AB15_PBO
200.872	55.921	-1.454	-0.110	1.600	1.800	0.000	1	1	AC21_PBO
201.496	56.307	0.019	0.690	1.300	1.400	0.000	1	1	AB13_PBO
203.390	71.323	1.692	-0.538	0.500	1.400	0.000	1	1	SG27_PBO
203.743	20.707	26.854	4.016	0.600	0.700	0.000	3	1	MAUI_PBO
205.302	59.899	7.845	-11.267	1.200	1.300	0.000	1	1	AB22_PBO
205.817	56.951	-4.444	6.783	1.300	1.700	0.000	1	1	AC02_PBO
205.819	56.564	-0.970	13.972	1.200	1.200	0.000	1	1	AC45_PBO
205.837	59.253	6.508	-12.237	0.700	0.700	0.000	1	1	AC27_PBO
206.415	59.567	6.266	-14.200	0.500	0.600	0.000	1	1	AC59_PBO
206.721	57.220	-1.435	6.159	1.200	1.200	0.000	1	1	AC34_PBO
207.185	62.094	3.337	-11.703	1.200	1.200	0.000	1	1	AB28_PBO
207.596	60.664	3.873	-14.990	1.500	1.600	0.000	1	1	AC17_PBO
207.606	58.610	8.698	-11.940	1.500	1.700	0.000	1	1	AC39_PBO
207.807	57.618	1.604	11.458	0.500	0.800	0.000	1	1	KOD5_PBO
209.109	59.764	1.972	2.159	1.300	1.200	0.000	1	1	AC06_PBO
209.827	67.251	4.292	-6.498	1.400	1.500	0.000	1	1	AB33_PBO
209.931	61.769	-3.041	-0.722	1.500	1.600	0.000	1	1	AC53_PBO
210.276	60.481	-8.142	14.810	1.600	1.400	0.000	1	1	AC15_PBO
210.394	-17.577	31.874	5.186	0.700	0.600	0.000	3	1	THTI_GPS
210.868	61.598	-10.022	10.178	0.700	0.800	0.000	1	1	ATW2_PBO
211.022	63.836	-0.261	-1.384	0.500	0.600	0.000	1	1	GRNR_PBO
211.665	70.256	-1.218	3.301	0.600	0.500	0.000	1	1	PBOC_PBO
212.140	64.874	3.687	-5.479	0.500	0.700	0.000	1	1	CLGO_PBO
212.500	64.980	1.713	-2.463	0.365	0.354	0.000	1	1	FAIR_GPS
213.687	63.084	-20.602	6.903	0.500	0.500	0.000	1	1	AC62_PBO
214.153	63.502	7.610	-3.801	0.500	0.800	0.000	1	1	AC63_PBO
214.257	61.139	-8.126	19.042	1.400	1.400	0.000	1	1	AC57_PBO
214.548	62.967	-24.468	13.833	0.500	0.800	0.000	1	1	AB37_PBO
216.296	62.832	-10.855	26.000	1.800	0.800	0.000	1	1	AC65_PBO
218.842	64.777	2.657	-10.590	1.500	1.600	0.000	1	1	AB41_PBO
224.303	58.418	5.023	-5.717	0.400	0.600	0.000	2	1	GUS2_PBO
224.461	56.854	18.175	3.306	0.300	0.600	0.000	2	1	BIS1_PBO
224.772	59.528	2.989	-4.027	1.300	1.100	0.000	2	1	AB44_PBO
225.353	56.245	11.286	0.409	0.700	0.900	0.000	2	1	AB48_PBO
225.455	58.417	1.546	-7.161	1.100	0.800	0.000	2	1	AB50_PBO
226.473	68.306	1.770	2.527	0.400	0.900	0.000	1	1	INVK_PBO
226.932	55.580	3.176	-3.855	1.100	1.200	0.000	2	1	AB49_PBO
227.086	56.798	-1.422	-4.804	0.700	0.800	0.000	2	1	AB51_PBO
228.400	55.069	1.303	-3.978	0.800	0.500	0.000	2	1	AIS1_PBO
231.401	50.813	6.072	-3.972	0.900	0.950	0.000	2	1	COXI_GPS
231.673	50.678	5.276	-1.813	0.870	0.900	0.000	2	1	SPAT_GPS
231.735	50.646	4.061	-2.734	0.920	0.940	0.000	2	1	JENS_GPS
231.865	50.640	4.933	-2.851	0.630	0.630	0.000	2	1	HOLB_GPS
231.992	50.654	5.197	-3.992	0.860	0.880	0.000	2	1	SCAR_GPS
232.046	51.544	-0.801	-4.758	0.910	0.950	0.000	2	1	CALV_GPS
232.101	50.486	7.277	-3.608	0.840	0.860	0.000	2	1	KOPR_GPS
232.191	50.781	2.119	-3.451	1.070	1.090	0.000	2	1	SHUS_GPS
232.229	51.854	-3.396	-4.650	0.930	0.960	0.000	2	1	KING_GPS
232.399	51.186	-0.608	-4.300	0.860	0.890	0.000	2	1	ROBI_GPS
232.481	50.458	2.600	-3.850	0.730	0.750	0.000	2	1	ALCC_GPS
232.619	50.698	1.653	-3.613	0.770	0.800	0.000	2	1	HARD_GPS
232.625	50.686	1.672	-2.075	0.730	0.700	0.000	2	1	PTHY_GPS
232.720	51.465	-0.041	-3.532	0.880	0.920	0.000	2	1	SEYM_GPS
232.836	50.573	2.765	-2.310	1.200	1.230	0.000	2	1	KLUC_GPS
232.877	49.873	6.170	-1.409	0.700	0.730	0.000	2	1	ELIZ_GPS
232.890	50.961	-0.543	-2.519	0.860	0.910	0.000	2	1	BULC_GPS
233.157	50.544	3.474	-2.862	0.690	0.710	0.000	2	1	BCOV_GPS
233.383	49.592	6.539	0.948	0.700	0.730	0.000	2	1	NTKA_GPS
233.453	49.789	5.833	-1.575	0.740	0.780	0.000	2	1	ANAW_GPS
233.878	49.619	6.463	-2.082	0.730	0.770	0.000	2	1	PIER_GPS
233.942	50.104	4.134	-3.049	0.780	0.820	0.000	2	1	MOAK_GPS
234.042	49.956	3.935	-3.196	1.020	1.040	0.000	2	1	SENT_GPS
234.159	49.084	8.572	0.108	0.600	0.650	0.000	2	1	RADA_GPS
234.302	49.883	3.573	-2.817	0.750	0.790	0.000	2	1	FILB_GPS
234.360	50.125	3.460	-2.434	0.760	0.790	0.000	2	1	BRWV_GPS
234.417	49.995	2.335	-2.594	0.750	0.790	0.000	2	1	STRA_GPS
234.458	48.926	8.164	0.485	0.310	0.300	0.000	2	1	UCLU_GPS
234.493	48.985	8.200	1.881	0.790	0.890	0.000	2	1	FRDC_GPS
234.503	50.231	1.496	-2.369	0.740	0.750	0.000	2	1	MENZ_GPS
234.507	49.738	4.269	-1.009	1.020	1.050	0.000	2	1	ALEX_GPS
234.600	49.823	3.599	-1.988	0.730	0.770	0.000	2	1	OYST_GPS
234.603	50.033	3.031	-2.501	0.760	0.780	0.000	2	1	JHRT_GPS
234.636	49.552	4.564	-2.651	0.710	0.760	0.000	2	1	GLAC_GPS
234.685	50.491	1.014	-3.523	0.850	0.880	0.000	2	1	ANNA_GPS
234.703	49.752	2.195	-1.906	1.750	1.660	0.000	2	1	WAS2_GPS
234.718	49.192	5.360	-0.824	0.600	0.630	0.000	2	1	FOUR_GPS
234.777	49.650	4.614	-2.256	0.720	0.780	0.000	2	1	BCHR_GPS
234.866	48.828	7.595	0.487	0.780	0.960	0.000	2	1	BAMF_GPS
234.957	48.865	7.117	0.248	0.560	0.580	0.000	2	1	PACH_GPS
235.001	49.949	3.126	-1.641	0.720	0.750	0.000	2	1	NACH_GPS
235.041	49.069	4.941	-0.734	0.600	0.630	0.000	2	1	HAND_GPS
235.139	49.256	4.005	-1.598	0.730	0.720	0.000	2	1	PTAL_GPS
235.296	48.996	5.961	0.432	0.630	0.670	0.000	2	1	GREY_GPS
235.336	49.490	2.605	-1.306	0.670	0.700	0.000	2	1	TOBY_GPS
235.401	48.370	8.635	1.423	0.500	0.500	0.000	2	1	NBCG_GPS
235.443	47.937	14.311	3.652	0.471	0.496	0.000	2	1	P401_PBO
235.514	42.801	6.340	4.846	0.430	0.420	0.000	2	1	BLCO_GPS
235.544	49.807	2.835	-2.052	0.600	0.670	0.000	2	1	POWE_GPS
235.555	49.710	1.875	-1.881	0.580	0.640	0.000	2	1	POCA_GPS
235.572	42.430	7.262	5.150	0.970	0.900	0.000	2	1	ROG2_GPS
235.607	42.586	1.872	4.232	0.980	0.900	0.000	2	1	T758_GPS
235.623	40.452	-2.333	22.448	1.400	1.110	0.000	2	1	L229_GPS
235.628	40.392	-2.735	18.483	0.880	0.720	0.000	2	1	P229_GPS
235.670	43.350	7.415	3.546	0.580	0.450	0.000	2	1	TID3_GPS
235.676	43.344	7.417	3.548	0.580	0.450	0.000	2	1	2780_GPS
235.678	42.183	6.353	5.674	0.760	0.700	0.000	2	1	M746_GPS
235.680	49.599	2.706	-1.202	0.540	0.570	0.000	2	1	DAVI_GPS
235.692	40.248	-4.962	16.684	1.100	1.100	0.000	2	1	P157_PBO
235.706	40.498	0.662	17.754	0.400	0.360	0.000	2	1	BEAR_GPS
235.717	40.505	2.455	15.399	1.500	1.600	0.000	2	1	P159_PBO
235.721	47.304	14.255	5.564	0.330	0.350	0.000	2	1	GREV_GPS
235.734	40.257	-8.468	17.574	0.520	0.440	0.000	2	1	COOS_GPS
235.736	49.228	3.311	-1.255	0.510	0.530	0.000	2	1	OKAY_GPS
235.738	48.901	4.428	-1.279	0.440	0.430	0.000	2	1	YOUB_GPS
235.744	40.589	4.892	12.849	0.890	0.850	0.000	2	1	01PA_GPS
235.763	40.691	7.809	11.980	0.500	0.500	0.000	2	1	P162_PBO
235.787	40.637	4.481	12.701	0.900	1.000	0.000	2	1	P161_PBO
235.798	40.715	8.478	10.343	0.770	0.670	0.000	2	1	SIS3_GPS
235.801	43.340	6.778	3.900	0.970	1.110	0.000	2	1	F751_GPS
235.813	49.535	2.459	-1.608	0.530	0.560	0.000	2	1	SHEP_GPS
235.822	47.114	13.088	5.768	0.450	0.500	0.000	2	1	GP14_GPS
235.825	43.124	4.431	2.386	0.540	0.560	0.000	2	1	P75Z_GPS
235.844	40.448	-0.366	15.235	1.810	0.950	0.000	2	1	1468_GPS
235.859	48.062	11.049	6.326	0.800	1.100	0.000	2	1	P403_PBO
235.867	40.551	0.332	10.890	0.689	0.616	0.000	2	1	P160_PBO
235.876	40.157	-31.915	24.156	0.970	0.960	0.000	3	1	KNGP_GPS
235.883	40.975	8.065	6.014	0.500	0.460	0.000	2	1	HP19_GPS
235.886	43.885	7.645	3.257	0.680	0.730	0.000	2	1	SOOS_GPS
235.893	40.422	-0.968	13.307	0.500	0.500	0.000	2	1	P158_PBO
235.897	48.465	5.425	-1.278	1.260	1.080	0.000	2	1	JRDR_GPS
235.900	46.903	10.497	4.126	0.470	0.480	0.000	2	1	GRAY_GPS
235.905	41.192	7.872	4.797	0.930	0.930	0.000	2	1	CW07_GPS
235.914	41.559	4.757	0.862	1.300	1.400	0.000	2	1	P316_PBO
235.924	46.300	9.624	3.554	0.730	0.740	0.000	2	1	HEAD_GPS
235.925	40.876	5.461	8.401	0.700	0.700	0.000	2	1	P058_PBO
235.934	44.830	8.512	2.571	0.570	0.590	0.000	2	1	BAL2_GPS
235.935	44.602	7.881	1.670	0.420	0.440	0.000	2	1	HAMI_GPS
235.940	44.587	8.029	2.522	0.442	0.409	0.000	2	1	A16N_GPS
235.941	42.552	4.984	2.927	1.320	1.200	0.000	2	1	LUCA_GPS
235.943	40.220	-4.433	13.731	1.100	1.200	0.000	2	1	P163_PBO
235.967	41.522	6.587	2.445	1.450	1.320	0.000	2	1	H111_GPS
235.986	42.967	4.523	1.571	1.100	1.400	0.000	2	1	P061_PBO
236.022	40.306	-3.863	10.841	0.460	0.390	0.000	2	1	GRSH_GPS
236.024	49.753	1.535	-1.936	0.480	0.520	0.000	2	1	EARL_GPS
236.025	40.727	3.981	6.201	0.560	0.480	0.000	2	1	KNEE_GPS
236.032	40.791	5.050	6.686	0.600	0.400	0.000	2	1	P169_PBO
236.034	45.134	8.217	2.200	0.390	0.400	0.000	2	1	NESK_GPS
236.040	45.862	7.937	1.622	0.380	0.400	0.000	2	1	CANN_GPS
236.044	46.205	8.601	1.856	0.260	0.260	0.000	2	1	FTS1_GPS
236.051	45.273	6.428	2.400	1.410	1.530	0.000	2	1	ISLE_GPS
236.063	41.986	3.542	0.028	0.770	0.610	0.000	2	1	GORD_GPS
236.076	46.972	9.917	1.989	0.450	0.470	0.000	2	1	OP25_GPS
236.079	48.377	5.563	-1.931	1.520	1.230	0.000	2	1	SHER_GPS
236.083	46.057	7.970	0.815	0.550	0.580	0.000	2	1	COND_GPS
236.084	46.926	7.437	1.417	1.300	1.400	0.000	2	1	P398_PBO
236.094	40.024	-1.942	11.177	1.200	1.300	0.000	2	1	P156_PBO
236.119	40.669	3.101	5.093	0.520	0.687	0.000	2	1	P168_PBO
236.120	40.544	0.327	5.618	0.900	0.800	0.000	2	1	P167_PBO
236.123	49.598	1.621	-1.440	0.570	0.630	0.000	2	1	SECH_GPS
236.137	40.435	-1.379	6.714	0.500	0.800	0.000	2	1	P166_PBO
236.140	44.019	6.160	2.240	1.560	1.540	0.000	2	1	FHAM_GPS
236.142	45.022	7.399	1.443	0.800	1.000	0.000	2	1	P395_PBO
236.147	40.246	-3.873	8.020	1.200	1.200	0.000	2	1	P165_PBO
236.154	45.214	5.939	1.240	0.590	0.630	0.000	2	1	CEDC_GPS
236.156	41.874	5.226	1.004	1.120	1.020	0.000	2	1	01XD_GPS
236.164	42.792	2.534	1.729	0.350	0.350	0.000	2	1	BOLI_GPS
236.165	39.777	-4.454	11.680	0.630	0.530	0.000	2	1	HP15_GPS
236.168	46.173	7.332	1.463	0.760	0.780	0.000	2	1	ASTO_GPS
236.176	45.421	5.529	2.077	1.090	1.290	0.000	2	1	PRAI_GPS
236.180	49.203	2.759	-1.837	0.700	0.660	0.000	2	1	GABR_GPS
236.190	46.663	7.331	2.615	0.490	0.550	0.000	2	1	SOBE_GPS
236.211	41.993	5.302	0.683	1.650	1.460	0.000	2	1	HP12_GPS
236.212	45.907	5.643	1.490	0.680	0.730	0.000	2	1	N274_GPS
236.222	43.002	2.232	1.777	0.430	0.430	0.000	2	1	CAM4_GPS
236.233	44.612	6.580	0.816	1.040	1.250	-0.024	2	1	EDDY_GPS
236.267	40.875	3.195	0.386	0.690	0.600	-0.009	2	1	HORS_GPS
236.270	46.656	6.537	1.054	0.500	0.500	-0.172	2	1	P415_PBO
236.274	38.928	-9.626	5.925	1.500	1.500	0.003	3	1	P059_PBO
236.280	46.089	6.546	0.423	0.640	0.710	-0.020	2	1	KLAS_GPS
236.283	39.864	-8.104	9.639	0.500	0.600	0.036	2	1	P315_PBO
236.294	47.817	5.707	-0.107	0.900	0.800	-0.025	2	1	SC03_PBO
236.297	46.973	7.946	0.773	0.520	0.590	0.018	2	1	CNTR_GPS
236.301	40.575	-0.703	-0.469	0.654	0.640	-0.261	2	1	P326_PBO
236.303	45.483	6.442	1.666	0.480	0.450	-0.024	2	1	SISK_GPS
236.325	40.439	-0.937	4.640	0.990	0.620	-0.005	2	1	01NE_GPS
236.326	48.465	4.246	-1.496	1.310	1.010	-0.042	2	1	CNSP_GPS
236.344	40.257	-4.743	5.094	1.100	1.100	-0.012	2	1	P324_PBO
236.349	48.316	4.110	-1.492	1.310	0.930	0.005	2	1	BCHD_GPS
236.351	46.334	6.594	0.381	0.610	0.640	0.000	2	1	GP35_GPS
236.356	45.629	6.192	-0.318	1.200	1.300	0.016	2	1	P405_PBO
236.361	45.082	4.971	-0.472	0.470	0.480	-0.040	2	1	GRND_GPS
236.377	40.944	1.254	0.485	0.690	0.660	-0.045	2	1	01RE_GPS
236.397	39.352	-5.711	11.661	0.500	1.200	-0.068	2	1	P187_PBO
236.401	44.377	4.756	1.160	0.500	0.530	-0.025	2	1	CURT_GPS
236.403	42.719	1.295	1.383	0.340	0.340	-0.022	2	1	REUB_GPS
236.409	44.382	4.842	-0.769	1.100	1.100	0.005	2	1	P374_PBO
236.417	43.644	2.489	1.614	1.540	1.850	-0.002	2	1	WELK_GPS
236.418	39.686	-9.695	9.070	0.400	0.400	0.003	2	1	P314_PBO
236.419	46.146	4.709	-0.273	0.540	0.600	-0.008	2	1	BIGC_GPS
236.430	45.885	5.250	-0.172	0.500	0.520	-0.045	2	1	HANS_GPS
236.433	44.185	4.396	1.952	0.560	0.610	0.061	2	1	TRIA_GPS
236.435	39.554	-8.631	9.936	1.200	1.200	-0.042	2	1	P313_PBO
236.446	40.334	-2.930	0.332	0.560	0.490	-0.028	2	1	LASS_GPS
236.448	39.906	-7.347	4.475	1.200	1.200	-0.047	2	1	P317_PBO
236.450	44.038	4.230	0.556	0.520	0.560	0.075	2	1	SOAM_GPS
236.453	44.594	5.114	1.607	0.570	0.670	-0.003	2	1	U727_GPS
236.459	46.966	5.394	1.015	0.760	0.810	-0.003	2	1	SATS_GPS
236.467	46.991	6.464	-0.406	0.530	0.600	-0.102	2	1	A479_GPS
236.471	47.990	5.321	-0.661	0.450	0.470	-0.031	2	1	HUR2_GPS
236.477	40.460	-1.467	-1.156	0.710	0.580	0.068	2	1	HP16_GPS
236.497	48.060	4.784	-1.460	0.800	1.400	-0.038	2	1	P435_PBO
236.500	46.541	5.769	1.070	0.480	0.510	-0.109	2	1	FRAN_GPS
236.505	48.117	3.820	-0.999	0.660	0.650	-0.035	2	1	PTAN_GPS
236.507	40.815	0.367	-0.435	1.000	0.820	-0.043	2	1	0108_GPS
236.539	45.797	4.789	0.716	0.480	0.480	0.025	2	1	REST_GPS
236.540	46.268	6.483	1.515	0.500	0.570	-0.047	2	1	PARK_GPS
236.545	43.126	2.210	0.589	0.730	0.790	-0.059	2	1	DELI_GPS
236.549	48.648	3.006	-2.024	0.530	0.530	0.144	2	1	PGC4_GPS
236.564	47.004	5.094	-0.031	0.600	0.600	-0.011	2	1	P430_PBO
236.571	43.140	3.069	0.809	0.700	0.800	-0.001	2	1	P369_PBO
236.588	45.065	4.351	-0.327	0.950	0.970	-0.077	2	1	BRAE_GPS
236.589	43.129	1.450	1.223	0.660	0.720	0.039	2	1	B741_GPS
236.591	47.939	5.512	-1.948	0.450	0.470	-0.019	2	1	EA40_GPS
236.592	47.237	2.836	-2.371	1.300	1.400	-0.019	2	1	P418_PBO
236.597	48.140	6.048	-1.686	1.380	1.190	-0.005	2	1	TUCK_GPS
236.607	43.242	0.367	2.122	0.930	0.730	0.003	2	1	DARL_GPS
236.610	45.159	4.816	-0.794	0.900	1.500	0.010	2	1	P404_PBO
236.617	42.504	1.215	0.557	0.900	1.100	-0.025	2	1	P368_PBO
236.618	42.621	-0.053	1.280	1.540	1.420	-0.029	2	1	N748_GPS
236.623	46.201	4.897	-0.765	0.600	0.800	0.412	2	1	P408_PBO
236.624	47.015	4.885	0.270	0.500	0.560	0.098	2	1	FARW_GPS
236.628	39.452	-7.070	4.459	1.200	1.300	-0.009	2	1	P318_PBO
236.645	43.246	1.129	0.274	0.400	0.410	-0.007	2	1	ROSE_GPS
236.652	38.987	-6.571	14.290	0.500	0.500	0.005	2	1	P189_PBO
236.653	48.493	3.317	-2.099	1.300	0.930	-0.048	2	1	DOUG_GPS
236.661	42.423	0.784	1.076	0.600	0.660	-0.046	2	1	FARO_GPS
236.667	43.623	2.983	-0.020	0.600	1.000	0.000	2	1	P373_PBO
236.675	40.815	-0.205	-1.953	1.050	0.900	-0.056	2	1	01QF_GPS
236.681	43.465	2.679	0.578	1.020	0.870	0.000	2	1	T739_GPS
236.702	46.575	4.418	-1.049	0.500	0.800	0.004	2	1	P417_PBO
236.705	39.707	-7.336	1.189	0.400	0.400	0.014	2	1	P319_PBO
236.709	44.391	5.852	0.274	0.590	0.630	-0.078	2	1	E141_GPS
236.725	46.631	4.356	0.365	0.460	0.520	-0.031	2	1	DOTT_GPS
236.740	47.955	4.320	-1.017	0.380	0.400	-0.214	2	1	BLUE_GPS
236.747	42.799	1.721	1.030	0.750	0.740	0.000	2	1	AZAL_GPS
236.752	39.771	-4.733	1.060	1.110	0.890	0.014	2	1	CVR3_GPS
236.761	45.851	4.979	-1.069	0.600	1.400	-0.040	2	1	P409_PBO
236.762	43.706	3.125	-0.689	0.680	0.830	-0.021	2	1	LESL_GPS
236.770	38.668	-5.983	12.718	1.900	2.000	0.007	2	1	P188_PBO
236.772	44.925	4.121	0.628	0.620	0.650	-0.055	2	1	NESM_GPS
236.773	48.425	2.944	-1.409	1.370	0.990	-0.040	2	1	DISC_GPS
236.781	44.689	4.492	0.530	1.540	0.820	0.009	2	1	Y683_GPS
236.795	46.105	4.576	0.294	1.060	1.110	-0.019	2	1	CLAT_GPS
236.796	39.242	-7.414	8.302	0.700	0.400	0.002	2	1	P190_PBO
236.799	39.795	-1.760	-1.241	0.790	0.630	-0.066	2	1	HP14_GPS
236.803	44.149	3.695	-1.942	0.910	0.990	0.205	2	1	B737_GPS
236.807	41.842	3.344	-1.094	0.720	0.600	0.024	2	1	HP21_GPS
236.819	38.495	0.020	14.024	1.500	1.600	0.004	2	1	P182_PBO
236.825	40.547	-2.100	-0.177	1.000	0.700	0.000	2	1	P332_PBO
236.829	48.774	2.330	-1.781	1.330	1.050	0.008	2	1	SATU_GPS
236.837	44.079	3.304	0.179	0.820	0.940	-0.006	2	1	EZEL_GPS
236.843	45.538	5.761	-1.595	1.200	1.300	0.020	2	1	P411_PBO
236.848	45.190	4.201	-1.567	1.100	1.600	-0.017	2	1	P406_PBO
236.859	47.237	3.591	-0.254	0.570	0.580	-0.060	2	1	SNDR_GPS
236.861	45.070	3.719	-0.053	0.530	0.560	-0.031	2	1	YAMB_GPS
236.866	48.045	3.140	-2.177	0.700	0.900	-0.005	2	1	P436_PBO
236.869	45.190	3.387	0.698	1.070	1.140	0.000	2	1	MACK_GPS
236.887	47.387	4.601	-0.610	0.450	0.480	0.001	2	1	TAHU_GPS
236.888	47.033	4.716	0.391	0.470	0.510	0.149	2	1	Z478_GPS
236.890	48.181	5.160	-2.885	1.200	1.230	-0.033	2	1	DUNG_GPS
236.895	39.320	-5.976	5.593	0.700	0.800	0.006	2	1	P192_PBO
236.897	44.780	4.548	1.402	0.830	0.860	-0.178	2	1	SDNY_GPS
236.898	44.941	3.155	-0.197	0.300	0.600	-0.004	2	1	P376_PBO
236.900	44.633	5.086	0.240	0.880	1.140	0.010	2	1	C715_GPS
236.930	45.612	3.116	-0.899	0.460	0.480	-0.050	2	1	GARY_GPS
236.931	38.314	-9.351	6.633	1.100	1.100	0.002	3	1	P183_PBO
236.935	43.372	1.600	0.000	0.350	0.360	0.001	2	1	SCOT_GPS
236.942	43.363	2.465	-0.144	1.000	0.600	0.004	2	1	P371_PBO
236.969	39.729	-0.139	-2.115	0.800	0.640	-0.003	2	1	POIR_GPS
236.996	44.325	3.728	-1.169	0.850	0.860	-0.069	2	1	TWIN_GPS
237.004	49.078	1.542	-1.825	1.230	0.940	-0.055	2	1	BOUN_GPS
237.009	45.524	3.359	-0.387	0.420	0.470	-0.068	2	1	CHAS_GPS
237.015	46.671	3.133	-0.545	0.400	0.400	-0.089	2	1	APSA_GPS
237.029	44.876	3.255	-0.267	0.980	1.140	0.002	2	1	JAIL_GPS
237.031	44.510	3.326	-0.158	0.740	0.820	-0.084	2	1	PETE_GPS
237.044	44.566	3.659	-0.419	0.600	0.620	-0.108	2	1	LANG_GPS
237.058	40.652	-0.551	-1.641	1.040	0.810	-0.001	2	1	H217_GPS
237.059	47.288	3.619	-1.328	0.400	0.400	0.005	2	1	P423_PBO
237.063	38.104	-12.798	5.406	1.600	1.500	-0.032	3	1	PRNC_GPS
237.064	40.370	-1.307	-2.935	0.870	0.760	-0.001	2	1	0221_GPS
237.075	46.040	3.082	0.697	0.750	0.650	0.185	2	1	PRES_GPS
237.077	40.748	-2.738	-0.968	0.900	0.800	0.008	2	1	P338_PBO
237.079	50.127	-0.709	-3.081	0.380	0.390	0.010	2	1	WSLR_GPS
237.081	46.283	3.357	0.111	0.620	0.690	0.047	2	1	CSTL_GPS
237.091	48.708	2.175	-2.333	0.500	0.500	0.003	2	1	P439_PBO
237.113	44.052	5.203	-1.490	1.200	1.300	0.069	2	1	P377_PBO
237.115	48.420	3.141	-1.749	0.580	0.500	-0.037	2	1	ICEB_GPS
237.120	44.990	3.335	0.226	0.470	0.490	0.013	2	1	HOWE_GPS
237.123	42.323	0.093	0.126	0.460	0.530	-0.009	2	1	JUST_GPS
237.125	47.824	4.734	-0.740	0.790	0.830	-0.006	2	1	SCHO_GPS
237.126	45.269	3.288	-0.270	0.450	0.430	0.007	2	1	SPRO_GPS
237.131	38.080	-11.032	6.148	0.500	0.500	-0.291	3	1	PRH2_GPS
237.134	46.589	3.339	-0.729	0.700	0.800	0.001	2	1	P420_PBO
237.170	44.208	3.438	-0.333	1.000	1.020	0.002	2	1	COLR_GPS
237.174	44.795	3.488	-0.278	0.540	0.580	0.004	2	1	IMP0_GPS
237.187	38.087	-1.451	10.410	0.600	0.600	-0.063	2	1	1395_GPS
237.189	45.179	4.510	0.764	1.070	1.280	0.013	2	1	HUBB_GPS
237.193	46.477	8.267	-2.541	1.450	1.670	-0.031	2	1	ARP0_GPS
237.199	45.857	2.844	0.584	0.400	0.440	-0.122	2	1	HELE_GPS
237.213	47.549	4.115	-1.417	0.410	0.430	-0.144	2	1	GLDH_GPS
237.232	48.141	3.132	-2.191	0.640	0.620	-0.096	2	1	WORD_GPS
237.233	38.429	-3.291	15.437	0.800	0.700	-0.065	2	1	P197_PBO
237.245	47.501	3.633	-0.419	0.580	0.640	0.035	2	1	B197_GPS
237.256	45.672	5.825	-1.465	1.030	1.120	-0.006	2	1	VANC_GPS
237.257	38.298	-3.442	13.749	1.200	1.100	0.000	2	1	P196_PBO
237.260	43.340	0.369	-0.535	0.487	0.495	0.004	2	1	STEA_GPS
237.263	38.093	-1.700	12.678	0.500	0.500	-0.065	2	1	NICC_GPS
237.280	46.533	3.884	-0.573	0.560	0.660	-0.040	2	1	PTS5_GPS
237.290	41.730	-0.585	-0.513	0.424	0.421	-0.012	2	1	YBHB_GPS
237.293	42.216	-2.451	0.335	0.680	0.750	-0.024	2	1	ASH0_GPS
237.304	48.313	3.476	-1.419	0.840	0.900	-0.104	2	1	WHD1_GPS
237.307	45.835	4.378	-1.597	1.100	1.100	-0.038	2	1	P414_PBO
237.317	47.922	3.434	-2.099	0.620	0.700	0.011	2	1	PLUD_GPS
237.330	48.419	-0.865	-4.669	1.400	1.400	0.002	2	1	P438_PBO
237.339	47.446	3.442	-2.340	0.990	1.150	-0.112	2	1	ORCC_GPS
237.344	42.191	1.492	0.163	0.900	1.200	-0.021	2	1	P370_PBO
237.347	43.586	1.440	0.665	0.660	0.750	-0.005	2	1	FARV_GPS
237.352	47.735	4.249	-1.277	0.670	0.810	-0.049	2	1	KINW_GPS
237.375	42.142	-0.620	-1.707	0.770	0.890	0.001	2	1	F760_GPS
237.379	47.094	2.600	0.532	0.570	0.630	0.008	2	1	LEWG_GPS
237.393	38.260	-4.776	11.839	0.500	0.400	-0.048	2	1	P198_PBO
237.397	48.892	1.372	-2.103	1.060	1.350	0.000	2	1	FRND_GPS
237.401	37.923	-2.983	10.641	0.600	0.600	-0.031	2	1	T3R2_GPS
237.405	38.186	-5.537	12.760	0.500	0.500	-0.024	2	1	COR__GPS
237.409	45.216	1.917	0.515	1.015	0.865	-0.032	2	1	4S9B_GPS
237.411	45.221	1.913	0.517	1.015	0.865	-0.108	2	1	P412_PBO
237.423	44.497	3.268	-0.829	1.200	1.200	0.003	2	1	P379_PBO
237.424	38.778	-4.217	5.358	1.400	1.300	0.042	2	1	P206_PBO
237.425	45.326	1.911	1.661	1.040	1.270	0.000	2	1	CLCC_GPS
237.429	47.172	3.348	0.237	1.100	1.100	0.002	2	1	PCOL_PBO
237.430	44.150	2.380	-1.838	0.594	0.545	0.009	2	1	VIDA_GPS
237.434	45.547	2.336	-0.327	0.340	0.360	-0.157	2	1	RKBU_GPS
237.447	47.571	0.367	-1.858	1.590	1.870	-0.040	2	1	SITA_GPS
237.453	45.781	2.780	-0.477	0.420	0.450	-0.004	2	1	BATT_GPS
237.465	48.791	1.652	-3.537	1.950	1.140	-0.027	2	1	BHAP_GPS
237.473	38.236	-5.110	11.789	0.500	0.500	0.001	2	1	ADOO_GPS
237.474	41.555	-1.339	-2.850	1.130	1.390	0.043	2	1	GREN_GPS
237.485	47.803	-0.065	-4.411	1.300	1.400	0.008	2	1	P426_PBO
237.489	42.741	0.199	-0.145	0.710	0.800	-0.013	2	1	PROS_GPS
237.496	37.509	-7.212	3.244	0.700	0.700	0.118	3	1	WHAL_GPS
237.497	38.264	-3.846	9.094	0.700	0.500	-0.017	2	1	P199_PBO
237.500	43.750	1.569	-0.893	0.507	0.487	-0.001	2	1	OAKR_GPS
237.507	48.856	-0.484	-2.790	1.000	1.100	-0.007	2	1	P440_PBO
237.520	44.752	2.797	-0.543	0.530	0.580	-0.173	2	1	MILL_GPS
237.521	42.065	-1.096	-0.731	0.380	0.380	-0.005	2	1	SOR4_GPS
237.536	43.160	1.095	-0.794	0.380	0.400	-0.002	2	1	BLK4_GPS
237.542	37.609	-10.407	6.007	0.600	0.600	-0.004	3	1	SWEE_GPS
237.544	37.527	-9.023	3.914	0.600	0.600	-0.063	3	1	PALO_GPS
237.545	37.805	-4.178	11.995	0.800	0.800	0.006	2	1	PRSD_GPS
237.548	38.240	-3.347	8.843	0.800	0.500	0.000	2	1	P200_PBO
237.556	47.306	2.449	-3.073	0.980	1.180	-0.037	2	1	BROW_GPS
237.571	46.532	5.110	-2.919	0.600	0.700	-0.014	2	1	P421_PBO
237.572	43.228	0.690	-1.868	0.660	0.710	-0.050	2	1	TOKE_GPS
237.584	37.959	-6.099	11.940	0.800	0.900	0.025	2	1	SNPR_GPS
237.585	40.998	-1.471	-0.984	1.000	0.500	-0.005	2	1	P060_PBO
237.598	37.942	-6.388	13.324	1.100	1.100	0.018	2	1	HIL4_GPS
237.605	37.183	-2.738	2.745	0.600	0.600	-0.031	3	1	PIGE_GPS
237.613	47.595	3.376	-0.445	1.170	1.460	-0.003	2	1	DUWA_GPS
237.618	37.592	0.001	9.869	0.700	0.700	0.011	2	1	PEEE_GPS
237.623	37.915	-5.360	13.713	0.500	0.900	0.001	2	1	P181_PBO
237.625	47.388	1.867	-1.820	0.390	0.390	-0.056	2	1	RPT1_GPS
237.634	37.810	-4.968	12.763	0.500	0.600	-0.020	2	1	NAVY_GPS
237.638	38.283	-4.003	9.426	1.700	1.900	-0.020	2	1	HENN_GPS
237.639	46.190	3.512	-1.855	0.800	0.900	-0.007	2	1	P689_PBO
237.641	37.228	-5.371	2.274	0.600	0.700	0.000	3	1	HALM_GPS
237.644	37.990	-3.330	8.494	0.900	0.900	-0.038	2	1	SPA1_GPS
237.645	46.110	4.064	0.332	0.600	0.500	0.035	2	1	P687_PBO
237.650	42.620	-0.172	-0.519	0.616	0.598	-0.103	2	1	RUST_GPS
237.655	46.301	3.087	-1.483	0.568	0.574	-0.016	2	1	ELKR_GPS
237.659	45.430	2.424	-0.904	0.900	0.700	-0.053	2	1	P427_PBO
237.660	37.934	-6.356	12.529	1.400	1.700	-0.112	2	1	RMD1_GPS
237.662	38.258	-4.315	7.536	0.700	0.800	0.004	2	1	DEAL_GPS
237.667	45.299	1.438	-1.125	0.590	0.640	-0.042	2	1	ESTA_GPS
237.670	44.170	1.927	-4.122	1.300	1.200	-0.001	2	1	BR02_GPS
237.681	40.731	-2.653	-1.681	0.900	0.600	0.004	2	1	P349_PBO
237.682	46.026	1.686	-1.354	0.380	0.400	0.005	2	1	YALE_GPS
237.686	43.963	2.846	-1.922	0.650	0.670	-0.257	2	1	SARD_GPS
237.689	46.173	1.405	-0.933	1.400	1.500	-0.049	2	1	P705_PBO
237.695	37.937	-7.215	12.713	1.000	0.800	0.000	2	1	MA_A_GPS
237.710	47.103	2.735	-1.031	0.560	0.580	-0.011	2	1	THUN_GPS
237.716	37.274	-3.806	3.883	0.900	1.000	0.001	3	1	HAUL_GPS
237.728	47.908	1.177	-2.622	0.810	0.880	-0.041	2	1	PAIN_GPS
237.729	40.271	-3.542	-1.180	0.900	0.600	-0.265	2	1	P345_PBO
237.730	46.551	2.607	-0.811	0.320	0.330	-0.001	2	1	MORT_GPS
237.735	37.872	-6.620	12.371	0.500	0.600	-0.001	2	1	UCBK_GPS
237.741	38.324	-3.912	6.271	0.500	0.500	-0.050	2	1	HAGG_GPS
237.745	38.030	-5.589	8.043	1.000	1.200	-0.074	2	1	0410_GPS
237.748	37.871	-5.396	11.963	0.900	0.900	0.047	2	1	STAC_GPS
237.749	37.870	-5.699	12.564	0.900	0.900	0.003	2	1	STAD_GPS
237.753	37.879	-4.255	7.051	0.800	0.800	-0.103	2	1	04GG_GPS
237.765	44.119	1.908	-1.313	1.210	1.030	-0.095	2	1	CUGR_GPS
237.771	38.043	-5.115	6.796	1.100	1.100	0.000	2	1	CROC_GPS
237.772	48.508	0.923	-2.199	0.520	0.560	-0.040	2	1	SDRO_GPS
237.773	46.231	0.334	-2.678	1.400	1.600	0.067	2	1	P691_PBO
237.778	37.884	-4.232	8.050	0.500	0.600	-0.014	2	1	BAPK_GPS
237.781	37.864	-4.111	8.685	0.700	0.700	-0.016	2	1	P224_PBO
237.782	38.153	-2.690	5.267	0.800	0.500	0.004	2	1	P261_PBO
237.784	37.312	-7.832	4.695	0.600	0.700	0.000	3	1	TRUE_GPS
237.794	41.294	-0.470	-1.593	1.400	1.500	0.004	2	1	P655_PBO
237.796	37.417	-2.420	10.487	0.400	0.300	-0.009	2	1	SLAC_PBO
237.797	38.313	-4.827	5.272	0.500	0.500	-0.028	2	1	MADI_GPS
237.798	46.210	3.439	-3.569	1.800	1.100	0.030	2	1	P693_PBO
237.804	46.145	0.280	-3.079	1.500	1.600	0.160	2	1	P703_PBO
237.805	37.147	-3.094	3.194	0.500	0.500	0.025	3	1	EAUN_GPS
237.816	37.691	-5.157	11.656	0.700	0.700	-0.071	2	1	SLBB_GPS
237.818	46.300	1.571	-1.641	1.400	1.400	-0.009	2	1	P694_PBO
237.824	47.485	1.755	-1.794	0.700	0.740	-0.005	2	1	HAFF_GPS
237.825	38.351	-3.991	2.379	0.500	0.500	0.001	2	1	GAME_GPS
237.833	37.324	-0.151	8.345	0.600	0.600	-0.037	2	1	PAWT_GPS
237.836	46.199	-1.867	-1.052	1.100	1.800	0.008	2	1	P695_PBO
237.842	48.162	0.720	-2.651	0.440	0.450	0.032	2	1	ARLI_GPS
237.846	48.170	0.893	-1.907	0.590	0.680	0.001	2	1	ARLO_GPS
237.847	37.290	-7.976	5.349	0.700	0.700	0.005	3	1	BM1R_GPS
237.857	48.917	0.139	-3.690	0.700	0.860	-0.040	2	1	GP37_GPS
237.858	47.636	1.083	-1.886	0.870	0.990	-0.006	2	1	OVER_GPS
237.867	46.195	-1.376	-3.737	1.400	1.600	-0.032	2	1	P701_PBO
237.872	37.937	-3.509	6.555	0.600	0.600	-0.001	2	1	HILL_GPS
237.877	37.363	-1.807	9.607	0.800	0.900	0.005	2	1	FTHL_GPS
237.885	38.331	-3.449	0.759	0.700	0.700	-0.010	2	1	GORR_GPS
237.897	38.398	-3.103	-0.047	0.500	0.500	-0.002	2	1	VAC3_GPS
237.900	42.473	-1.134	-0.447	0.700	0.810	-0.020	2	1	RKPT_GPS
237.903	37.563	-6.820	11.412	0.500	0.600	-0.016	2	1	COYS_GPS
237.904	38.025	-3.752	5.566	1.300	1.100	-0.037	2	1	P262_PBO
237.905	37.551	-6.647	11.308	0.500	0.600	-0.020	2	1	RDHL_GPS
237.912	45.533	1.455	1.596	1.180	1.210	-0.008	2	1	LARC_GPS
237.917	37.539	-6.879	13.527	0.800	0.400	0.324	2	1	P222_PBO
237.931	37.732	-4.674	6.880	0.600	0.600	-0.038	2	1	CAS2_GPS
237.939	37.815	-4.726	5.953	0.500	0.500	-0.039	2	1	ROC2_GPS
237.941	37.099	1.371	5.161	1.100	1.200	-0.032	3	1	LOMP_GPS
237.942	37.714	-3.572	7.348	0.500	0.400	-0.011	2	1	P225_PBO
237.944	36.978	-2.338	1.671	1.200	1.200	0.008	3	1	SCAZ_GPS
237.945	39.244	-2.528	-1.134	1.000	0.900	0.000	2	1	P270_PBO
237.948	36.993	0.836	2.743	1.200	1.200	0.002	3	1	CRO3_GPS
237.972	39.929	-5.484	-1.361	1.400	1.400	-0.073	2	1	P344_PBO
237.977	37.217	0.449	9.392	0.500	0.500	-0.080	2	1	ELSE_GPS
237.980	44.190	-0.572	0.540	1.000	0.900	0.001	2	1	CUPO_GPS
237.989	37.645	-5.699	7.503	0.600	0.600	0.434	2	1	GARS_GPS
237.990	42.140	0.625	-4.735	1.000	1.000	0.032	2	1	W784_GPS
238.004	37.185	1.199	8.455	0.400	0.400	-0.008	2	1	BRIG_BVU
238.005	37.738	-4.141	7.142	0.600	0.600	0.001	2	1	WED2_GPS
238.006	37.059	-1.573	4.226	0.500	0.500	-0.066	3	1	TRAL_GPS
238.009	37.202	-0.671	10.023	0.700	0.400	-0.003	2	1	P213_PBO
238.012	46.572	-1.582	-2.686	1.400	1.500	-0.006	2	1	P431_PBO
238.015	47.509	1.005	-2.317	0.400	0.410	0.009	2	1	TIGR_GPS
238.022	37.749	-4.819	5.656	1.200	0.400	-0.013	2	1	P229_PBO
238.023	37.206	-0.633	10.645	0.500	0.500	0.032	2	1	SNJO_GPS
238.026	37.480	-6.514	12.887	0.600	0.700	-0.022	2	1	Z137_GPS
238.027	37.180	-0.070	8.399	1.100	1.100	-0.030	2	1	ODAM_GPS
238.034	37.247	-2.130	11.740	0.800	0.800	-0.030	2	1	VASO_GPS
238.039	37.073	-2.203	3.649	0.500	0.500	-0.039	3	1	BRUC_GPS
238.046	38.530	-2.240	-0.842	1.800	0.800	-0.035	2	1	P265_PBO
238.048	37.532	-2.210	6.799	1.400	1.400	-0.002	2	1	WINE_1PS
238.053	37.110	-6.793	3.007	0.500	0.400	0.008	3	1	BURD_GPS
238.056	43.530	0.699	-1.369	0.900	0.750	-0.143	2	1	CRES_GPS
238.057	39.145	-4.430	-2.979	1.300	0.900	-0.007	2	1	P272_PBO
238.060	37.643	-5.506	7.269	0.600	0.600	-0.001	2	1	SUNS_GPS
238.062	37.047	-3.045	2.279	0.600	0.600	0.003	3	1	FIRE_GPS
238.071	36.449	0.321	2.633	1.800	1.700	0.000	3	1	SOBR_GPS
238.076	36.982	-3.000	1.564	0.500	0.500	0.004	3	1	GREG_GPS
238.080	37.004	-1.291	2.346	0.500	0.500	-0.037	3	1	PORT_GPS
238.081	37.507	-4.140	7.394	1.000	1.100	-0.056	2	1	1582_GPS
238.091	37.104	-8.401	5.750	0.600	0.600	0.004	3	1	LP2__GPS
238.095	36.622	-1.187	2.114	1.700	1.800	-0.006	3	1	P231_PBO
238.103	42.318	-1.467	-0.457	0.880	0.920	-0.001	2	1	SKIL_GPS
238.112	37.540	-4.322	7.821	0.600	0.600	0.002	2	1	MILS_GPS
238.117	45.692	1.693	-1.561	0.610	0.670	-0.032	2	1	STEV_GPS
238.122	42.574	0.057	-0.525	0.610	0.670	0.002	2	1	V546_GPS
238.123	45.676	1.583	-0.814	1.100	1.200	-0.086	2	1	P429_PBO
238.126	36.946	-2.056	1.738	0.600	0.600	-0.061	3	1	LEON_GPS
238.129	37.499	-3.705	7.437	0.600	0.600	-0.078	2	1	ALLI_GPS
238.130	37.541	-3.108	9.135	0.600	0.600	-0.003	2	1	SHER_GPS
238.137	36.962	-2.806	0.190	1.300	1.300	-0.002	3	1	P212_PBO
238.149	36.288	2.101	0.542	1.700	1.700	-0.077	3	1	MOLR_GPS
238.151	44.120	-2.565	4.858	0.770	0.790	-0.002	2	1	HUSB_GPS
238.156	37.111	-3.791	11.167	0.600	0.600	-0.039	2	1	LOMA_GPS
238.161	37.050	-8.824	6.196	0.700	0.700	0.015	3	1	LP4__GPS
238.167	37.012	-4.539	4.291	0.500	0.500	0.006	3	1	CORR_GPS
238.170	42.870	-0.042	-1.665	0.900	1.000	-0.043	2	1	J789_GPS
238.174	37.337	-8.954	11.903	1.100	1.200	-0.004	2	1	P226_PBO
238.177	38.380	-0.999	2.036	1.100	1.400	0.005	2	1	P267_PBO
238.180	39.210	-4.883	-0.016	0.370	0.353	-0.023	2	1	SUTB_GPS
238.186	36.235	2.098	1.990	1.800	1.700	-0.023	3	1	FEIF_GPS
238.190	37.594	-3.101	3.209	0.600	0.600	0.000	2	1	SARE_GPS
238.191	37.069	-3.445	11.499	0.500	0.500	-0.106	2	1	NDDD_GPS
238.195	43.133	-1.196	0.688	0.500	0.512	-0.001	2	1	BEAV_GPS
238.200	43.130	-1.195	0.690	0.500	0.512	-0.006	2	1	BEAV_GPS
238.201	36.749	-3.340	2.512	0.700	0.700	-0.002	3	1	MULL_GPS
238.207	36.486	-0.150	2.125	0.300	0.800	-0.011	3	1	P171_PBO
238.208	37.922	-3.186	1.000	0.700	0.700	-0.049	2	1	JOBE_GPS
238.210	37.533	-3.085	4.061	0.700	0.700	-0.005	2	1	P227_PBO
238.212	37.137	-8.112	12.613	0.500	0.600	0.021	2	1	MAZZ_GPS
238.217	37.186	-8.531	11.872	0.500	0.500	0.005	2	1	CAAA_GPS
238.220	42.260	0.139	-1.127	0.900	0.400	0.124	2	1	P380_PBO
238.223	48.539	1.060	-1.399	0.830	1.030	-0.018	2	1	GRSM_GPS
238.228	36.589	2.619	3.757	1.200	1.100	-0.001	3	1	FORD_GPS
238.229	36.846	-1.662	0.454	0.700	0.600	0.010	3	1	05ZB_GPS
238.240	44.290	-0.108	-0.705	0.700	0.700	0.003	2	1	BLCK_GPS
238.250	36.763	0.071	0.678	0.600	0.500	-0.121	3	1	0513_GPS
238.253	42.209	-1.177	-1.454	0.400	0.440	-0.017	2	1	ALTA_GPS
238.260	40.870	-5.125	-0.659	1.000	0.900	-0.025	2	1	HHTT_GPS
238.262	37.219	-8.940	12.110	0.500	0.500	-0.024	2	1	COY__GPS
238.268	36.816	-2.213	0.426	0.800	0.400	-0.008	3	1	P210_PBO
238.278	37.954	-5.725	-2.053	1.200	1.300	-0.001	2	1	MINN_GPS
238.285	38.657	-4.957	-0.691	0.600	0.400	-0.029	2	1	P271_PBO
238.286	37.229	-9.000	12.085	0.600	0.500	-0.014	2	1	METC_GPS
238.288	45.334	1.931	-2.374	0.630	0.770	-0.028	2	1	TIMB_GPS
238.294	37.184	-7.422	11.193	1.500	1.600	0.024	2	1	PERR_GPS
238.297	37.622	-2.610	3.161	0.800	0.900	0.206	2	1	USG7_GPS
238.310	43.680	-2.107	0.101	0.492	0.500	-0.014	2	1	WICK_GPS
238.313	37.602	-2.480	2.861	0.500	0.500	0.018	2	1	P228_PBO
238.317	46.623	0.772	-2.619	0.400	0.300	-0.116	2	1	P432_PBO
238.325	37.694	-1.747	0.369	1.000	1.100	-0.054	2	1	B112_GPS
238.326	48.865	-1.035	-3.157	1.240	1.390	-0.019	2	1	BAKR_GPS
238.327	36.914	-7.427	5.998	0.700	0.600	-0.031	3	1	04AL_GPS
238.330	45.304	1.697	-0.917	0.500	0.590	-0.027	2	1	STOL_GPS
238.332	36.791	-1.788	1.340	0.600	0.500	-0.004	3	1	05YC_GPS
238.334	36.698	0.554	0.754	1.400	0.800	0.019	3	1	SALI_GPS
238.340	39.430	-5.566	-0.245	0.436	0.433	-0.003	2	1	CHO1_GPS
238.341	36.722	-1.516	2.183	1.600	0.800	0.021	3	1	BORO_GPS
238.349	37.104	-9.955	11.846	0.500	0.700	0.012	2	1	P217_PBO
238.354	38.474	-7.245	-0.502	1.500	0.500	0.074	2	1	P268_PBO
238.372	36.540	3.074	-0.931	1.800	1.800	0.004	3	1	TORO_GPS
238.375	47.138	1.009	-2.617	0.630	0.640	0.009	2	1	GP17_GPS
238.384	36.980	-5.978	9.843	0.500	0.500	-0.042	2	1	GILR_GPS
238.395	37.932	-3.855	0.400	0.500	0.500	-0.156	2	1	P256_PBO
238.406	48.486	-1.220	-2.890	0.580	0.570	-0.010	2	1	GP29_GPS
238.409	36.859	-9.038	4.971	1.200	1.200	0.004	3	1	P234_PBO
238.415	36.887	-0.917	8.764	0.600	0.600	0.004	2	1	PGN4_GPS
238.423	36.055	4.326	-1.063	1.800	1.800	0.011	3	1	GAMB_GPS
238.428	48.079	0.772	-1.530	1.200	1.540	-0.073	2	1	SLVR_GPS
238.432	36.873	-2.007	7.695	0.600	0.600	0.004	2	1	77RT_GPS
238.434	37.755	-4.056	0.273	0.700	0.800	0.012	2	1	MEDA_GPS
238.444	37.477	-4.613	1.105	0.500	0.500	0.001	2	1	MOCH_GPS
238.460	40.980	-0.802	2.876	1.000	1.000	-0.004	2	1	PITR_GPS
238.470	41.720	-3.367	-1.862	0.500	0.500	0.009	2	1	M504_GPS
238.490	42.250	0.319	-1.335	0.800	1.000	-0.042	2	1	HILD_GPS
238.493	41.712	-1.193	-1.894	0.800	1.000	-0.003	2	1	P672_PBO
238.510	41.616	-3.113	-3.204	1.300	1.400	-0.010	2	1	P674_PBO
238.516	35.992	0.112	2.025	1.040	1.030	0.004	3	1	0509_GPS
238.530	40.816	-3.564	-1.024	1.181	0.843	0.011	2	1	HCRO_PBO
238.536	37.755	-2.702	-0.072	0.500	0.500	0.000	2	1	P257_PBO
238.537	36.954	-8.363	9.289	0.700	1.000	0.000	2	1	P242_PBO
238.538	36.909	-5.505	10.619	0.700	0.700	-0.124	2	1	RAIL_BVU
238.540	41.430	-2.742	-2.984	0.400	0.400	-0.024	2	1	ROUN_GPS
238.571	36.493	0.040	0.970	0.700	0.600	-0.003	3	1	05VE_GPS
238.574	47.735	1.672	-2.140	0.540	0.560	0.002	2	1	B059_GPS
238.600	41.050	-6.911	-2.831	1.000	1.000	0.000	2	1	MCAR_GPS
238.608	47.388	1.192	-2.941	1.070	1.330	0.009	2	1	HYAK_GPS
238.612	38.116	-3.144	-1.571	0.800	0.900	-0.067	2	1	P273_PBO
238.625	37.508	-4.608	0.545	0.500	0.600	0.009	2	1	OSR1_GPS
238.634	44.823	1.013	-2.684	0.570	0.710	0.004	2	1	Y502_GPS
238.645	37.011	-4.419	1.079	0.500	0.500	-0.001	2	1	P244_PBO
238.650	42.410	0.562	-3.412	0.800	1.000	0.002	2	1	J288_GPS
238.672	45.783	1.655	-3.271	0.970	0.970	-0.028	2	1	GWEN_GPS
238.675	36.793	-2.138	5.120	0.600	0.600	-0.014	2	1	05YF_GPS
238.677	36.420	2.996	2.373	0.800	0.700	0.256	3	1	0512_GPS
238.700	46.873	0.661	-2.264	0.550	0.620	-0.010	2	1	SPIL_GPS
238.701	36.900	-2.445	2.119	0.600	0.600	0.032	2	1	TURK_GPS
238.710	41.100	-6.791	0.941	0.900	0.900	-0.005	2	1	FRAZ_GPS
238.712	37.008	-5.247	4.953	0.600	0.600	0.002	2	1	PACH_GPS
238.716	35.665	0.054	3.248	1.000	1.010	-0.001	3	1	BLAN_GPS
238.720	44.060	0.887	-2.596	0.602	0.585	0.002	2	1	PIBU_GPS
238.730	36.696	-9.910	12.621	0.900	0.900	-0.053	2	1	05WF_GPS
238.731	48.674	0.182	-2.625	0.610	0.620	-0.028	2	1	G370_GPS
238.742	41.671	0.120	-2.385	1.580	1.610	-0.001	2	1	0209_GPS
238.785	38.322	-4.748	-0.857	1.200	1.300	0.000	2	1	P275_PBO
238.790	42.440	-0.394	-5.131	1.000	1.000	-0.065	2	1	TUFF_GPS
238.799	36.294	1.537	1.240	1.100	0.900	-0.042	3	1	OSI2_GPS
238.803	44.269	-0.181	-1.661	1.310	1.270	0.013	2	1	F735_GPS
238.812	36.560	0.748	-0.976	1.100	1.100	-0.058	3	1	P247_PBO
238.816	36.571	-0.183	0.282	0.900	0.900	0.003	3	1	05WG_GPS
238.822	37.464	-3.455	0.069	0.500	0.500	-0.036	2	1	H104_GPS
238.825	45.618	0.820	-2.192	0.350	0.410	-0.014	2	1	DALL_GPS
238.829	47.232	3.236	-1.042	0.470	0.480	-0.001	2	1	EASN_GPS
238.850	39.630	-2.785	-0.459	1.400	0.900	-0.046	2	1	LUMP_GPS
238.863	36.161	-0.378	0.839	1.000	0.700	0.000	3	1	QCYN_PBO
238.865	36.426	0.269	-1.661	1.100	1.100	-0.041	3	1	P175_PBO
238.867	46.629	1.271	-2.602	0.810	0.750	0.003	2	1	FALL_GPS
238.872	44.634	0.190	-3.765	0.660	0.830	-0.038	2	1	SKYO_GPS
238.899	37.433	-4.343	-3.060	0.900	0.400	-0.044	2	1	P259_PBO
238.900	42.430	0.886	-4.574	1.100	1.000	0.002	2	1	ROCO_GPS
238.905	38.645	-4.835	-0.072	0.600	0.500	-0.044	2	1	P276_PBO
238.910	44.210	1.969	1.122	0.800	0.800	-0.044	2	1	DRYX_GPS
238.916	37.711	-4.234	0.158	1.200	0.600	0.012	2	1	P260_PBO
238.932	48.730	-2.286	-1.075	1.200	1.300	-0.031	2	1	P444_PBO
238.936	36.612	-4.845	0.143	1.100	1.100	0.026	2	1	P249_PBO
238.939	35.711	-0.195	1.295	0.600	0.700	-0.013	3	1	P278_PBO
238.940	37.080	-4.034	0.369	0.500	0.500	-0.014	2	1	ONIE_GPS
238.942	37.170	-3.551	0.315	0.500	0.600	-0.146	2	1	P252_PBO
238.960	41.510	-5.018	-1.436	0.700	0.800	0.000	2	1	02SS_GPS
238.973	42.393	-1.545	-1.427	0.690	0.820	-0.013	2	1	V357_GPS
238.980	39.730	-3.075	-2.152	1.200	0.900	0.004	2	1	HELI_GPS
238.997	35.552	-0.590	0.039	0.600	1.700	-0.020	3	1	P067_PBO
239.004	36.410	0.776	2.985	1.000	0.700	-0.059	2	1	05UH_GPS
239.019	36.417	-5.273	4.725	1.200	1.200	-0.014	2	1	P285_PBO
239.049	38.090	-3.266	0.561	0.600	0.700	-0.001	2	1	P309_PBO
239.050	41.180	-3.260	2.244	1.000	0.900	0.015	2	1	ADIN_GPS
239.053	44.920	0.223	-2.956	0.532	0.550	0.048	2	1	JUNC_GPS
239.060	39.970	-5.377	-0.338	0.400	0.400	-0.011	2	1	QUIN_GPS
239.067	46.844	-0.442	-3.684	1.700	1.800	-0.013	2	1	P065_PBO
239.070	44.260	0.396	-2.685	0.800	0.800	0.030	2	1	HSTN_GPS
239.093	35.933	-0.673	-2.829	0.500	0.300	0.009	3	1	P284_PBO
239.121	36.140	-0.983	-2.507	0.900	0.700	-0.036	3	1	P288_PBO
239.130	35.636	1.588	1.269	0.500	1.300	-0.014	3	1	P526_PBO
239.135	44.301	-0.130	-1.451	0.580	0.550	0.011	2	1	PRIN_GPS
239.158	35.697	1.402	-0.450	0.300	0.700	0.010	3	1	P295_PBO
239.168	35.359	-0.490	1.933	0.820	0.860	0.034	3	1	BLHL_GPS
239.192	35.426	-1.752	-0.100	1.600	1.600	0.022	3	1	P525_PBO
239.194	40.419	-2.693	-2.582	1.300	1.400	-0.026	2	1	P148_PBO
239.230	43.010	-2.259	-2.590	0.628	0.600	-0.026	2	1	W072_GPS
239.256	45.475	-0.197	-2.266	0.600	0.620	0.016	2	1	A545_GPS
239.257	36.806	-3.769	0.806	0.500	0.300	-0.025	2	1	P301_PBO
239.279	38.340	-5.374	0.026	0.600	0.600	0.022	2	1	JAST_GPS
239.280	42.260	-1.583	-2.006	0.900	0.900	-0.020	2	1	PL20_GPS
239.295	37.054	-3.935	1.097	0.500	0.400	-0.023	2	1	P303_PBO
239.300	41.490	-0.090	-2.857	0.900	0.900	-0.023	2	1	HOTC_GPS
239.302	35.386	0.236	0.808	0.920	0.960	-0.011	3	1	TESS_GPS
239.307	38.829	-6.818	0.238	1.300	1.300	-0.024	2	1	P140_PBO
239.310	43.170	-0.535	-3.395	0.900	0.900	-0.022	2	1	7MIR_GPS
239.318	34.469	-2.580	0.526	0.850	0.900	-0.020	3	1	HARV_GPS
239.328	45.590	-0.481	-2.703	0.600	0.500	-0.026	2	1	P445_PBO
239.330	40.420	-2.546	-2.175	1.400	0.900	-0.025	2	1	N843_GPS
239.335	47.768	-0.531	-2.288	0.520	0.550	0.014	2	1	1882_GPS
239.356	37.795	-5.907	0.127	1.200	1.300	0.003	2	1	P306_PBO
239.360	43.290	-0.329	-3.043	0.900	1.000	-0.018	2	1	L091_GPS
239.373	34.571	0.137	3.101	1.320	1.230	-0.001	3	1	RUS1_GPS
239.380	44.310	-0.514	-3.214	1.000	1.100	-0.025	2	1	C753_GPS
239.381	36.635	-5.290	0.951	0.500	0.300	0.001	2	1	P302_PBO
239.383	34.593	-1.288	1.874	1.350	1.230	-0.014	3	1	ALVA_GPS
239.390	40.450	-2.697	-2.236	1.100	0.900	-0.016	2	1	E843_GPS
239.394	34.894	-1.822	1.509	0.970	0.960	0.014	3	1	LOSP_GPS
239.408	47.559	1.144	-2.140	1.250	0.950	-0.020	2	1	E518_GPS
239.410	42.200	-1.569	-3.249	0.900	1.000	-0.032	2	1	OREG_GPS
239.427	35.456	-0.613	-0.383	0.870	0.910	-0.024	3	1	BARR_GPS
239.430	40.550	-4.405	-2.690	1.000	0.900	-0.009	2	1	Q837_GPS
239.448	35.974	-0.656	-0.511	0.500	0.600	-0.018	3	1	P297_PBO
239.451	42.704	-0.779	-3.217	0.780	0.920	-0.025	2	1	PAIS_GPS
239.455	35.328	-0.501	-0.815	1.400	1.400	-0.025	3	1	P528_PBO
239.457	36.089	-2.315	4.336	1.400	1.500	-0.025	2	1	P293_PBO
239.458	35.945	5.213	-3.986	0.500	0.500	-0.017	3	1	PKDB_GPS
239.460	43.390	0.579	-1.869	0.900	1.000	-0.022	2	1	F091_GPS
239.461	47.000	-0.229	-2.693	0.370	0.380	-0.021	2	1	LINH_GPS
239.479	47.012	0.986	-3.471	0.590	0.550	-0.018	2	1	WILS_GPS
239.491	44.353	-0.811	-3.592	1.370	1.120	-0.011	2	1	G753_GPS
239.500	40.630	-2.002	-0.835	0.800	0.700	-0.032	2	1	HUSG_GPS
239.520	35.625	0.833	-2.549	0.500	0.800	-0.020	3	1	P530_PBO
239.521	35.867	5.333	-5.191	0.400	0.300	-0.023	3	1	HOGS_PBO
239.547	35.552	0.426	-1.887	0.840	0.870	-0.025	3	1	ALMO_GPS
239.557	35.833	4.829	-5.913	0.400	0.300	-0.043	3	1	MASW_PBO
239.560	36.123	-2.936	3.129	1.100	1.100	-0.034	2	1	P294_PBO
239.575	48.594	-2.198	-2.749	0.950	0.920	-0.018	2	1	A515_GPS
239.580	44.400	0.480	-2.291	1.000	1.300	-0.001	2	1	M753_GPS
239.590	35.011	-1.383	-1.138	1.300	1.300	-0.004	3	1	P514_PBO
239.610	38.030	-5.421	0.929	0.386	0.383	0.000	2	1	CMBB_GPS
239.617	35.106	-2.795	-2.941	0.600	0.600	0.011	3	1	P516_PBO
239.622	42.469	-0.889	-2.405	1.100	0.900	0.004	2	1	P388_PBO
239.629	35.748	5.148	-5.556	1.100	1.100	0.005	3	1	P533_PBO
239.636	36.052	-2.209	5.501	1.500	1.500	0.005	2	1	P296_PBO
239.643	36.739	-4.528	1.447	0.600	0.700	0.049	2	1	P304_PBO
239.646	36.501	-0.875	2.700	1.240	1.050	0.011	2	1	0607_GPS
239.649	34.038	-1.083	3.426	0.300	0.300	0.016	3	1	MIG1_PBO
239.652	35.544	-0.840	-4.039	1.200	1.200	-0.009	3	1	P280_PBO
239.654	35.607	0.345	-3.254	1.090	1.010	0.003	3	1	H623_GPS
239.660	40.560	-4.291	-2.166	1.000	1.000	0.000	2	1	BISC_GPS
239.666	38.736	-5.987	1.710	1.600	1.700	0.006	2	1	P310_PBO
239.674	47.480	0.464	-3.050	0.970	1.000	-0.004	2	1	OHME_GNI
239.680	39.320	-4.534	0.320	0.700	0.600	0.007	2	1	UU83_GPS
239.690	43.430	0.597	-2.540	0.800	0.900	0.022	2	1	Y090_GPS
239.697	41.902	-2.719	-2.175	0.510	0.510	0.005	2	1	MODB_1PS
239.700	34.960	-1.355	1.073	1.530	1.430	0.007	3	1	7HLI_GPS
239.701	35.346	-1.014	-2.961	1.140	1.080	0.000	3	1	POZO_GPS
239.706	36.016	-2.363	5.121	1.600	1.600	0.002	2	1	P298_PBO
239.707	35.583	-0.591	-4.170	1.420	1.030	0.002	3	1	L623_GPS
239.723	36.304	-7.317	-0.586	0.300	0.300	0.004	2	1	P300_PBO
239.733	35.634	2.725	-6.363	0.300	0.400	0.003	3	1	P532_PBO
239.739	35.605	0.523	-6.319	0.830	0.860	0.005	3	1	REDH_GPS
239.740	41.550	-3.052	-1.808	0.900	0.900	0.007	2	1	CEDR_GPS
239.743	34.798	-2.577	1.909	1.260	1.160	0.003	3	1	LAMO_GPS
239.744	48.508	-3.283	-0.673	0.500	0.530	0.033	2	1	R378_GPS
239.750	40.130	-3.431	-1.623	1.000	0.900	0.026	2	1	02EX_GPS
239.760	34.871	-2.379	-1.703	1.100	1.100	-0.003	3	1	P515_PBO
239.770	40.590	-3.528	-1.901	0.335	0.333	-0.001	2	1	SHIN_GPS
239.780	45.000	-1.194	-2.986	0.920	0.920	-0.035	2	1	FOSS_GPS
239.782	44.631	-1.558	-3.302	0.800	0.820	0.002	2	1	U73H_GPS
239.785	45.745	-0.235	-2.850	1.300	1.510	0.030	2	1	H428_GPS
239.801	34.502	-0.406	0.484	1.030	0.980	-0.039	3	1	GAVI_GPS
239.803	37.352	-4.859	0.680	0.500	0.500	0.021	2	1	P305_PBO
239.818	35.703	-8.561	8.360	0.400	0.400	0.002	2	1	P539_PBO
239.820	45.243	0.683	-3.134	0.760	0.760	0.004	2	1	E040_GPS
239.845	35.928	-2.667	3.661	0.600	0.700	0.020	2	1	P546_PBO
239.860	39.360	-5.962	0.227	0.700	0.700	-0.010	2	1	A210_GPS
239.867	34.483	-2.252	1.142	0.200	0.300	0.020	3	1	TJRN_PBO
239.869	35.801	-5.403	2.861	0.700	0.800	0.013	2	1	P540_PBO
239.880	43.480	0.718	-1.830	0.900	0.900	0.046	2	1	R090_GPS
239.887	35.520	-4.333	-1.513	0.950	0.920	0.006	3	1	POSO_GPS
239.888	35.534	-6.409	-2.446	1.200	1.200	0.005	3	1	P538_PBO
239.894	33.951	-0.443	3.478	0.940	0.930	0.013	3	1	SNRI_GPS
239.899	35.235	-2.323	-2.164	1.900	1.900	0.030	3	1	P535_PBO
239.930	48.157	-1.816	-2.962	0.510	0.550	0.034	2	1	S389_GPS
239.933	35.076	-1.735	-0.745	0.940	0.930	0.003	3	1	MADC_GPS
239.935	34.004	-1.180	3.123	0.200	0.200	0.007	3	1	SRS1_PBO
239.937	47.656	-1.098	-2.829	0.600	0.570	0.012	2	1	L387_GPS
239.942	36.947	-6.396	2.227	1.100	0.700	0.020	2	1	P307_PBO
239.953	35.889	-1.781	5.796	0.940	0.930	0.022	2	1	TAR0_GPS
239.960	39.790	-4.903	-1.301	0.500	0.500	0.003	2	1	SAGE_GPS
239.975	35.280	-2.926	-2.126	1.300	1.400	0.001	3	1	P536_PBO
239.980	41.550	-0.412	-1.882	0.700	0.800	-0.002	2	1	ALKA_GPS
239.991	34.733	-2.284	0.210	0.300	0.200	0.035	3	1	FGST_PBO
239.999	35.575	-5.435	2.659	0.960	0.920	0.006	2	1	C616_GPS
240.006	40.245	-2.268	-2.544	0.680	0.652	0.012	2	1	0226_GPS
240.010	40.240	-2.265	-2.543	0.680	0.652	0.003	2	1	HP26_GPS
240.017	43.590	-1.517	-3.943	0.610	0.600	0.009	2	1	0047_GPS
240.018	34.582	-3.658	0.864	0.900	0.500	0.005	3	1	BBDM_PBO
240.020	43.590	-1.518	-3.941	0.610	0.600	-0.003	2	1	0047_GPS
240.048	42.098	-1.772	-1.915	0.670	0.750	0.004	2	1	G118_GPS
240.064	41.276	0.555	-2.815	2.000	2.000	0.000	2	1	P017_PBO
240.065	35.317	-4.014	-0.248	1.200	1.400	-0.011	3	1	P537_PBO
240.070	42.930	-0.895	-2.557	0.507	0.510	-0.006	2	1	JUNI_GPS
240.080	39.110	-5.240	0.066	0.500	0.500	0.002	2	1	P208_GPS
240.091	35.935	-2.991	1.474	0.500	0.600	0.007	2	1	P547_PBO
240.120	34.415	-1.385	-2.418	0.300	0.200	0.002	3	1	COPR_PBO
240.143	44.119	-0.707	-2.848	0.480	0.510	0.002	2	1	J090_GPS
240.146	35.603	-3.474	2.191	0.920	0.890	0.000	2	1	P807_GPS
240.150	42.120	-0.887	-5.374	1.000	1.000	0.004	2	1	K589_GPS
240.162	35.003	-2.543	-0.041	0.980	1.000	0.016	3	1	0504_GPS
240.177	45.813	-1.214	-2.329	0.490	0.540	0.021	2	1	D639_GPS
240.189	47.242	-0.478	-2.903	0.760	0.740	0.015	2	1	C033_GPS
240.210	39.370	-5.331	-0.090	0.400	0.400	-0.023	2	1	MAGU_GPS
240.215	34.029	-1.107	3.317	0.579	0.572	0.004	3	1	CRU1_PBO
240.220	41.000	-3.035	-3.074	0.700	0.800	0.004	2	1	P515_GPS
240.230	39.100	-5.602	-0.062	0.700	0.600	-0.002	2	1	A250_GPS
240.234	35.414	0.315	0.027	1.390	1.190	0.003	2	1	GOUD_GPS
240.247	33.995	0.068	2.541	0.920	0.920	0.001	3	1	CENT_GPS
240.254	37.089	-4.495	1.541	1.500	1.600	0.000	2	1	P725_PBO
240.262	35.731	-4.685	0.130	0.500	0.600	0.003	2	1	P544_PBO
240.263	48.394	-2.781	-2.640	0.870	0.840	0.004	2	1	ROSW_GPS
240.273	46.578	-1.037	-2.831	0.550	0.610	-0.002	2	1	B317_GPS
240.278	39.908	-1.184	-1.121	1.600	1.700	0.001	2	1	P139_PBO
240.286	34.823	-1.779	0.839	0.890	0.920	0.003	3	1	SALI_GPS
240.287	35.319	0.018	-1.471	1.200	1.300	0.015	2	1	P543_PBO
240.300	39.280	-3.492	0.229	0.800	0.900	0.002	2	1	10BB_GPS
240.340	39.850	-2.103	-1.889	0.500	0.500	0.003	2	1	43JD_GPS
240.360	38.330	-3.016	1.929	1.200	0.900	-0.008	2	1	1008_GPS
240.369	46.260	-1.186	-3.115	0.800	0.800	0.003	2	1	P449_PBO
240.372	44.623	-1.153	-3.746	0.670	0.670	0.002	2	1	JONY_GPS
240.376	41.358	-1.722	-2.530	0.600	0.600	0.007	2	1	P145_PBO
240.380	49.320	-2.603	-2.558	0.353	0.361	-0.002	2	1	DRAO_GPS
240.400	39.499	-3.359	-1.669	0.600	0.600	0.000	2	1	P127_PBO
240.451	45.344	-1.088	-2.583	0.530	0.570	-0.001	2	1	CBL1_GPS
240.456	45.953	-1.002	-3.031	0.600	0.400	-0.004	2	1	P450_PBO
240.460	39.080	-2.291	-1.252	0.600	0.500	-0.002	2	1	V209_GPS
240.463	39.698	-2.772	-1.580	0.800	0.600	0.003	2	1	P095_PBO
240.511	34.928	-1.975	0.622	1.200	1.140	-0.002	3	1	CUYA_GPS
240.513	47.404	-2.102	-3.808	0.600	0.500	0.003	2	1	P452_PBO
240.516	34.852	-0.818	0.567	1.040	0.980	0.000	3	1	YAM2_GPS
240.520	42.020	-2.599	-3.500	0.900	1.000	-0.003	2	1	GUAN_GPS
240.521	33.232	-0.414	3.489	0.890	0.910	0.000	3	1	TWIN_GPS
240.530	40.580	0.120	-3.510	0.900	0.900	0.001	2	1	P19A_GPS
240.548	48.694	-1.691	-3.520	0.870	0.940	0.001	2	1	TONA_GPS
240.568	34.960	-2.335	0.700	0.900	0.910	-0.006	3	1	PATW_GPS
240.579	35.419	-3.824	-0.373	0.700	0.600	-0.003	2	1	P563_PBO
240.581	41.173	-1.816	-3.241	0.700	0.730	0.000	2	1	74LR_GPS
240.590	39.350	-2.873	-0.603	0.600	0.700	0.002	2	1	A275_GPS
240.606	35.398	-3.491	0.476	0.880	0.880	0.001	2	1	FIBR_GPS
240.629	34.408	-1.351	-2.125	0.200	0.300	0.000	3	1	CSST_PBO
240.637	34.015	-1.649	4.887	0.400	1.200	0.002	3	1	ANA1_PBO
240.640	40.420	-2.381	-2.891	0.400	0.400	-0.001	2	1	GARL_GPS
240.646	41.997	-2.100	-2.808	0.660	0.700	0.014	2	1	LOPE_GPS
240.647	34.683	-2.021	-0.964	0.644	0.634	0.001	3	1	OZST_PBO
240.652	35.157	-4.357	-2.061	0.200	0.200	-0.001	2	1	BVPP_PBO
240.663	47.185	-1.734	-3.252	0.450	0.480	0.005	2	1	LSII_GPS
240.674	34.600	-1.975	-5.115	1.700	1.700	0.006	3	1	P549_PBO
240.690	37.170	-5.295	1.958	0.379	0.393	0.011	2	1	MUSB_GPS
240.700	34.636	-0.824	-1.138	0.970	0.950	-0.002	3	1	MUNS_GPS
240.712	36.289	-4.467	3.814	1.000	1.020	-0.004	2	1	0609_GPS
240.736	34.566	-2.361	-1.306	1.290	1.170	0.000	3	1	0102_GPS
240.760	41.880	0.049	-3.504	0.700	0.800	0.001	2	1	OBSD_GPS
240.762	34.276	-2.722	-0.136	0.200	0.500	0.004	3	1	VNCO_PBO
240.763	35.744	-6.974	-1.578	0.700	1.400	-0.010	2	1	P565_PBO
240.771	36.324	-5.661	0.252	0.400	0.600	-0.001	2	1	P566_PBO
240.800	39.940	-2.439	-2.930	0.400	0.400	-0.005	2	1	FLRN_GPS
240.810	39.430	-1.024	-0.567	0.600	0.700	0.003	2	1	A290_GPS
240.812	34.441	-0.911	-2.970	0.300	0.300	-0.004	3	1	HVYS_PBO
240.816	34.541	-1.448	-2.457	0.300	0.500	0.000	3	1	RSVY_PBO
240.820	38.080	-1.870	3.542	1.000	0.800	-0.017	2	1	CNWY_GPS
240.821	35.002	0.710	-1.244	1.070	1.100	-0.001	2	1	J976_GPS
240.845	34.856	-3.971	-1.078	1.800	2.000	-0.008	3	1	P551_PBO
240.859	34.499	-0.539	-3.422	0.300	0.300	0.022	3	1	NHRG_PBO
240.870	40.770	-4.829	-2.890	1.000	0.800	-0.002	2	1	TRGO_GPS
240.882	36.738	-3.391	4.394	1.100	1.030	-0.004	2	1	0605_GPS
240.896	34.734	-1.466	-0.152	1.140	1.170	-0.007	3	1	LVMS_GPS
240.910	38.050	-6.094	2.172	0.500	0.500	-0.006	2	1	DECH_GPS
240.914	37.786	-6.276	2.237	1.700	1.700	0.001	2	1	P632_PBO
240.920	38.160	-6.277	0.929	1.100	0.900	0.000	2	1	H130_GPS
240.931	39.486	-0.592	-2.293	1.700	1.700	-0.006	2	1	P128_PBO
240.934	43.585	-1.602	-3.666	0.720	0.760	-0.009	2	1	TOMB_GPS
240.936	34.320	-1.538	1.599	0.300	0.300	-0.003	3	1	SOMT_PBO
240.937	36.027	-6.585	-2.518	0.500	1.100	-0.003	2	1	P056_PBO
240.940	39.580	-0.894	-2.258	0.500	0.400	0.000	2	1	BLAB_GPS
240.950	41.880	-1.994	-6.105	0.800	1.000	-0.001	2	1	F067_GPS
240.959	33.472	-1.660	3.842	0.930	0.980	-0.003	3	1	SBIS_GPS
240.961	34.168	-1.156	1.300	0.300	0.200	-0.002	3	1	CSCI_PBO
240.969	45.499	-0.525	-2.683	0.870	0.870	-0.001	2	1	PAUL_GPS
240.970	33.480	-1.348	2.543	0.200	0.300	-0.002	3	1	BAR1_PBO
240.980	41.870	-1.878	-2.518	0.346	0.346	-0.004	2	1	SHLD_GPS
240.981	37.800	-4.624	2.281	1.700	1.800	-0.011	2	1	P648_PBO
240.990	34.440	-2.422	-1.040	1.260	1.280	-0.001	3	1	SNP2_GPS
240.993	46.621	-1.709	-2.633	0.560	0.520	0.002	2	1	MESA_GPS
241.000	37.613	-1.101	1.986	1.600	1.600	0.005	2	1	P630_PBO
241.007	47.954	-0.421	-5.134	1.400	1.500	-0.002	2	1	P454_PBO
241.010	42.720	-2.511	-4.398	0.800	0.700	-0.002	2	1	LOOP_GPS
241.014	47.971	-1.615	-3.889	1.190	1.100	-0.010	2	1	CRWN_GPS
241.016	35.011	-4.045	0.095	0.200	0.300	-0.012	2	1	WGPP_PBO
241.039	44.410	-2.059	-2.647	0.740	0.710	-0.011	2	1	OGIL_GPS
241.042	45.138	-0.449	-3.146	0.690	0.830	-0.012	2	1	FORE_GPS
241.060	39.510	-2.379	-2.117	0.600	0.600	-0.013	2	1	B200_GPS
241.062	39.268	-0.261	-1.690	1.600	1.700	-0.002	2	1	P130_PBO
241.063	34.110	-0.992	0.662	0.300	0.200	-0.010	3	1	CIRX_PBO
241.068	35.223	-3.083	-0.532	1.160	1.250	-0.009	2	1	WEED_GPS
241.070	38.981	-1.218	-1.778	1.600	1.600	-0.010	2	1	P134_PBO
241.080	38.330	-0.874	0.684	1.300	0.800	-0.002	2	1	AURO_GPS
241.107	34.800	-4.776	2.636	1.010	1.030	-0.011	3	1	FZHS_GPS
241.116	34.356	-1.200	0.995	0.300	0.300	-0.007	3	1	FMVT_PBO
241.121	34.835	-1.306	-4.300	0.400	0.500	-0.007	2	1	P553_PBO
241.130	39.490	-2.088	-3.188	0.800	0.700	-0.012	2	1	B210_GPS
241.131	37.655	-1.403	0.884	1.700	1.700	0.001	2	1	P639_PBO
241.150	41.890	-0.848	-2.299	0.800	0.900	0.001	2	1	N067_GPS
241.152	34.792	0.975	-3.318	1.400	1.400	0.004	2	1	P554_PBO
241.170	34.157	-1.348	1.140	0.860	0.890	-0.011	3	1	AOA1_GPS
241.180	37.677	-0.044	1.225	1.600	1.700	-0.003	2	1	P646_PBO
241.183	37.591	-7.785	-4.122	1.600	1.600	-0.012	2	1	P642_PBO
241.190	37.980	-4.775	4.185	0.800	0.800	-0.075	2	1	HORU_GPS
241.200	39.630	-3.117	-2.473	0.342	0.323	-0.008	2	1	UPSA_GPS
241.230	38.420	-2.203	0.399	1.100	0.800	-0.008	2	1	LUCK_GPS
241.233	36.231	-4.426	1.017	0.500	0.900	-0.011	2	1	P571_PBO
241.245	34.460	-0.686	-2.307	0.300	0.400	-0.004	3	1	SFDM_PBO
241.246	35.421	-4.517	0.455	0.400	0.400	0.000	2	1	P567_PBO
241.250	40.860	-4.799	-4.674	1.200	0.900	-0.003	2	1	PERS_GPS
241.255	47.759	-2.371	-3.541	0.600	0.500	-0.003	2	1	P453_PBO
241.259	34.569	-0.705	-1.761	0.514	0.494	-0.001	3	1	WKPK_GPS
241.264	37.903	-0.451	1.090	1.800	1.800	-0.004	2	1	P649_PBO
241.270	48.675	-2.972	-3.647	0.500	0.800	0.005	2	1	P021_PBO
241.271	40.848	-2.117	-2.459	0.880	0.910	-0.003	2	1	B073_GPS
241.287	47.761	-1.537	-3.059	1.120	0.850	-0.014	2	1	S509_GPS
241.300	40.000	-3.444	-2.859	0.500	0.500	-0.011	2	1	RATT_GPS
241.302	37.562	2.974	1.532	1.600	1.700	-0.010	2	1	P643_PBO
241.324	34.236	-0.353	2.154	0.880	0.910	-0.010	3	1	ROCK_GPS
241.330	35.138	-4.528	1.816	0.990	1.080	0.007	2	1	RSPG_GPS
241.340	35.089	-3.837	2.424	1.220	1.310	-0.009	2	1	JACK_GPS
241.341	48.698	-2.498	-2.549	0.930	0.650	-0.003	2	1	KELL_GPS
241.344	34.944	-4.672	-1.435	0.600	0.500	-0.013	2	1	P557_PBO
241.350	39.400	-4.392	-3.002	0.800	0.700	-0.007	2	1	B220_GPS
241.354	34.059	-0.758	0.673	0.870	0.900	-0.008	3	1	SPK1_GPS
241.359	34.257	-0.869	2.057	0.840	0.870	-0.016	3	1	CHT3_GPS
241.375	35.274	-3.791	2.663	0.960	1.020	0.003	2	1	0617_GPS
241.382	34.839	-2.043	-2.586	0.600	0.600	-0.002	2	1	P559_PBO
241.387	34.517	-1.266	-2.031	0.606	0.610	-0.002	3	1	CTDM_PBO
241.388	35.139	-4.318	0.859	1.200	1.200	0.004	2	1	P558_PBO
241.399	34.331	-1.638	-0.728	0.810	0.840	-0.013	3	1	PICO_GNR
241.411	46.973	-1.780	-2.069	0.520	0.520	-0.009	2	1	CC25_GPS
241.434	47.002	-2.320	-2.998	0.200	0.300	0.000	2	1	P020_PBO
241.438	34.179	0.381	2.636	0.990	1.000	-0.013	3	1	OXCO_GPS
241.440	40.070	-3.140	-3.169	0.600	0.600	0.001	2	1	LOLA_GPS
241.445	37.891	-0.532	0.588	1.700	1.800	-0.010	2	1	P650_PBO
241.455	34.771	0.041	-4.555	0.700	0.800	-0.008	2	1	P556_PBO
241.457	34.202	0.525	2.484	0.990	1.000	-0.014	3	1	MCDS_GPS
241.459	34.822	-3.396	-0.543	0.400	0.500	-0.001	2	1	P560_PBO
241.470	45.600	-1.791	-3.043	1.080	0.920	0.006	2	1	BIGH_GPS
241.476	34.254	-0.349	-1.044	0.900	0.930	-0.012	3	1	CSN1_GPS
241.481	32.927	-0.847	4.199	0.880	0.910	-0.014	3	1	BLUF_GPS
241.486	34.126	0.005	-0.443	0.300	0.300	-0.005	3	1	VIMT_PBO
241.489	34.258	1.603	-0.826	1.110	1.160	0.002	3	1	DELO_GPS
241.512	32.914	-1.945	2.463	0.970	0.990	-0.001	3	1	SCIP_GPS
241.513	35.033	-4.771	2.672	1.110	1.200	-0.002	2	1	DBL1_GPS
241.515	34.293	-0.109	-2.569	0.561	0.566	-0.001	3	1	VNCX_PBO
241.528	37.737	1.140	0.261	1.700	1.800	-0.010	2	1	P653_PBO
241.529	45.813	-1.836	-3.547	0.520	0.510	-0.011	2	1	ATHE_GPS
241.540	38.725	0.579	-1.416	1.600	1.600	-0.003	2	1	P133_PBO
241.549	43.216	-2.246	-3.286	0.730	0.720	-0.013	2	1	A699_GPS
241.558	34.069	0.114	-0.816	0.860	0.890	0.001	3	1	UCLP_GPS
241.572	33.958	-0.123	-0.820	1.160	1.180	-0.019	3	1	WRHS_GPS
241.580	39.150	-3.977	-2.161	0.600	0.700	-0.010	2	1	SNDS_GPS
241.585	35.158	-4.008	2.738	0.200	0.200	-0.011	2	1	THCP_PBO
241.589	34.353	-0.764	-0.975	0.870	0.900	-0.012	3	1	CMP9_GPS
241.591	35.134	-1.600	2.978	1.080	1.210	-0.007	2	1	SUMT_GPS
241.595	33.407	-0.515	3.282	0.860	0.920	0.000	3	1	BRSH_GPS
241.610	38.540	1.263	-2.754	1.000	0.900	0.022	2	1	X360_GPS
241.613	37.563	-0.875	0.023	1.700	1.800	-0.001	2	1	P651_PBO
241.618	47.127	-2.022	-2.062	0.960	1.150	-0.004	2	1	CTHS_GPS
241.621	37.973	0.025	0.028	1.700	1.700	0.002	2	1	P627_PBO
241.628	33.779	0.333	0.094	1.120	1.140	-0.004	3	1	PVHS_GPS
241.629	40.015	-2.437	-3.685	1.330	0.930	-0.005	2	1	WILD_GPS
241.630	40.020	-2.356	-1.085	0.700	0.700	-0.002	2	1	WILD_GPS
241.651	34.024	0.074	-1.957	0.400	0.400	-0.003	3	1	DSHS_PBO
241.666	33.312	-0.981	1.461	0.200	0.200	-0.003	3	1	CAT2_PBO
241.669	33.798	-0.552	0.880	0.910	0.940	-0.005	3	1	TORP_GPS
241.678	34.135	-0.711	-1.803	0.860	0.890	-0.002	3	1	LEEP_GPS
241.680	39.040	-1.528	-4.344	0.900	0.700	-0.009	2	1	SHEL_GPS
241.690	39.270	-1.204	-2.967	0.900	0.600	-0.009	2	1	BX46_GPS
241.700	43.170	-1.663	-5.845	0.900	1.000	-0.004	2	1	U698_GPS
241.705	35.121	-2.968	3.774	1.210	1.320	0.003	2	1	PAJA_GPS
241.712	36.979	-3.366	1.374	1.050	1.030	-0.006	2	1	ABER_GPS
241.720	39.400	-2.011	-3.712	0.700	0.700	-0.013	2	1	MOND_GPS
241.750	40.940	-2.482	-4.798	1.500	0.900	0.080	2	1	J74X_GPS
241.755	34.629	-1.571	-2.044	1.150	1.170	-0.014	2	1	QHTP_GPS
241.767	34.072	-0.048	-3.335	0.300	0.300	-0.003	3	1	PKRD_PBO
241.770	38.530	0.513	-2.273	0.600	0.600	-0.003	2	1	LIZZ_GPS
241.790	39.110	-2.517	-1.964	0.600	0.600	-0.009	2	1	SLR1_GPS
241.793	34.129	-0.626	-2.722	1.150	1.170	-0.006	3	1	OXYC_GPS
241.800	41.450	-0.870	-3.658	0.800	1.000	-0.002	2	1	BLAC_GPS
241.807	34.875	-3.366	2.888	0.200	0.200	0.009	2	1	RSTP_PBO
241.810	40.120	-2.281	-3.867	0.900	0.900	-0.010	2	1	G298_GPS
241.812	34.293	-0.463	-1.519	0.300	0.300	-0.008	3	1	BTDM_PBO
241.815	36.781	-1.054	2.179	1.220	1.010	-0.002	2	1	INDE_GPS
241.830	39.290	-0.663	-3.888	0.900	0.700	0.003	2	1	B270_GPS
241.841	39.212	-0.139	-2.791	1.500	1.600	-0.008	2	1	P099_PBO
241.843	35.087	-2.431	4.388	0.970	1.000	0.004	2	1	PORT_GPS
241.845	48.278	-4.048	-3.313	1.290	1.710	-0.005	2	1	FERR_GPS
241.850	39.230	0.176	-3.896	0.600	0.600	0.002	2	1	F279_GPS
241.860	39.670	-2.656	-1.661	0.800	0.900	-0.006	2	1	B387_GPS
241.868	36.466	-3.733	2.770	1.010	0.980	0.005	2	1	3188_GPS
241.870	39.000	-0.561	-3.358	0.700	0.600	0.006	2	1	AGGI_GPS
241.873	34.137	0.293	-2.102	0.840	0.870	-0.004	3	1	CIT1_GPS
241.879	34.502	-4.077	3.225	1.120	1.150	-0.005	3	1	VNPS_GPS
241.882	36.976	-2.775	-1.029	1.600	1.700	-0.004	2	1	P468_PBO
241.891	34.089	2.309	-2.673	1.190	1.210	-0.012	3	1	SGHS_GPS
241.900	35.494	-4.387	3.767	0.700	0.702	-0.008	2	1	GS02_GPS
241.905	33.962	-1.768	1.899	0.300	0.500	-0.010	3	1	BKMS_PBO
241.923	43.744	-1.957	-3.077	1.200	0.840	-0.003	2	1	GENT_GPS
241.926	35.878	-3.561	4.351	0.300	0.600	-0.004	2	1	BEPK_PBO
241.930	38.690	0.244	-2.630	1.000	0.900	-0.007	2	1	A435_GPS
241.940	39.200	-1.130	-3.658	0.600	0.600	-0.005	2	1	MN54_GPS
241.954	37.737	-0.048	-0.455	1.170	1.170	-0.009	2	1	FISH_GPS
241.960	39.040	-0.519	-2.398	0.600	0.600	0.000	2	1	POST_GPS
241.970	40.940	-2.234	-3.485	1.000	0.800	0.000	2	1	BELL_GPS
241.974	34.333	-0.900	0.684	0.840	0.880	0.000	3	1	CHIL_GPS
241.980	41.410	-0.381	-2.473	0.600	0.700	-0.024	2	1	SODH_GPS
241.984	35.152	-2.384	3.509	0.500	0.400	0.014	2	1	P591_PBO
241.986	45.232	-2.052	-2.958	0.700	0.600	-0.010	2	1	P022_PBO
241.993	42.923	-2.132	-4.037	0.880	0.770	-0.001	2	1	TURN_GPS
241.994	35.039	-1.969	3.189	1.200	1.200	-0.015	2	1	P579_PBO
242.013	37.092	-1.702	0.626	1.340	1.340	-0.001	2	1	WAUC_GPS
242.015	39.306	0.318	-4.669	1.700	1.800	-0.006	2	1	P068_PBO
242.031	35.845	-3.482	4.153	0.735	0.737	-0.008	2	1	GS22_GPS
242.035	34.244	-0.175	-1.310	0.600	1.100	-0.023	3	1	CGDM_PBO
242.050	39.300	1.463	-0.570	2.000	1.600	-0.001	2	1	B285_GPS
242.077	34.508	0.217	-2.702	0.570	0.619	-0.004	2	1	PBPP_PBO
242.080	38.970	-0.497	-4.006	0.444	0.442	-0.005	2	1	GABB_GPS
242.091	33.748	0.525	1.241	1.090	1.230	-0.005	3	1	FIFT_GPS
242.112	48.541	-2.871	-2.400	0.440	0.460	-0.008	2	1	Z264_GPS
242.116	34.042	4.106	-1.605	1.400	1.180	-0.003	3	1	SNTZ_GPS
242.135	33.863	0.716	-2.165	1.040	1.070	-0.001	3	1	CCCS_GPS
242.140	34.413	-4.967	4.480	1.110	1.140	-0.002	3	1	DVPB_GPS
242.172	34.640	-3.889	0.618	0.200	0.300	0.001	2	1	CHMS_PBO
242.180	45.297	-2.141	-2.916	0.790	1.030	0.003	2	1	COVE_GPS
242.184	33.602	-0.744	1.710	1.240	1.260	-0.001	3	1	SJOA_GPS
242.185	44.833	-1.744	-3.478	0.560	0.500	-0.002	2	1	AIRP_GPS
242.188	35.647	-2.893	4.252	0.930	0.940	0.014	2	1	INYO_GPS
242.190	39.150	0.032	-3.942	0.600	0.600	0.003	2	1	BUFF_GPS
242.197	33.618	1.414	0.423	0.850	0.880	-0.004	3	1	TRAK_GPS
242.235	34.493	-1.837	-0.931	1.350	1.050	-0.007	2	1	0705_GLA
242.239	70.736	3.022	1.606	0.700	0.700	-0.015	1	1	HOLM_PBO
242.244	36.217	-1.575	0.364	1.150	1.130	-0.008	2	1	GS35_GPS
242.262	33.914	0.960	-0.708	0.860	0.880	0.006	3	1	SJUA_GPS
242.268	48.208	-3.096	-1.690	0.870	1.000	-0.004	2	1	K024_GPS
242.271	34.510	-3.100	-1.439	0.500	0.500	-0.007	2	1	P581_PBO
242.274	34.137	0.562	-2.132	1.210	1.200	-0.003	3	1	VERN_GPS
242.284	33.554	-0.728	1.583	1.080	0.990	0.003	3	1	KITE_GPS
242.290	39.260	0.923	-5.056	0.600	0.600	-0.009	2	1	C200_GPS
242.291	33.464	-0.432	1.574	0.950	0.980	-0.004	3	1	DANA_GPS
242.294	35.513	-2.363	4.014	1.380	1.360	-0.001	2	1	PAOS_GPS
242.296	37.201	-1.195	-4.008	1.800	1.900	-0.011	2	1	P094_PBO
242.306	34.925	-3.424	5.318	0.587	0.592	-0.002	2	1	PHLB_PBO
242.310	38.770	-1.731	-6.098	1.000	0.900	-0.003	2	1	Z25X_GPS
242.311	34.121	1.016	-0.974	1.070	1.110	-0.003	3	1	PSEB_GPS
242.317	35.339	-1.642	4.301	0.200	0.200	-0.004	2	1	RAMT_PBO
242.320	33.469	-0.150	0.552	0.940	0.960	-0.005	3	1	1202_GPS
242.328	36.094	-3.966	-0.394	1.140	1.120	-0.003	2	1	GS34_GPS
242.329	35.565	-2.875	3.389	0.200	0.200	-0.001	2	1	CCCC_PBO
242.339	33.553	-0.150	-0.596	0.200	0.200	-0.009	3	1	SBCC_PBO
242.360	40.030	-1.657	-4.506	0.600	0.600	-0.003	2	1	LOWE_GPS
242.365	33.444	-1.123	1.769	1.020	1.040	-0.003	3	1	SCMS_GPS
242.368	36.107	-2.227	-0.426	1.290	1.300	-0.001	2	1	GS42_GPS
242.386	35.366	-1.130	4.129	1.350	1.150	-0.024	2	1	0806_GPS
242.388	36.497	-0.422	-0.547	1.060	1.070	-0.001	2	1	LEEF_GPS
242.390	38.880	0.367	-4.620	0.800	0.800	0.000	2	1	6683_GPS
242.391	33.858	1.627	-1.261	0.200	0.200	-0.002	3	1	CNPP_PBO
242.395	34.362	0.305	0.789	1.840	1.600	-0.001	2	1	CUTT_GPS
242.400	40.110	-2.126	-3.665	0.600	0.600	-0.001	2	1	MCOY_GPS
242.402	33.847	1.232	-0.327	0.920	0.960	-0.001	3	1	OAKD_GPS
242.409	35.083	-3.452	5.808	1.330	1.320	-0.001	2	1	GS50_GPS
242.427	35.072	-2.096	3.707	0.500	0.500	-0.002	2	1	CPBN_PBO
242.430	41.010	-0.089	-5.032	0.800	0.900	-0.003	2	1	BUTN_GPS
242.431	46.486	-2.167	-1.726	0.630	0.660	-0.002	2	1	C334_GPS
242.435	33.375	0.177	0.596	0.970	1.020	-0.002	3	1	0301_GPS
242.439	36.519	0.072	-2.094	1.060	1.060	0.000	2	1	FLAT_GPS
242.451	33.975	1.521	0.748	1.110	1.140	0.000	3	1	LIMP_GPS
242.453	33.884	1.612	-0.028	0.930	0.960	-0.003	3	1	0819_GPS
242.454	36.759	0.731	-2.125	1.040	1.010	0.000	2	1	TEAK_GPS
242.457	34.987	-2.360	3.734	0.400	0.400	-0.004	2	1	P583_PBO
242.458	35.740	-2.269	2.047	1.170	1.170	-0.002	2	1	GS26_GCO
242.459	33.562	0.719	-2.451	0.500	0.600	-0.002	3	1	P471_PBO
242.460	36.532	-0.212	-1.590	1.060	1.050	-0.002	2	1	JACK_GPS
242.465	33.709	1.228	-1.216	1.120	1.100	-0.001	3	1	SAN1_GLA
242.470	34.077	1.420	2.838	1.170	1.200	-0.002	3	1	STEE_GPS
242.471	35.007	-1.508	5.455	1.960	1.480	-0.004	2	1	0805_GPS
242.474	34.104	0.401	0.687	0.200	0.200	0.001	3	1	EWPP_PBO
242.478	36.050	-1.302	-0.515	0.400	0.390	0.001	2	1	ARGU_GLA
242.487	34.018	2.559	0.392	1.020	1.050	0.002	3	1	SANO_GPS
242.490	39.690	-1.497	-4.322	0.481	0.487	0.016	2	1	NEWS_GPS
242.495	35.213	-2.890	4.687	1.320	1.320	-0.002	2	1	FMTH_GPS
242.496	34.212	-0.237	2.977	1.080	1.090	0.034	3	1	SANS_GPS
242.500	36.865	1.272	-1.937	1.020	1.010	0.015	2	1	TINP_GPS
242.521	36.572	0.197	-1.811	1.060	1.050	-0.002	2	1	HUNT_GPS
242.530	40.940	-0.760	-3.796	0.900	0.900	-0.002	2	1	GOLC_GPS
242.541	35.584	-2.231	3.914	1.340	1.360	-0.002	2	1	GS48_GPS
242.543	44.578	-2.210	-2.298	0.720	0.590	-0.002	2	1	R489_GPS
242.549	34.347	-3.931	0.483	0.910	0.940	0.002	2	1	CAJO_GLA
242.557	34.032	1.663	1.447	0.920	0.930	-0.002	3	1	JUR3_GPS
242.569	34.635	-5.651	4.437	1.760	1.810	0.001	2	1	DIP0_GPS
242.588	33.648	1.067	-1.191	0.200	0.200	-0.001	3	1	ECFS_PBO
242.590	36.159	-1.253	-1.275	1.200	1.300	0.002	2	1	P464_PBO
242.597	35.698	-1.886	1.118	0.600	0.600	0.000	2	1	P595_PBO
242.610	35.897	-2.404	1.033	0.300	0.400	-0.002	2	1	P594_PBO
242.640	36.992	1.335	-3.171	1.030	1.010	-0.001	2	1	GRAP_GPS
242.645	33.620	1.218	0.220	1.150	1.240	-0.083	3	1	LAKE_GPS
242.647	34.089	0.960	2.053	0.960	0.990	-0.001	3	1	RTHS_GPS
242.671	35.978	-0.304	-0.442	0.940	0.920	0.002	2	1	0914_GPS
242.672	35.813	-0.531	0.358	0.709	0.711	0.014	2	1	TRN1_GPS
242.681	34.305	-3.797	0.024	0.300	0.400	0.004	2	1	P577_PBO
242.682	33.918	1.869	-0.471	0.200	0.200	-0.013	3	1	MLFP_PBO
242.683	35.214	-2.467	4.981	1.320	1.320	-0.008	2	1	GS47_GHT
242.684	34.187	-1.897	2.848	0.500	0.800	-0.001	3	1	P612_PBO
242.691	33.837	2.396	0.093	0.970	1.070	-0.020	3	1	LAST_GLA
242.703	34.749	-7.549	4.384	1.720	1.720	-0.010	2	1	SUNH_GPS
242.708	34.281	-4.295	2.083	0.950	0.980	0.002	2	1	MILU_GLA
242.714	37.061	1.662	-2.872	1.010	0.990	-0.002	2	1	NEV1_GPS
242.719	34.535	-5.196	3.103	0.700	0.500	-0.002	2	1	P586_PBO
242.723	33.130	-1.462	0.680	1.010	1.110	-0.001	3	1	1107_GPS
242.730	39.980	2.989	-4.527	0.900	0.900	-0.003	2	1	61RB_GPS
242.732	34.785	-2.424	3.491	0.600	0.400	-0.015	2	1	P588_PBO
242.734	34.063	1.119	3.689	1.540	1.750	0.002	3	1	BRYN_GPS
242.747	32.840	-0.195	0.286	1.110	1.090	0.002	3	1	SOLJ_GPS
242.750	32.865	-0.372	-1.224	0.730	0.760	-0.002	3	1	SIO3_GPS
242.758	34.537	-5.872	4.841	1.000	1.050	-0.002	2	1	0817_GPS
242.760	42.930	-2.502	-4.747	0.900	1.000	0.007	2	1	T128_GPS
242.768	33.796	2.798	-0.465	1.170	1.120	0.000	3	1	METZ_GLA
242.770	34.630	-4.875	4.914	1.120	1.170	-0.016	2	1	ITER_GPS
242.792	34.975	-2.073	4.852	0.723	0.725	0.014	2	1	RAIN_GPS
242.800	40.410	-2.137	-2.982	0.600	0.600	-0.003	2	1	BAMO_GPS
242.810	33.440	-0.416	-1.305	0.400	0.400	0.014	3	1	P476_PBO
242.811	33.505	1.100	-0.087	1.160	1.150	-0.002	3	1	ROSA_GLA
242.813	39.521	-0.533	-4.370	1.700	1.700	-0.001	2	1	P002_PBO
242.820	38.100	-0.059	-4.313	0.348	0.330	0.005	2	1	TONO_GPS
242.830	34.834	-4.325	5.915	1.590	1.730	0.001	2	1	HODG_GPS
242.837	35.375	-0.236	4.864	1.300	1.290	0.003	2	1	GS49_GHT
242.841	33.332	0.498	0.413	1.260	1.440	-0.003	3	1	0303_GPS
242.846	34.468	-5.853	4.265	1.010	1.030	0.000	2	1	AVRY_GPS
242.852	32.818	-1.262	-0.557	1.200	1.500	-0.003	3	1	SD17_GPS
242.855	33.430	-0.358	-0.938	0.980	1.040	-0.012	3	1	YUNG_GPS
242.860	39.490	0.608	-4.589	0.600	0.600	-0.003	2	1	C240_GPS
242.861	34.014	5.566	1.781	0.940	0.990	-0.001	3	1	BRI2_GLA
242.863	37.218	1.656	-3.381	1.040	1.020	-0.005	2	1	SCTY_GPS
242.868	47.274	-1.986	-1.652	0.660	0.770	0.000	2	1	LATA_GPS
242.887	33.503	1.593	-3.283	0.400	0.400	-0.008	3	1	P477_PBO
242.890	34.621	-5.208	4.917	0.300	0.300	0.007	2	1	P589_PBO
242.895	32.889	-0.917	-2.471	0.300	0.300	-0.001	3	1	P472_PBO
242.896	34.022	3.945	2.459	1.080	1.110	-0.001	3	1	0818_GPS
242.900	34.039	1.720	3.014	0.830	0.860	-0.003	3	1	CRFP_GPS
242.914	33.636	2.620	0.004	1.030	1.070	0.000	3	1	DASH_GPS
242.928	33.236	-0.179	-2.131	0.200	0.900	0.000	3	1	P478_PBO
242.932	34.454	-6.798	5.408	1.190	0.990	-0.003	2	1	PT65_GLA
242.935	33.578	0.795	-1.939	0.200	0.300	0.000	3	1	BILL_PBO
242.941	48.179	-2.827	-2.679	0.600	0.670	-0.001	2	1	JUSW_GPS
242.950	46.426	-0.435	-2.947	0.720	0.660	0.000	2	1	S262_GPS
242.951	39.542	-0.993	-3.289	0.300	0.200	-0.002	2	1	TOIY_PBO
242.958	35.168	-3.275	3.793	1.350	1.360	0.000	2	1	GS36_GPS
242.960	40.000	0.220	-5.502	0.700	0.700	0.000	2	1	CUSG_GPS
242.988	34.919	-2.920	3.876	0.200	0.200	0.004	2	1	BSRY_PBO
243.017	32.569	-0.078	0.288	1.050	1.190	0.000	3	1	1101_GPS
243.019	34.904	-3.418	4.375	0.890	0.910	-0.002	2	1	SOAP_GPS
243.048	34.003	3.431	5.211	1.090	1.100	0.017	3	1	CHER_GLA
243.050	32.734	-1.310	-2.269	0.300	0.300	-0.001	3	1	P473_PBO
243.060	35.090	-0.821	2.542	0.200	0.200	0.010	2	1	LNMT_PBO
243.068	33.468	1.968	-0.821	1.160	1.250	0.008	3	1	RDEC_GPS
243.069	32.912	-0.748	0.449	1.030	1.140	-0.007	3	1	SD18_GPS
243.109	35.332	1.460	1.039	0.395	0.396	-0.001	2	1	MOJ1_GPS
243.112	35.331	1.460	1.042	0.395	0.396	0.002	2	1	MOJM_GPS
243.116	34.264	-3.813	3.291	0.300	0.300	0.000	2	1	BBRY_PBO
243.120	34.462	-4.128	3.013	0.500	0.500	-0.001	2	1	P606_PBO
243.130	40.610	-1.051	-3.664	0.600	0.600	0.001	2	1	BATT_GPS
243.140	33.357	0.951	-1.204	1.000	1.020	0.000	3	1	PMOB_GPS
243.152	33.630	3.299	0.147	1.050	1.120	-0.002	3	1	R293_GPS
243.159	32.601	1.052	-0.439	1.480	1.210	-0.002	3	1	OTAY_GPS
243.164	33.484	2.013	-0.286	1.080	1.140	0.007	3	1	A586_GPS
243.170	39.970	1.495	-2.501	0.900	0.900	-0.002	2	1	79JR_GPS
243.185	34.675	-4.127	3.425	0.200	0.200	-0.004	2	1	ORMT_PBO
243.198	32.844	-0.617	-0.755	0.960	1.040	-0.001	3	1	1106_GPS
243.204	47.743	-2.600	-2.509	0.520	0.510	0.001	2	1	COEU_GPS
243.217	33.493	2.091	-4.323	0.800	0.500	-0.003	3	1	P479_PBO
243.223	33.794	9.104	1.423	1.030	1.060	0.002	3	1	INDO_GLA
243.234	36.747	1.493	-4.755	0.380	0.370	-0.001	2	1	CHLO_GLA
243.237	35.205	0.041	-0.943	1.100	1.100	-0.001	2	1	P615_PBO
243.250	39.060	-0.982	-5.501	0.500	0.500	0.014	2	1	D300_GPS
243.259	39.521	-0.773	-3.925	0.400	0.400	-0.002	2	1	P072_PBO
243.264	40.495	-0.834	-4.776	1.500	1.500	-0.007	2	1	P085_PBO
243.265	33.545	3.648	-0.864	1.010	1.060	0.007	3	1	CARY_GPS
243.280	39.150	-0.552	-4.261	0.400	0.400	-0.015	2	1	MONI_GPS
243.283	33.550	3.609	-0.669	0.980	1.020	0.001	3	1	HOWY_GPS
243.288	33.714	6.136	-1.474	0.960	1.000	-0.016	3	1	WD91_GLA
243.290	41.220	-1.914	-4.140	0.700	0.700	0.008	2	1	6FMK_GPS
243.297	33.382	0.946	-0.458	0.960	1.000	0.001	3	1	SDG6_GPS
243.299	33.543	3.726	-1.600	0.970	0.990	-0.015	3	1	CRAV_GPS
243.307	33.234	-0.280	-0.985	1.010	1.100	0.002	3	1	1108_GPS
243.311	33.555	4.360	-0.852	1.150	1.180	0.000	3	1	M586_GPS
243.319	36.889	0.705	-3.689	1.370	1.380	0.004	2	1	CLAI_GPS
243.320	33.619	5.870	-2.215	0.990	1.060	-0.003	3	1	TOME_GLA
243.329	33.240	0.318	-3.311	0.400	0.300	0.001	3	1	P482_PBO
243.333	31.871	-1.424	0.982	0.980	0.990	-0.016	3	1	CICE_GPS
243.338	33.556	4.439	-1.346	0.890	0.910	0.000	3	1	ANZA_GLA
243.366	33.557	4.559	-1.168	1.050	1.080	0.013	3	1	G109_GPS
243.375	34.644	-3.683	1.620	0.300	0.200	0.006	2	1	RDMT_PBO
243.379	33.376	1.392	-4.572	0.400	0.400	-0.022	3	1	P484_PBO
243.380	39.480	-0.306	-5.318	0.800	0.600	-0.001	2	1	C280_GPS
243.381	32.824	-0.125	-0.694	0.950	1.030	-0.015	3	1	SD21_GPS
243.387	33.550	5.936	-2.425	1.040	1.080	-0.041	3	1	G114_GPS
243.390	33.611	6.406	-2.554	0.810	0.830	-0.013	3	1	ROCH_GLA
243.397	33.565	5.184	-2.337	1.160	1.200	0.000	3	1	G120_GPS
243.402	33.074	-1.118	-0.741	1.200	1.740	-0.001	3	1	SD15_GPS
243.404	33.568	6.157	-2.799	1.050	1.080	0.000	3	1	RCUT_GPS
243.410	33.646	6.896	-3.429	0.940	0.950	-0.001	3	1	JOES_GPS
243.411	33.527	4.886	-2.248	1.010	1.050	-0.002	3	1	TBLM_GPS
243.421	33.564	4.810	-3.496	1.240	1.270	0.007	3	1	G125_GPS
243.425	36.809	1.859	-3.243	1.370	1.370	-0.060	2	1	BLAK_GPS
243.426	33.553	5.914	-3.661	0.900	0.930	-0.002	3	1	LOKT_GPS
243.428	35.321	1.324	-3.097	1.100	1.100	-0.009	2	1	P617_PBO
243.429	33.561	6.064	-5.420	1.440	1.670	-0.003	3	1	0821_GPS
243.431	33.059	-0.317	-2.537	0.300	0.300	-0.008	3	1	P483_PBO
243.442	33.562	7.652	-2.970	1.250	1.330	-0.009	3	1	G128_GPS
243.448	35.426	1.577	-3.928	1.420	1.370	-0.004	2	1	P_42_GHT
243.463	34.217	-0.870	3.231	1.100	1.100	-0.013	2	1	P599_PBO
243.475	33.211	1.331	-1.519	1.080	1.100	0.006	3	1	MVFD_GPS
243.483	33.571	6.534	-2.946	1.010	1.050	0.002	3	1	PMCN_GPS
243.502	33.571	7.799	-5.182	1.170	1.210	-0.018	3	1	D138_GPS
243.516	33.581	7.569	-5.410	1.020	1.070	0.005	3	1	PF6__GLA
243.523	33.603	7.711	-3.735	1.180	1.150	0.004	3	1	PF5C_GPS
243.528	33.684	8.057	-2.563	0.970	0.970	0.033	3	1	WHAY_GPS
243.532	36.840	1.669	-7.050	1.014	1.016	0.000	2	1	REPO_GLA
243.534	42.656	-2.108	-1.705	0.860	0.840	0.001	2	1	16EM_GPS
243.538	33.620	8.082	-5.333	0.940	1.000	0.005	3	1	ASBS_GPS
243.549	36.745	1.507	-4.966	0.380	0.370	-0.004	2	1	BUST_GLA
243.551	44.669	-0.442	-1.862	0.890	0.640	-0.020	2	1	F408_GPS
243.553	33.574	7.568	-6.187	1.120	1.140	-0.003	3	1	GREN_GPS
243.562	33.599	7.072	-2.966	1.170	1.180	0.004	3	1	BNDY_GPS
243.570	33.584	8.314	-4.794	0.960	1.000	-0.006	3	1	PF1__GPS
243.571	34.594	-1.021	0.855	0.200	0.200	-0.004	2	1	AGMT_PBO
243.576	39.501	-0.153	-3.454	1.400	1.500	0.004	2	1	P073_PBO
243.578	32.892	-1.165	-0.755	0.790	0.810	-0.001	3	1	MONP_GPS
243.580	33.609	7.151	-2.272	1.650	1.590	0.001	3	1	T138_GPS
243.584	36.304	2.752	-3.213	0.930	1.030	0.002	2	1	0912_GPS
243.585	35.072	0.338	-3.963	1.090	1.140	0.011	2	1	0803_GPS
243.588	43.075	-2.032	-2.977	0.970	1.000	-0.003	2	1	E072_GPS
243.589	33.623	5.300	-3.319	1.430	1.410	-0.021	3	1	L587_GPS
243.591	33.210	-0.297	-3.361	1.200	1.200	0.004	3	1	P485_PBO
243.598	46.857	-1.767	-2.146	0.750	0.700	-0.003	2	1	BOVL_GPS
243.608	33.935	-0.086	0.793	0.930	0.950	0.001	2	1	WIDC_GPS
243.609	33.688	9.054	-3.127	0.970	1.000	0.005	3	1	RSRT_GPS
243.627	46.142	-2.031	-2.323	0.720	0.830	0.002	2	1	G404_GPS
243.630	34.124	0.776	1.512	0.200	0.200	-0.002	2	1	CTMS_PBO
243.651	32.976	-0.683	-3.098	0.300	0.300	-0.008	3	1	P480_PBO
243.662	36.645	1.816	-4.892	0.380	0.370	0.000	2	1	STRI_GLA
243.664	34.829	-0.578	-3.280	0.200	0.200	0.003	2	1	CDMT_PBO
243.678	33.260	2.118	-5.087	0.300	0.300	-0.045	3	1	P486_PBO
243.690	39.530	-0.308	-4.539	0.600	0.500	0.002	2	1	D200_GPS
243.692	36.746	1.624	-5.173	0.380	0.370	0.012	2	1	LITT_GLA
243.695	34.428	1.447	0.660	0.200	0.300	-0.158	2	1	OPCL_PBO
243.700	35.867	2.163	-2.786	1.050	1.090	-0.006	2	1	0915_GPS
243.701	33.714	6.691	-1.077	0.930	0.940	-0.007	3	1	PTHP_GPS
243.708	34.533	0.614	-0.942	0.200	0.200	0.000	2	1	OPRD_PBO
243.709	35.397	0.993	-5.319	1.320	1.300	-0.001	2	1	SILV_GHT
243.719	33.750	5.412	0.253	1.060	1.050	-0.012	3	1	DUNP_GPS
243.726	33.639	8.748	-4.270	1.050	1.080	0.004	3	1	CAHU_GPS
243.742	48.731	-3.037	-2.298	0.580	0.650	-0.019	2	1	S381_GPS
243.753	33.160	2.364	-3.024	0.940	1.030	-0.001	3	1	1109_GPS
243.773	33.575	6.968	-6.662	0.400	0.400	0.004	3	1	P491_PBO
243.788	33.866	-0.081	-5.412	0.300	0.400	0.001	2	1	P600_PBO
243.789	36.730	1.468	-5.121	0.380	0.370	-0.003	2	1	SKUL_GLA
243.791	34.699	0.771	-4.109	0.300	0.500	-0.004	2	1	LDSW_PBO
243.813	41.962	-2.458	-2.905	0.760	0.710	-0.015	2	1	H318_GPS
243.825	33.810	3.363	-8.259	1.050	1.050	-0.027	2	1	BERD_GPS
243.829	33.749	5.809	-9.635	0.970	0.990	0.002	2	1	GAPP_GLA
243.830	32.617	-1.206	-1.844	0.300	0.300	0.000	3	1	P066_PBO
243.839	31.257	-3.593	2.267	0.920	0.910	-0.008	3	1	LLCO_GPS
243.840	33.628	6.843	-3.561	1.280	1.190	-0.005	3	1	VORO_GPS
243.842	33.740	5.252	-10.382	0.990	1.020	-0.010	2	1	COCH_GLA
243.851	36.994	3.020	-4.334	1.040	1.030	0.001	2	1	MN71_GPS
243.852	34.509	3.510	-3.301	0.200	0.300	0.001	2	1	NBPS_PBO
243.880	36.580	1.865	-5.230	0.380	0.370	-0.006	2	1	POIN_GLA
243.881	45.942	-2.576	-2.670	0.740	0.840	0.000	2	1	FAAS_GPS
243.896	35.142	1.589	-5.457	0.500	0.600	0.002	2	1	P618_PBO
243.900	40.150	-1.384	-3.581	0.343	0.343	0.002	2	1	MINE_GPS
243.901	36.459	1.809	-5.199	0.380	0.370	0.001	2	1	JOHN_GLA
243.917	34.367	4.187	-2.444	0.200	0.200	0.009	2	1	OPCP_PBO
243.920	33.959	1.124	-4.077	0.900	1.000	0.007	2	1	P601_PBO
243.939	33.441	10.096	-4.791	1.050	1.050	-0.034	3	1	ROBO_GPS
243.947	34.251	3.369	-2.665	0.200	0.200	-0.009	2	1	BMHL_PBO
243.950	39.546	-0.094	-4.635	1.400	1.500	0.003	2	1	P074_PBO
243.992	33.612	6.591	-12.656	1.050	1.070	-0.002	2	1	PAIN_GPS
243.995	46.213	-1.274	-1.271	0.610	0.680	-0.002	2	1	KAMI_GPS
243.998	32.734	-1.903	0.067	0.970	0.960	-0.010	3	1	OCTI_GPS
244.001	33.974	2.735	-4.148	1.570	1.700	0.000	2	1	F726_GPS
244.002	34.001	1.473	-2.610	0.300	0.200	0.008	2	1	BEMT_PBO
244.020	39.540	-3.681	-4.562	1.000	0.700	0.000	2	1	D220_GPS
244.021	36.633	1.710	-5.342	0.380	0.370	0.001	2	1	MERC_GLA
244.022	33.292	10.310	-7.086	0.200	0.200	0.005	3	1	SLMS_PBO
244.036	33.677	3.547	-9.403	1.180	1.380	0.002	2	1	1113_GPS
244.080	40.770	-1.745	-2.834	0.900	0.900	0.003	2	1	BNKS_GPS
244.086	33.503	5.080	-14.395	1.060	1.020	0.000	2	1	VARN_GPS
244.089	34.727	2.567	-4.234	0.400	0.500	0.000	2	1	I40A_PBO
244.112	33.177	9.371	-7.886	0.940	0.970	0.005	3	1	1110_GPS
244.138	33.640	4.607	-8.002	1.640	1.660	0.010	2	1	N125_GPS
244.162	42.880	-2.821	-3.524	0.810	0.840	0.000	2	1	S418_GPS
244.167	33.429	5.867	-12.442	0.970	0.980	-0.028	2	1	TRAN_GPS
244.168	41.511	-1.818	-4.023	0.800	0.750	-0.013	2	1	036C_GPS
244.179	33.741	1.887	-6.142	0.900	1.000	-0.056	2	1	P607_PBO
244.180	40.910	-2.659	-3.550	0.400	0.400	-0.047	2	1	ELKO_GPS
244.200	39.380	-1.306	-5.207	1.000	0.600	-0.054	2	1	D240_GPS
244.212	33.390	5.254	-11.362	0.860	0.880	-0.072	2	1	DHLG_GPS
244.217	33.441	3.035	-8.758	1.070	1.120	-0.062	2	1	25SE_GPS
244.230	33.427	4.995	-9.060	1.300	1.270	-0.061	2	1	S_31_GPS
244.234	33.516	1.902	-8.615	0.500	0.500	-0.063	2	1	P504_PBO
244.236	33.834	5.743	-4.737	1.130	1.130	-0.039	2	1	JTRE_GPS
244.239	32.951	2.235	-0.563	0.920	0.890	-0.057	3	1	L589_GPS
244.248	33.412	2.975	-8.806	1.190	1.220	-0.003	2	1	07NE_GPS
244.268	32.760	2.378	-1.069	0.600	0.500	-0.037	3	1	P494_PBO
244.269	43.131	-0.402	-3.962	0.970	0.900	-0.042	2	1	U76A_GPS
244.280	33.664	4.164	-6.710	0.860	0.880	-0.034	2	1	BLAC_GLA
244.313	33.424	4.886	-8.916	1.000	0.900	-0.039	2	1	P505_PBO
244.322	33.427	3.511	-8.225	0.920	0.940	-0.042	2	1	SIPH_GPS
244.340	34.784	2.707	-4.372	0.200	0.200	-0.059	2	1	GMRC_PBO
244.350	35.205	1.256	-5.088	0.900	1.000	-0.040	2	1	P611_PBO
244.365	33.705	2.035	-4.569	0.200	0.300	-0.033	2	1	HNPS_PBO
244.372	33.045	8.323	-3.306	0.400	0.400	-0.044	3	1	P495_PBO
244.380	40.950	-1.921	-5.138	0.900	1.000	-0.043	2	1	HELO_GPS
244.388	33.200	6.310	-14.585	0.602	0.644	-0.040	2	1	P507_PBO
244.404	32.751	0.598	1.284	0.500	0.900	-0.034	3	1	P496_PBO
244.406	32.800	6.411	-4.000	1.320	1.160	-0.061	3	1	E122_GPS
244.413	36.320	1.577	-5.136	0.380	0.370	-0.060	2	1	SMYC_GLA
244.423	32.835	6.580	-2.591	0.500	0.600	0.682	3	1	P497_PBO
244.430	32.898	4.258	1.407	0.500	0.500	-0.397	3	1	P498_PBO
244.442	43.490	-3.172	-2.570	1.240	0.850	-0.033	2	1	V162_GPS
244.444	39.925	-0.415	-3.367	1.500	1.500	-0.061	2	1	P102_PBO
244.456	35.473	1.800	-4.871	0.600	0.500	-0.064	2	1	P621_PBO
244.479	33.275	4.582	-6.147	0.300	0.500	-0.068	2	1	GLRS_PBO
244.481	33.231	6.658	-6.942	1.040	1.030	-0.040	2	1	1111_GPS
244.487	39.536	0.170	-4.139	1.500	1.600	0.164	2	1	P076_PBO
244.490	33.081	6.272	-5.154	0.800	0.800	0.042	2	1	P506_PBO
244.493	32.829	2.723	5.618	0.626	0.534	-0.061	3	1	IVCO_PBO
244.494	32.664	2.927	0.974	1.090	1.070	0.114	3	1	BORD_GPS
244.498	32.827	2.027	6.577	0.626	0.534	0.221	3	1	COLL_GPS
244.500	32.738	1.410	-2.446	0.920	0.930	0.251	3	1	T124_GPS
244.512	32.980	5.254	-4.871	0.600	0.700	-0.031	2	1	P499_PBO
244.534	31.045	-4.550	1.902	1.040	1.050	-0.044	3	1	SPMX_GPS
244.571	33.248	5.244	-4.933	0.400	0.400	-0.071	2	1	P508_PBO
244.577	35.541	3.807	-3.165	1.220	1.530	-0.043	2	1	0801_GPS
244.578	32.982	5.515	-4.531	0.500	0.600	-0.088	2	1	P502_PBO
244.593	33.196	6.850	-3.796	1.050	0.980	-0.063	2	1	COAC_GPS
244.594	32.917	6.076	-4.872	0.950	0.910	-0.057	2	1	ORIE_GPS
244.600	33.715	5.523	-4.849	1.030	0.960	0.043	2	1	DESO_GPS
244.602	32.876	4.268	-3.997	0.400	0.400	0.015	2	1	P501_PBO
244.634	35.163	2.395	-4.871	0.600	0.500	0.180	2	1	P622_PBO
244.657	32.356	4.567	1.084	0.890	0.890	-0.060	3	1	LPUR_GPS
244.673	34.806	4.854	-4.421	1.550	1.260	-0.052	2	1	0809_GPS
244.685	46.339	-1.917	-1.638	0.690	0.760	0.057	2	1	FLAT_GPS
244.700	32.690	4.758	-5.539	0.500	0.500	-0.077	2	1	P500_PBO
244.704	33.887	2.665	-4.954	0.400	0.400	-0.071	2	1	P511_PBO
244.706	32.891	6.854	-5.049	0.600	0.600	-0.083	2	1	P509_PBO
244.721	39.910	-0.774	-4.519	1.500	1.600	-0.024	2	1	P005_PBO
244.753	32.840	3.819	-8.483	0.920	0.880	0.102	2	1	GLOC_GPS
244.754	32.629	3.177	-6.284	1.050	0.960	-0.039	2	1	ASA1_GPS
244.757	33.681	3.996	-3.931	1.240	1.060	-0.038	2	1	1114_GPS
244.762	35.291	2.453	-4.715	0.600	0.500	-0.020	2	1	P626_PBO
244.773	34.040	6.269	-4.341	1.830	1.760	-0.033	2	1	COXO_GPS
244.842	37.358	0.867	-4.196	0.390	0.380	-0.062	2	1	ALAM_GPS
244.870	38.890	-0.893	-4.473	0.500	0.500	0.013	2	1	E300_GPS
244.880	40.620	-2.078	-3.406	0.335	0.333	0.017	2	1	RUBY_GPS
244.890	41.100	-1.104	-3.641	0.800	0.900	-0.045	2	1	B428_GPS
244.897	42.087	-2.920	-1.957	0.900	0.890	-0.037	2	1	THR3_GPS
244.920	39.420	-1.162	-5.715	0.800	0.700	0.301	2	1	D280_GPS
244.925	32.559	2.579	-7.862	1.100	1.120	0.276	2	1	MONT_GPS
244.938	32.709	4.326	-5.128	1.050	0.990	-0.018	2	1	JUNC_GPS
244.990	40.660	-0.720	-4.088	0.600	0.600	-0.020	2	1	CRTS_GPS
245.011	33.609	5.362	-4.393	1.790	1.720	-0.040	2	1	FORD_GPS
245.050	39.290	-1.296	-3.378	0.500	0.500	-0.052	2	1	E200_GPS
245.060	39.350	-0.538	-3.958	0.400	0.400	-0.038	2	1	EGAN_GPS
245.068	36.319	1.531	-4.477	0.380	0.370	-0.067	2	1	APEX_GLA
245.086	32.251	0.640	-7.302	1.120	1.130	0.018	2	1	CPEI_GPS
245.173	33.051	4.279	-3.351	0.300	0.200	-0.060	2	1	GMPK_PBO
245.200	41.110	-1.557	-4.879	1.000	1.000	-0.059	2	1	MOOR_GPS
245.285	33.610	4.379	-3.699	0.800	0.810	-0.032	2	1	BLYT_GPS
245.340	39.030	-1.965	-3.788	0.800	0.600	-0.047	2	1	E220_GPS
245.350	39.900	-2.157	-3.475	0.500	0.500	-0.047	2	1	E100_GPS
245.396	34.807	3.356	-3.176	1.110	0.980	-0.061	2	1	NEED_GPS
245.401	34.189	2.970	-4.284	0.400	0.400	0.001	2	1	P623_PBO
245.520	62.480	-11.908	0.268	0.330	0.347	-0.032	2	1	YELL_GPS
245.550	39.070	1.276	-3.367	0.800	0.600	-0.004	2	1	E240_GPS
245.723	39.119	0.386	-3.352	1.600	1.700	-0.064	2	1	P080_PBO
245.760	39.100	-0.576	-4.149	1.200	0.800	-0.050	2	1	E259_GPS
245.797	32.939	5.681	-2.580	1.040	0.960	-0.028	2	1	YUMA_GPS
245.811	34.309	4.030	-1.465	0.200	0.200	-0.047	2	1	GNPS_PBO
245.995	32.723	4.015	-5.526	0.700	0.700	0.065	2	1	P003_PBO
246.021	44.109	-2.690	-3.308	1.200	1.200	-0.047	2	1	P354_PBO
246.110	39.040	-2.284	-5.278	1.000	0.700	0.098	2	1	E280_GPS
246.129	39.067	-0.462	-3.139	1.100	1.100	-0.100	2	1	P081_PBO
246.132	42.879	-3.011	-3.301	1.000	1.200	-0.055	2	1	P677_PBO
246.190	39.370	-1.215	-3.043	0.338	0.320	0.102	2	1	FOOT_GPS
246.330	38.790	-0.245	-3.122	0.500	0.500	-0.043	2	1	F300_GPS
246.370	39.080	-1.445	-3.433	0.900	0.700	0.017	2	1	F200_GPS
246.420	39.550	-0.167	-3.999	0.500	0.500	-0.039	2	1	F100_GPS
246.480	31.354	5.502	-5.984	0.830	0.810	-0.101	2	1	PENA_GPS
246.495	39.269	-0.590	-3.089	1.300	1.300	-0.054	2	1	P082_PBO
246.620	39.020	-1.636	-2.817	1.000	0.700	0.025	2	1	F220_GPS
246.668	47.030	-3.280	-2.873	1.300	1.400	-0.067	2	1	P046_PBO
246.722	40.671	-2.082	-3.252	1.000	1.200	0.003	2	1	P113_PBO
246.946	40.494	-2.392	-2.969	1.100	1.100	0.004	2	1	P084_PBO
246.950	39.280	0.352	-4.086	0.900	0.600	-0.050	2	1	F250_GPS
246.988	41.817	-2.483	-3.461	1.200	1.200	-0.053	2	1	P111_PBO
247.160	39.430	-1.071	-2.533	0.320	0.320	-0.025	2	1	SMEL_GPS
247.195	43.449	-3.319	-2.811	1.600	1.300	-0.060	2	1	P678_PBO
247.281	42.212	-3.526	-2.920	1.200	1.200	-0.097	2	1	P675_PBO
247.283	39.186	0.722	-3.176	1.600	1.100	-0.164	2	1	P104_PBO
247.302	41.803	-2.727	-2.394	0.300	0.300	-0.045	2	1	P121_PBO
247.364	44.400	-4.235	-2.926	1.200	1.300	-0.056	2	1	P681_PBO
247.377	41.757	-2.605	-1.964	0.300	0.300	-0.042	2	1	P057_PBO
247.383	45.383	-2.941	-2.618	1.200	1.300	-0.059	2	1	P045_PBO
247.410	38.600	-0.744	-2.804	0.500	0.500	-0.008	2	1	G300_GPS
247.450	39.370	0.139	-1.708	1.000	0.700	-0.052	2	1	F280_GPS
247.472	40.634	-1.689	-2.052	0.800	0.400	0.003	2	1	P114_PBO
247.476	45.043	-2.714	-1.936	1.400	1.400	-0.054	2	1	P706_PBO
247.496	39.388	-0.767	-1.514	0.500	0.700	-0.030	2	1	P105_PBO
247.545	35.342	2.721	-2.483	0.300	0.200	-0.054	2	1	FERN_PBO
247.639	40.078	-1.305	-1.983	1.400	1.100	-0.058	2	1	P016_PBO
247.668	41.635	-2.064	-2.233	0.300	0.200	-0.055	2	1	P122_PBO
247.718	40.649	-1.542	-0.616	0.400	0.400	-0.043	2	1	P086_PBO
247.738	39.459	-0.862	-2.366	1.100	1.100	-0.038	2	1	P106_PBO
247.760	39.140	-0.538	-2.501	0.800	0.600	-0.023	2	1	G200_GPS
247.770	41.016	-0.878	-2.334	0.320	0.310	-0.022	2	1	NAIU_GPS
247.850	39.600	-1.751	-1.753	0.800	0.700	0.000	2	1	G101_GPS
247.873	39.306	-0.971	-0.927	0.300	0.200	0.034	2	1	SPIC_PBO
247.880	40.650	-1.527	-2.005	0.337	0.353	-0.070	2	1	COON_GPS
247.960	39.080	-3.617	-2.212	0.700	0.700	-0.023	2	1	G220_GPS
248.055	39.589	-0.010	-2.365	0.500	0.600	-0.018	2	1	P108_PBO
248.191	40.781	-0.583	-1.397	0.330	0.320	-0.051	2	1	RBUT_GPS
248.211	45.218	-1.846	-2.007	1.400	1.500	-0.060	2	1	P719_PBO
248.249	40.435	-1.968	-3.576	1.400	1.600	-0.061	2	1	P117_PBO
248.260	38.900	-3.023	-0.700	0.700	0.600	-0.022	2	1	G250_GPS
248.277	40.772	0.180	-2.587	1.300	1.400	-0.073	2	1	P088_PBO
248.366	40.016	-1.176	-0.302	0.600	0.400	-0.047	2	1	MPUT_PBO
248.429	39.715	1.738	-2.835	0.700	0.500	-0.069	2	1	P110_PBO
248.435	41.607	-0.659	-0.926	1.600	1.600	-0.068	2	1	HWUT_PBO
248.474	44.185	-4.443	-2.874	0.600	0.800	-0.068	2	1	BBID_PBO
248.549	44.318	-3.949	-3.107	0.500	0.500	-0.066	2	1	P360_PBO
248.550	39.817	0.644	-1.647	0.500	0.600	-0.037	2	1	P112_PBO
248.585	40.807	-0.392	-0.915	0.400	0.300	-0.039	2	1	P089_PBO
248.630	40.510	-0.013	-1.337	0.335	0.333	0.014	2	1	HEBE_GPS
248.640	38.480	1.224	0.999	0.700	0.600	-0.029	2	1	H300_GPS
248.650	40.635	-0.274	-1.816	0.600	0.600	-0.053	2	1	P118_PBO
248.742	40.732	0.341	-1.946	1.100	1.300	-0.022	2	1	P119_PBO
248.752	48.809	-4.503	-0.602	0.900	0.800	-0.038	2	1	P050_PBO
248.764	41.692	-0.168	-1.531	0.900	0.500	-0.035	2	1	P101_PBO
248.890	38.830	0.075	-1.496	0.900	0.600	0.004	2	1	H200_GPS
248.901	44.598	-1.593	-2.562	0.600	0.800	-0.046	2	1	P680_PBO
248.971	45.140	-1.988	-0.616	0.800	0.900	0.036	2	1	P460_PBO
248.980	39.290	1.068	-1.948	0.500	0.500	-0.035	2	1	H100_GPS
249.094	47.350	-3.949	-0.410	1.200	1.400	0.022	2	1	P049_PBO
249.139	44.636	9.051	3.472	0.900	0.500	-0.065	2	1	P711_PBO
249.168	44.452	-5.679	-0.515	0.826	0.763	-0.142	2	1	OFWY_GPS
249.241	45.354	-2.271	-0.729	0.900	0.500	-0.059	2	1	P461_PBO
249.320	39.190	1.072	-1.051	0.356	0.338	-0.025	2	1	CAST_GPS
249.487	41.750	-1.302	-1.032	1.000	0.500	-0.066	2	1	P030_PBO
249.488	44.718	-12.847	1.175	0.900	0.600	-0.056	2	1	P716_PBO
249.694	44.943	-3.428	0.030	0.700	0.600	-0.061	2	1	P720_PBO
249.713	44.640	2.385	-4.421	0.500	0.300	0.023	2	1	WLWY_PBO
249.714	44.392	-2.838	-0.070	1.000	0.800	-0.004	2	1	P709_PBO
249.991	34.264	3.766	-1.991	0.500	0.400	-0.107	2	1	P015_PBO
249.998	45.003	-3.401	-0.197	0.700	0.700	-0.010	2	1	P721_PBO
250.103	44.485	-2.443	-0.846	1.200	1.200	-0.042	2	1	P717_PBO
250.310	43.501	-2.458	0.165	1.600	1.700	-0.064	2	1	P715_PBO
250.429	45.457	-3.160	0.023	0.900	0.500	0.003	2	1	P722_PBO
250.442	42.767	-2.941	0.285	0.300	0.300	-0.052	2	1	BLW2_PBO
250.481	36.150	3.266	-1.637	1.200	0.800	-0.063	2	1	P011_PBO
250.624	44.753	-4.579	-0.616	1.300	1.400	-0.042	2	1	P718_PBO
250.666	38.097	1.135	-0.987	1.000	0.800	-0.076	2	1	P012_PBO
251.454	45.807	-3.679	0.332	0.600	0.500	-0.122	2	1	P051_PBO
252.091	39.515	2.081	-1.022	1.200	0.800	-0.093	2	1	P031_PBO
252.092	36.032	2.983	-0.492	0.500	1.100	-0.102	2	1	P028_PBO
252.120	35.132	3.617	0.111	1.200	0.900	-0.063	2	1	P107_PBO
252.612	43.953	-2.630	0.666	0.600	0.500	-0.057	2	1	P033_PBO
252.744	41.742	-0.959	1.184	0.800	0.500	-0.049	2	1	P032_PBO
252.805	32.659	4.765	0.374	0.400	0.700	-0.015	2	1	P026_PBO
252.981	47.375	-5.118	1.738	0.900	1.000	-0.035	2	1	P052_PBO
253.033	34.068	4.487	-1.249	0.800	0.700	-0.015	2	1	SC01_PBO
253.541	34.946	3.546	0.432	0.300	0.300	-0.054	2	1	P034_PBO
254.089	36.635	2.633	0.601	1.100	0.800	-0.117	2	1	P123_PBO
254.330	39.762	-2.092	1.594	1.700	1.700	-0.011	2	1	RG17_PBO
254.706	36.420	1.865	1.675	0.600	0.300	-0.059	2	1	P036_PBO
254.806	39.949	0.269	1.977	0.400	0.300	-0.048	2	1	P041_PBO
254.816	34.601	3.429	0.929	0.500	0.500	-0.020	2	1	P035_PBO
254.895	38.422	1.250	1.803	0.300	0.400	-0.047	2	1	P037_PBO
255.089	42.052	-1.717	2.752	0.400	0.300	-0.034	2	1	P042_PBO
255.315	47.117	-5.014	2.676	1.200	0.800	0.384	2	1	P055_PBO
255.475	38.803	0.191	2.109	0.600	0.500	-0.052	2	1	AMC2_GPS
255.559	45.846	-4.141	3.048	1.400	0.900	-0.060	2	1	P054_PBO
255.814	43.881	-2.978	2.486	1.200	0.700	-0.049	2	1	P043_PBO
256.593	34.147	3.914	1.549	0.500	0.500	-0.002	2	1	P038_PBO
256.778	40.172	0.044	2.916	0.400	0.300	-0.088	2	1	P044_PBO
256.846	36.448	2.538	2.473	0.500	0.400	-0.044	2	1	P039_PBO
257.313	38.071	1.827	1.647	0.400	1.000	-0.006	2	1	P040_PBO
261.219	34.738	3.942	2.930	1.100	1.100	-0.151	2	1	WMOK_PBO
263.391	39.101	-0.030	5.283	1.300	1.300	-0.468	2	1	KSU1_PBO
265.106	74.691	2.012	-0.332	1.100	1.900	-0.276	1	1	RESO_PBO
268.420	41.770	1.732	8.967	0.332	0.321	0.204	2	1	ALGO_GPS
269.752	42.914	-2.574	3.908	1.600	1.600	-0.051	2	1	JFWS_PBO
276.527	33.415	5.808	8.698	1.900	1.800	0.033	2	1	GOGA_PBO
281.930	45.960	6.109	12.783	0.360	0.360	-0.053	2	1	NLIB_GPS
282.934	38.919	8.947	12.414	0.500	0.500	-0.053	2	1	USNO_GPS
288.510	42.610	11.864	12.007	0.418	0.409	-0.037	2	1	WES2_GPS
288.840	44.099	11.604	13.585	0.900	0.800	-0.033	2	1	BARN_GPS
291.175	76.537	0.916	-1.696	0.200	0.200	-0.031	1	1	THU3_PBO
291.210	76.540	-0.135	-2.064	0.548	0.548	0.061	1	1	THU1_GPS
295.300	32.310	17.511	6.234	0.700	0.700	-0.035	2	1	BRMU_GPS
297.660	82.494	1.810	-3.358	0.900	0.600	0.178	1	1	ALRT_PBO
307.320	47.600	24.988	4.876	0.800	0.100	-0.101	2	1	STJO_GPS
309.050	66.990	1.251	-1.458	0.363	0.369	-0.051	1	1	KELY_GPS
