128.870	71.630	0.000	0.000	0.000	0.000	0.000	1	1	TIXI_GPS
142.720	47.030	0.000	0.000	0.000	0.000	0.000	1	1	YSSK_GPS
150.770	59.580	0.000	0.000	0.000	0.000	0.000	1	1	MAGO_GPS
158.610	53.010	0.000	0.000	0.000	0.000	0.000	1	1	PETP_GPS
166.440	68.080	0.000	0.000	0.000	0.000	0.000	1	1	BILI_GPS
183.337	51.864	0.000	0.000	0.000	0.000	0.000	1	1	AB21_PBO
193.458	53.876	0.000	0.000	0.000	0.000	0.000	1	1	AV09_PBO
193.972	54.136	0.000	0.000	0.000	0.000	0.000	1	1	AV08_PBO
194.066	54.098	0.000	0.000	0.000	0.000	0.000	1	1	AV10_PBO
194.158	54.119	0.000	0.000	0.000	0.000	0.000	1	1	AV14_PBO
194.234	54.147	0.000	0.000	0.000	0.000	0.000	1	1	AV06_PBO
194.290	54.100	0.000	0.000	0.000	0.000	0.000	1	1	AV15_PBO
194.627	64.564	0.000	0.000	0.000	0.000	0.000	1	1	AB11_PBO
197.293	55.190	0.000	0.000	0.000	0.000	0.000	1	1	BAY2_PBO
197.761	64.638	0.000	0.000	0.000	0.000	0.000	1	1	AC31_PBO
199.523	55.349	0.000	0.000	0.000	0.000	0.000	1	1	AB07_PBO
199.593	55.909	0.000	0.000	0.000	0.000	0.000	1	1	AC41_PBO
200.122	61.040	0.000	0.000	0.000	0.000	0.000	1	1	AB15_PBO
200.872	55.921	0.000	0.000	0.000	0.000	0.000	1	1	AC21_PBO
201.496	56.307	0.000	0.000	0.000	0.000	0.000	1	1	AB13_PBO
203.390	71.323	0.000	0.000	0.000	0.000	0.000	1	1	SG27_PBO
203.743	20.707	-36.467	17.714	0.000	0.000	0.000	3	1	MAUI_PBO
205.302	59.899	0.000	0.000	0.000	0.000	0.000	1	1	AB22_PBO
205.817	56.951	0.000	0.000	0.000	0.000	0.000	1	1	AC02_PBO
205.819	56.564	0.000	0.000	0.000	0.000	0.000	1	1	AC45_PBO
205.837	59.253	0.000	0.000	0.000	0.000	0.000	1	1	AC27_PBO
206.415	59.567	0.000	0.000	0.000	0.000	0.000	1	1	AC59_PBO
206.721	57.220	0.000	0.000	0.000	0.000	0.000	1	1	AC34_PBO
207.185	62.094	0.000	0.000	0.000	0.000	0.000	1	1	AB28_PBO
207.596	60.664	0.000	0.000	0.000	0.000	0.000	1	1	AC17_PBO
207.606	58.610	0.000	0.000	0.000	0.000	0.000	1	1	AC39_PBO
207.807	57.618	0.000	0.000	0.000	0.000	0.000	1	1	KOD5_PBO
209.109	59.764	0.000	0.000	0.000	0.000	0.000	1	1	AC06_PBO
209.827	67.251	0.000	0.000	0.000	0.000	0.000	1	1	AB33_PBO
209.931	61.769	0.000	0.000	0.000	0.000	0.000	1	1	AC53_PBO
210.276	60.481	0.000	0.000	0.000	0.000	0.000	1	1	AC15_PBO
210.394	-17.577	-60.576	8.713	0.000	0.000	0.000	3	1	THTI_GPS
210.868	61.598	0.000	0.000	0.000	0.000	0.000	1	1	ATW2_PBO
211.022	63.836	0.000	0.000	0.000	0.000	0.000	1	1	GRNR_PBO
211.665	70.256	0.000	0.000	0.000	0.000	0.000	1	1	PBOC_PBO
212.140	64.874	0.000	0.000	0.000	0.000	0.000	1	1	CLGO_PBO
212.500	64.980	0.000	0.000	0.000	0.000	0.000	1	1	FAIR_GPS
213.687	63.084	0.000	0.000	0.000	0.000	0.000	1	1	AC62_PBO
214.153	63.502	0.000	0.000	0.000	0.000	0.000	1	1	AC63_PBO
214.257	61.139	0.000	0.000	0.000	0.000	0.000	1	1	AC57_PBO
214.548	62.967	0.000	0.000	0.000	0.000	0.000	1	1	AB37_PBO
216.296	62.832	0.000	0.000	0.000	0.000	0.000	1	1	AC65_PBO
218.842	64.777	0.000	0.000	0.000	0.000	0.000	1	1	AB41_PBO
224.303	58.418	-42.890	-28.269	0.000	0.000	0.000	2	1	GUS2_PBO
224.461	56.854	-40.086	-27.736	0.000	0.000	0.000	2	1	BIS1_PBO
224.772	59.528	-44.739	-27.821	0.000	0.000	0.000	2	1	AB44_PBO
225.353	56.245	-38.793	-26.348	0.000	0.000	0.000	2	1	AB48_PBO
225.455	58.417	-42.609	-26.631	0.000	0.000	0.000	2	1	AB50_PBO
226.473	68.306	0.000	0.000	0.000	0.000	0.000	1	1	INVK_PBO
226.932	55.580	-37.233	-23.972	0.000	0.000	0.000	2	1	AB49_PBO
227.086	56.798	-39.350	-23.992	0.000	0.000	0.000	2	1	AB51_PBO
228.400	55.069	-35.973	-21.783	0.000	0.000	0.000	2	1	AIS1_PBO
231.401	50.813	-27.718	-16.678	0.000	0.000	0.000	2	1	COXI_GPS
231.673	50.678	-27.413	-16.264	0.000	0.000	0.000	2	1	SPAT_GPS
231.735	50.646	-27.341	-16.170	0.000	0.000	0.000	2	1	JENS_GPS
231.865	50.640	-27.299	-15.984	0.000	0.000	0.000	2	1	HOLB_GPS
231.992	50.654	-27.293	-15.806	0.000	0.000	0.000	2	1	SCAR_GPS
232.046	51.544	-28.854	-15.905	0.000	0.000	0.000	2	1	CALV_GPS
232.101	50.486	-26.969	-15.618	0.000	0.000	0.000	2	1	KOPR_GPS
232.191	50.781	-27.469	-15.548	0.000	0.000	0.000	2	1	SHUS_GPS
232.229	51.854	-29.357	-15.706	0.000	0.000	0.000	2	1	KING_GPS
232.399	51.186	-28.135	-15.332	0.000	0.000	0.000	2	1	ROBI_GPS
232.481	50.458	-26.828	-15.072	0.000	0.000	0.000	2	1	ALCC_GPS
232.619	50.698	-27.218	-14.923	0.000	0.000	0.000	2	1	HARD_GPS
232.625	50.686	-27.196	-14.912	0.000	0.000	0.000	2	1	PTHY_GPS
232.720	51.465	-28.550	-14.931	0.000	0.000	0.000	2	1	SEYM_GPS
232.836	50.573	-26.945	-14.590	0.000	0.000	0.000	2	1	KLUC_GPS
232.877	49.873	-25.697	-14.394	0.000	0.000	0.000	2	1	ELIZ_GPS
232.890	50.961	-27.618	-14.590	0.000	0.000	0.000	2	1	BULC_GPS
233.157	50.544	-26.815	-14.128	0.000	0.000	0.000	2	1	BCOV_GPS
233.383	49.592	-25.077	-13.619	0.000	0.000	0.000	2	1	NTKA_GPS
233.453	49.789	-25.408	-13.558	0.000	0.000	0.000	2	1	ANAW_GPS
233.878	49.619	-25.004	-12.920	0.000	0.000	0.000	2	1	PIER_GPS
233.942	50.104	-25.847	-12.925	0.000	0.000	0.000	2	1	MOAK_GPS
234.042	49.956	-25.561	-12.754	0.000	0.000	0.000	2	1	SENT_GPS
234.159	49.084	-23.990	-12.416	0.000	0.000	0.000	2	1	RADA_GPS
234.302	49.883	-25.368	-12.370	0.000	0.000	0.000	2	1	FILB_GPS
234.360	50.125	-25.782	-12.335	0.000	0.000	0.000	2	1	BRWV_GPS
234.417	49.995	-25.538	-12.228	0.000	0.000	0.000	2	1	STRA_GPS
234.458	48.926	-23.638	-11.959	0.000	0.000	0.000	2	1	UCLU_GPS
234.493	48.985	-23.734	-11.921	0.000	0.000	0.000	2	1	FRDC_GPS
234.503	50.231	-25.935	-12.152	0.000	0.000	0.000	2	1	MENZ_GPS
234.507	49.738	-25.062	-12.050	0.000	0.000	0.000	2	1	ALEX_GPS
234.600	49.823	-25.190	-11.934	0.000	0.000	0.000	2	1	OYST_GPS
234.603	50.033	-25.560	-11.971	0.000	0.000	0.000	2	1	JHRT_GPS
234.636	49.552	-24.702	-11.829	0.000	0.000	0.000	2	1	GLAC_GPS
234.685	50.491	-26.350	-11.945	0.000	0.000	0.000	2	1	ANNA_GPS
234.703	49.752	-25.039	-11.774	0.000	0.000	0.000	2	1	WAS2_GPS
234.718	49.192	-24.045	-11.642	0.000	0.000	0.000	2	1	FOUR_GPS
234.777	49.650	-24.841	-11.648	0.000	0.000	0.000	2	1	BCHR_GPS
234.866	48.828	-23.366	-11.360	0.000	0.000	0.000	2	1	BAMF_GPS
234.957	48.865	-23.409	-11.238	0.000	0.000	0.000	2	1	PACH_GPS
235.001	49.949	-25.315	-11.389	0.000	0.000	0.000	2	1	NACH_GPS
235.041	49.069	-23.749	-11.158	0.000	0.000	0.000	2	1	HAND_GPS
235.139	49.256	-24.056	-11.056	0.000	0.000	0.000	2	1	PTAL_GPS
235.296	48.996	-23.558	-10.781	0.000	0.000	0.000	2	1	GREY_GPS
235.336	49.490	-24.422	-10.822	0.000	0.000	0.000	2	1	TOBY_GPS
235.401	48.370	-22.426	-10.509	0.000	0.000	0.000	2	1	NBCG_GPS
235.443	47.937	-21.650	-10.364	0.000	0.000	0.000	2	1	P401_PBO
235.514	42.801	-12.550	-9.251	0.000	0.000	0.000	2	1	BLCO_GPS
235.544	49.807	-24.932	-10.589	0.000	0.000	0.000	2	1	POWE_GPS
235.555	49.710	-24.758	-10.554	0.000	0.000	0.000	2	1	POCA_GPS
235.572	42.430	-11.880	-9.095	0.000	0.000	0.000	2	1	ROG2_GPS
235.607	42.586	-12.148	-9.076	0.000	0.000	0.000	2	1	T758_GPS
235.623	40.452	-8.370	-8.633	0.000	0.000	0.000	2	1	L229_GPS
235.628	40.392	-8.263	-8.614	0.000	0.000	0.000	2	1	P229_GPS
235.670	43.350	-13.483	-9.137	0.000	0.000	0.000	2	1	TID3_GPS
235.676	43.344	-13.471	-9.128	0.000	0.000	0.000	2	1	2780_GPS
235.678	42.183	-11.418	-8.896	0.000	0.000	0.000	2	1	M746_GPS
235.680	49.599	-24.531	-10.354	0.000	0.000	0.000	2	1	DAVI_GPS
235.692	40.248	-7.993	-8.495	0.000	0.000	0.000	2	1	P157_PBO
235.706	40.498	-8.431	-8.524	0.000	0.000	0.000	2	1	BEAR_GPS
235.717	40.505	-8.441	-8.510	0.000	0.000	0.000	2	1	P159_PBO
235.721	47.304	-20.463	-9.844	0.000	0.000	0.000	2	1	GREV_GPS
235.734	40.257	-7.998	-8.437	0.000	0.000	0.000	2	1	COOS_GPS
235.736	49.228	-23.862	-10.202	0.000	0.000	0.000	2	1	OKAY_GPS
235.738	48.901	-23.283	-10.134	0.000	0.000	0.000	2	1	YOUB_GPS
235.744	40.589	-8.583	-8.488	0.000	0.000	0.000	2	1	01PA_GPS
235.763	40.691	-8.759	-8.481	0.000	0.000	0.000	2	1	P162_PBO
235.787	40.637	-8.657	-8.436	0.000	0.000	0.000	2	1	P161_PBO
235.798	40.715	-8.793	-8.436	0.000	0.000	0.000	2	1	SIS3_GPS
235.801	43.340	-13.434	-8.949	0.000	0.000	0.000	2	1	F751_GPS
235.813	49.535	-24.386	-10.152	0.000	0.000	0.000	2	1	SHEP_GPS
235.822	47.114	-20.102	-9.663	0.000	0.000	0.000	2	1	GP14_GPS
235.825	43.124	-13.046	-8.872	0.000	0.000	0.000	2	1	P75Z_GPS
235.844	40.448	-8.309	-8.318	0.000	0.000	0.000	2	1	1468_GPS
235.859	48.062	-21.770	-9.797	0.000	0.000	0.000	2	1	P403_PBO
235.867	40.551	-8.486	-8.306	0.000	0.000	0.000	2	1	P160_PBO
235.876	40.157	7.448	-0.914	0.000	0.000	0.000	3	1	KNGP_GPS
235.883	40.975	-9.232	-8.367	0.000	0.000	0.000	2	1	HP19_GPS
235.886	43.885	-14.377	-8.936	0.000	0.000	0.000	2	1	SOOS_GPS
235.893	40.422	-8.251	-8.243	0.000	0.000	0.000	2	1	P158_PBO
235.897	48.465	-22.473	-9.822	0.000	0.000	0.000	2	1	JRDR_GPS
235.900	46.903	-19.710	-9.510	0.000	0.000	0.000	2	1	GRAY_GPS
235.905	41.192	-9.610	-8.378	0.000	0.000	0.000	2	1	CW07_GPS
235.914	41.559	-10.257	-8.438	0.000	0.000	0.000	2	1	P316_PBO
235.924	46.300	-18.638	-9.357	0.000	0.000	0.000	2	1	HEAD_GPS
235.925	40.876	-9.046	-8.287	0.000	0.000	0.000	2	1	P058_PBO
235.934	44.830	-16.036	-9.054	0.000	0.000	0.000	2	1	BAL2_GPS
235.935	44.602	-15.633	-9.007	0.000	0.000	0.000	2	1	HAMI_GPS
235.940	44.587	-15.605	-8.997	0.000	0.000	0.000	2	1	A16N_GPS
235.941	42.552	-12.006	-8.595	0.000	0.000	0.000	2	1	LUCA_GPS
235.943	40.220	-7.882	-8.132	0.000	0.000	0.000	2	1	P163_PBO
235.967	41.522	-10.179	-8.355	0.000	0.000	0.000	2	1	H111_GPS
235.986	42.967	-12.729	-8.613	0.000	0.000	0.000	2	1	P061_PBO
236.022	40.306	-8.015	-8.037	0.000	0.000	0.000	2	1	GRSH_GPS
236.024	49.753	-24.720	-9.895	0.000	0.000	0.000	2	1	EARL_GPS
236.025	40.727	-8.759	-8.116	0.000	0.000	0.000	2	1	KNEE_GPS
236.032	40.791	-8.870	-8.118	0.000	0.000	0.000	2	1	P169_PBO
236.034	45.134	-16.550	-8.971	0.000	0.000	0.000	2	1	NESK_GPS
236.040	45.862	-17.836	-9.106	0.000	0.000	0.000	2	1	CANN_GPS
236.044	46.205	-18.441	-9.168	0.000	0.000	0.000	2	1	FTS1_GPS
236.051	45.273	-16.791	-8.974	0.000	0.000	0.000	2	1	ISLE_GPS
236.063	41.986	-10.976	-8.310	0.000	0.000	0.000	2	1	GORD_GPS
236.076	46.972	-19.790	-9.274	0.000	0.000	0.000	2	1	OP25_GPS
236.079	48.377	-22.273	-9.546	0.000	0.000	0.000	2	1	SHER_GPS
236.083	46.057	-18.170	-9.083	0.000	0.000	0.000	2	1	COND_GPS
236.084	46.926	-19.706	-9.253	0.000	0.000	0.000	2	1	P398_PBO
236.094	40.024	-7.499	-7.879	0.000	0.000	0.000	2	1	P156_PBO
236.119	40.669	-8.633	-7.971	0.000	0.000	0.000	2	1	P168_PBO
236.120	40.544	-8.412	-7.945	0.000	0.000	0.000	2	1	P167_PBO
236.123	49.598	-24.422	-9.724	0.000	0.000	0.000	2	1	SECH_GPS
236.137	40.435	-8.215	-7.899	0.000	0.000	0.000	2	1	P166_PBO
236.140	44.019	-14.552	-8.601	0.000	0.000	0.000	2	1	FHAM_GPS
236.142	45.022	-16.325	-8.796	0.000	0.000	0.000	2	1	P395_PBO
236.147	40.246	-7.878	-7.848	0.000	0.000	0.000	2	1	P165_PBO
236.154	45.214	-16.662	-8.816	0.000	0.000	0.000	2	1	CEDC_GPS
236.156	41.874	-10.755	-8.155	0.000	0.000	0.000	2	1	01XD_GPS
236.164	42.792	-12.377	-8.325	0.000	0.000	0.000	2	1	BOLI_GPS
236.165	39.777	-7.045	-7.730	0.000	0.000	0.000	2	1	HP15_GPS
236.168	46.173	-18.354	-8.985	0.000	0.000	0.000	2	1	ASTO_GPS
236.176	45.421	-17.023	-8.826	0.000	0.000	0.000	2	1	PRAI_GPS
236.180	49.203	-23.710	-9.565	0.000	0.000	0.000	2	1	GABR_GPS
236.190	46.663	-19.216	-9.051	0.000	0.000	0.000	2	1	SOBE_GPS
236.211	41.993	-10.952	-8.101	0.000	0.000	0.000	2	1	HP12_GPS
236.212	45.907	-17.873	-8.870	0.000	0.000	0.000	2	1	N274_GPS
236.222	43.002	-12.734	-8.284	0.000	0.000	0.000	2	1	CAM4_GPS
236.233	44.612	-15.578	-8.585	0.000	0.000	-0.024	2	1	EDDY_GPS
236.267	40.875	-8.962	-7.801	0.000	0.000	-0.009	2	1	HORS_GPS
236.270	46.656	-19.184	-8.935	0.000	0.000	-0.172	2	1	P415_PBO
236.274	38.928	6.839	-1.323	0.000	0.000	0.003	3	1	P059_PBO
236.280	46.089	-18.179	-8.810	0.000	0.000	-0.020	2	1	KLAS_GPS
236.283	39.864	-7.170	-7.579	0.000	0.000	0.036	2	1	P315_PBO
236.294	47.817	-21.231	-9.130	0.000	0.000	-0.025	2	1	SC03_PBO
236.297	46.973	-19.738	-8.960	0.000	0.000	0.018	2	1	CNTR_GPS
236.301	40.575	-8.423	-7.693	0.000	0.000	-0.261	2	1	P326_PBO
236.303	45.483	-17.101	-8.657	0.000	0.000	-0.024	2	1	SISK_GPS
236.325	40.439	-8.176	-7.632	0.000	0.000	-0.005	2	1	01NE_GPS
236.326	48.465	-22.369	-9.212	0.000	0.000	-0.042	2	1	CNSP_GPS
236.344	40.257	-7.850	-7.570	0.000	0.000	-0.012	2	1	P324_PBO
236.349	48.316	-22.100	-9.150	0.000	0.000	0.005	2	1	BCHD_GPS
236.351	46.334	-18.595	-8.757	0.000	0.000	0.000	2	1	GP35_GPS
236.356	45.629	-17.347	-8.611	0.000	0.000	0.016	2	1	P405_PBO
236.361	45.082	-16.378	-8.496	0.000	0.000	-0.040	2	1	GRND_GPS
236.377	40.944	-9.057	-7.658	0.000	0.000	-0.045	2	1	01RE_GPS
236.397	39.352	-6.237	-7.316	0.000	0.000	-0.068	2	1	P187_PBO
236.401	44.377	-15.122	-8.300	0.000	0.000	-0.025	2	1	CURT_GPS
236.403	42.719	-12.189	-7.971	0.000	0.000	-0.022	2	1	REUB_GPS
236.409	44.382	-15.129	-8.290	0.000	0.000	0.005	2	1	P374_PBO
236.417	43.644	-13.822	-8.133	0.000	0.000	-0.002	2	1	WELK_GPS
236.418	39.686	-6.822	-7.352	0.000	0.000	0.003	2	1	P314_PBO
236.419	46.146	-18.246	-8.623	0.000	0.000	-0.008	2	1	BIGC_GPS
236.430	45.885	-17.781	-8.556	0.000	0.000	-0.045	2	1	HANS_GPS
236.433	44.185	-14.775	-8.217	0.000	0.000	0.061	2	1	TRIA_GPS
236.435	39.554	-6.585	-7.302	0.000	0.000	-0.042	2	1	P313_PBO
236.446	40.334	-7.961	-7.440	0.000	0.000	-0.028	2	1	LASS_GPS
236.448	39.906	-7.204	-7.353	0.000	0.000	-0.047	2	1	P317_PBO
236.450	44.038	-14.510	-8.164	0.000	0.000	0.075	2	1	SOAM_GPS
236.453	44.594	-15.493	-8.269	0.000	0.000	-0.003	2	1	U727_GPS
236.459	46.966	-19.686	-8.728	0.000	0.000	-0.003	2	1	SATS_GPS
236.467	46.991	-19.728	-8.721	0.000	0.000	-0.102	2	1	A479_GPS
236.471	47.990	-21.494	-8.912	0.000	0.000	-0.031	2	1	HUR2_GPS
236.477	40.460	-8.177	-7.420	0.000	0.000	0.068	2	1	HP16_GPS
236.497	48.060	-21.611	-8.889	0.000	0.000	-0.038	2	1	P435_PBO
236.500	46.541	-18.924	-8.586	0.000	0.000	-0.109	2	1	FRAN_GPS
236.505	48.117	-21.710	-8.889	0.000	0.000	-0.035	2	1	PTAN_GPS
236.507	40.815	-8.797	-7.448	0.000	0.000	-0.043	2	1	0108_GPS
236.539	45.797	-17.599	-8.384	0.000	0.000	0.025	2	1	REST_GPS
236.540	46.268	-18.432	-8.475	0.000	0.000	-0.047	2	1	PARK_GPS
236.545	43.126	-12.875	-7.849	0.000	0.000	-0.059	2	1	DELI_GPS
236.549	48.648	-22.638	-8.931	0.000	0.000	0.144	2	1	PGC4_GPS
236.564	47.004	-19.728	-8.586	0.000	0.000	-0.011	2	1	P430_PBO
236.571	43.140	-12.893	-7.815	0.000	0.000	-0.001	2	1	P369_PBO
236.588	45.065	-16.293	-8.170	0.000	0.000	-0.077	2	1	BRAE_GPS
236.589	43.129	-12.869	-7.787	0.000	0.000	0.039	2	1	B741_GPS
236.591	47.939	-21.375	-8.732	0.000	0.000	-0.019	2	1	EA40_GPS
236.592	47.237	-20.133	-8.592	0.000	0.000	-0.019	2	1	P418_PBO
236.597	48.140	-21.728	-8.763	0.000	0.000	-0.005	2	1	TUCK_GPS
236.607	43.242	-13.065	-7.784	0.000	0.000	0.003	2	1	DARL_GPS
236.610	45.159	-16.454	-8.157	0.000	0.000	0.010	2	1	P404_PBO
236.617	42.504	-11.757	-7.624	0.000	0.000	-0.025	2	1	P368_PBO
236.618	42.621	-11.964	-7.646	0.000	0.000	-0.029	2	1	N748_GPS
236.623	46.201	-18.293	-8.344	0.000	0.000	0.412	2	1	P408_PBO
236.624	47.015	-19.733	-8.503	0.000	0.000	0.098	2	1	FARW_GPS
236.628	39.452	-6.358	-7.007	0.000	0.000	-0.009	2	1	P318_PBO
236.645	43.246	-13.063	-7.730	0.000	0.000	-0.007	2	1	ROSE_GPS
236.652	38.987	-5.529	-6.881	0.000	0.000	0.005	2	1	P189_PBO
236.653	48.493	-22.339	-8.753	0.000	0.000	-0.048	2	1	DOUG_GPS
236.661	42.423	-11.603	-7.546	0.000	0.000	-0.046	2	1	FARO_GPS
236.667	43.623	-13.724	-7.773	0.000	0.000	0.000	2	1	P373_PBO
236.675	40.815	-8.756	-7.209	0.000	0.000	-0.056	2	1	01QF_GPS
236.681	43.465	-13.441	-7.722	0.000	0.000	0.000	2	1	T739_GPS
236.702	46.575	-18.936	-8.305	0.000	0.000	0.004	2	1	P417_PBO
236.705	39.707	-6.790	-6.948	0.000	0.000	0.014	2	1	P319_PBO
236.709	44.391	-15.072	-7.865	0.000	0.000	-0.078	2	1	E141_GPS
236.725	46.631	-19.029	-8.284	0.000	0.000	-0.031	2	1	DOTT_GPS
236.740	47.955	-21.367	-8.523	0.000	0.000	-0.214	2	1	BLUE_GPS
236.747	42.799	-12.247	-7.497	0.000	0.000	0.000	2	1	AZAL_GPS
236.752	39.771	-6.891	-6.894	0.000	0.000	0.014	2	1	CVR3_GPS
236.761	45.851	-17.641	-8.079	0.000	0.000	-0.040	2	1	P409_PBO
236.762	43.706	-13.848	-7.655	0.000	0.000	-0.021	2	1	LESL_GPS
236.770	38.668	-4.937	-6.651	0.000	0.000	0.007	2	1	P188_PBO
236.772	44.925	-16.001	-7.881	0.000	0.000	-0.055	2	1	NESM_GPS
236.773	48.425	-22.190	-8.569	0.000	0.000	-0.040	2	1	DISC_GPS
236.781	44.689	-15.581	-7.821	0.000	0.000	0.009	2	1	Y683_GPS
236.795	46.105	-18.082	-8.080	0.000	0.000	-0.019	2	1	CLAT_GPS
236.796	39.242	-5.945	-6.727	0.000	0.000	0.002	2	1	P190_PBO
236.799	39.795	-6.923	-6.832	0.000	0.000	-0.066	2	1	HP14_GPS
236.803	44.149	-14.621	-7.684	0.000	0.000	0.205	2	1	B737_GPS
236.807	41.842	-10.540	-7.223	0.000	0.000	0.024	2	1	HP21_GPS
236.819	38.495	-4.619	-6.547	0.000	0.000	0.004	2	1	P182_PBO
236.825	40.547	-8.246	-6.943	0.000	0.000	0.000	2	1	P332_PBO
236.829	48.774	-22.793	-8.558	0.000	0.000	0.008	2	1	SATU_GPS
236.837	44.079	-14.489	-7.622	0.000	0.000	-0.006	2	1	EZEL_GPS
236.843	45.538	-17.067	-7.900	0.000	0.000	0.020	2	1	P411_PBO
236.848	45.190	-16.451	-7.825	0.000	0.000	-0.017	2	1	P406_PBO
236.859	47.237	-20.068	-8.212	0.000	0.000	-0.060	2	1	SNDR_GPS
236.861	45.070	-16.236	-7.783	0.000	0.000	-0.031	2	1	YAMB_GPS
236.866	48.045	-21.495	-8.362	0.000	0.000	-0.005	2	1	P436_PBO
236.869	45.190	-16.446	-7.795	0.000	0.000	0.000	2	1	MACK_GPS
236.887	47.387	-20.326	-8.202	0.000	0.000	0.001	2	1	TAHU_GPS
236.888	47.033	-19.700	-8.131	0.000	0.000	0.149	2	1	Z478_GPS
236.890	48.181	-21.730	-8.354	0.000	0.000	-0.033	2	1	DUNG_GPS
236.895	39.320	-6.059	-6.602	0.000	0.000	0.006	2	1	P192_PBO
236.897	44.780	-15.714	-7.674	0.000	0.000	-0.178	2	1	SDNY_GPS
236.898	44.941	-15.998	-7.705	0.000	0.000	-0.004	2	1	P376_PBO
236.900	44.633	-15.453	-7.641	0.000	0.000	0.010	2	1	C715_GPS
236.930	45.612	-17.177	-7.791	0.000	0.000	-0.050	2	1	GARY_GPS
236.931	38.314	6.943	-1.827	0.000	0.000	0.002	3	1	P183_PBO
236.935	43.372	-13.215	-7.343	0.000	0.000	0.001	2	1	SCOT_GPS
236.942	43.363	-13.197	-7.331	0.000	0.000	0.004	2	1	P371_PBO
236.969	39.729	-6.765	-6.577	0.000	0.000	-0.003	2	1	POIR_GPS
236.996	44.325	-14.885	-7.444	0.000	0.000	-0.069	2	1	TWIN_GPS
237.004	49.078	-23.288	-8.369	0.000	0.000	-0.055	2	1	BOUN_GPS
237.009	45.524	-17.002	-7.662	0.000	0.000	-0.068	2	1	CHAS_GPS
237.015	46.671	-19.029	-7.879	0.000	0.000	-0.089	2	1	APSA_GPS
237.029	44.876	-15.852	-7.506	0.000	0.000	0.002	2	1	JAIL_GPS
237.031	44.510	-15.204	-7.431	0.000	0.000	-0.084	2	1	PETE_GPS
237.044	44.566	-15.300	-7.423	0.000	0.000	-0.108	2	1	LANG_GPS
237.058	40.652	-8.375	-6.632	0.000	0.000	-0.001	2	1	H217_GPS
237.059	47.288	-20.110	-7.938	0.000	0.000	0.005	2	1	P423_PBO
237.063	38.104	6.896	-1.939	0.000	0.000	-0.032	3	1	PRNC_GPS
237.064	40.370	-7.875	-6.568	0.000	0.000	-0.001	2	1	0221_GPS
237.075	46.040	-17.899	-7.669	0.000	0.000	0.185	2	1	PRES_GPS
237.077	40.748	-8.540	-6.624	0.000	0.000	0.008	2	1	P338_PBO
237.079	50.127	-25.125	-8.469	0.000	0.000	0.010	2	1	WSLR_GPS
237.081	46.283	-18.327	-7.709	0.000	0.000	0.047	2	1	CSTL_GPS
237.091	48.708	-22.613	-8.172	0.000	0.000	0.003	2	1	P439_PBO
237.113	44.052	-14.374	-7.224	0.000	0.000	0.069	2	1	P377_PBO
237.115	48.420	-22.098	-8.081	0.000	0.000	-0.037	2	1	ICEB_GPS
237.120	44.990	-16.031	-7.399	0.000	0.000	0.013	2	1	HOWE_GPS
237.123	42.323	-11.314	-6.869	0.000	0.000	-0.009	2	1	JUST_GPS
237.125	47.824	-21.041	-7.950	0.000	0.000	-0.006	2	1	SCHO_GPS
237.126	45.269	-16.523	-7.445	0.000	0.000	0.007	2	1	SPRO_GPS
237.131	38.080	6.938	-1.986	0.000	0.000	-0.291	3	1	PRH2_GPS
237.134	46.589	-18.855	-7.694	0.000	0.000	0.001	2	1	P420_PBO
237.170	44.208	-14.636	-7.173	0.000	0.000	0.002	2	1	COLR_GPS
237.174	44.795	-15.673	-7.283	0.000	0.000	0.004	2	1	IMP0_GPS
237.187	38.087	-3.808	-5.943	0.000	0.000	-0.063	2	1	1395_GPS
237.189	45.179	-16.349	-7.338	0.000	0.000	0.013	2	1	HUBB_GPS
237.193	46.477	-18.643	-7.588	0.000	0.000	-0.031	2	1	ARP0_GPS
237.199	45.857	-17.545	-7.457	0.000	0.000	-0.122	2	1	HELE_GPS
237.213	47.549	-20.534	-7.771	0.000	0.000	-0.144	2	1	GLDH_GPS
237.232	48.141	-21.576	-7.860	0.000	0.000	-0.096	2	1	WORD_GPS
237.233	38.429	-4.402	-5.945	0.000	0.000	-0.065	2	1	P197_PBO
237.245	47.501	-20.441	-7.716	0.000	0.000	0.035	2	1	B197_GPS
237.256	45.672	-17.204	-7.340	0.000	0.000	-0.006	2	1	VANC_GPS
237.257	38.298	-4.164	-5.885	0.000	0.000	0.000	2	1	P196_PBO
237.260	43.340	-13.079	-6.874	0.000	0.000	0.004	2	1	STEA_GPS
237.263	38.093	-3.800	-5.836	0.000	0.000	-0.065	2	1	NICC_GPS
237.280	46.533	-18.721	-7.475	0.000	0.000	-0.040	2	1	PTS5_GPS
237.290	41.730	-10.225	-6.515	0.000	0.000	-0.012	2	1	YBHB_GPS
237.293	42.216	-11.084	-6.606	0.000	0.000	-0.024	2	1	ASH0_GPS
237.304	48.313	-21.863	-7.792	0.000	0.000	-0.104	2	1	WHD1_GPS
237.307	45.835	-17.480	-7.299	0.000	0.000	-0.038	2	1	P414_PBO
237.317	47.922	-21.168	-7.696	0.000	0.000	0.011	2	1	PLUD_GPS
237.330	48.419	-22.044	-7.776	0.000	0.000	0.002	2	1	P438_PBO
237.339	47.446	-20.321	-7.571	0.000	0.000	-0.112	2	1	ORCC_GPS
237.344	42.191	-11.027	-6.529	0.000	0.000	-0.021	2	1	P370_PBO
237.347	43.586	-13.493	-6.799	0.000	0.000	-0.005	2	1	FARV_GPS
237.352	47.735	-20.829	-7.610	0.000	0.000	-0.049	2	1	KINW_GPS
237.375	42.142	-10.933	-6.475	0.000	0.000	0.001	2	1	F760_GPS
237.379	47.094	-19.689	-7.445	0.000	0.000	0.008	2	1	LEWG_GPS
237.393	38.260	-4.064	-5.685	0.000	0.000	-0.048	2	1	P198_PBO
237.397	48.892	-22.864	-7.773	0.000	0.000	0.000	2	1	FRND_GPS
237.401	37.923	-3.466	-5.607	0.000	0.000	-0.031	2	1	T3R2_GPS
237.405	38.186	-3.930	-5.653	0.000	0.000	-0.024	2	1	COR__GPS
237.409	45.216	-16.361	-7.032	0.000	0.000	-0.032	2	1	4S9B_GPS
237.411	45.221	-16.369	-7.030	0.000	0.000	-0.108	2	1	P412_PBO
237.423	44.497	-15.086	-6.871	0.000	0.000	0.003	2	1	P379_PBO
237.424	38.778	-4.972	-5.743	0.000	0.000	0.042	2	1	P206_PBO
237.425	45.326	-16.551	-7.031	0.000	0.000	0.000	2	1	CLCC_GPS
237.429	47.172	-19.815	-7.389	0.000	0.000	0.002	2	1	PCOL_PBO
237.430	44.150	-14.470	-6.792	0.000	0.000	0.009	2	1	VIDA_GPS
237.434	45.547	-16.940	-7.062	0.000	0.000	-0.157	2	1	RKBU_GPS
237.447	47.571	-20.516	-7.442	0.000	0.000	-0.040	2	1	SITA_GPS
237.453	45.781	-17.349	-7.081	0.000	0.000	-0.004	2	1	BATT_GPS
237.465	48.791	-22.669	-7.657	0.000	0.000	-0.027	2	1	BHAP_GPS
237.473	38.236	-4.002	-5.566	0.000	0.000	0.001	2	1	ADOO_GPS
237.474	41.555	-9.871	-6.219	0.000	0.000	0.043	2	1	GREN_GPS
237.485	47.803	-20.917	-7.434	0.000	0.000	0.008	2	1	P426_PBO
237.489	42.741	-11.964	-6.431	0.000	0.000	-0.013	2	1	PROS_GPS
237.496	37.509	6.815	-2.294	0.000	0.000	0.118	3	1	WHAL_GPS
237.497	38.264	-4.046	-5.537	0.000	0.000	-0.017	2	1	P199_PBO
237.500	43.750	-13.746	-6.614	0.000	0.000	-0.001	2	1	OAKR_GPS
237.507	48.856	-22.774	-7.610	0.000	0.000	-0.007	2	1	P440_PBO
237.520	44.752	-15.513	-6.783	0.000	0.000	-0.173	2	1	MILL_GPS
237.521	42.065	-10.761	-6.252	0.000	0.000	-0.005	2	1	SOR4_GPS
237.536	43.160	-12.694	-6.447	0.000	0.000	-0.002	2	1	BLK4_GPS
237.542	37.609	6.934	-2.312	0.000	0.000	-0.004	3	1	SWEE_GPS
237.544	37.527	6.872	-2.323	0.000	0.000	-0.063	3	1	PALO_GPS
237.545	37.805	-3.222	-5.379	0.000	0.000	0.006	2	1	PRSD_GPS
237.548	38.240	-3.991	-5.460	0.000	0.000	0.000	2	1	P200_PBO
237.556	47.306	-20.021	-7.235	0.000	0.000	-0.037	2	1	BROW_GPS
237.571	46.532	-18.648	-7.061	0.000	0.000	-0.014	2	1	P421_PBO
237.572	43.228	-12.805	-6.409	0.000	0.000	-0.050	2	1	TOKE_GPS
237.584	37.959	-3.485	-5.354	0.000	0.000	0.025	2	1	SNPR_GPS
237.585	40.998	-8.859	-5.951	0.000	0.000	-0.005	2	1	P060_PBO
237.598	37.942	-3.452	-5.330	0.000	0.000	0.018	2	1	HIL4_GPS
237.605	37.183	6.656	-2.405	0.000	0.000	-0.031	3	1	PIGE_GPS
237.613	47.595	-20.518	-7.211	0.000	0.000	-0.003	2	1	DUWA_GPS
237.618	37.592	-2.828	-5.233	0.000	0.000	0.011	2	1	PEEE_GPS
237.623	37.915	-3.398	-5.290	0.000	0.000	0.001	2	1	P181_PBO
237.625	47.388	-20.149	-7.153	0.000	0.000	-0.056	2	1	RPT1_GPS
237.634	37.810	-3.209	-5.253	0.000	0.000	-0.020	2	1	NAVY_GPS
237.638	38.283	-4.045	-5.341	0.000	0.000	-0.020	2	1	HENN_GPS
237.639	46.190	-18.027	-6.897	0.000	0.000	-0.007	2	1	P689_PBO
237.641	37.228	6.724	-2.423	0.000	0.000	0.000	3	1	HALM_GPS
237.644	37.990	-3.525	-5.274	0.000	0.000	-0.038	2	1	SPA1_GPS
237.645	46.110	-17.884	-6.873	0.000	0.000	0.035	2	1	P687_PBO
237.650	42.620	-11.711	-6.178	0.000	0.000	-0.103	2	1	RUST_GPS
237.655	46.301	-18.219	-6.896	0.000	0.000	-0.016	2	1	ELKR_GPS
237.659	45.430	-16.678	-6.719	0.000	0.000	-0.053	2	1	P427_PBO
237.660	37.934	-3.422	-5.241	0.000	0.000	-0.112	2	1	RMD1_GPS
237.662	38.258	-3.995	-5.302	0.000	0.000	0.004	2	1	DEAL_GPS
237.667	45.299	-16.445	-6.682	0.000	0.000	-0.042	2	1	ESTA_GPS
237.670	44.170	-14.447	-6.455	0.000	0.000	-0.001	2	1	BR02_GPS
237.681	40.731	-8.363	-5.762	0.000	0.000	0.004	2	1	P349_PBO
237.682	46.026	-17.727	-6.804	0.000	0.000	0.005	2	1	YALE_GPS
237.686	43.963	-14.078	-6.391	0.000	0.000	-0.257	2	1	SARD_GPS
237.689	46.173	-17.985	-6.823	0.000	0.000	-0.049	2	1	P705_PBO
237.695	37.937	-3.419	-5.191	0.000	0.000	0.000	2	1	MA_A_GPS
237.710	47.103	-19.624	-6.976	0.000	0.000	-0.011	2	1	THUN_GPS
237.716	37.274	6.827	-2.466	0.000	0.000	0.001	3	1	HAUL_GPS
237.728	47.908	-21.043	-7.109	0.000	0.000	-0.041	2	1	PAIN_GPS
237.729	40.271	-7.538	-5.603	0.000	0.000	-0.265	2	1	P345_PBO
237.730	46.551	-18.643	-6.839	0.000	0.000	-0.001	2	1	MORT_GPS
237.735	37.872	-3.295	-5.122	0.000	0.000	-0.001	2	1	UCBK_GPS
237.741	38.324	-4.092	-5.202	0.000	0.000	-0.050	2	1	HAGG_GPS
237.745	38.030	-3.572	-5.139	0.000	0.000	-0.074	2	1	0410_GPS
237.748	37.871	-3.290	-5.103	0.000	0.000	0.047	2	1	STAC_GPS
237.749	37.870	-3.288	-5.102	0.000	0.000	0.003	2	1	STAD_GPS
237.753	37.879	-3.303	-5.098	0.000	0.000	-0.103	2	1	04GG_GPS
237.765	44.119	-14.334	-6.310	0.000	0.000	-0.095	2	1	CUGR_GPS
237.771	38.043	-3.588	-5.104	0.000	0.000	0.000	2	1	CROC_GPS
237.772	48.508	-22.094	-7.165	0.000	0.000	-0.040	2	1	SDRO_GPS
237.773	46.231	-18.067	-6.715	0.000	0.000	0.067	2	1	P691_PBO
237.778	37.884	-3.305	-5.063	0.000	0.000	-0.014	2	1	BAPK_GPS
237.781	37.864	-3.269	-5.055	0.000	0.000	-0.016	2	1	P224_PBO
237.782	38.153	-3.780	-5.110	0.000	0.000	0.004	2	1	P261_PBO
237.784	37.312	6.917	-2.506	0.000	0.000	0.000	3	1	TRUE_GPS
237.794	41.294	-9.332	-5.712	0.000	0.000	0.004	2	1	P655_PBO
237.796	37.417	-2.475	-4.945	0.000	0.000	-0.009	2	1	SLAC_PBO
237.797	38.313	-4.059	-5.121	0.000	0.000	-0.028	2	1	MADI_GPS
237.798	46.210	-18.024	-6.675	0.000	0.000	0.030	2	1	P693_PBO
237.804	46.145	-17.907	-6.654	0.000	0.000	0.160	2	1	P703_PBO
237.805	37.147	6.806	-2.540	0.000	0.000	0.025	3	1	EAUN_GPS
237.816	37.691	-2.955	-4.971	0.000	0.000	-0.071	2	1	SLBB_GPS
237.818	46.300	-18.178	-6.664	0.000	0.000	-0.009	2	1	P694_PBO
237.824	47.485	-20.272	-6.889	0.000	0.000	-0.005	2	1	HAFF_GPS
237.825	38.351	-4.120	-5.088	0.000	0.000	0.001	2	1	GAME_GPS
237.833	37.324	-2.302	-4.875	0.000	0.000	-0.037	2	1	PAWT_GPS
237.836	46.199	-17.995	-6.619	0.000	0.000	0.008	2	1	P695_PBO
237.842	48.162	-21.465	-6.997	0.000	0.000	0.032	2	1	ARLI_GPS
237.846	48.170	-21.478	-6.993	0.000	0.000	0.001	2	1	ARLO_GPS
237.847	37.290	6.956	-2.550	0.000	0.000	0.005	3	1	BM1R_GPS
237.857	48.917	-22.796	-7.124	0.000	0.000	-0.040	2	1	GP37_GPS
237.858	47.636	-20.531	-6.871	0.000	0.000	-0.006	2	1	OVER_GPS
237.867	46.195	-17.980	-6.574	0.000	0.000	-0.032	2	1	P701_PBO
237.872	37.937	-3.376	-4.940	0.000	0.000	-0.001	2	1	HILL_GPS
237.877	37.363	-2.360	-4.820	0.000	0.000	0.005	2	1	FTHL_GPS
237.885	38.331	-4.070	-4.999	0.000	0.000	-0.010	2	1	GORR_GPS
237.897	38.398	-4.185	-4.995	0.000	0.000	-0.002	2	1	VAC3_GPS
237.900	42.473	-11.391	-5.794	0.000	0.000	-0.020	2	1	RKPT_GPS
237.903	37.563	-2.707	-4.822	0.000	0.000	-0.016	2	1	COYS_GPS
237.904	38.025	-3.524	-4.912	0.000	0.000	-0.037	2	1	P262_PBO
237.905	37.551	-2.686	-4.817	0.000	0.000	-0.020	2	1	RDHL_GPS
237.912	45.533	-16.799	-6.379	0.000	0.000	-0.008	2	1	LARC_GPS
237.917	37.539	-2.661	-4.797	0.000	0.000	0.324	2	1	P222_PBO
237.931	37.732	-2.999	-4.816	0.000	0.000	-0.038	2	1	CAS2_GPS
237.939	37.815	-3.144	-4.821	0.000	0.000	-0.039	2	1	ROC2_GPS
237.941	37.099	6.890	-2.635	0.000	0.000	-0.032	3	1	LOMP_GPS
237.942	37.714	-2.965	-4.796	0.000	0.000	-0.011	2	1	P225_PBO
237.944	36.978	6.798	-2.651	0.000	0.000	0.008	3	1	SCAZ_GPS
237.945	39.244	-5.670	-5.094	0.000	0.000	0.000	2	1	P270_PBO
237.948	36.993	6.813	-2.652	0.000	0.000	0.002	3	1	CRO3_GPS
237.972	39.929	-6.874	-5.190	0.000	0.000	-0.073	2	1	P344_PBO
237.977	37.217	-2.078	-4.649	0.000	0.000	-0.080	2	1	ELSE_GPS
237.980	44.190	-14.407	-6.018	0.000	0.000	0.001	2	1	CUPO_GPS
237.989	37.645	-2.831	-4.716	0.000	0.000	0.434	2	1	GARS_GPS
237.990	42.140	-10.780	-5.600	0.000	0.000	0.032	2	1	W784_GPS
238.004	37.185	-2.014	-4.604	0.000	0.000	-0.008	2	1	BRIG_BVU
238.005	37.738	-2.992	-4.711	0.000	0.000	0.001	2	1	WED2_GPS
238.006	37.059	6.917	-2.682	0.000	0.000	-0.066	3	1	TRAL_GPS
238.009	37.202	-2.043	-4.600	0.000	0.000	-0.003	2	1	P213_PBO
238.012	46.572	-18.612	-6.442	0.000	0.000	-0.006	2	1	P431_PBO
238.015	47.509	-20.268	-6.622	0.000	0.000	0.009	2	1	TIGR_GPS
238.022	37.749	-3.007	-4.689	0.000	0.000	-0.013	2	1	P229_PBO
238.023	37.206	-2.047	-4.581	0.000	0.000	0.032	2	1	SNJO_GPS
238.026	37.480	-2.531	-4.631	0.000	0.000	-0.022	2	1	Z137_GPS
238.027	37.180	-2.000	-4.570	0.000	0.000	-0.030	2	1	ODAM_GPS
238.034	37.247	-2.117	-4.574	0.000	0.000	-0.030	2	1	VASO_GPS
238.039	37.073	6.957	-2.702	0.000	0.000	-0.039	3	1	BRUC_GPS
238.046	38.530	-4.383	-4.809	0.000	0.000	-0.035	2	1	P265_PBO
238.048	37.532	-2.617	-4.610	0.000	0.000	-0.002	2	1	WINE_1PS
238.053	37.110	6.999	-2.706	0.000	0.000	0.008	3	1	BURD_GPS
238.056	43.530	-13.222	-5.780	0.000	0.000	-0.143	2	1	CRES_GPS
238.057	39.145	-5.467	-4.915	0.000	0.000	-0.007	2	1	P272_PBO
238.060	37.643	-2.811	-4.615	0.000	0.000	-0.001	2	1	SUNS_GPS
238.062	37.047	6.957	-2.720	0.000	0.000	0.003	3	1	FIRE_GPS
238.071	36.449	6.496	-2.799	0.000	0.000	0.000	3	1	SOBR_GPS
238.076	36.982	6.919	-2.737	0.000	0.000	0.004	3	1	GREG_GPS
238.080	37.004	6.939	-2.737	0.000	0.000	-0.037	3	1	PORT_GPS
238.081	37.507	-2.565	-4.558	0.000	0.000	-0.056	2	1	1582_GPS
238.091	37.104	7.028	-2.732	0.000	0.000	0.004	3	1	LP2__GPS
238.095	36.622	6.653	-2.793	0.000	0.000	-0.006	3	1	P231_PBO
238.103	42.318	-11.067	-5.474	0.000	0.000	-0.001	2	1	SKIL_GPS
238.112	37.540	-2.616	-4.520	0.000	0.000	0.002	2	1	MILS_GPS
238.117	45.692	-17.030	-6.119	0.000	0.000	-0.032	2	1	STEV_GPS
238.122	42.574	-11.515	-5.498	0.000	0.000	0.002	2	1	V546_GPS
238.123	45.676	-17.001	-6.108	0.000	0.000	-0.086	2	1	P429_PBO
238.126	36.946	6.935	-2.774	0.000	0.000	-0.061	3	1	LEON_GPS
238.129	37.499	-2.539	-4.488	0.000	0.000	-0.078	2	1	ALLI_GPS
238.130	37.541	-2.613	-4.495	0.000	0.000	-0.003	2	1	SHER_GPS
238.137	36.962	6.957	-2.779	0.000	0.000	-0.002	3	1	P212_PBO
238.149	36.288	6.439	-2.869	0.000	0.000	-0.077	3	1	MOLR_GPS
238.151	44.120	-14.242	-5.761	0.000	0.000	-0.002	2	1	HUSB_GPS
238.156	37.111	-1.847	-4.373	0.000	0.000	-0.039	2	1	LOMA_GPS
238.161	37.050	7.048	-2.784	0.000	0.000	0.015	3	1	LP4__GPS
238.167	37.012	7.023	-2.793	0.000	0.000	0.006	3	1	CORR_GPS
238.170	42.870	-12.027	-5.488	0.000	0.000	-0.043	2	1	J789_GPS
238.174	37.337	-2.242	-4.392	0.000	0.000	-0.004	2	1	P226_PBO
238.177	38.380	-4.086	-4.593	0.000	0.000	0.005	2	1	P267_PBO
238.180	39.210	-5.553	-4.753	0.000	0.000	-0.023	2	1	SUTB_GPS
238.186	36.235	6.431	-2.900	0.000	0.000	-0.023	3	1	FEIF_GPS
238.190	37.594	-2.692	-4.420	0.000	0.000	0.000	2	1	SARE_GPS
238.191	37.069	-1.764	-4.315	0.000	0.000	-0.106	2	1	NDDD_GPS
238.195	43.133	-12.486	-5.504	0.000	0.000	-0.001	2	1	BEAV_GPS
238.200	43.130	-12.480	-5.497	0.000	0.000	-0.006	2	1	BEAV_GPS
238.201	36.749	6.847	-2.847	0.000	0.000	-0.002	3	1	MULL_GPS
238.207	36.486	6.646	-2.883	0.000	0.000	-0.011	3	1	P171_PBO
238.208	37.922	-3.268	-4.459	0.000	0.000	-0.049	2	1	JOBE_GPS
238.210	37.533	-2.580	-4.380	0.000	0.000	-0.005	2	1	P227_PBO
238.212	37.137	-1.879	-4.299	0.000	0.000	0.021	2	1	MAZZ_GPS
238.217	37.186	-1.964	-4.301	0.000	0.000	0.005	2	1	CAAA_GPS
238.220	42.260	-10.936	-5.297	0.000	0.000	0.124	2	1	P380_PBO
238.223	48.539	-22.039	-6.529	0.000	0.000	-0.018	2	1	GRSM_GPS
238.228	36.589	6.746	-2.884	0.000	0.000	-0.001	3	1	FORD_GPS
238.229	36.846	6.948	-2.853	0.000	0.000	0.010	3	1	05ZB_GPS
238.240	44.290	-14.521	-5.668	0.000	0.000	0.003	2	1	BLCK_GPS
238.250	36.763	6.902	-2.877	0.000	0.000	-0.121	3	1	0513_GPS
238.253	42.209	-10.838	-5.240	0.000	0.000	-0.017	2	1	ALTA_GPS
238.260	40.870	-8.469	-4.966	0.000	0.000	-0.025	2	1	HHTT_GPS
238.262	37.219	-2.012	-4.244	0.000	0.000	-0.024	2	1	COY__GPS
238.268	36.816	6.960	-2.883	0.000	0.000	-0.008	3	1	P210_PBO
238.278	37.954	-3.308	-4.366	0.000	0.000	-0.001	2	1	MINN_GPS
238.285	38.657	-4.549	-4.494	0.000	0.000	-0.029	2	1	P271_PBO
238.286	37.229	-2.024	-4.212	0.000	0.000	-0.014	2	1	METC_GPS
238.288	45.334	-16.356	-5.806	0.000	0.000	-0.028	2	1	TIMB_GPS
238.294	37.184	-1.942	-4.191	0.000	0.000	0.024	2	1	PERR_GPS
238.297	37.622	-2.716	-4.273	0.000	0.000	0.206	2	1	USG7_GPS
238.310	43.680	-13.425	-5.448	0.000	0.000	-0.014	2	1	WICK_GPS
238.313	37.602	-2.677	-4.247	0.000	0.000	0.018	2	1	P228_PBO
238.317	46.623	-18.628	-6.018	0.000	0.000	-0.116	2	1	P432_PBO
238.325	37.694	-2.836	-4.248	0.000	0.000	-0.054	2	1	B112_GPS
238.326	48.865	-22.590	-6.447	0.000	0.000	-0.019	2	1	BAKR_GPS
238.327	36.914	7.089	-2.909	0.000	0.000	-0.031	3	1	04AL_GPS
238.330	45.304	-16.292	-5.740	0.000	0.000	-0.027	2	1	STOL_GPS
238.332	36.791	6.997	-2.927	0.000	0.000	-0.004	3	1	05YC_GPS
238.334	36.698	6.926	-2.940	0.000	0.000	0.019	3	1	SALI_GPS
238.340	39.430	-5.903	-4.568	0.000	0.000	-0.003	2	1	CHO1_GPS
238.341	36.722	6.951	-2.942	0.000	0.000	0.021	3	1	BORO_GPS
238.349	37.104	-1.787	-4.097	0.000	0.000	0.012	2	1	P217_PBO
238.354	38.474	-4.209	-4.360	0.000	0.000	0.074	2	1	P268_PBO
238.372	36.540	6.836	-2.984	0.000	0.000	0.004	3	1	TORO_GPS
238.375	47.138	-19.525	-6.037	0.000	0.000	0.009	2	1	GP17_GPS
238.384	36.980	-1.560	-4.023	0.000	0.000	-0.042	2	1	GILR_GPS
238.395	37.932	-3.240	-4.195	0.000	0.000	-0.156	2	1	P256_PBO
238.406	48.486	-21.901	-6.259	0.000	0.000	-0.010	2	1	GP29_GPS
238.409	36.859	7.119	-2.969	0.000	0.000	0.004	3	1	P234_PBO
238.415	36.887	-1.388	-3.961	0.000	0.000	0.004	2	1	PGN4_GPS
238.423	36.055	6.501	-3.076	0.000	0.000	0.011	3	1	GAMB_GPS
238.428	48.079	-21.176	-6.147	0.000	0.000	-0.073	2	1	SLVR_GPS
238.432	36.873	-1.359	-3.934	0.000	0.000	0.004	2	1	77RT_GPS
238.434	37.755	-2.918	-4.105	0.000	0.000	0.012	2	1	MEDA_GPS
238.444	37.477	-2.424	-4.036	0.000	0.000	0.001	2	1	MOCH_GPS
238.460	40.980	-8.614	-4.703	0.000	0.000	-0.004	2	1	PITR_GPS
238.470	41.720	-9.921	-4.835	0.000	0.000	0.009	2	1	M504_GPS
238.490	42.250	-10.853	-4.911	0.000	0.000	-0.042	2	1	HILD_GPS
238.493	41.712	-9.901	-4.801	0.000	0.000	-0.003	2	1	P672_PBO
238.510	41.616	-9.727	-4.757	0.000	0.000	-0.010	2	1	P674_PBO
238.516	35.992	6.534	-3.145	0.000	0.000	0.004	3	1	0509_GPS
238.530	40.816	-8.307	-4.571	0.000	0.000	0.011	2	1	HCRO_PBO
238.536	37.755	-2.893	-3.960	0.000	0.000	0.000	2	1	P257_PBO
238.537	36.954	-1.476	-3.801	0.000	0.000	0.000	2	1	P242_PBO
238.538	36.909	-1.397	-3.790	0.000	0.000	-0.124	2	1	RAIL_BVU
238.540	41.430	-9.391	-4.678	0.000	0.000	-0.024	2	1	ROUN_GPS
238.571	36.493	6.976	-3.120	0.000	0.000	-0.003	3	1	05VE_GPS
238.574	47.735	-20.532	-5.872	0.000	0.000	0.002	2	1	B059_GPS
238.600	41.050	-8.704	-4.518	0.000	0.000	0.000	2	1	MCAR_GPS
238.608	47.388	-19.910	-5.755	0.000	0.000	0.009	2	1	HYAK_GPS
238.612	38.116	-3.513	-3.923	0.000	0.000	-0.067	2	1	P273_PBO
238.625	37.508	-2.435	-3.785	0.000	0.000	0.009	2	1	OSR1_GPS
238.634	44.823	-15.368	-5.213	0.000	0.000	0.004	2	1	Y502_GPS
238.645	37.011	-1.551	-3.658	0.000	0.000	-0.001	2	1	P244_PBO
238.650	42.410	-11.097	-4.715	0.000	0.000	0.002	2	1	J288_GPS
238.672	45.783	-17.056	-5.348	0.000	0.000	-0.028	2	1	GWEN_GPS
238.675	36.793	-1.158	-3.573	0.000	0.000	-0.014	2	1	05YF_GPS
238.677	36.420	7.014	-3.198	0.000	0.000	0.256	3	1	0512_GPS
238.700	46.873	-18.977	-5.523	0.000	0.000	-0.010	2	1	SPIL_GPS
238.701	36.900	-1.341	-3.557	0.000	0.000	0.032	2	1	TURK_GPS
238.710	41.100	-8.766	-4.371	0.000	0.000	-0.005	2	1	FRAZ_GPS
238.712	37.008	-1.529	-3.562	0.000	0.000	0.002	2	1	PACH_GPS
238.716	35.665	6.456	-3.315	0.000	0.000	-0.001	3	1	BLAN_GPS
238.720	44.060	-13.998	-4.940	0.000	0.000	0.002	2	1	PIBU_GPS
238.730	36.696	-0.973	-3.475	0.000	0.000	-0.053	2	1	05WF_GPS
238.731	48.674	-22.154	-5.834	0.000	0.000	-0.028	2	1	G370_GPS
238.742	41.671	-9.768	-4.438	0.000	0.000	-0.001	2	1	0209_GPS
238.785	38.322	-3.835	-3.717	0.000	0.000	0.000	2	1	P275_PBO
238.790	42.440	-11.116	-4.522	0.000	0.000	-0.065	2	1	TUFF_GPS
238.799	36.294	7.023	-3.293	0.000	0.000	-0.042	3	1	OSI2_GPS
238.803	44.269	-14.347	-4.863	0.000	0.000	0.013	2	1	F735_GPS
238.812	36.560	7.244	-3.269	0.000	0.000	-0.058	3	1	P247_PBO
238.816	36.571	7.256	-3.270	0.000	0.000	0.003	3	1	05WG_GPS
238.822	37.464	-2.309	-3.496	0.000	0.000	-0.036	2	1	H104_GPS
238.825	45.618	-16.727	-5.098	0.000	0.000	-0.014	2	1	DALL_GPS
238.829	47.232	-19.581	-5.410	0.000	0.000	-0.001	2	1	EASN_GPS
238.850	39.630	-6.132	-3.883	0.000	0.000	-0.046	2	1	LUMP_GPS
238.863	36.161	6.976	-3.351	0.000	0.000	0.000	3	1	QCYN_PBO
238.865	36.426	7.186	-3.320	0.000	0.000	-0.041	3	1	P175_PBO
238.867	46.629	-18.505	-5.237	0.000	0.000	0.003	2	1	FALL_GPS
238.872	44.634	-14.976	-4.837	0.000	0.000	-0.038	2	1	SKYO_GPS
238.899	37.433	-2.235	-3.380	0.000	0.000	-0.044	2	1	P259_PBO
238.900	42.430	-11.072	-4.363	0.000	0.000	0.002	2	1	ROCO_GPS
238.905	38.645	-4.377	-3.610	0.000	0.000	-0.044	2	1	P276_PBO
238.910	44.210	-14.217	-4.700	0.000	0.000	-0.044	2	1	DRYX_GPS
238.916	37.711	-2.723	-3.411	0.000	0.000	0.012	2	1	P260_PBO
238.932	48.730	-22.205	-5.559	0.000	0.000	-0.031	2	1	P444_PBO
238.936	36.612	-0.775	-3.166	0.000	0.000	0.026	2	1	P249_PBO
238.939	35.711	6.691	-3.455	0.000	0.000	-0.013	3	1	P278_PBO
238.940	37.080	-1.601	-3.252	0.000	0.000	-0.014	2	1	ONIE_GPS
238.942	37.170	-1.760	-3.267	0.000	0.000	-0.146	2	1	P252_PBO
238.960	41.510	-9.430	-4.097	0.000	0.000	0.000	2	1	02SS_GPS
238.973	42.393	-10.989	-4.252	0.000	0.000	-0.013	2	1	V357_GPS
238.980	39.730	-6.278	-3.718	0.000	0.000	0.004	2	1	HELI_GPS
238.997	35.552	6.618	-3.513	0.000	0.000	-0.020	3	1	P067_PBO
239.004	36.410	-0.401	-3.029	0.000	0.000	-0.059	2	1	05UH_GPS
239.019	36.417	-0.410	-3.009	0.000	0.000	-0.014	2	1	P285_PBO
239.049	38.090	-3.361	-3.296	0.000	0.000	-0.001	2	1	P309_PBO
239.050	41.180	-8.825	-3.904	0.000	0.000	0.015	2	1	ADIN_GPS
239.053	44.920	-15.438	-4.636	0.000	0.000	0.048	2	1	JUNC_GPS
239.060	39.970	-6.683	-3.651	0.000	0.000	-0.011	2	1	QUIN_GPS
239.067	46.844	-18.837	-4.995	0.000	0.000	-0.013	2	1	P065_PBO
239.070	44.260	-14.266	-4.482	0.000	0.000	0.030	2	1	HSTN_GPS
239.093	35.933	7.002	-3.529	0.000	0.000	0.009	3	1	P284_PBO
239.121	36.140	7.190	-3.522	0.000	0.000	-0.036	3	1	P288_PBO
239.130	35.636	6.802	-3.589	0.000	0.000	-0.014	3	1	P526_PBO
239.135	44.301	-14.323	-4.398	0.000	0.000	0.011	2	1	PRIN_GPS
239.158	35.697	6.875	-3.600	0.000	0.000	0.010	3	1	P295_PBO
239.168	35.359	6.619	-3.648	0.000	0.000	0.034	3	1	BLHL_GPS
239.192	35.426	6.693	-3.655	0.000	0.000	0.022	3	1	P525_PBO
239.194	40.419	-7.444	-3.549	0.000	0.000	-0.026	2	1	P148_PBO
239.230	43.010	-12.017	-4.008	0.000	0.000	-0.026	2	1	W072_GPS
239.256	45.475	-16.370	-4.457	0.000	0.000	0.016	2	1	A545_GPS
239.257	36.806	-1.040	-2.748	0.000	0.000	-0.025	2	1	P301_PBO
239.279	38.340	-3.747	-3.019	0.000	0.000	0.022	2	1	JAST_GPS
239.280	42.260	-10.679	-3.789	0.000	0.000	-0.020	2	1	PL20_GPS
239.295	37.054	-1.469	-2.742	0.000	0.000	-0.023	2	1	P303_PBO
239.300	41.490	-9.312	-3.609	0.000	0.000	-0.023	2	1	HOTC_GPS
239.302	35.386	6.760	-3.732	0.000	0.000	-0.011	3	1	TESS_GPS
239.307	38.829	-4.605	-3.075	0.000	0.000	-0.024	2	1	P140_PBO
239.310	43.170	-12.281	-3.926	0.000	0.000	-0.022	2	1	7MIR_GPS
239.318	34.469	6.054	-3.854	0.000	0.000	-0.020	3	1	HARV_GPS
239.328	45.590	-16.556	-4.377	0.000	0.000	-0.026	2	1	P445_PBO
239.330	40.420	-7.413	-3.356	0.000	0.000	-0.025	2	1	N843_GPS
239.335	47.768	-20.405	-4.796	0.000	0.000	0.014	2	1	1882_GPS
239.356	37.795	-2.765	-2.802	0.000	0.000	0.003	2	1	P306_PBO
239.360	43.290	-12.481	-3.879	0.000	0.000	-0.018	2	1	L091_GPS
239.373	34.571	6.183	-3.878	0.000	0.000	-0.001	3	1	RUS1_GPS
239.380	44.310	-14.280	-4.051	0.000	0.000	-0.025	2	1	C753_GPS
239.381	36.635	-0.707	-2.538	0.000	0.000	0.001	2	1	P302_PBO
239.383	34.593	6.209	-3.881	0.000	0.000	-0.014	3	1	ALVA_GPS
239.390	40.450	-7.451	-3.276	0.000	0.000	-0.016	2	1	E843_GPS
239.394	34.894	6.455	-3.852	0.000	0.000	0.014	3	1	LOSP_GPS
239.408	47.559	-20.018	-4.651	0.000	0.000	-0.020	2	1	E518_GPS
239.410	42.200	-10.541	-3.593	0.000	0.000	-0.032	2	1	OREG_GPS
239.427	35.456	6.926	-3.805	0.000	0.000	-0.024	3	1	BARR_GPS
239.430	40.550	-7.618	-3.239	0.000	0.000	-0.009	2	1	Q837_GPS
239.448	35.974	7.351	-3.756	0.000	0.000	-0.018	3	1	P297_PBO
239.451	42.704	-11.422	-3.634	0.000	0.000	-0.025	2	1	PAIS_GPS
239.455	35.328	6.850	-3.839	0.000	0.000	-0.025	3	1	P528_PBO
239.457	36.089	0.277	-2.322	0.000	0.000	-0.025	2	1	P293_PBO
239.458	35.945	7.337	-3.766	0.000	0.000	-0.017	3	1	PKDB_GPS
239.460	43.390	-12.633	-3.756	0.000	0.000	-0.022	2	1	F091_GPS
239.461	47.000	-19.017	-4.466	0.000	0.000	-0.021	2	1	LINH_GPS
239.479	47.012	-19.034	-4.443	0.000	0.000	-0.018	2	1	WILS_GPS
239.491	44.353	-14.329	-3.902	0.000	0.000	-0.011	2	1	G753_GPS
239.500	40.630	-7.743	-3.155	0.000	0.000	-0.032	2	1	HUSG_GPS
239.520	35.625	7.141	-3.845	0.000	0.000	-0.020	3	1	P530_PBO
239.521	35.867	7.332	-3.817	0.000	0.000	-0.023	3	1	HOGS_PBO
239.547	35.552	7.108	-3.872	0.000	0.000	-0.025	3	1	ALMO_GPS
239.557	35.833	7.338	-3.844	0.000	0.000	-0.043	3	1	MASW_PBO
239.560	36.123	0.242	-2.182	0.000	0.000	-0.034	2	1	P294_PBO
239.575	48.594	-21.808	-4.618	0.000	0.000	-0.018	2	1	A515_GPS
239.580	44.400	-14.390	-3.784	0.000	0.000	-0.001	2	1	M753_GPS
239.590	35.011	6.722	-3.966	0.000	0.000	-0.004	3	1	P514_PBO
239.610	38.030	-3.118	-2.487	0.000	0.000	0.000	2	1	CMBB_GPS
239.617	35.106	6.821	-3.972	0.000	0.000	0.011	3	1	P516_PBO
239.622	42.469	-10.965	-3.344	0.000	0.000	0.004	2	1	P388_PBO
239.629	35.748	7.335	-3.902	0.000	0.000	0.005	3	1	P533_PBO
239.636	36.052	0.386	-2.060	0.000	0.000	0.005	2	1	P296_PBO
239.643	36.739	-0.827	-2.186	0.000	0.000	0.049	2	1	P304_PBO
239.646	36.501	-0.406	-2.134	0.000	0.000	0.011	2	1	0607_GPS
239.649	34.038	6.011	-4.123	0.000	0.000	0.016	3	1	MIG1_PBO
239.652	35.544	7.196	-3.941	0.000	0.000	-0.009	3	1	P280_PBO
239.654	35.607	7.247	-3.935	0.000	0.000	0.003	3	1	H623_GPS
239.660	40.560	-7.580	-2.914	0.000	0.000	0.000	2	1	BISC_GPS
239.666	38.736	-4.353	-2.546	0.000	0.000	0.006	2	1	P310_PBO
239.674	47.480	-19.814	-4.258	0.000	0.000	-0.004	2	1	OHME_GNI
239.680	39.320	-5.383	-2.641	0.000	0.000	0.007	2	1	UU83_GPS
239.690	43.430	-12.648	-3.437	0.000	0.000	0.022	2	1	Y090_GPS
239.697	41.902	-9.944	-3.126	0.000	0.000	0.005	2	1	MODB_1PS
239.700	34.960	6.780	-4.044	0.000	0.000	0.007	3	1	7HLI_GPS
239.701	35.346	7.084	-3.998	0.000	0.000	0.000	3	1	POZO_GPS
239.706	36.016	0.466	-1.954	0.000	0.000	0.002	2	1	P298_PBO
239.707	35.583	7.275	-3.973	0.000	0.000	0.002	3	1	L623_GPS
239.723	36.304	-0.039	-1.986	0.000	0.000	0.004	2	1	P300_PBO
239.733	35.634	7.338	-3.983	0.000	0.000	0.003	3	1	P532_PBO
239.739	35.605	7.321	-3.991	0.000	0.000	0.005	3	1	REDH_GPS
239.740	41.550	-9.311	-2.995	0.000	0.000	0.007	2	1	CEDR_GPS
239.743	34.798	6.691	-4.092	0.000	0.000	0.003	3	1	LAMO_GPS
239.744	48.508	-21.615	-4.361	0.000	0.000	0.033	2	1	R378_GPS
239.750	40.130	-6.798	-2.702	0.000	0.000	0.026	2	1	02EX_GPS
239.760	34.871	6.764	-4.094	0.000	0.000	-0.003	3	1	P515_PBO
239.770	40.590	-7.607	-2.764	0.000	0.000	-0.001	2	1	SHIN_GPS
239.780	45.000	-15.403	-3.618	0.000	0.000	-0.035	2	1	FOSS_GPS
239.782	44.631	-14.750	-3.543	0.000	0.000	0.002	2	1	U73H_GPS
239.785	45.745	-16.719	-3.758	0.000	0.000	0.030	2	1	H428_GPS
239.801	34.502	6.511	-4.166	0.000	0.000	-0.039	3	1	GAVI_GPS
239.803	37.352	-1.873	-2.079	0.000	0.000	0.021	2	1	P305_PBO
239.818	35.703	1.047	-1.733	0.000	0.000	0.002	2	1	P539_PBO
239.820	45.243	-15.823	-3.609	0.000	0.000	0.004	2	1	E040_GPS
239.845	35.928	0.656	-1.739	0.000	0.000	0.020	2	1	P546_PBO
239.860	39.360	-5.410	-2.393	0.000	0.000	-0.010	2	1	A210_GPS
239.867	34.483	6.555	-4.211	0.000	0.000	0.020	3	1	TJRN_PBO
239.869	35.801	0.886	-1.679	0.000	0.000	0.013	2	1	P540_PBO
239.880	43.480	-12.690	-3.177	0.000	0.000	0.046	2	1	R090_GPS
239.887	35.520	7.386	-4.098	0.000	0.000	0.006	3	1	POSO_GPS
239.888	35.534	7.398	-4.097	0.000	0.000	0.005	3	1	P538_PBO
239.894	33.951	6.161	-4.293	0.000	0.000	0.013	3	1	SNRI_GPS
239.899	35.235	7.173	-4.140	0.000	0.000	0.030	3	1	P535_PBO
239.930	48.157	-20.949	-4.027	0.000	0.000	0.034	2	1	S389_GPS
239.933	35.076	7.079	-4.182	0.000	0.000	0.003	3	1	MADC_GPS
239.935	34.004	6.240	-4.314	0.000	0.000	0.007	3	1	SRS1_PBO
239.937	47.656	-20.061	-3.918	0.000	0.000	0.012	2	1	L387_GPS
239.942	36.947	-1.123	-1.801	0.000	0.000	0.020	2	1	P307_PBO
239.953	35.889	0.751	-1.577	0.000	0.000	0.022	2	1	TAR0_GPS
239.960	39.790	-6.146	-2.336	0.000	0.000	0.003	2	1	SAGE_GPS
239.975	35.280	7.276	-4.185	0.000	0.000	0.001	3	1	P536_PBO
239.980	41.550	-9.253	-2.654	0.000	0.000	-0.002	2	1	ALKA_GPS
239.991	34.733	6.862	-4.262	0.000	0.000	0.035	3	1	FGST_PBO
239.999	35.575	1.317	-1.450	0.000	0.000	0.006	2	1	C616_GPS
240.006	40.245	-6.939	-2.360	0.000	0.000	0.012	2	1	0226_GPS
240.010	40.240	-6.929	-2.353	0.000	0.000	0.003	2	1	HP26_GPS
240.017	43.590	-12.852	-3.004	0.000	0.000	0.009	2	1	0047_GPS
240.018	34.582	6.767	-4.298	0.000	0.000	0.005	3	1	BBDM_PBO
240.020	43.590	-12.851	-2.999	0.000	0.000	-0.003	2	1	0047_GPS
240.048	42.098	-10.206	-2.665	0.000	0.000	0.004	2	1	G118_GPS
240.064	41.276	-8.748	-2.481	0.000	0.000	0.000	2	1	P017_PBO
240.065	35.317	7.386	-4.239	0.000	0.000	-0.011	3	1	P537_PBO
240.070	42.930	-11.672	-2.798	0.000	0.000	-0.006	2	1	JUNI_GPS
240.080	39.110	-4.914	-2.031	0.000	0.000	0.002	2	1	P208_GPS
240.091	35.935	0.703	-1.390	0.000	0.000	0.007	2	1	P547_PBO
240.120	34.415	6.727	-4.385	0.000	0.000	0.002	3	1	COPR_PBO
240.143	44.119	-13.756	-2.929	0.000	0.000	0.002	2	1	J090_GPS
240.146	35.603	1.304	-1.247	0.000	0.000	0.000	2	1	P807_GPS
240.150	42.120	-10.220	-2.525	0.000	0.000	0.004	2	1	K589_GPS
240.162	35.003	7.226	-4.340	0.000	0.000	0.016	3	1	0504_GPS
240.177	45.813	-16.744	-3.214	0.000	0.000	0.021	2	1	D639_GPS
240.189	47.242	-19.268	-3.478	0.000	0.000	0.015	2	1	C033_GPS
240.210	39.370	-5.342	-1.898	0.000	0.000	-0.023	2	1	MAGU_GPS
240.215	34.029	6.509	-4.494	0.000	0.000	0.004	3	1	CRU1_PBO
240.220	41.000	-8.222	-2.205	0.000	0.000	0.004	2	1	P515_GPS
240.230	39.100	-4.860	-1.816	0.000	0.000	-0.002	2	1	A250_GPS
240.234	35.414	1.659	-1.084	0.000	0.000	0.003	2	1	GOUD_GPS
240.247	33.995	6.511	-4.519	0.000	0.000	0.001	3	1	CENT_GPS
240.254	37.089	-1.298	-1.386	0.000	0.000	0.000	2	1	P725_PBO
240.262	35.731	1.105	-1.107	0.000	0.000	0.003	2	1	P544_PBO
240.263	48.394	-21.287	-3.600	0.000	0.000	0.004	2	1	ROSW_GPS
240.273	46.578	-18.073	-3.228	0.000	0.000	-0.002	2	1	B317_GPS
240.278	39.908	-6.277	-1.907	0.000	0.000	0.001	2	1	P139_PBO
240.286	34.823	7.195	-4.443	0.000	0.000	0.003	3	1	SALI_GPS
240.287	35.319	1.840	-0.990	0.000	0.000	0.015	2	1	P543_PBO
240.300	39.280	-5.161	-1.752	0.000	0.000	0.002	2	1	10BB_GPS
240.340	39.850	-6.159	-1.807	0.000	0.000	0.003	2	1	43JD_GPS
240.360	38.330	-3.467	-1.480	0.000	0.000	-0.008	2	1	1008_GPS
240.369	46.260	-17.488	-3.029	0.000	0.000	0.003	2	1	P449_PBO
240.372	44.623	-14.592	-2.702	0.000	0.000	0.002	2	1	JONY_GPS
240.376	41.358	-8.817	-2.053	0.000	0.000	0.007	2	1	P145_PBO
240.380	49.320	-22.896	-3.616	0.000	0.000	-0.002	2	1	DRAO_GPS
240.400	39.499	-5.524	-1.653	0.000	0.000	0.000	2	1	P127_PBO
240.451	45.344	-15.848	-2.732	0.000	0.000	-0.001	2	1	CBL1_GPS
240.456	45.953	-16.924	-2.845	0.000	0.000	-0.004	2	1	P450_PBO
240.460	39.080	-4.769	-1.485	0.000	0.000	-0.002	2	1	V209_GPS
240.463	39.698	-5.861	-1.603	0.000	0.000	0.003	2	1	P095_PBO
240.511	34.928	7.478	-4.578	0.000	0.000	-0.002	3	1	CUYA_GPS
240.513	47.404	-19.476	-3.050	0.000	0.000	0.003	2	1	P452_PBO
240.516	34.852	7.423	-4.590	0.000	0.000	0.000	3	1	YAM2_GPS
240.520	42.020	-9.953	-1.979	0.000	0.000	-0.003	2	1	GUAN_GPS
240.521	33.232	6.156	-4.790	0.000	0.000	0.000	3	1	TWIN_GPS
240.530	40.580	-7.404	-1.681	0.000	0.000	0.001	2	1	P19A_GPS
240.548	48.694	-21.748	-3.254	0.000	0.000	0.001	2	1	TONA_GPS
240.568	34.960	7.554	-4.611	0.000	0.000	-0.006	3	1	PATW_GPS
240.579	35.419	1.734	-0.595	0.000	0.000	-0.003	2	1	P563_PBO
240.581	41.173	-8.440	-1.725	0.000	0.000	0.000	2	1	74LR_GPS
240.590	39.350	-5.215	-1.353	0.000	0.000	0.002	2	1	A275_GPS
240.606	35.398	1.778	-0.552	0.000	0.000	0.001	2	1	FIBR_GPS
240.629	34.408	7.175	-4.718	0.000	0.000	0.000	3	1	CSST_PBO
240.637	34.015	6.874	-4.771	0.000	0.000	0.002	3	1	ANA1_PBO
240.640	40.420	-7.095	-1.493	0.000	0.000	-0.001	2	1	GARL_GPS
240.646	41.997	-9.882	-1.795	0.000	0.000	0.014	2	1	LOPE_GPS
240.647	34.683	7.407	-4.696	0.000	0.000	0.001	3	1	OZST_PBO
240.652	35.157	2.215	-0.439	0.000	0.000	-0.001	2	1	BVPP_PBO
240.663	47.185	-19.052	-2.793	0.000	0.000	0.005	2	1	LSII_GPS
240.674	34.600	7.366	-4.724	0.000	0.000	0.006	3	1	P549_PBO
240.690	37.170	-1.335	-0.782	0.000	0.000	0.011	2	1	MUSB_GPS
240.700	34.636	7.418	-4.737	0.000	0.000	-0.002	3	1	MUNS_GPS
240.712	36.289	0.228	-0.577	0.000	0.000	-0.004	2	1	0609_GPS
240.736	34.566	7.395	-4.769	0.000	0.000	0.000	3	1	0102_GPS
240.760	41.880	-9.647	-1.610	0.000	0.000	0.001	2	1	OBSD_GPS
240.762	34.276	7.190	-4.821	0.000	0.000	0.004	3	1	VNCO_PBO
240.763	35.744	1.204	-0.397	0.000	0.000	-0.010	2	1	P565_PBO
240.771	36.324	0.180	-0.500	0.000	0.000	-0.001	2	1	P566_PBO
240.800	39.940	-6.207	-1.171	0.000	0.000	-0.005	2	1	FLRN_GPS
240.810	39.430	-5.303	-1.056	0.000	0.000	0.003	2	1	A290_GPS
240.812	34.441	7.364	-4.833	0.000	0.000	-0.004	3	1	HVYS_PBO
240.816	34.541	7.447	-4.824	0.000	0.000	0.000	3	1	RSVY_PBO
240.820	38.080	-2.913	-0.776	0.000	0.000	-0.017	2	1	CNWY_GPS
240.821	35.002	2.530	-0.168	0.000	0.000	-0.001	2	1	J976_GPS
240.845	34.856	7.720	-4.805	0.000	0.000	-0.008	3	1	P551_PBO
240.859	34.499	7.452	-4.857	0.000	0.000	0.022	3	1	NHRG_PBO
240.870	40.770	-7.658	-1.235	0.000	0.000	-0.002	2	1	TRGO_GPS
240.882	36.738	-0.525	-0.424	0.000	0.000	-0.004	2	1	0605_GPS
240.896	34.734	7.669	-4.853	0.000	0.000	-0.007	3	1	LVMS_GPS
240.910	38.050	-2.838	-0.642	0.000	0.000	-0.006	2	1	DECH_GPS
240.914	37.786	-2.370	-0.585	0.000	0.000	0.001	2	1	P632_PBO
240.920	38.160	-3.030	-0.650	0.000	0.000	0.000	2	1	H130_GPS
240.931	39.486	-5.372	-0.895	0.000	0.000	-0.006	2	1	P128_PBO
240.934	43.585	-12.620	-1.699	0.000	0.000	-0.009	2	1	TOMB_GPS
240.936	34.320	7.380	-4.929	0.000	0.000	-0.003	3	1	SOMT_PBO
240.937	36.027	0.746	-0.205	0.000	0.000	-0.003	2	1	P056_PBO
240.940	39.580	-5.536	-0.901	0.000	0.000	0.000	2	1	BLAB_GPS
240.950	41.880	-9.601	-1.340	0.000	0.000	-0.001	2	1	F067_GPS
240.959	33.472	6.735	-5.047	0.000	0.000	-0.003	3	1	SBIS_GPS
240.961	34.168	7.283	-4.964	0.000	0.000	-0.002	3	1	CSCI_PBO
240.969	45.499	-15.996	-2.026	0.000	0.000	-0.001	2	1	PAUL_GPS
240.970	33.480	6.751	-5.054	0.000	0.000	-0.002	3	1	BAR1_PBO
240.980	41.870	-9.576	-1.295	0.000	0.000	-0.004	2	1	SHLD_GPS
240.981	37.800	-2.379	-0.492	0.000	0.000	-0.011	2	1	P648_PBO
240.990	34.440	7.522	-4.950	0.000	0.000	-0.001	3	1	SNP2_GPS
240.993	46.621	-17.974	-2.213	0.000	0.000	0.002	2	1	MESA_GPS
241.000	37.613	-2.043	-0.428	0.000	0.000	0.005	2	1	P630_PBO
241.007	47.954	-20.328	-2.456	0.000	0.000	-0.002	2	1	P454_PBO
241.010	42.720	-11.072	-1.420	0.000	0.000	-0.002	2	1	LOOP_GPS
241.014	47.971	-20.357	-2.449	0.000	0.000	-0.010	2	1	CRWN_GPS
241.016	35.011	2.562	0.107	0.000	0.000	-0.012	2	1	WGPP_PBO
241.039	44.410	-14.053	-1.712	0.000	0.000	-0.011	2	1	OGIL_GPS
241.042	45.138	-15.340	-1.851	0.000	0.000	-0.012	2	1	FORE_GPS
241.060	39.510	-5.383	-0.717	0.000	0.000	-0.013	2	1	B200_GPS
241.062	39.268	-4.955	-0.666	0.000	0.000	-0.002	2	1	P130_PBO
241.063	34.110	7.329	-5.038	0.000	0.000	-0.010	3	1	CIRX_PBO
241.068	35.223	2.200	0.139	0.000	0.000	-0.009	2	1	WEED_GPS
241.070	38.981	-4.445	-0.598	0.000	0.000	-0.010	2	1	P134_PBO
241.080	38.330	-3.292	-0.456	0.000	0.000	-0.002	2	1	AURO_GPS
241.107	34.800	7.909	-4.983	0.000	0.000	-0.011	3	1	FZHS_GPS
241.116	34.356	7.569	-5.042	0.000	0.000	-0.007	3	1	FMVT_PBO
241.121	34.835	2.899	0.291	0.000	0.000	-0.007	2	1	P553_PBO
241.130	39.490	-5.331	-0.613	0.000	0.000	-0.012	2	1	B210_GPS
241.131	37.655	-2.086	-0.250	0.000	0.000	0.001	2	1	P639_PBO
241.150	41.890	-9.570	-1.058	0.000	0.000	0.001	2	1	N067_GPS
241.152	34.792	2.982	0.344	0.000	0.000	0.004	2	1	P554_PBO
241.170	34.157	7.461	-5.102	0.000	0.000	-0.011	3	1	AOA1_GPS
241.180	37.677	-2.113	-0.185	0.000	0.000	-0.003	2	1	P646_PBO
241.183	37.591	-1.960	-0.164	0.000	0.000	-0.012	2	1	P642_PBO
241.190	37.980	-2.646	-0.230	0.000	0.000	-0.075	2	1	HORU_GPS
241.200	39.630	-5.562	-0.541	0.000	0.000	-0.008	2	1	UPSA_GPS
241.230	38.420	-3.415	-0.260	0.000	0.000	-0.008	2	1	LUCK_GPS
241.233	36.231	0.457	0.175	0.000	0.000	-0.011	2	1	P571_PBO
241.245	34.460	7.765	-5.114	0.000	0.000	-0.004	3	1	SFDM_PBO
241.246	35.421	1.893	0.353	0.000	0.000	0.000	2	1	P567_PBO
241.250	40.860	-7.724	-0.712	0.000	0.000	-0.003	2	1	PERS_GPS
241.255	47.759	-19.923	-2.065	0.000	0.000	-0.003	2	1	P453_PBO
241.259	34.569	7.864	-5.110	0.000	0.000	-0.001	3	1	WKPK_GPS
241.264	37.903	-2.492	-0.110	0.000	0.000	-0.004	2	1	P649_PBO
241.270	48.675	-21.539	-2.224	0.000	0.000	0.005	2	1	P021_PBO
241.271	40.848	-7.698	-0.680	0.000	0.000	-0.003	2	1	B073_GPS
241.287	47.761	-19.919	-2.019	0.000	0.000	-0.014	2	1	S509_GPS
241.300	40.000	-6.192	-0.472	0.000	0.000	-0.011	2	1	RATT_GPS
241.302	37.562	-1.880	0.011	0.000	0.000	-0.010	2	1	P643_PBO
241.324	34.236	7.660	-5.193	0.000	0.000	-0.010	3	1	ROCK_GPS
241.330	35.138	2.414	0.529	0.000	0.000	0.007	2	1	RSPG_GPS
241.340	35.089	2.503	0.552	0.000	0.000	-0.009	2	1	JACK_GPS
241.341	48.698	-21.563	-2.127	0.000	0.000	-0.003	2	1	KELL_GPS
241.344	34.944	2.760	0.587	0.000	0.000	-0.013	2	1	P557_PBO
241.350	39.400	-5.118	-0.283	0.000	0.000	-0.007	2	1	B220_GPS
241.354	34.059	7.548	-5.234	0.000	0.000	-0.008	3	1	SPK1_GPS
241.359	34.257	7.708	-5.213	0.000	0.000	-0.016	3	1	CHT3_GPS
241.375	35.274	2.184	0.566	0.000	0.000	0.003	2	1	0617_GPS
241.382	34.839	2.955	0.661	0.000	0.000	-0.002	2	1	P559_PBO
241.387	34.517	7.937	-5.200	0.000	0.000	-0.002	3	1	CTDM_PBO
241.388	35.139	2.426	0.611	0.000	0.000	0.004	2	1	P558_PBO
241.399	34.331	7.802	-5.230	0.000	0.000	-0.013	3	1	PICO_GNR
241.411	46.973	-18.495	-1.688	0.000	0.000	-0.009	2	1	CC25_GPS
241.434	47.002	-18.541	-1.661	0.000	0.000	0.000	2	1	P020_PBO
241.438	34.179	7.717	-5.274	0.000	0.000	-0.013	3	1	OXCO_GPS
241.440	40.070	-6.281	-0.287	0.000	0.000	0.001	2	1	LOLA_GPS
241.445	37.891	-2.427	0.150	0.000	0.000	-0.010	2	1	P650_PBO
241.455	34.771	3.093	0.779	0.000	0.000	-0.008	2	1	P556_PBO
241.457	34.202	7.752	-5.284	0.000	0.000	-0.014	3	1	MCDS_GPS
241.459	34.822	3.004	0.774	0.000	0.000	-0.001	2	1	P560_PBO
241.470	45.600	-16.053	-1.333	0.000	0.000	0.006	2	1	BIGH_GPS
241.476	34.254	7.810	-5.290	0.000	0.000	-0.012	3	1	CSN1_GPS
241.481	32.927	6.773	-5.455	0.000	0.000	-0.014	3	1	BLUF_GPS
241.486	34.126	7.718	-5.312	0.000	0.000	-0.005	3	1	VIMT_PBO
241.489	34.258	7.825	-5.298	0.000	0.000	0.002	3	1	DELO_GPS
241.512	32.914	6.790	-5.476	0.000	0.000	-0.001	3	1	SCIP_GPS
241.513	35.033	2.644	0.810	0.000	0.000	-0.002	2	1	DBL1_GPS
241.515	34.293	7.875	-5.311	0.000	0.000	-0.001	3	1	VNCX_PBO
241.528	37.737	-2.134	0.298	0.000	0.000	-0.010	2	1	P653_PBO
241.529	45.813	-16.415	-1.292	0.000	0.000	-0.011	2	1	ATHE_GPS
241.540	38.725	-3.879	0.121	0.000	0.000	-0.003	2	1	P133_PBO
241.549	43.216	-11.818	-0.751	0.000	0.000	-0.013	2	1	A699_GPS
241.558	34.069	7.738	-5.366	0.000	0.000	0.001	3	1	UCLP_GPS
241.572	33.958	7.663	-5.389	0.000	0.000	-0.019	3	1	WRHS_GPS
241.580	39.150	-4.620	0.094	0.000	0.000	-0.010	2	1	SNDS_GPS
241.585	35.158	2.440	0.887	0.000	0.000	-0.011	2	1	THCP_PBO
241.589	34.353	7.988	-5.352	0.000	0.000	-0.012	3	1	CMP9_GPS
241.591	35.134	2.484	0.901	0.000	0.000	-0.007	2	1	SUMT_GPS
241.595	33.407	7.251	-5.471	0.000	0.000	0.000	3	1	BRSH_GPS
241.610	38.540	-3.534	0.257	0.000	0.000	0.022	2	1	X360_GPS
241.613	37.563	-1.806	0.453	0.000	0.000	-0.001	2	1	P651_PBO
241.618	47.127	-18.717	-1.424	0.000	0.000	-0.004	2	1	CTHS_GPS
241.621	37.973	-2.529	0.384	0.000	0.000	0.002	2	1	P627_PBO
241.628	33.779	7.573	-5.447	0.000	0.000	-0.004	3	1	PVHS_GPS
241.629	40.015	-6.138	-0.007	0.000	0.000	-0.005	2	1	WILD_GPS
241.630	40.020	-6.147	-0.007	0.000	0.000	-0.002	2	1	WILD_GPS
241.651	34.024	7.785	-5.432	0.000	0.000	-0.003	3	1	DSHS_PBO
241.666	33.312	7.240	-5.529	0.000	0.000	-0.003	3	1	CAT2_PBO
241.669	33.798	7.624	-5.472	0.000	0.000	-0.005	3	1	TORP_GPS
241.678	34.135	7.897	-5.436	0.000	0.000	-0.002	3	1	LEEP_GPS
241.680	39.040	-4.402	0.258	0.000	0.000	-0.009	2	1	SHEL_GPS
241.690	39.270	-4.806	0.226	0.000	0.000	-0.009	2	1	BX46_GPS
241.700	43.170	-11.700	-0.528	0.000	0.000	-0.004	2	1	U698_GPS
241.705	35.121	2.535	1.065	0.000	0.000	0.003	2	1	PAJA_GPS
241.712	36.979	-0.749	0.709	0.000	0.000	-0.006	2	1	ABER_GPS
241.720	39.400	-5.028	0.243	0.000	0.000	-0.013	2	1	MOND_GPS
241.750	40.940	-7.744	-0.017	0.000	0.000	0.080	2	1	J74X_GPS
241.755	34.629	3.417	1.233	0.000	0.000	-0.014	2	1	QHTP_GPS
241.767	34.072	7.927	-5.502	0.000	0.000	-0.003	3	1	PKRD_PBO
241.770	38.530	-3.478	0.486	0.000	0.000	-0.003	2	1	LIZZ_GPS
241.790	39.110	-4.499	0.400	0.000	0.000	-0.009	2	1	SLR1_GPS
241.793	34.129	7.994	-5.512	0.000	0.000	-0.006	3	1	OXYC_GPS
241.800	41.450	-8.634	-0.047	0.000	0.000	-0.002	2	1	BLAC_GPS
241.807	34.875	2.994	1.259	0.000	0.000	0.009	2	1	RSTP_PBO
241.810	40.120	-6.280	0.230	0.000	0.000	-0.010	2	1	G298_GPS
241.812	34.293	8.140	-5.505	0.000	0.000	-0.008	3	1	BTDM_PBO
241.815	36.781	-0.374	0.895	0.000	0.000	-0.002	2	1	INDE_GPS
241.830	39.290	-4.807	0.422	0.000	0.000	0.003	2	1	B270_GPS
241.841	39.212	-4.667	0.453	0.000	0.000	-0.008	2	1	P099_PBO
241.843	35.087	2.628	1.268	0.000	0.000	0.004	2	1	PORT_GPS
241.845	48.278	-20.698	-1.328	0.000	0.000	-0.005	2	1	FERR_GPS
241.850	39.230	-4.696	0.462	0.000	0.000	0.002	2	1	F279_GPS
241.860	39.670	-5.472	0.389	0.000	0.000	-0.006	2	1	B387_GPS
241.868	36.466	0.196	1.032	0.000	0.000	0.005	2	1	3188_GPS
241.870	39.000	-4.285	0.536	0.000	0.000	0.006	2	1	AGGI_GPS
241.873	34.137	8.072	-5.564	0.000	0.000	-0.004	3	1	CIT1_GPS
241.879	34.502	8.364	-5.523	0.000	0.000	-0.005	3	1	VNPS_GPS
241.882	36.976	-0.703	0.951	0.000	0.000	-0.004	2	1	P468_PBO
241.891	34.089	8.050	-5.581	0.000	0.000	-0.012	3	1	SGHS_GPS
241.900	35.494	1.922	1.269	0.000	0.000	-0.008	2	1	GS02_GPS
241.905	33.962	7.963	-5.606	0.000	0.000	-0.010	3	1	BKMS_PBO
241.923	43.744	-12.661	-0.324	0.000	0.000	-0.003	2	1	GENT_GPS
241.926	35.878	1.250	1.230	0.000	0.000	-0.004	2	1	BEPK_PBO
241.930	38.690	-3.722	0.682	0.000	0.000	-0.007	2	1	A435_GPS
241.940	39.200	-4.621	0.596	0.000	0.000	-0.005	2	1	MN54_GPS
241.954	37.737	-2.031	0.904	0.000	0.000	-0.009	2	1	FISH_GPS
241.960	39.040	-4.334	0.656	0.000	0.000	0.000	2	1	POST_GPS
241.970	40.940	-7.691	0.296	0.000	0.000	0.000	2	1	BELL_GPS
241.974	34.333	8.316	-5.606	0.000	0.000	0.000	3	1	CHIL_GPS
241.980	41.410	-8.520	0.217	0.000	0.000	-0.024	2	1	SODH_GPS
241.984	35.152	2.548	1.456	0.000	0.000	0.014	2	1	P591_PBO
241.986	45.232	-15.277	-0.527	0.000	0.000	-0.010	2	1	P022_PBO
241.993	42.923	-11.192	-0.062	0.000	0.000	-0.001	2	1	TURN_GPS
241.994	35.039	2.750	1.492	0.000	0.000	-0.015	2	1	P579_PBO
242.013	37.092	-0.876	1.115	0.000	0.000	-0.001	2	1	WAUC_GPS
242.015	39.306	-4.791	0.681	0.000	0.000	-0.006	2	1	P068_PBO
242.031	35.845	1.334	1.386	0.000	0.000	-0.008	2	1	GS22_GPS
242.035	34.244	8.300	-5.656	0.000	0.000	-0.023	3	1	CGDM_PBO
242.050	39.300	-4.771	0.732	0.000	0.000	-0.001	2	1	B285_GPS
242.077	34.508	3.709	1.715	0.000	0.000	-0.004	2	1	PBPP_PBO
242.080	38.970	-4.181	0.840	0.000	0.000	-0.005	2	1	GABB_GPS
242.091	33.748	7.961	-5.753	0.000	0.000	-0.005	3	1	FIFT_GPS
242.112	48.541	-21.098	-1.000	0.000	0.000	-0.008	2	1	Z264_GPS
242.116	34.042	8.214	-5.734	0.000	0.000	-0.003	3	1	SNTZ_GPS
242.135	33.863	8.091	-5.768	0.000	0.000	-0.001	3	1	CCCS_GPS
242.140	34.413	8.527	-5.704	0.000	0.000	-0.002	3	1	DVPB_GPS
242.172	34.640	3.499	1.824	0.000	0.000	0.001	2	1	CHMS_PBO
242.180	45.297	-15.345	-0.264	0.000	0.000	0.003	2	1	COVE_GPS
242.184	33.602	7.930	-5.832	0.000	0.000	-0.001	3	1	SJOA_GPS
242.185	44.833	-14.523	-0.166	0.000	0.000	-0.002	2	1	AIRP_GPS
242.188	35.647	1.722	1.648	0.000	0.000	0.014	2	1	INYO_GPS
242.190	39.150	-4.472	0.961	0.000	0.000	0.003	2	1	BUFF_GPS
242.197	33.618	7.954	-5.838	0.000	0.000	-0.004	3	1	TRAK_GPS
242.235	34.493	3.774	1.943	0.000	0.000	-0.007	2	1	0705_GLA
242.239	70.736	0.000	0.000	0.000	0.000	-0.015	1	1	HOLM_PBO
242.244	36.217	0.728	1.616	0.000	0.000	-0.008	2	1	GS35_GPS
242.262	33.914	8.244	-5.845	0.000	0.000	0.006	3	1	SJUA_GPS
242.268	48.208	-20.471	-0.713	0.000	0.000	-0.004	2	1	K024_GPS
242.271	34.510	3.753	1.990	0.000	0.000	-0.007	2	1	P581_PBO
242.274	34.137	8.430	-5.826	0.000	0.000	-0.003	3	1	VERN_GPS
242.284	33.554	7.981	-5.903	0.000	0.000	0.003	3	1	KITE_GPS
242.290	39.260	-4.642	1.082	0.000	0.000	-0.009	2	1	C200_GPS
242.291	33.464	7.917	-5.919	0.000	0.000	-0.004	3	1	DANA_GPS
242.294	35.513	1.985	1.825	0.000	0.000	-0.001	2	1	PAOS_GPS
242.296	37.201	-1.000	1.496	0.000	0.000	-0.011	2	1	P094_PBO
242.306	34.925	3.027	1.958	0.000	0.000	-0.002	2	1	PHLB_PBO
242.310	38.770	-3.771	1.207	0.000	0.000	-0.003	2	1	Z25X_GPS
242.311	34.121	8.450	-5.852	0.000	0.000	-0.003	3	1	PSEB_GPS
242.317	35.339	2.298	1.892	0.000	0.000	-0.004	2	1	RAMT_PBO
242.320	33.469	7.946	-5.937	0.000	0.000	-0.005	3	1	1202_GPS
242.328	36.094	0.965	1.759	0.000	0.000	-0.003	2	1	GS34_GPS
242.329	35.565	1.901	1.865	0.000	0.000	-0.001	2	1	CCCC_PBO
242.339	33.553	8.029	-5.939	0.000	0.000	-0.009	3	1	SBCC_PBO
242.360	40.030	-5.987	1.029	0.000	0.000	-0.003	2	1	LOWE_GPS
242.365	33.444	7.967	-5.969	0.000	0.000	-0.003	3	1	SCMS_GPS
242.368	36.107	0.952	1.814	0.000	0.000	-0.001	2	1	GS42_GPS
242.386	35.366	2.267	1.985	0.000	0.000	-0.024	2	1	0806_GPS
242.388	36.497	0.267	1.765	0.000	0.000	-0.001	2	1	LEEF_GPS
242.390	38.880	-3.946	1.299	0.000	0.000	0.000	2	1	6683_GPS
242.391	33.858	8.315	-5.936	0.000	0.000	-0.002	3	1	CNPP_PBO
242.395	34.362	4.044	2.196	0.000	0.000	-0.001	2	1	CUTT_GPS
242.400	40.110	-6.119	1.071	0.000	0.000	-0.001	2	1	MCOY_GPS
242.402	33.847	8.316	-5.944	0.000	0.000	-0.001	3	1	OAKD_GPS
242.409	35.083	2.773	2.074	0.000	0.000	-0.001	2	1	GS50_GPS
242.427	35.072	2.797	2.101	0.000	0.000	-0.002	2	1	CPBN_PBO
242.430	41.010	-7.703	0.936	0.000	0.000	-0.003	2	1	BUTN_GPS
242.431	46.486	-17.386	-0.142	0.000	0.000	-0.002	2	1	C334_GPS
242.435	33.375	7.975	-6.023	0.000	0.000	-0.002	3	1	0301_GPS
242.439	36.519	0.241	1.833	0.000	0.000	0.000	2	1	FLAT_GPS
242.451	33.975	8.460	-5.961	0.000	0.000	0.000	3	1	LIMP_GPS
242.453	33.884	8.391	-5.973	0.000	0.000	-0.003	3	1	0819_GPS
242.454	36.759	-0.180	1.807	0.000	0.000	0.000	2	1	TEAK_GPS
242.457	34.987	2.954	2.161	0.000	0.000	-0.004	2	1	P583_PBO
242.458	35.740	1.623	2.014	0.000	0.000	-0.002	2	1	GS26_GCO
242.459	33.562	8.143	-6.016	0.000	0.000	-0.002	3	1	P471_PBO
242.460	36.532	0.223	1.861	0.000	0.000	-0.002	2	1	JACK_GPS
242.465	33.709	8.264	-6.002	0.000	0.000	-0.001	3	1	SAN1_GLA
242.470	34.077	8.557	-5.961	0.000	0.000	-0.002	3	1	STEE_GPS
242.471	35.007	2.922	2.177	0.000	0.000	-0.004	2	1	0805_GPS
242.474	34.104	8.582	-5.960	0.000	0.000	0.001	3	1	EWPP_PBO
242.478	36.050	1.080	1.981	0.000	0.000	0.001	2	1	ARGU_GLA
242.487	34.018	8.526	-5.979	0.000	0.000	0.002	3	1	SANO_GPS
242.490	39.690	-5.354	1.281	0.000	0.000	0.016	2	1	NEWS_GPS
242.495	35.213	2.564	2.170	0.000	0.000	-0.002	2	1	FMTH_GPS
242.496	34.212	8.686	-5.961	0.000	0.000	0.034	3	1	SANS_GPS
242.500	36.865	-0.356	1.852	0.000	0.000	0.015	2	1	TINP_GPS
242.521	36.572	0.167	1.940	0.000	0.000	-0.002	2	1	HUNT_GPS
242.530	40.940	-7.555	1.092	0.000	0.000	-0.002	2	1	GOLC_GPS
242.541	35.584	1.919	2.163	0.000	0.000	-0.002	2	1	GS48_GPS
242.543	44.578	-13.985	0.394	0.000	0.000	-0.002	2	1	R489_GPS
242.549	34.347	4.108	2.418	0.000	0.000	0.002	2	1	CAJO_GLA
242.557	34.032	8.600	-6.023	0.000	0.000	-0.002	3	1	JUR3_GPS
242.569	34.635	3.604	2.389	0.000	0.000	0.001	2	1	DIP0_GPS
242.588	33.648	8.326	-6.090	0.000	0.000	-0.001	3	1	ECFS_PBO
242.590	36.159	0.914	2.119	0.000	0.000	0.002	2	1	P464_PBO
242.597	35.698	1.731	2.220	0.000	0.000	0.000	2	1	P595_PBO
242.610	35.897	1.382	2.199	0.000	0.000	-0.002	2	1	P594_PBO
242.640	36.992	-0.547	2.026	0.000	0.000	-0.001	2	1	GRAP_GPS
242.645	33.620	8.355	-6.131	0.000	0.000	-0.083	3	1	LAKE_GPS
242.647	34.089	8.725	-6.075	0.000	0.000	-0.001	3	1	RTHS_GPS
242.671	35.978	1.254	2.270	0.000	0.000	0.002	2	1	0914_GPS
242.672	35.813	1.546	2.304	0.000	0.000	0.014	2	1	TRN1_GPS
242.681	34.305	4.215	2.614	0.000	0.000	0.004	2	1	P577_PBO
242.682	33.918	8.622	-6.119	0.000	0.000	-0.013	3	1	MLFP_PBO
242.683	35.214	2.608	2.438	0.000	0.000	-0.008	2	1	GS47_GHT
242.684	34.187	8.834	-6.087	0.000	0.000	-0.001	3	1	P612_PBO
242.691	33.837	8.566	-6.134	0.000	0.000	-0.020	3	1	LAST_GLA
242.703	34.749	3.435	2.558	0.000	0.000	-0.010	2	1	SUNH_GPS
242.708	34.281	4.264	2.657	0.000	0.000	0.002	2	1	MILU_GLA
242.714	37.061	-0.651	2.118	0.000	0.000	-0.002	2	1	NEV1_GPS
242.719	34.535	3.817	2.622	0.000	0.000	-0.002	2	1	P586_PBO
242.723	33.130	8.040	-6.241	0.000	0.000	-0.001	3	1	1107_GPS
242.730	39.980	-5.809	1.565	0.000	0.000	-0.003	2	1	61RB_GPS
242.732	34.785	3.378	2.592	0.000	0.000	-0.015	2	1	P588_PBO
242.734	34.063	8.782	-6.135	0.000	0.000	0.002	3	1	BRYN_GPS
242.747	32.840	7.834	-6.292	0.000	0.000	0.002	3	1	SOLJ_GPS
242.750	32.865	7.856	-6.291	0.000	0.000	-0.002	3	1	SIO3_GPS
242.758	34.537	3.823	2.678	0.000	0.000	-0.002	2	1	0817_GPS
242.760	42.930	-11.018	1.027	0.000	0.000	0.007	2	1	T128_GPS
242.768	33.796	8.603	-6.190	0.000	0.000	0.000	3	1	METZ_GLA
242.770	34.630	3.662	2.676	0.000	0.000	-0.016	2	1	ITER_GPS
242.792	34.975	3.057	2.640	0.000	0.000	0.014	2	1	RAIN_GPS
242.800	40.410	-6.552	1.580	0.000	0.000	-0.003	2	1	BAMO_GPS
242.810	33.440	8.361	-6.260	0.000	0.000	0.014	3	1	P476_PBO
242.811	33.505	8.413	-6.253	0.000	0.000	-0.002	3	1	ROSA_GLA
242.813	39.521	-4.977	1.774	0.000	0.000	-0.001	2	1	P002_PBO
242.820	38.100	-2.462	2.064	0.000	0.000	0.005	2	1	TONO_GPS
242.830	34.834	3.316	2.721	0.000	0.000	0.001	2	1	HODG_GPS
242.837	35.375	2.361	2.625	0.000	0.000	0.003	2	1	GS49_GHT
242.841	33.332	8.304	-6.294	0.000	0.000	-0.003	3	1	0303_GPS
242.846	34.468	3.967	2.816	0.000	0.000	0.000	2	1	AVRY_GPS
242.852	32.818	7.910	-6.364	0.000	0.000	-0.003	3	1	SD17_GPS
242.855	33.430	8.393	-6.291	0.000	0.000	-0.012	3	1	YUNG_GPS
242.860	39.490	-4.911	1.847	0.000	0.000	-0.003	2	1	C240_GPS
242.861	34.014	8.857	-6.224	0.000	0.000	-0.001	3	1	BRI2_GLA
242.863	37.218	-0.892	2.299	0.000	0.000	-0.005	2	1	SCTY_GPS
242.868	47.274	-18.674	0.325	0.000	0.000	0.000	2	1	LATA_GPS
242.887	33.503	8.479	-6.303	0.000	0.000	-0.008	3	1	P477_PBO
242.890	34.621	3.707	2.849	0.000	0.000	0.007	2	1	P589_PBO
242.895	32.889	8.004	-6.383	0.000	0.000	-0.001	3	1	P472_PBO
242.896	34.022	8.894	-6.246	0.000	0.000	-0.001	3	1	0818_GPS
242.900	34.039	8.911	-6.246	0.000	0.000	-0.003	3	1	CRFP_GPS
242.914	33.636	8.607	-6.305	0.000	0.000	0.000	3	1	DASH_GPS
242.928	33.236	8.306	-6.362	0.000	0.000	0.000	3	1	P478_PBO
242.932	34.454	4.012	2.941	0.000	0.000	-0.003	2	1	PT65_GLA
242.935	33.578	8.580	-6.325	0.000	0.000	0.000	3	1	BILL_PBO
242.941	48.179	-20.256	0.250	0.000	0.000	-0.001	2	1	JUSW_GPS
242.950	46.426	-17.154	0.608	0.000	0.000	0.000	2	1	S262_GPS
242.951	39.542	-4.980	1.966	0.000	0.000	-0.002	2	1	TOIY_PBO
242.958	35.168	2.756	2.838	0.000	0.000	0.000	2	1	GS36_GPS
242.960	40.000	-5.788	1.888	0.000	0.000	0.000	2	1	CUSG_GPS
242.988	34.919	3.204	2.929	0.000	0.000	0.004	2	1	BSRY_PBO
243.017	32.569	7.862	-6.502	0.000	0.000	0.000	3	1	1101_GPS
243.019	34.904	3.238	2.976	0.000	0.000	-0.002	2	1	SOAP_GPS
243.048	34.003	9.015	-6.348	0.000	0.000	0.017	3	1	CHER_GLA
243.050	32.734	8.021	-6.503	0.000	0.000	-0.001	3	1	P473_PBO
243.060	35.090	2.919	2.998	0.000	0.000	0.010	2	1	LNMT_PBO
243.068	33.468	8.613	-6.426	0.000	0.000	0.008	3	1	RDEC_GPS
243.069	32.912	8.177	-6.494	0.000	0.000	-0.007	3	1	SD18_GPS
243.109	35.332	2.503	3.020	0.000	0.000	-0.001	2	1	MOJ1_GPS
243.112	35.331	2.505	3.024	0.000	0.000	0.002	2	1	MOJM_GPS
243.116	34.264	4.393	3.240	0.000	0.000	0.000	2	1	BBRY_PBO
243.120	34.462	4.044	3.207	0.000	0.000	-0.001	2	1	P606_PBO
243.130	40.610	-6.826	2.010	0.000	0.000	0.001	2	1	BATT_GPS
243.140	33.357	8.590	-6.486	0.000	0.000	0.000	3	1	PMOB_GPS
243.152	33.630	8.815	-6.461	0.000	0.000	-0.002	3	1	R293_GPS
243.159	32.601	8.014	-6.591	0.000	0.000	-0.002	3	1	OTAY_GPS
243.164	33.484	8.711	-6.486	0.000	0.000	0.007	3	1	A586_GPS
243.170	39.970	-5.684	2.193	0.000	0.000	-0.002	2	1	79JR_GPS
243.185	34.675	3.683	3.257	0.000	0.000	-0.004	2	1	ORMT_PBO
243.198	32.844	8.239	-6.586	0.000	0.000	-0.001	3	1	1106_GPS
243.204	47.743	-19.421	0.710	0.000	0.000	0.001	2	1	COEU_GPS
243.217	33.493	8.765	-6.520	0.000	0.000	-0.003	3	1	P479_PBO
243.223	33.794	9.007	-6.487	0.000	0.000	0.002	3	1	INDO_GLA
243.234	36.747	0.031	2.919	0.000	0.000	-0.001	2	1	CHLO_GLA
243.237	35.205	2.758	3.227	0.000	0.000	-0.001	2	1	P615_PBO
243.250	39.060	-4.055	2.486	0.000	0.000	0.014	2	1	D300_GPS
243.259	39.521	-4.869	2.408	0.000	0.000	-0.002	2	1	P072_PBO
243.264	40.495	-6.590	2.223	0.000	0.000	-0.007	2	1	P085_PBO
243.265	33.545	8.849	-6.545	0.000	0.000	0.007	3	1	CARY_GPS
243.280	39.150	-4.207	2.511	0.000	0.000	-0.015	2	1	MONI_GPS
243.283	33.550	8.869	-6.556	0.000	0.000	0.001	3	1	HOWY_GPS
243.288	33.714	9.002	-6.539	0.000	0.000	-0.016	3	1	WD91_GLA
243.290	41.220	-7.865	2.117	0.000	0.000	0.008	2	1	6FMK_GPS
243.297	33.382	8.749	-6.586	0.000	0.000	0.001	3	1	SDG6_GPS
243.299	33.543	8.878	-6.567	0.000	0.000	-0.015	3	1	CRAV_GPS
243.307	33.234	8.642	-6.610	0.000	0.000	0.002	3	1	1108_GPS
243.311	33.555	8.898	-6.574	0.000	0.000	0.000	3	1	M586_GPS
243.319	36.889	-0.200	3.012	0.000	0.000	0.004	2	1	CLAI_GPS
243.320	33.619	8.956	-6.572	0.000	0.000	-0.003	3	1	TOME_GLA
243.329	33.240	8.667	-6.624	0.000	0.000	0.001	3	1	P482_PBO
243.333	31.871	7.596	-6.793	0.000	0.000	-0.016	3	1	CICE_GPS
243.338	33.556	8.922	-6.591	0.000	0.000	0.000	3	1	ANZA_GLA
243.366	33.557	8.948	-6.609	0.000	0.000	0.013	3	1	G109_GPS
243.375	34.644	3.784	3.534	0.000	0.000	0.006	2	1	RDMT_PBO
243.379	33.376	8.818	-6.640	0.000	0.000	-0.022	3	1	P484_PBO
243.380	39.480	-4.767	2.588	0.000	0.000	-0.001	2	1	C280_GPS
243.381	32.824	8.386	-6.708	0.000	0.000	-0.015	3	1	SD21_GPS
243.387	33.550	8.961	-6.624	0.000	0.000	-0.041	3	1	G114_GPS
243.390	33.611	9.012	-6.619	0.000	0.000	-0.013	3	1	ROCH_GLA
243.397	33.565	8.982	-6.629	0.000	0.000	0.000	3	1	G120_GPS
243.402	33.074	8.601	-6.692	0.000	0.000	-0.001	3	1	SD15_GPS
243.404	33.568	8.991	-6.633	0.000	0.000	0.000	3	1	RCUT_GPS
243.410	33.646	9.057	-6.627	0.000	0.000	-0.001	3	1	JOES_GPS
243.411	33.527	8.965	-6.643	0.000	0.000	-0.002	3	1	TBLM_GPS
243.421	33.564	9.003	-6.645	0.000	0.000	0.007	3	1	G125_GPS
243.425	36.809	-0.032	3.178	0.000	0.000	-0.060	2	1	BLAK_GPS
243.426	33.553	8.999	-6.649	0.000	0.000	-0.002	3	1	LOKT_GPS
243.428	35.321	2.600	3.476	0.000	0.000	-0.009	2	1	P617_PBO
243.429	33.561	9.008	-6.650	0.000	0.000	-0.003	3	1	0821_GPS
243.431	33.059	8.615	-6.713	0.000	0.000	-0.008	3	1	P483_PBO
243.442	33.562	9.020	-6.659	0.000	0.000	-0.009	3	1	G128_GPS
243.448	35.426	2.419	3.484	0.000	0.000	-0.004	2	1	P_42_GHT
243.463	34.217	4.560	3.743	0.000	0.000	-0.013	2	1	P599_PBO
243.475	33.211	8.774	-6.723	0.000	0.000	0.006	3	1	MVFD_GPS
243.483	33.571	9.064	-6.684	0.000	0.000	0.002	3	1	PMCN_GPS
243.502	33.571	9.081	-6.697	0.000	0.000	-0.018	3	1	D138_GPS
243.516	33.581	9.101	-6.705	0.000	0.000	0.005	3	1	PF6__GLA
243.523	33.603	9.124	-6.706	0.000	0.000	0.004	3	1	PF5C_GPS
243.528	33.684	9.192	-6.700	0.000	0.000	0.033	3	1	WHAY_GPS
243.532	36.840	-0.061	3.324	0.000	0.000	0.000	2	1	REPO_GLA
243.534	42.656	-10.345	2.181	0.000	0.000	0.001	2	1	16EM_GPS
243.538	33.620	9.151	-6.714	0.000	0.000	0.005	3	1	ASBS_GPS
243.549	36.745	0.111	3.367	0.000	0.000	-0.004	2	1	BUST_GLA
243.551	44.669	-13.901	1.809	0.000	0.000	-0.020	2	1	F408_GPS
243.553	33.574	9.128	-6.730	0.000	0.000	-0.003	3	1	GREN_GPS
243.562	33.599	9.156	-6.732	0.000	0.000	0.004	3	1	BNDY_GPS
243.570	33.584	9.151	-6.739	0.000	0.000	-0.006	3	1	PF1__GPS
243.571	34.594	3.920	3.822	0.000	0.000	-0.004	2	1	AGMT_PBO
243.576	39.501	-4.756	2.863	0.000	0.000	0.004	2	1	P073_PBO
243.578	32.892	8.615	-6.829	0.000	0.000	-0.001	3	1	MONP_GPS
243.580	33.609	9.180	-6.743	0.000	0.000	0.001	3	1	T138_GPS
243.584	36.304	0.899	3.504	0.000	0.000	0.002	2	1	0912_GPS
243.585	35.072	3.078	3.748	0.000	0.000	0.011	2	1	0803_GPS
243.588	43.075	-11.073	2.176	0.000	0.000	-0.003	2	1	E072_GPS
243.589	33.623	9.199	-6.747	0.000	0.000	-0.021	3	1	L587_GPS
243.591	33.210	8.877	-6.799	0.000	0.000	0.004	3	1	P485_PBO
243.598	46.857	-17.759	1.445	0.000	0.000	-0.003	2	1	BOVL_GPS
243.608	33.935	5.094	4.005	0.000	0.000	0.001	2	1	WIDC_GPS
243.609	33.688	9.268	-6.752	0.000	0.000	0.005	3	1	RSRT_GPS
243.627	46.142	-16.487	1.627	0.000	0.000	0.002	2	1	G404_GPS
243.630	34.124	4.765	3.999	0.000	0.000	-0.002	2	1	CTMS_PBO
243.651	32.976	8.746	-6.866	0.000	0.000	-0.008	3	1	P480_PBO
243.662	36.645	0.315	3.548	0.000	0.000	0.000	2	1	STRI_GLA
243.664	34.829	3.527	3.908	0.000	0.000	0.003	2	1	CDMT_PBO
243.678	33.260	8.993	-6.849	0.000	0.000	-0.045	3	1	P486_PBO
243.690	39.530	-4.780	3.019	0.000	0.000	0.002	2	1	D200_GPS
243.692	36.746	0.144	3.570	0.000	0.000	0.012	2	1	LITT_GLA
243.695	34.428	4.244	4.031	0.000	0.000	-0.158	2	1	OPCL_PBO
243.700	35.867	1.700	3.755	0.000	0.000	-0.006	2	1	0915_GPS
243.701	33.714	9.370	-6.809	0.000	0.000	-0.007	3	1	PTHP_GPS
243.708	34.533	4.061	4.029	0.000	0.000	0.000	2	1	OPRD_PBO
243.709	35.397	2.533	3.860	0.000	0.000	-0.001	2	1	SILV_GHT
243.719	33.750	9.414	-6.817	0.000	0.000	-0.012	3	1	DUNP_GPS
243.726	33.639	9.334	-6.835	0.000	0.000	0.004	3	1	CAHU_GPS
243.742	48.731	-21.038	1.280	0.000	0.000	-0.019	2	1	S381_GPS
243.753	33.160	8.982	-6.911	0.000	0.000	-0.001	3	1	1109_GPS
243.773	33.575	9.325	-6.873	0.000	0.000	0.004	3	1	P491_PBO
243.788	33.866	5.260	4.274	0.000	0.000	0.001	2	1	P600_PBO
243.789	36.730	0.196	3.711	0.000	0.000	-0.003	2	1	SKUL_GLA
243.791	34.699	3.788	4.114	0.000	0.000	-0.004	2	1	LDSW_PBO
243.813	41.962	-9.050	2.715	0.000	0.000	-0.015	2	1	H318_GPS
243.825	33.810	5.368	4.338	0.000	0.000	-0.027	2	1	BERD_GPS
243.829	33.749	5.477	4.356	0.000	0.000	0.002	2	1	GAPP_GLA
243.830	32.617	8.624	-7.027	0.000	0.000	0.000	3	1	P066_PBO
243.839	31.257	7.565	-7.198	0.000	0.000	-0.008	3	1	LLCO_GPS
243.840	33.628	9.427	-6.911	0.000	0.000	-0.005	3	1	VORO_GPS
243.842	33.740	5.496	4.376	0.000	0.000	-0.010	2	1	COCH_GLA
243.851	36.994	-0.256	3.748	0.000	0.000	0.001	2	1	MN71_GPS
243.852	34.509	4.139	4.239	0.000	0.000	0.001	2	1	NBPS_PBO
243.880	36.580	0.483	3.870	0.000	0.000	-0.006	2	1	POIN_GLA
243.881	45.942	-16.072	2.027	0.000	0.000	0.000	2	1	FAAS_GPS
243.896	35.142	3.030	4.176	0.000	0.000	0.002	2	1	P618_PBO
243.900	40.150	-5.825	3.196	0.000	0.000	0.002	2	1	MINE_GPS
243.901	36.459	0.702	3.924	0.000	0.000	0.001	2	1	JOHN_GLA
243.917	34.367	4.405	4.359	0.000	0.000	0.009	2	1	OPCP_PBO
243.920	33.959	5.128	4.444	0.000	0.000	0.007	2	1	P601_PBO
243.939	33.441	9.368	-6.998	0.000	0.000	-0.034	3	1	ROBO_GPS
243.947	34.251	4.618	4.425	0.000	0.000	-0.009	2	1	BMHL_PBO
243.950	39.546	-4.745	3.386	0.000	0.000	0.003	2	1	P074_PBO
243.992	33.612	5.759	4.614	0.000	0.000	-0.002	2	1	PAIN_GPS
243.995	46.213	-16.524	2.136	0.000	0.000	-0.002	2	1	KAMI_GPS
243.998	32.734	8.866	-7.122	0.000	0.000	-0.010	3	1	OCTI_GPS
244.001	33.974	5.121	4.556	0.000	0.000	0.000	2	1	F726_GPS
244.002	34.001	5.073	4.552	0.000	0.000	0.008	2	1	BEMT_PBO
244.020	39.540	-4.717	3.486	0.000	0.000	0.000	2	1	D220_GPS
244.021	36.633	0.424	4.060	0.000	0.000	0.001	2	1	MERC_GLA
244.022	33.292	9.325	-7.070	0.000	0.000	0.005	3	1	SLMS_PBO
244.036	33.677	5.654	4.664	0.000	0.000	0.002	2	1	1113_GPS
244.080	40.770	-6.878	3.329	0.000	0.000	0.003	2	1	BNKS_GPS
244.086	33.503	5.974	4.770	0.000	0.000	0.000	2	1	VARN_GPS
244.089	34.727	3.811	4.533	0.000	0.000	0.000	2	1	I40A_PBO
244.112	33.177	9.315	-7.143	0.000	0.000	0.005	3	1	1110_GPS
244.138	33.640	5.745	4.816	0.000	0.000	0.010	2	1	N125_GPS
244.162	42.880	-10.589	3.030	0.000	0.000	0.000	2	1	S418_GPS
244.167	33.429	6.125	4.899	0.000	0.000	-0.028	2	1	TRAN_GPS
244.168	41.511	-8.167	3.308	0.000	0.000	-0.013	2	1	036C_GPS
244.179	33.741	5.576	4.855	0.000	0.000	-0.056	2	1	P607_PBO
244.180	40.910	-7.101	3.444	0.000	0.000	-0.047	2	1	ELKO_GPS
244.200	39.380	-4.391	3.774	0.000	0.000	-0.054	2	1	D240_GPS
244.212	33.390	6.205	4.971	0.000	0.000	-0.072	2	1	DHLG_GPS
244.217	33.441	6.116	4.968	0.000	0.000	-0.062	2	1	25SE_GPS
244.230	33.427	6.144	4.989	0.000	0.000	-0.061	2	1	S_31_GPS
244.234	33.516	5.987	4.977	0.000	0.000	-0.063	2	1	P504_PBO
244.236	33.834	5.425	4.918	0.000	0.000	-0.039	2	1	JTRE_GPS
244.239	32.951	9.251	-7.254	0.000	0.000	-0.057	3	1	L589_GPS
244.248	33.412	6.175	5.018	0.000	0.000	-0.003	2	1	07NE_GPS
244.268	32.760	9.127	-7.296	0.000	0.000	-0.037	3	1	P494_PBO
244.269	43.131	-11.007	3.133	0.000	0.000	-0.042	2	1	U76A_GPS
244.280	33.664	5.737	5.014	0.000	0.000	-0.034	2	1	BLAC_GLA
244.313	33.424	6.169	5.108	0.000	0.000	-0.039	2	1	P505_PBO
244.322	33.427	6.166	5.120	0.000	0.000	-0.042	2	1	SIPH_GPS
244.340	34.784	3.771	4.878	0.000	0.000	-0.059	2	1	GMRC_PBO
244.350	35.205	3.029	4.810	0.000	0.000	-0.040	2	1	P611_PBO
244.365	33.705	5.685	5.126	0.000	0.000	-0.033	2	1	HNPS_PBO
244.372	33.045	9.444	-7.329	0.000	0.000	-0.044	3	1	P495_PBO
244.380	40.950	-7.123	3.720	0.000	0.000	-0.043	2	1	HELO_GPS
244.388	33.200	6.584	5.259	0.000	0.000	-0.040	2	1	P507_PBO
244.404	32.751	9.241	-7.386	0.000	0.000	-0.034	3	1	P496_PBO
244.406	32.800	9.282	-7.381	0.000	0.000	-0.061	3	1	E122_GPS
244.413	36.320	1.072	4.680	0.000	0.000	-0.060	2	1	SMYC_GLA
244.423	32.835	9.324	-7.388	0.000	0.000	0.682	3	1	P497_PBO
244.430	32.898	9.380	-7.385	0.000	0.000	-0.397	3	1	P498_PBO
244.442	43.490	-11.600	3.308	0.000	0.000	-0.033	2	1	V162_GPS
244.444	39.925	-5.295	4.013	0.000	0.000	-0.061	2	1	P102_PBO
244.456	35.473	2.581	4.908	0.000	0.000	-0.064	2	1	P621_PBO
244.479	33.275	6.473	5.373	0.000	0.000	-0.068	2	1	GLRS_PBO
244.481	33.231	6.551	5.385	0.000	0.000	-0.040	2	1	1111_GPS
244.487	39.536	-4.597	4.151	0.000	0.000	0.164	2	1	P076_PBO
244.490	33.081	6.819	5.427	0.000	0.000	0.042	2	1	P506_PBO
244.493	32.829	9.382	-7.434	0.000	0.000	-0.061	3	1	IVCO_PBO
244.494	32.664	9.253	-7.455	0.000	0.000	0.114	3	1	BORD_GPS
244.498	32.827	9.385	-7.438	0.000	0.000	0.221	3	1	COLL_GPS
244.500	32.738	9.317	-7.450	0.000	0.000	0.251	3	1	T124_GPS
244.512	32.980	7.003	5.478	0.000	0.000	-0.031	2	1	P499_PBO
244.534	31.045	8.019	-7.678	0.000	0.000	-0.044	3	1	SPMX_GPS
244.571	33.248	6.543	5.509	0.000	0.000	-0.071	2	1	P508_PBO
244.577	35.541	2.490	5.066	0.000	0.000	-0.043	2	1	0801_GPS
244.578	32.982	7.015	5.572	0.000	0.000	-0.088	2	1	P502_PBO
244.593	33.196	6.640	5.551	0.000	0.000	-0.063	2	1	COAC_GPS
244.594	32.917	7.134	5.607	0.000	0.000	-0.057	2	1	ORIE_GPS
244.600	33.715	5.724	5.459	0.000	0.000	0.043	2	1	DESO_GPS
244.602	32.876	7.208	5.627	0.000	0.000	0.015	2	1	P501_PBO
244.634	35.163	3.172	5.222	0.000	0.000	0.180	2	1	P622_PBO
244.657	32.356	9.157	-7.599	0.000	0.000	-0.060	3	1	LPUR_GPS
244.673	34.806	3.813	5.348	0.000	0.000	-0.052	2	1	0809_GPS
244.685	46.339	-16.579	3.092	0.000	0.000	0.057	2	1	FLAT_GPS
244.700	32.690	7.561	5.803	0.000	0.000	-0.077	2	1	P500_PBO
244.704	33.887	5.445	5.573	0.000	0.000	-0.071	2	1	P511_PBO
244.706	32.891	7.207	5.772	0.000	0.000	-0.083	2	1	P509_PBO
244.721	39.910	-5.201	4.410	0.000	0.000	-0.024	2	1	P005_PBO
244.753	32.840	7.309	5.849	0.000	0.000	0.102	2	1	GLOC_GPS
244.754	32.629	7.682	5.892	0.000	0.000	-0.039	2	1	ASA1_GPS
244.757	33.681	5.823	5.689	0.000	0.000	-0.038	2	1	1114_GPS
244.762	35.291	2.977	5.379	0.000	0.000	-0.020	2	1	P626_PBO
244.773	34.040	5.192	5.641	0.000	0.000	-0.033	2	1	COXO_GPS
244.842	37.358	-0.659	5.085	0.000	0.000	-0.062	2	1	ALAM_GPS
244.870	38.890	-3.361	4.823	0.000	0.000	0.013	2	1	E300_GPS
244.880	40.620	-6.418	4.496	0.000	0.000	0.017	2	1	RUBY_GPS
244.890	41.100	-7.264	4.416	0.000	0.000	-0.045	2	1	B428_GPS
244.897	42.087	-9.008	4.232	0.000	0.000	-0.037	2	1	THR3_GPS
244.920	39.420	-4.286	4.790	0.000	0.000	0.301	2	1	D280_GPS
244.925	32.559	7.848	6.149	0.000	0.000	0.276	2	1	MONT_GPS
244.938	32.709	7.585	6.137	0.000	0.000	-0.018	2	1	JUNC_GPS
244.990	40.660	-6.462	4.645	0.000	0.000	-0.020	2	1	CRTS_GPS
245.011	33.609	6.012	6.064	0.000	0.000	-0.040	2	1	FORD_GPS
245.050	39.290	-4.025	5.000	0.000	0.000	-0.052	2	1	E200_GPS
245.060	39.350	-4.129	5.003	0.000	0.000	-0.038	2	1	EGAN_GPS
245.068	36.319	1.233	5.611	0.000	0.000	-0.067	2	1	APEX_GLA
245.086	32.251	8.431	6.438	0.000	0.000	0.018	2	1	CPEI_GPS
245.173	33.051	7.038	6.404	0.000	0.000	-0.060	2	1	GMPK_PBO
245.200	41.110	-7.207	4.855	0.000	0.000	-0.059	2	1	MOOR_GPS
245.285	33.610	6.076	6.453	0.000	0.000	-0.032	2	1	BLYT_GPS
245.340	39.030	-3.495	5.464	0.000	0.000	-0.047	2	1	E220_GPS
245.350	39.900	-5.031	5.307	0.000	0.000	-0.047	2	1	E100_GPS
245.396	34.807	3.987	6.375	0.000	0.000	-0.061	2	1	NEED_GPS
245.401	34.189	5.081	6.504	0.000	0.000	0.001	2	1	P623_PBO
245.520	62.480	-44.919	1.100	0.000	0.000	-0.032	2	1	YELL_GPS
245.550	39.070	-3.514	5.754	0.000	0.000	-0.004	2	1	E240_GPS
245.723	39.119	-3.559	5.991	0.000	0.000	-0.064	2	1	P080_PBO
245.760	39.100	-3.516	6.047	0.000	0.000	-0.050	2	1	E259_GPS
245.797	32.939	7.387	7.314	0.000	0.000	-0.028	2	1	YUMA_GPS
245.811	34.309	4.968	7.064	0.000	0.000	-0.047	2	1	GNPS_PBO
245.995	32.723	7.817	7.638	0.000	0.000	0.065	2	1	P003_PBO
246.021	44.109	-12.311	5.431	0.000	0.000	-0.047	2	1	P354_PBO
246.110	39.040	-3.325	6.557	0.000	0.000	0.098	2	1	E280_GPS
246.129	39.067	-3.368	6.578	0.000	0.000	-0.100	2	1	P081_PBO
246.132	42.879	-10.109	5.832	0.000	0.000	-0.055	2	1	P677_PBO
246.190	39.370	-3.889	6.605	0.000	0.000	0.102	2	1	FOOT_GPS
246.330	38.790	-2.830	6.919	0.000	0.000	-0.043	2	1	F300_GPS
246.370	39.080	-3.333	6.918	0.000	0.000	0.017	2	1	F200_GPS
246.420	39.550	-4.152	6.897	0.000	0.000	-0.039	2	1	F100_GPS
246.480	31.354	10.356	8.597	0.000	0.000	-0.101	2	1	PENA_GPS
246.495	39.269	-3.637	7.059	0.000	0.000	-0.054	2	1	P082_PBO
246.620	39.020	-3.166	7.286	0.000	0.000	0.025	2	1	F220_GPS
246.668	47.030	-17.319	5.776	0.000	0.000	-0.067	2	1	P046_PBO
246.722	40.671	-6.061	7.106	0.000	0.000	0.003	2	1	P113_PBO
246.946	40.494	-5.693	7.459	0.000	0.000	0.004	2	1	P084_PBO
246.950	39.280	-3.546	7.704	0.000	0.000	-0.050	2	1	F250_GPS
246.988	41.817	-8.023	7.258	0.000	0.000	-0.053	2	1	P111_PBO
247.160	39.430	-3.760	7.973	0.000	0.000	-0.025	2	1	SMEL_GPS
247.195	43.449	-10.858	7.231	0.000	0.000	-0.060	2	1	P678_PBO
247.281	42.212	-8.650	7.597	0.000	0.000	-0.097	2	1	P675_PBO
247.283	39.186	-3.298	8.196	0.000	0.000	-0.164	2	1	P104_PBO
247.302	41.803	-7.922	7.707	0.000	0.000	-0.045	2	1	P121_PBO
247.364	44.400	-12.499	7.284	0.000	0.000	-0.056	2	1	P681_PBO
247.377	41.757	-7.822	7.823	0.000	0.000	-0.042	2	1	P057_PBO
247.383	45.383	-14.233	7.117	0.000	0.000	-0.059	2	1	P045_PBO
247.410	38.600	-2.231	8.492	0.000	0.000	-0.008	2	1	G300_GPS
247.450	39.370	-3.583	8.397	0.000	0.000	-0.052	2	1	F280_GPS
247.472	40.634	-5.813	8.179	0.000	0.000	0.003	2	1	P114_PBO
247.476	45.043	-13.609	7.316	0.000	0.000	-0.054	2	1	P706_PBO
247.496	39.388	-3.604	8.459	0.000	0.000	-0.030	2	1	P105_PBO
247.545	35.342	3.563	9.326	0.000	0.000	-0.054	2	1	FERN_PBO
247.639	40.078	-4.789	8.526	0.000	0.000	-0.058	2	1	P016_PBO
247.668	41.635	-7.536	8.261	0.000	0.000	-0.055	2	1	P122_PBO
247.718	40.649	-5.780	8.526	0.000	0.000	-0.043	2	1	P086_PBO
247.738	39.459	-3.671	8.789	0.000	0.000	-0.038	2	1	P106_PBO
247.760	39.140	-3.101	8.883	0.000	0.000	-0.023	2	1	G200_GPS
247.770	41.016	-6.416	8.528	0.000	0.000	-0.022	2	1	NAIU_GPS
247.850	39.600	-3.893	8.920	0.000	0.000	0.000	2	1	G101_GPS
247.873	39.306	-3.367	9.011	0.000	0.000	0.034	2	1	SPIC_PBO
247.880	40.650	-5.742	8.756	0.000	0.000	-0.070	2	1	COON_GPS
247.960	39.080	-2.947	9.179	0.000	0.000	-0.023	2	1	G220_GPS
248.055	39.589	-3.824	9.214	0.000	0.000	-0.018	2	1	P108_PBO
248.191	40.781	-5.898	9.173	0.000	0.000	-0.051	2	1	RBUT_GPS
248.211	45.218	-13.740	8.327	0.000	0.000	-0.060	2	1	P719_PBO
248.249	40.435	-5.272	9.323	0.000	0.000	-0.061	2	1	P117_PBO
248.260	38.900	-2.555	9.641	0.000	0.000	-0.022	2	1	G250_GPS
248.277	40.772	-5.862	9.297	0.000	0.000	-0.073	2	1	P088_PBO
248.366	40.016	-4.503	9.572	0.000	0.000	-0.047	2	1	MPUT_PBO
248.429	39.715	-3.956	9.721	0.000	0.000	-0.069	2	1	P110_PBO
248.435	41.607	-7.300	9.357	0.000	0.000	-0.068	2	1	HWUT_PBO
248.474	44.185	-11.849	8.904	0.000	0.000	-0.068	2	1	BBID_PBO
248.549	44.318	-12.066	8.985	0.000	0.000	-0.066	2	1	P360_PBO
248.550	39.817	-4.107	9.873	0.000	0.000	-0.037	2	1	P112_PBO
248.585	40.807	-5.849	9.728	0.000	0.000	-0.039	2	1	P089_PBO
248.630	40.510	-5.313	9.850	0.000	0.000	0.014	2	1	HEBE_GPS
248.640	38.480	-1.720	10.264	0.000	0.000	-0.029	2	1	H300_GPS
248.650	40.635	-5.529	9.854	0.000	0.000	-0.053	2	1	P118_PBO
248.742	40.732	-5.678	9.966	0.000	0.000	-0.022	2	1	P119_PBO
248.752	48.809	-19.958	8.389	0.000	0.000	-0.038	2	1	P050_PBO
248.764	41.692	-7.370	9.808	0.000	0.000	-0.035	2	1	P101_PBO
248.890	38.830	-2.279	10.551	0.000	0.000	0.004	2	1	H200_GPS
248.901	44.598	-12.476	9.430	0.000	0.000	-0.046	2	1	P680_PBO
248.971	45.140	-13.417	9.423	0.000	0.000	0.036	2	1	P460_PBO
248.980	39.290	-3.070	10.588	0.000	0.000	-0.035	2	1	H100_GPS
249.094	47.350	-17.295	9.162	0.000	0.000	0.022	2	1	P049_PBO
249.139	44.636	-12.485	9.761	0.000	0.000	-0.065	2	1	P711_PBO
249.168	44.452	-12.153	9.839	0.000	0.000	-0.142	2	1	OFWY_GPS
249.241	45.354	-13.730	9.765	0.000	0.000	-0.059	2	1	P461_PBO
249.320	39.190	-2.811	11.091	0.000	0.000	-0.025	2	1	CAST_GPS
249.487	41.750	-7.297	10.825	0.000	0.000	-0.066	2	1	P030_PBO
249.488	44.718	-12.545	10.241	0.000	0.000	-0.056	2	1	P716_PBO
249.694	44.943	-12.893	10.490	0.000	0.000	-0.061	2	1	P720_PBO
249.713	44.640	-12.353	10.577	0.000	0.000	0.023	2	1	WLWY_PBO
249.714	44.392	-11.914	10.627	0.000	0.000	-0.004	2	1	P709_PBO
249.991	34.264	6.063	13.016	0.000	0.000	-0.107	2	1	P015_PBO
249.998	45.003	-12.925	10.910	0.000	0.000	-0.010	2	1	P721_PBO
250.103	44.485	-11.984	11.162	0.000	0.000	-0.042	2	1	P717_PBO
250.310	43.501	-10.194	11.650	0.000	0.000	-0.064	2	1	P715_PBO
250.429	45.457	-13.624	11.434	0.000	0.000	0.003	2	1	P722_PBO
250.442	42.767	-8.863	11.982	0.000	0.000	-0.052	2	1	BLW2_PBO
250.481	36.150	2.847	13.341	0.000	0.000	-0.063	2	1	P011_PBO
250.624	44.753	-12.331	11.850	0.000	0.000	-0.042	2	1	P718_PBO
250.666	38.097	-0.551	13.221	0.000	0.000	-0.076	2	1	P012_PBO
251.454	45.807	-13.993	12.822	0.000	0.000	-0.122	2	1	P051_PBO
252.091	39.515	-2.712	14.968	0.000	0.000	-0.093	2	1	P031_PBO
252.092	36.032	3.447	15.655	0.000	0.000	-0.102	2	1	P028_PBO
252.120	35.132	5.046	15.872	0.000	0.000	-0.063	2	1	P107_PBO
252.612	43.953	-10.434	14.834	0.000	0.000	-0.057	2	1	P033_PBO
252.744	41.742	-6.492	15.457	0.000	0.000	-0.049	2	1	P032_PBO
252.805	32.659	9.585	17.334	0.000	0.000	-0.015	2	1	P026_PBO
252.981	47.375	-16.395	14.685	0.000	0.000	-0.035	2	1	P052_PBO
253.033	34.068	7.149	17.380	0.000	0.000	-0.015	2	1	SC01_PBO
253.541	34.946	5.720	17.930	0.000	0.000	-0.054	2	1	P034_PBO
254.089	36.635	2.866	18.376	0.000	0.000	-0.117	2	1	P123_PBO
254.330	39.762	-2.605	18.103	0.000	0.000	-0.011	2	1	RG17_PBO
254.706	36.420	3.396	19.296	0.000	0.000	-0.059	2	1	P036_PBO
254.806	39.949	-2.820	18.743	0.000	0.000	-0.048	2	1	P041_PBO
254.816	34.601	6.640	19.810	0.000	0.000	-0.020	2	1	P035_PBO
254.895	38.422	-0.098	19.170	0.000	0.000	-0.047	2	1	P037_PBO
255.089	42.052	-6.470	18.731	0.000	0.000	-0.034	2	1	P042_PBO
255.315	47.117	-15.372	18.054	0.000	0.000	0.384	2	1	P055_PBO
255.475	38.803	-0.631	19.920	0.000	0.000	-0.052	2	1	AMC2_GPS
255.559	45.846	-13.065	18.652	0.000	0.000	-0.060	2	1	P054_PBO
255.814	43.881	-9.528	19.401	0.000	0.000	-0.049	2	1	P043_PBO
256.593	34.147	7.874	22.427	0.000	0.000	-0.002	2	1	P038_PBO
256.778	40.172	-2.735	21.503	0.000	0.000	-0.088	2	1	P044_PBO
256.846	36.448	3.867	22.333	0.000	0.000	-0.044	2	1	P039_PBO
257.313	38.071	1.110	22.677	0.000	0.000	-0.006	2	1	P040_PBO
261.219	34.738	7.953	28.888	0.000	0.000	-0.151	2	1	WMOK_PBO
263.391	39.101	0.765	31.117	0.000	0.000	-0.468	2	1	KSU1_PBO
265.106	74.691	0.000	0.000	0.000	0.000	-0.276	1	1	RESO_PBO
268.420	41.770	-2.733	37.742	0.000	0.000	0.204	2	1	ALGO_GPS
269.752	42.914	-4.432	39.410	0.000	0.000	-0.051	2	1	JFWS_PBO
276.527	33.415	14.012	50.915	0.000	0.000	0.033	2	1	GOGA_PBO
281.930	45.960	-6.860	56.126	0.000	0.000	-0.053	2	1	NLIB_GPS
282.934	38.919	5.835	58.941	0.000	0.000	-0.053	2	1	USNO_GPS
288.510	42.610	0.663	66.143	0.000	0.000	-0.037	2	1	WES2_GPS
288.840	44.099	-1.890	66.319	0.000	0.000	-0.033	2	1	BARN_GPS
291.175	76.537	0.000	0.000	0.000	0.000	-0.031	1	1	THU3_PBO
291.210	76.540	0.000	0.000	0.000	0.000	0.061	1	1	THU1_GPS
295.300	32.310	20.526	77.827	0.000	0.000	-0.035	2	1	BRMU_GPS
297.660	82.494	0.000	0.000	0.000	0.000	0.178	1	1	ALRT_PBO
307.320	47.600	-3.591	91.906	0.000	0.000	-0.101	2	1	STJO_GPS
309.050	66.990	0.000	0.000	0.000	0.000	-0.051	1	1	KELY_GPS
