88.360	69.362	0.000	0.000	0.820	0.820	0.000	5	1	NRIL_GPS
106.010	51.170	0.000	0.000	1.140	1.150	-0.006	6	1	UDUN_GEC
107.820	22.326	0.000	0.000	1.700	1.600	0.002	5	1	F062_GPS
108.169	23.750	0.000	0.000	1.700	1.700	-0.004	14	1	F059_GPS
108.296	23.149	0.000	0.000	1.800	1.700	0.000	5	1	F060_GPS
109.106	33.658	0.000	0.000	1.600	1.600	-0.003	5	1	F054_GPS
109.260	22.411	0.000	0.000	1.700	1.600	0.038	5	1	F063_GPS
109.923	33.880	0.000	0.000	1.600	1.600	0.015	5	1	D078_GPS
109.966	41.755	0.000	0.000	1.720	1.550	0.081	5	1	HB04_GUA
110.141	22.688	0.000	0.000	1.700	1.600	0.011	14	1	F049_GPS
110.555	27.911	0.000	0.000	1.700	1.600	-0.022	14	1	F057_GPS
111.475	33.280	0.000	0.000	1.700	1.600	-0.018	5	1	C060_GPS
111.563	22.786	0.000	0.000	1.700	1.600	-0.024	14	1	F047_GPS
111.709	41.515	0.000	0.000	1.590	1.500	-0.029	6	1	HB08_GUA
112.108	31.905	0.000	0.000	1.600	1.600	-0.035	14	1	F029_GPS
112.351	32.538	0.000	0.000	1.600	1.600	-0.034	14	1	C063_GPS
112.563	26.911	0.000	0.000	1.700	1.600	-0.036	14	1	F034_GPS
112.688	22.338	0.000	0.000	1.700	1.600	-0.044	14	1	F044_GPS
113.312	32.751	0.000	0.000	1.600	1.600	-0.038	14	1	C059_GPS
113.348	31.694	0.000	0.000	1.600	1.600	-0.062	14	1	C065_GPS
113.563	24.814	0.000	0.000	1.600	1.600	-0.039	14	1	F037_GPS
113.896	22.587	0.000	0.000	1.700	1.600	-0.007	14	1	F042_GPS
114.074	32.099	0.000	0.000	1.600	1.600	-0.014	14	1	C062_GPS
114.345	33.026	0.000	0.000	1.600	1.600	0.013	14	1	C056_GPS
114.453	22.830	0.000	0.000	1.600	1.600	-0.029	14	1	F041_GPS
114.635	31.251	0.000	0.000	1.600	1.600	-0.020	14	1	C064_GPS
115.791	32.943	0.000	0.000	1.600	1.600	-0.054	14	1	C058_GPS
115.801	23.431	0.000	0.000	1.600	1.600	-0.061	14	1	F027_GPS
115.846	40.870	0.000	0.000	1.560	1.430	-0.097	6	1	HB34_GUA
115.878	31.689	0.000	0.000	1.700	1.600	-0.019	14	1	C061_GPS
116.104	43.903	0.000	0.000	3.320	3.170	-0.041	6	1	XHOT_GUA
116.971	31.085	0.000	0.000	1.700	1.600	0.044	14	1	B072_GPS
116.984	33.646	0.000	0.000	1.600	1.600	0.045	5	1	B058_GPS
117.015	23.423	0.000	0.000	1.600	1.600	0.020	14	1	F025_GPS
117.108	32.498	0.000	0.000	1.600	1.600	0.020	14	1	B065_GPS
117.564	26.291	0.000	0.000	1.600	1.600	0.093	14	1	F014_GPS
117.608	24.557	0.000	0.000	1.600	1.600	0.018	14	1	F022_GPS
117.708	32.562	0.000	0.000	1.600	1.600	0.028	5	1	B062_GPS
117.815	31.657	0.000	0.000	1.600	1.600	0.029	14	1	B070_GPS
117.914	40.961	0.000	0.000	1.650	1.490	0.048	6	1	HB58_GUA
118.221	31.085	0.000	0.000	1.600	1.600	0.021	14	1	B073_GPS
118.477	32.971	0.000	0.000	1.600	1.600	0.205	5	1	B061_GPS
118.596	24.775	0.000	0.000	1.600	1.600	0.009	14	1	F020_GPS
118.672	33.761	0.000	0.000	1.600	1.600	0.058	5	1	B054_GPS
119.012	33.507	0.000	0.000	1.700	1.600	0.055	5	1	B053_GPS
119.463	31.381	0.000	0.000	1.600	1.600	0.059	5	1	B074_GPS
120.038	33.550	0.000	0.000	1.600	1.600	0.055	5	1	B052_GPS
121.377	29.599	0.000	0.000	1.700	1.600	0.023	14	1	F003_GPS
121.801	31.733	0.000	0.000	1.800	1.600	0.028	5	1	B014_GPS
122.172	46.062	0.000	0.000	3.340	3.190	0.040	6	1	UHOT_GUA
122.434	30.741	0.000	0.000	1.700	1.600	0.039	14	1	B019_GPS
122.943	24.454	0.000	0.000	4.600	3.888	0.027	20	1	950499_G
123.792	24.426	0.000	0.000	4.277	3.954	0.013	20	1	950500_G
123.796	24.062	0.000	0.000	4.674	4.251	0.031	20	1	960751_G
124.103	50.390	0.000	0.000	3.330	3.210	0.012	6	1	JAGD_GUA
124.173	24.339	0.000	0.000	4.247	3.814	0.012	20	1	960750_G
124.301	24.537	0.000	0.000	4.196	3.934	0.030	20	1	960749_G
124.692	24.642	0.000	0.000	3.825	4.025	0.012	20	1	960748_G
125.171	24.828	0.000	0.000	3.957	4.904	0.043	21	1	960747_G
125.374	24.753	0.000	0.000	3.690	4.092	0.009	21	1	950498_G
126.739	26.348	0.000	0.000	3.572	3.847	-0.056	21	1	960743_G
126.969	46.650	0.000	0.000	3.340	3.200	-0.094	6	1	SUIH_GUA
127.144	26.373	0.000	0.000	3.234	3.579	-0.021	21	1	960742_G
127.345	26.179	0.000	0.000	3.487	3.626	-0.046	21	1	960744_G
127.769	26.145	0.000	0.000	3.684	3.926	-0.048	21	1	940100_G
127.826	26.169	0.000	0.000	3.381	3.543	0.001	21	1	960745_G
127.833	26.447	0.000	0.000	3.467	3.685	0.006	21	1	960741_G
127.898	26.695	0.000	0.000	3.238	3.439	0.003	21	1	950496_G
127.945	26.944	0.000	0.000	3.161	3.471	0.003	21	1	960736_G
127.972	26.483	0.000	0.000	3.277	3.817	0.011	21	1	960740_G
128.144	26.708	0.000	0.000	3.146	3.890	-0.004	21	1	960738_G
128.248	26.859	0.000	0.000	3.306	3.505	0.009	21	1	960737_G
128.432	27.032	0.000	0.000	3.160	3.342	0.009	21	1	950495_G
128.619	32.634	0.000	0.000	2.864	2.689	0.006	6	1	960698_G
128.651	27.401	0.000	0.000	3.085	3.645	0.010	21	1	960735_G
128.843	32.669	0.000	0.000	2.975	2.836	0.000	6	1	950462_G
128.866	71.634	0.000	0.000	1.200	1.260	0.002	7	1	TIXI_GPS
128.894	27.817	0.000	0.000	3.350	3.426	0.002	21	1	960734_G
129.026	32.886	0.000	0.000	2.865	2.645	0.004	6	1	960692_G
129.126	33.256	0.000	0.000	2.774	2.724	0.003	6	1	960691_G
129.311	34.268	0.000	0.000	3.331	2.663	0.004	6	1	950457_G
129.320	28.138	0.000	0.000	3.476	3.919	0.002	13	1	960733_G
129.482	34.656	0.000	0.000	2.886	2.581	0.002	6	1	950456_G
129.489	28.399	0.000	0.000	3.215	3.671	0.003	13	1	950494_G
129.537	33.362	0.000	0.000	2.916	2.607	0.007	6	1	950459_G
129.690	33.266	0.000	0.000	2.690	3.051	0.008	6	1	960690_G
129.691	33.063	0.000	0.000	3.110	2.521	-0.002	6	1	950460_G
129.694	28.487	0.000	0.000	3.294	3.406	-0.002	13	1	960730_G
129.706	29.615	0.000	0.000	4.316	3.608	0.029	13	1	960729_G
129.721	32.840	0.000	0.000	2.726	2.600	0.025	6	1	970832_G
129.735	33.743	0.000	0.000	2.905	2.637	0.002	6	1	950458_G
129.795	31.769	0.000	0.000	3.499	2.753	0.006	13	1	950487_G
129.850	33.476	0.000	0.000	2.878	2.724	0.005	6	1	940091_G
129.860	32.700	0.000	0.000	2.666	2.843	0.009	6	1	940092_G
129.922	28.294	0.000	0.000	3.108	3.275	0.009	13	1	960732_G
129.940	33.196	0.000	0.000	2.770	2.872	0.010	6	1	960689_G
129.955	33.372	0.000	0.000	2.831	2.697	0.011	6	1	960770_G
129.987	32.326	0.000	0.000	2.573	2.554	0.009	13	1	950467_G
129.990	32.946	0.000	0.000	2.848	2.621	0.000	6	1	960772_G
130.029	28.371	0.000	0.000	3.305	3.342	0.008	13	1	960731_G
130.085	32.525	0.000	0.000	2.575	2.832	0.005	13	1	960774_G
130.094	33.098	0.000	0.000	3.149	2.728	0.019	6	1	950455_G
130.136	31.416	0.000	0.000	3.015	2.967	0.005	13	1	960777_G
130.155	32.637	0.000	0.000	2.545	2.690	0.010	13	1	950463_G
130.166	32.796	0.000	0.000	2.571	2.762	0.006	6	1	960693_G
130.180	32.197	0.000	0.000	2.642	2.740	0.026	13	1	960717_G
130.198	30.461	0.000	0.000	3.550	3.739	0.009	13	1	960725_G
130.217	32.712	0.000	0.000	2.842	2.915	0.011	13	1	960695_G
130.239	31.906	0.000	0.000	2.770	2.663	0.026	13	1	970835_G
130.251	33.536	0.000	0.000	2.909	3.776	0.014	6	1	950450_G
130.269	33.275	0.000	0.000	3.041	2.748	0.017	6	1	950454_G
130.271	32.871	0.000	0.000	2.771	2.960	0.018	6	1	950461_G
130.275	30.785	0.000	0.000	2.902	3.038	0.013	13	1	960723_G
130.278	31.717	0.000	0.000	2.711	2.737	0.012	13	1	950488_G
130.291	32.661	0.000	0.000	2.790	2.952	0.013	13	1	960697_G
130.299	31.265	0.000	0.000	2.723	2.880	0.009	13	1	940098_G
130.324	32.426	0.000	0.000	2.517	2.836	0.002	13	1	960775_G
130.336	32.793	0.000	0.000	3.694	3.239	-0.009	6	1	960694_G
130.352	32.723	0.000	0.000	3.544	3.204	0.005	13	1	960696_G
130.361	32.098	0.000	0.000	2.760	2.533	0.003	13	1	970834_G
130.408	31.796	0.000	0.000	2.827	2.869	0.022	13	1	970836_G
130.424	30.396	0.000	0.000	3.694	4.287	0.005	13	1	960727_G
130.430	32.582	0.000	0.000	2.592	2.614	0.001	13	1	960773_G
130.445	33.346	0.000	0.000	2.672	2.845	-0.001	6	1	960771_G
130.465	33.097	0.000	0.000	2.597	2.604	0.010	6	1	970831_G
130.477	33.731	0.000	0.000	2.907	2.925	-0.000	6	1	940087_G
130.507	32.299	0.000	0.000	2.556	2.709	-0.004	13	1	950468_G
130.522	33.500	0.000	0.000	3.159	2.814	-0.001	6	1	950451_G
130.548	32.933	0.000	0.000	3.406	2.748	-0.002	6	1	950464_G
130.555	30.236	0.000	0.000	4.120	3.724	0.002	13	1	960728_G
130.565	33.206	0.000	0.000	2.968	2.930	0.006	6	1	950453_G
130.600	31.824	0.000	0.000	2.643	2.648	0.004	13	1	970837_G
130.638	30.382	0.000	0.000	3.594	3.941	0.005	13	1	950493_G
130.640	31.235	0.000	0.000	2.833	3.209	0.000	13	1	950490_G
130.646	32.546	0.000	0.000	2.849	3.070	-0.006	13	1	940093_G
130.701	33.327	0.000	0.000	2.927	3.675	-0.012	6	1	960688_G
130.723	31.106	0.000	0.000	3.064	3.225	0.003	13	1	950491_G
130.749	33.011	0.000	0.000	2.854	3.063	0.004	6	1	960700_G
130.750	33.746	0.000	0.000	3.080	2.801	-0.002	6	1	960685_G
130.765	32.842	0.000	0.000	3.074	2.735	0.001	13	1	950465_G
130.795	32.577	0.000	0.000	2.648	2.648	-0.003	13	1	960702_G
130.803	32.239	0.000	0.000	2.673	2.715	0.009	13	1	950469_G
130.824	33.640	0.000	0.000	2.873	2.758	-0.005	6	1	960687_G
130.829	33.465	0.000	0.000	3.124	3.001	0.004	6	1	950452_G
130.866	32.048	0.000	0.000	2.691	2.978	0.005	13	1	960714_G
130.903	30.399	0.000	0.000	3.224	3.193	0.004	13	1	960726_G
130.914	33.997	0.000	0.000	2.936	2.857	0.017	6	1	940079_G
130.943	34.295	0.000	0.000	2.849	2.508	0.000	6	1	950408_G
130.964	30.531	0.000	0.000	3.579	3.421	0.008	13	1	950492_G
130.996	32.871	0.000	0.000	3.287	2.985	0.005	13	1	960701_G
131.017	33.697	0.000	0.000	2.864	2.787	0.005	6	1	960686_G
131.022	31.740	0.000	0.000	2.586	2.773	0.008	13	1	950482_G
131.029	30.753	0.000	0.000	3.442	3.153	0.003	13	1	960724_G
131.063	33.122	0.000	0.000	2.791	2.884	0.001	6	1	960699_G
131.066	34.180	0.000	0.000	3.049	2.774	-0.002	6	1	960670_G
131.079	31.965	0.000	0.000	3.129	3.088	0.005	13	1	950481_G
131.088	31.259	0.000	0.000	4.020	3.435	0.006	13	1	940099_G
131.093	32.951	0.000	0.000	3.305	3.239	-0.002	13	1	960703_G
131.099	32.741	0.000	0.000	3.336	2.758	0.004	13	1	950466_G
131.121	33.270	0.000	0.000	3.217	3.164	0.005	6	1	960707_G
131.132	32.845	0.000	0.000	3.271	3.308	-0.005	13	1	960704_G
131.149	32.457	0.000	0.000	3.098	2.996	0.008	13	1	950478_G
131.152	34.764	0.000	0.000	2.483	2.570	-0.009	6	1	960668_G
131.169	33.496	0.000	0.000	3.496	2.952	0.007	6	1	950471_G
131.176	34.342	0.000	0.000	4.897	3.295	0.013	6	1	960669_G
131.185	32.246	0.000	0.000	3.495	2.971	0.008	13	1	950479_G
131.217	31.469	0.000	0.000	4.071	3.033	0.009	13	1	950484_G
131.228	25.831	0.000	0.000	2.992	3.534	0.004	15	1	950497_G
131.286	33.009	0.000	0.000	4.377	2.972	-0.003	13	1	950474_G
131.291	25.954	0.000	0.000	2.860	3.483	0.000	15	1	960746_G
131.306	31.399	0.000	0.000	2.961	3.071	0.008	13	1	960716_G
131.328	32.685	0.000	0.000	3.496	3.071	-0.001	13	1	950477_G
131.334	32.384	0.000	0.000	2.669	3.138	0.006	13	1	960712_G
131.346	34.189	0.000	0.000	2.703	2.945	0.006	6	1	950411_G
131.347	33.254	0.000	0.000	4.319	3.238	0.007	11	1	950472_G
131.357	33.537	0.000	0.000	2.881	3.299	-0.008	11	1	960705_G
131.369	31.677	0.000	0.000	3.236	3.232	0.013	13	1	950483_G
131.386	33.079	0.000	0.000	4.028	3.272	-0.003	13	1	960708_G
131.417	34.440	0.000	0.000	3.740	2.662	0.009	6	1	950407_G
131.470	32.022	0.000	0.000	3.207	3.283	0.004	13	1	940095_G
131.486	32.069	0.000	0.000	2.591	3.052	0.014	13	1	960713_G
131.516	32.170	0.000	0.000	3.041	3.490	0.009	13	1	950480_G
131.531	32.557	0.000	0.000	2.839	2.900	0.008	13	1	960711_G
131.563	34.284	0.000	0.000	2.404	3.551	0.002	6	1	950409_G
131.564	33.671	0.000	0.000	3.202	3.352	0.002	11	1	950470_G
131.579	33.228	0.000	0.000	4.135	3.909	0.017	13	1	960709_G
131.588	33.350	0.000	0.000	3.954	3.571	0.011	11	1	960706_G
131.610	34.616	0.000	0.000	2.642	2.945	0.012	6	1	940076_G
131.632	32.445	0.000	0.000	2.780	3.401	0.002	13	1	940094_G
131.691	33.462	0.000	0.000	3.880	3.765	0.001	11	1	940088_G
131.757	32.704	0.000	0.000	3.222	2.916	-0.001	13	1	950476_G
131.830	34.039	0.000	0.000	2.547	3.010	0.004	11	1	960671_G
131.864	34.440	0.000	0.000	2.804	2.731	0.005	11	1	960659_G
131.923	34.767	0.000	0.000	2.275	2.546	0.006	6	1	950388_G
131.926	43.197	0.000	0.000	0.820	0.820	0.009	6	1	VLAD_GPS
131.930	43.200	0.000	0.000	1.400	1.400	0.012	6	1	VLAD_GPS
131.953	34.259	0.000	0.000	3.455	2.794	0.004	11	1	950410_G
132.014	34.571	0.000	0.000	2.367	2.662	0.004	11	1	960658_G
132.046	33.368	0.000	0.000	2.529	2.451	0.004	13	1	970828_G
132.104	33.975	0.000	0.000	2.500	2.995	0.001	11	1	950414_G
132.195	34.370	0.000	0.000	2.333	2.576	-0.003	11	1	960665_G
132.209	35.003	0.000	0.000	2.312	2.439	-0.004	6	1	940075_G
132.219	34.191	0.000	0.000	2.361	2.518	0.004	11	1	960769_G
132.269	34.575	0.000	0.000	2.557	2.518	0.003	11	1	950404_G
132.277	34.727	0.000	0.000	2.507	2.379	-0.007	11	1	950399_G
132.281	33.469	0.000	0.000	3.574	3.901	0.001	13	1	940086_G
132.358	33.910	0.000	0.000	2.577	3.224	0.003	11	1	960672_G
132.456	34.261	0.000	0.000	2.404	2.425	0.010	11	1	960666_G
132.457	34.893	0.000	0.000	2.428	2.681	0.005	11	1	960657_G
132.463	34.539	0.000	0.000	2.277	2.432	0.003	11	1	950403_G
132.475	33.384	0.000	0.000	2.507	2.406	-0.013	13	1	970829_G
132.487	33.612	0.000	0.000	2.445	2.761	0.001	13	1	960680_G
132.507	35.186	0.000	0.000	2.427	2.348	0.003	6	1	950386_G
132.540	34.679	0.000	0.000	2.488	2.631	0.009	11	1	950400_G
132.544	33.178	0.000	0.000	4.224	2.604	0.005	13	1	960681_G
132.575	34.340	0.000	0.000	2.378	2.353	0.003	11	1	940078_G
132.684	33.723	0.000	0.000	2.464	2.581	0.003	13	1	950434_G
132.693	33.447	0.000	0.000	2.372	2.549	-0.004	13	1	950436_G
132.721	35.020	0.000	0.000	2.455	2.297	-0.013	11	1	950387_G
132.743	35.393	0.000	0.000	2.470	2.622	0.010	6	1	950384_G
132.782	33.959	0.000	0.000	2.372	2.411	0.007	11	1	960679_G
132.793	33.172	0.000	0.000	4.364	2.371	0.011	13	1	950447_G
132.820	34.335	0.000	0.000	2.460	2.720	0.010	11	1	960768_G
132.824	34.571	0.000	0.000	3.428	2.403	0.010	11	1	950402_G
132.852	34.812	0.000	0.000	2.337	2.382	0.003	11	1	960663_G
132.884	34.210	0.000	0.000	2.239	2.457	0.010	11	1	960667_G
132.897	33.398	0.000	0.000	2.599	2.448	0.013	13	1	950446_G
132.912	33.796	0.000	0.000	2.330	2.631	0.017	13	1	950433_G
132.938	33.569	0.000	0.000	2.782	2.830	-0.002	13	1	950435_G
132.966	32.756	0.000	0.000	4.281	3.154	0.010	13	1	940085_G
132.984	36.093	0.000	0.000	2.554	2.656	0.008	6	1	950383_G
132.990	34.078	0.000	0.000	2.329	2.293	0.017	11	1	950430_G
132.995	35.196	0.000	0.000	2.393	2.321	0.010	11	1	950385_G
132.999	32.991	0.000	0.000	4.830	2.372	0.014	13	1	950448_G
133.010	34.379	0.000	0.000	2.288	2.392	0.015	11	1	950405_G
133.059	35.434	0.000	0.000	2.379	2.336	0.013	6	1	940074_G
133.108	34.672	0.000	0.000	2.255	2.188	0.009	11	1	950401_G
133.120	34.943	0.000	0.000	2.426	2.326	0.008	11	1	950398_G
133.129	33.215	0.000	0.000	2.870	2.575	0.014	13	1	960684_G
133.138	35.564	0.000	0.000	2.669	2.776	0.006	6	1	960656_G
133.189	34.252	0.000	0.000	2.216	2.364	0.002	11	1	960678_G
133.201	33.921	0.000	0.000	2.432	2.421	0.008	11	1	950432_G
133.228	33.327	0.000	0.000	2.949	2.445	0.002	13	1	960683_G
133.240	36.285	0.000	0.000	2.776	2.614	0.015	6	1	950382_G
133.242	33.273	0.000	0.000	2.955	2.463	0.004	13	1	940084_G
133.281	33.468	0.000	0.000	2.910	2.495	0.017	13	1	950443_G
133.288	34.450	0.000	0.000	3.333	2.457	0.011	11	1	960767_G
133.309	35.165	0.000	0.000	2.359	2.581	0.006	11	1	950381_G
133.338	34.778	0.000	0.000	2.198	2.327	0.015	11	1	960664_G
133.340	35.436	0.000	0.000	2.369	2.279	0.004	6	1	960654_G
133.363	33.704	0.000	0.000	2.509	2.427	0.008	13	1	970830_G
133.396	34.993	0.000	0.000	2.378	2.261	0.012	11	1	960662_G
133.403	33.408	0.000	0.000	2.583	2.294	0.004	13	1	950445_G
133.439	35.346	0.000	0.000	2.345	2.234	0.011	6	1	950379_G
133.528	34.549	0.000	0.000	2.213	2.258	0.006	11	1	940077_G
133.564	35.170	0.000	0.000	2.203	2.367	0.014	11	1	960660_G
133.578	33.529	0.000	0.000	2.429	2.341	0.014	13	1	940083_G
133.598	34.810	0.000	0.000	2.192	2.103	0.002	11	1	950394_G
133.648	34.068	0.000	0.000	2.319	2.498	0.011	11	1	950428_G
133.656	33.767	0.000	0.000	2.494	2.431	0.003	13	1	950438_G
133.681	33.937	0.000	0.000	2.358	2.557	0.003	13	1	950419_G
133.699	35.490	0.000	0.000	2.431	2.393	0.007	6	1	940073_G
133.715	34.217	0.000	0.000	2.271	2.332	0.010	11	1	950427_G
133.734	35.003	0.000	0.000	2.143	2.149	0.008	11	1	950392_G
133.757	34.579	0.000	0.000	2.164	2.274	0.004	11	1	960766_G
133.781	34.383	0.000	0.000	2.223	2.459	-0.002	11	1	960677_G
133.792	35.264	0.000	0.000	2.501	2.438	0.009	11	1	950389_G
133.797	34.439	0.000	0.000	2.516	2.444	0.002	11	1	950397_G
133.875	34.040	0.000	0.000	2.160	2.644	0.006	13	1	960674_G
133.904	33.506	0.000	0.000	2.338	2.375	0.011	13	1	950442_G
133.926	34.164	0.000	0.000	2.332	2.439	0.003	11	1	950429_G
133.929	34.791	0.000	0.000	2.123	2.434	0.001	11	1	950395_G
133.961	34.983	0.000	0.000	2.176	2.135	-0.009	11	1	950393_G
133.999	34.445	0.000	0.000	3.328	4.503	-0.007	11	1	960676_G
134.007	33.428	0.000	0.000	2.329	2.353	-0.005	13	1	950444_G
134.047	35.457	0.000	0.000	2.341	2.669	0.000	6	1	950378_G
134.049	34.052	0.000	0.000	2.371	2.388	0.006	13	1	950417_G
134.050	35.178	0.000	0.000	2.507	2.454	-0.002	11	1	960661_G
134.058	33.878	0.000	0.000	2.588	2.871	0.012	13	1	950421_G
134.107	33.604	0.000	0.000	2.424	2.565	-0.003	13	1	950440_G
134.122	33.316	0.000	0.000	2.531	2.328	0.001	13	1	940082_G
134.166	34.658	0.000	0.000	2.073	2.287	0.002	11	1	950396_G
134.176	34.810	0.000	0.000	2.123	2.308	-0.003	11	1	960765_G
134.230	34.038	0.000	0.000	2.403	2.532	0.006	13	1	950418_G
134.235	35.021	0.000	0.000	2.164	2.141	0.002	11	1	950391_G
134.237	35.266	0.000	0.000	2.296	2.292	0.003	11	1	950380_G
134.242	34.255	0.000	0.000	2.265	2.385	0.005	11	1	950426_G
134.281	33.528	0.000	0.000	2.739	2.547	-0.013	13	1	950441_G
134.301	33.790	0.000	0.000	2.562	2.809	-0.001	13	1	960675_G
134.314	34.472	0.000	0.000	2.469	2.292	-0.003	11	1	950425_G
134.325	35.361	0.000	0.000	2.293	2.817	0.001	11	1	960655_G
134.352	34.097	0.000	0.000	2.887	2.452	-0.002	13	1	950415_G
134.372	33.618	0.000	0.000	2.426	2.456	0.003	13	1	950424_G
134.389	33.879	0.000	0.000	2.760	2.731	0.003	13	1	950420_G
134.393	34.218	0.000	0.000	2.181	2.592	0.002	11	1	970827_G
134.404	34.998	0.000	0.000	2.143	2.147	0.000	11	1	950346_G
134.520	34.670	0.000	0.000	2.210	2.141	0.001	11	1	950357_G
134.533	33.725	0.000	0.000	2.323	2.540	-0.010	13	1	950423_G
134.545	34.897	0.000	0.000	2.136	2.174	-0.018	11	1	950350_G
134.550	34.785	0.000	0.000	2.160	2.106	0.012	11	1	940071_G
134.560	34.060	0.000	0.000	2.375	2.453	0.002	13	1	950416_G
134.582	35.437	0.000	0.000	2.457	2.597	-0.005	6	1	950341_G
134.586	35.094	0.000	0.000	2.432	2.242	-0.004	11	1	950344_G
134.605	34.172	0.000	0.000	2.167	2.429	0.002	11	1	960673_G
134.626	33.927	0.000	0.000	2.661	2.715	-0.003	13	1	940081_G
134.660	34.864	0.000	0.000	2.026	2.118	0.007	11	1	960762_G
134.668	33.830	0.000	0.000	2.451	2.958	-0.002	13	1	950422_G
134.677	35.621	0.000	0.000	2.270	2.311	0.001	6	1	960645_G
134.729	35.461	0.000	0.000	2.717	2.409	-0.005	6	1	960646_G
134.735	34.334	0.000	0.000	2.286	2.322	-0.010	11	1	950362_G
134.737	34.224	0.000	0.000	2.229	2.509	0.007	11	1	950363_G
134.767	34.985	0.000	0.000	2.194	2.105	-0.035	11	1	950347_G
134.771	35.163	0.000	0.000	2.479	2.259	0.005	11	1	960648_G
134.819	35.315	0.000	0.000	2.272	2.191	-0.002	11	1	950342_G
134.829	34.787	0.000	0.000	2.261	2.086	0.004	11	1	950354_G
134.861	34.493	0.000	0.000	2.308	2.495	-0.012	11	1	950360_G
134.882	34.350	0.000	0.000	2.242	2.513	-0.013	11	1	950361_G
134.932	35.556	0.000	0.000	2.220	2.575	-0.001	6	1	950328_G
134.945	34.936	0.000	0.000	1.964	2.131	-0.010	11	1	960649_G
134.966	34.670	0.000	0.000	2.018	2.080	0.002	11	1	950358_G
134.973	35.091	0.000	0.000	2.177	2.242	-0.002	11	1	950345_G
134.997	34.805	0.000	0.000	2.026	1.987	0.007	11	1	950352_G
135.022	35.238	0.000	0.000	2.251	2.366	0.003	11	1	960647_G
135.024	34.577	0.000	0.000	2.395	2.317	0.005	11	1	950359_G
135.034	35.685	0.000	0.000	2.049	2.385	0.001	6	1	960640_G
135.046	48.521	0.000	0.000	1.060	1.020	0.003	6	1	KHAJ_GPS
135.066	34.271	0.000	0.000	2.924	2.398	0.006	17	1	950369_G
135.164	35.292	0.000	0.000	2.039	2.051	-0.001	11	1	950329_G
135.168	34.025	0.000	0.000	3.954	2.624	0.002	13	1	960652_G
135.172	34.687	0.000	0.000	4.038	2.622	0.000	11	1	950356_G
135.173	35.752	0.000	0.000	2.231	2.456	-0.006	6	1	950327_G
135.180	33.914	0.000	0.000	2.225	2.433	0.006	13	1	950372_G
135.182	35.105	0.000	0.000	2.450	2.341	-0.003	11	1	950343_G
135.216	34.812	0.000	0.000	2.067	2.141	-0.006	11	1	950351_G
135.221	34.158	0.000	0.000	2.128	2.399	-0.007	13	1	940069_G
135.233	35.550	0.000	0.000	4.394	3.643	-0.005	6	1	940057_G
135.326	34.977	0.000	0.000	1.973	2.140	-0.010	11	1	950348_G
135.342	34.791	0.000	0.000	2.406	2.172	-0.001	11	1	950353_G
135.358	34.256	0.000	0.000	2.073	2.154	-0.011	13	1	950368_G
135.364	34.406	0.000	0.000	2.036	2.175	-0.007	17	1	950340_G
135.367	35.164	0.000	0.000	2.036	2.057	-0.004	11	1	950331_G
135.380	34.724	0.000	0.000	2.060	2.180	-0.008	17	1	950355_G
135.385	33.962	0.000	0.000	2.165	2.275	0.001	13	1	950371_G
135.396	33.744	0.000	0.000	2.277	2.197	-0.004	13	1	950375_G
135.416	35.482	0.000	0.000	2.102	2.308	-0.005	6	1	960641_G
135.431	34.084	0.000	0.000	2.075	2.417	-0.008	13	1	960651_G
135.481	34.527	0.000	0.000	1.917	2.158	-0.012	17	1	950337_G
135.496	33.554	0.000	0.000	2.714	2.770	-0.009	13	1	960653_G
135.501	34.838	0.000	0.000	2.209	2.159	-0.001	11	1	940067_G
135.508	33.785	0.000	0.000	2.430	2.186	-0.001	13	1	950374_G
135.518	34.678	0.000	0.000	1.977	2.109	0.000	17	1	950336_G
135.528	34.312	0.000	0.000	2.089	2.281	-0.003	13	1	960650_G
135.550	35.276	0.000	0.000	2.138	2.142	-0.012	6	1	960642_G
135.565	35.078	0.000	0.000	2.255	2.028	0.001	11	1	950332_G
135.587	34.425	0.000	0.000	2.106	2.234	0.001	17	1	950339_G
135.590	34.222	0.000	0.000	2.047	2.138	-0.028	13	1	950370_G
135.599	33.506	0.000	0.000	2.005	2.598	0.003	13	1	950377_G
135.609	35.463	0.000	0.000	2.125	2.417	-0.001	6	1	950262_G
135.619	34.621	0.000	0.000	2.251	2.205	0.000	17	1	960761_G
135.627	34.479	0.000	0.000	2.159	2.134	-0.002	17	1	950338_G
135.665	34.988	0.000	0.000	2.222	2.320	-0.000	11	1	950333_G
135.685	34.778	0.000	0.000	2.087	2.083	-0.005	17	1	950335_G
135.704	34.388	0.000	0.000	2.437	2.281	-0.009	17	1	950366_G
135.706	34.698	0.000	0.000	2.348	2.134	0.001	17	1	960763_G
135.709	33.637	0.000	0.000	2.430	2.185	-0.001	13	1	970826_G
135.731	34.539	0.000	0.000	2.368	2.373	0.003	17	1	950365_G
135.735	33.969	0.000	0.000	2.100	2.246	0.012	13	1	970825_G
135.764	33.483	0.000	0.000	2.326	2.598	-0.007	13	1	940070_G
135.772	34.953	0.000	0.000	2.107	2.029	-0.005	6	1	960644_G
135.773	35.053	0.000	0.000	2.303	2.077	-0.000	6	1	960643_G
135.774	35.210	0.000	0.000	1.995	2.143	0.001	6	1	950330_G
135.782	33.815	0.000	0.000	2.360	2.315	-0.042	13	1	950373_G
135.790	34.882	0.000	0.000	2.051	2.548	0.001	17	1	960760_G
135.820	34.574	0.000	0.000	2.254	2.354	0.008	17	1	960764_G
135.851	34.392	0.000	0.000	2.227	2.250	-0.033	13	1	940068_G
135.864	34.747	0.000	0.000	2.106	2.021	0.003	17	1	950334_G
135.871	35.137	0.000	0.000	2.220	2.085	-0.027	6	1	950322_G
135.906	34.940	0.000	0.000	2.433	2.016	0.009	17	1	950324_G
135.908	35.534	0.000	0.000	3.171	2.660	0.007	6	1	950261_G
135.913	35.351	0.000	0.000	2.307	2.277	0.001	6	1	950319_G
135.921	33.584	0.000	0.000	2.161	2.344	0.000	13	1	950376_G
135.964	34.038	0.000	0.000	3.818	2.313	0.007	13	1	950367_G
135.990	35.945	0.000	0.000	2.062	2.182	-0.001	6	1	950259_G
136.011	33.741	0.000	0.000	2.729	2.284	0.019	13	1	950316_G
136.041	35.086	0.000	0.000	1.993	1.994	-0.002	17	1	960639_G
136.050	34.567	0.000	0.000	2.196	2.163	-0.002	13	1	950364_G
136.054	35.466	0.000	0.000	2.599	2.272	0.009	17	1	950318_G
136.055	34.869	0.000	0.000	2.112	2.059	0.001	17	1	950326_G
136.056	35.837	0.000	0.000	2.029	2.133	-0.005	6	1	960580_G
136.063	35.319	0.000	0.000	2.234	2.019	0.004	17	1	950320_G
136.086	33.875	0.000	0.000	2.360	2.315	0.002	13	1	950315_G
136.097	34.180	0.000	0.000	2.326	2.167	0.004	13	1	970824_G
136.106	35.603	0.000	0.000	2.677	2.337	0.009	17	1	940056_G
136.145	34.986	0.000	0.000	2.007	1.938	0.012	17	1	950323_G
136.158	35.095	0.000	0.000	2.027	2.067	0.013	17	1	940062_G
136.173	36.231	0.000	0.000	2.015	2.095	0.019	6	1	940055_G
136.183	34.743	0.000	0.000	2.385	2.047	0.004	17	1	950310_G
136.185	35.969	0.000	0.000	2.005	2.105	0.011	6	1	960579_G
136.197	35.793	0.000	0.000	2.105	2.219	0.005	6	1	950260_G
136.198	35.557	0.000	0.000	2.110	2.091	0.005	17	1	950317_G
136.236	35.269	0.000	0.000	2.098	1.951	0.009	17	1	950321_G
136.265	35.420	0.000	0.000	2.094	2.071	-0.007	17	1	960638_G
136.279	36.146	0.000	0.000	2.185	2.263	-0.003	6	1	950257_G
136.296	34.932	0.000	0.000	2.105	2.025	-0.018	17	1	950325_G
136.330	34.649	0.000	0.000	3.080	2.404	0.010	13	1	960635_G
136.334	34.433	0.000	0.000	2.032	2.349	0.001	13	1	950312_G
136.343	34.208	0.000	0.000	2.309	2.434	0.007	13	1	960637_G
136.389	36.394	0.000	0.000	2.003	2.083	0.006	6	1	950255_G
136.393	34.855	0.000	0.000	2.231	2.324	-0.002	17	1	960634_G
136.470	35.360	0.000	0.000	2.451	3.196	0.005	17	1	970812_G
136.489	35.636	0.000	0.000	2.316	2.224	-0.005	18	1	950285_G
136.502	34.759	0.000	0.000	2.173	2.109	-0.004	13	1	940064_G
136.505	35.105	0.000	0.000	3.766	2.141	-0.006	17	1	950308_G
136.541	34.285	0.000	0.000	1.973	2.322	-0.021	13	1	950313_G
136.550	35.372	0.000	0.000	2.444	2.079	0.004	18	1	950291_G
136.551	34.547	0.000	0.000	2.017	2.124	-0.017	13	1	950311_G
136.593	35.228	0.000	0.000	2.904	2.173	-0.016	18	1	950294_G
136.605	36.370	0.000	0.000	1.956	2.291	-0.013	6	1	960578_G
136.611	35.633	0.000	0.000	2.105	2.051	-0.027	18	1	950286_G
136.628	34.431	0.000	0.000	1.981	2.247	-0.026	13	1	960636_G
136.634	36.165	0.000	0.000	2.352	2.207	-0.019	6	1	950256_G
136.637	34.914	0.000	0.000	2.321	2.018	-0.030	18	1	950309_G
136.650	36.663	0.000	0.000	1.958	2.128	-0.058	6	1	940054_G
136.687	35.488	0.000	0.000	2.000	1.982	-0.025	18	1	950288_G
136.694	35.051	0.000	0.000	2.263	2.039	-0.020	18	1	960633_G
136.719	37.157	0.000	0.000	1.875	2.398	-0.009	6	1	960575_G
136.729	35.405	0.000	0.000	1.995	1.976	-0.011	18	1	950290_G
136.756	36.817	0.000	0.000	1.973	2.288	-0.012	6	1	960577_G
136.772	37.001	0.000	0.000	1.963	2.145	-0.011	6	1	950254_G
136.789	35.301	0.000	0.000	2.580	1.952	0.005	18	1	970822_G
136.812	62.784	0.000	0.000	1.630	1.620	-0.002	5	1	TKL1_GPS
136.821	34.253	0.000	0.000	1.751	2.101	-0.006	13	1	950314_G
136.829	35.190	0.000	0.000	1.906	1.942	-0.002	18	1	950299_G
136.832	34.904	0.000	0.000	1.950	2.034	-0.001	13	1	960632_G
136.851	34.465	0.000	0.000	1.874	2.318	-0.003	13	1	940065_G
136.863	34.984	0.000	0.000	2.015	2.226	-0.014	18	1	960631_G
136.868	34.823	0.000	0.000	2.009	2.031	-0.020	13	1	950304_G
136.889	37.382	0.000	0.000	1.963	2.289	-0.011	6	1	940053_G
136.900	35.526	0.000	0.000	1.870	1.873	-0.017	19	1	940060_G
136.904	36.261	0.000	0.000	2.445	2.639	-0.010	6	1	960617_G
136.919	37.850	0.000	0.000	2.002	2.303	-0.009	6	1	950252_G
136.921	36.402	0.000	0.000	2.256	2.763	0.000	6	1	950251_G
136.930	35.335	0.000	0.000	1.881	1.908	-0.030	18	1	950298_G
136.953	36.033	0.000	0.000	2.008	2.007	-0.007	19	1	950280_G
136.966	35.168	0.000	0.000	1.905	1.952	-0.001	18	1	960630_G
136.975	35.758	0.000	0.000	1.930	1.877	-0.002	19	1	950283_G
136.996	37.123	0.000	0.000	1.857	2.515	-0.002	6	1	960576_G
137.032	36.650	0.000	0.000	1.958	2.207	-0.001	6	1	960573_G
137.041	35.128	0.000	0.000	1.774	1.895	-0.005	18	1	940063_G
137.060	34.995	0.000	0.000	1.883	1.978	-0.009	13	1	950302_G
137.068	34.609	0.000	0.000	1.852	2.098	-0.011	13	1	950307_G
137.074	35.239	0.000	0.000	1.925	2.008	-0.007	18	1	960629_G
137.110	35.367	0.000	0.000	1.806	1.890	0.007	19	1	950292_G
137.119	34.795	0.000	0.000	1.945	2.069	-0.009	13	1	950305_G
137.125	35.479	0.000	0.000	1.880	1.912	0.000	19	1	950289_G
137.139	37.307	0.000	0.000	2.083	2.470	0.002	6	1	960574_G
137.147	36.336	0.000	0.000	1.967	2.053	0.000	6	1	950279_G
137.174	35.612	0.000	0.000	1.784	1.910	0.006	19	1	950287_G
137.195	36.634	0.000	0.000	2.102	2.074	-0.005	6	1	950249_G
137.201	35.912	0.000	0.000	2.023	2.179	0.002	12	1	960619_G
137.248	35.800	0.000	0.000	2.056	2.006	-0.001	19	1	940059_G
137.254	35.139	0.000	0.000	1.840	1.891	0.005	13	1	950300_G
137.270	37.446	0.000	0.000	2.092	2.401	0.009	6	1	950253_G
137.278	34.649	0.000	0.000	1.758	2.038	-0.002	13	1	950306_G
137.300	34.920	0.000	0.000	1.873	1.992	-0.001	13	1	950303_G
137.313	35.039	0.000	0.000	1.834	1.970	0.001	13	1	950301_G
137.348	36.136	0.000	0.000	1.975	2.152	-0.004	12	1	940058_G
137.363	36.286	0.000	0.000	1.906	2.286	-0.001	12	1	960618_G
137.370	36.737	0.000	0.000	2.121	2.211	-0.000	6	1	960572_G
137.406	35.262	0.000	0.000	1.833	1.897	0.005	13	1	950293_G
137.414	34.672	0.000	0.000	1.766	2.152	0.006	13	1	93056_GP
137.425	35.657	0.000	0.000	1.849	1.869	0.005	19	1	950284_G
137.434	34.865	0.000	0.000	2.007	2.179	0.001	13	1	93102_GP
137.440	36.579	0.000	0.000	2.126	2.067	0.001	6	1	950250_G
137.468	35.397	0.000	0.000	2.037	1.918	-0.001	19	1	940061_G
137.487	36.929	0.000	0.000	1.921	2.217	0.003	6	1	940052_G
137.515	34.718	0.000	0.000	1.946	2.033	-0.004	13	1	93104_GP
137.529	35.575	0.000	0.000	1.832	1.686	0.009	19	1	970811_G
137.535	35.973	0.000	0.000	2.014	2.358	-0.004	12	1	950281_G
137.554	34.809	0.000	0.000	2.297	2.506	-0.004	13	1	93103_GP
137.575	34.938	0.000	0.000	1.958	2.053	0.000	13	1	93099_GP
137.588	35.247	0.000	0.000	1.954	1.983	-0.001	13	1	950278_G
137.596	36.577	0.000	0.000	2.751	2.741	0.000	6	1	970808_G
137.598	35.880	0.000	0.000	2.473	2.285	-0.005	12	1	960614_G
137.633	34.701	0.000	0.000	1.896	2.106	-0.001	13	1	93100_GP
137.676	35.344	0.000	0.000	1.944	2.056	-0.007	13	1	960616_G
137.681	34.752	0.000	0.000	1.878	1.951	0.001	13	1	970821_G
137.683	36.085	0.000	0.000	2.590	2.197	0.001	12	1	960611_G
137.695	35.079	0.000	0.000	1.861	1.992	-0.026	13	1	93084_GP
137.696	35.784	0.000	0.000	1.935	1.807	-0.002	12	1	950274_G
137.717	34.678	0.000	0.000	1.912	2.046	-0.004	13	1	93054_GP
137.792	34.793	0.000	0.000	1.862	2.072	-0.002	13	1	93097_GP
137.815	35.521	0.000	0.000	2.181	2.032	-0.002	13	1	950276_G
137.818	34.941	0.000	0.000	1.852	2.055	-0.002	13	1	93090_GP
137.823	34.672	0.000	0.000	1.929	2.041	-0.002	13	1	93098_GP
137.851	36.500	0.000	0.000	2.453	2.092	-0.002	12	1	940046_G
137.868	35.161	0.000	0.000	2.179	1.953	0.052	13	1	93083_GP
137.872	36.228	0.000	0.000	3.085	2.361	0.080	12	1	960609_G
137.874	37.045	0.000	0.000	2.108	2.361	0.212	10	1	950245_G
137.894	36.951	0.000	0.000	2.430	2.592	0.052	10	1	960570_G
137.903	36.322	0.000	0.000	2.385	2.068	0.014	12	1	950270_G
137.911	34.755	0.000	0.000	1.811	2.132	0.025	13	1	93096_GP
137.925	35.317	0.000	0.000	1.993	1.999	0.032	13	1	950277_G
137.932	34.844	0.000	0.000	1.807	2.039	0.058	13	1	93089_GP
137.937	34.670	0.000	0.000	2.144	2.463	0.067	13	1	93095_GP
137.944	35.924	0.000	0.000	2.719	2.196	0.035	12	1	940047_G
137.947	34.902	0.000	0.000	1.861	2.051	0.018	13	1	970819_G
137.980	35.032	0.000	0.000	2.238	2.381	0.012	13	1	950295_G
137.983	36.121	0.000	0.000	2.268	2.048	0.013	12	1	950273_G
137.984	35.726	0.000	0.000	2.870	2.183	0.014	12	1	960615_G
137.985	36.239	0.000	0.000	1.964	2.031	-0.033	2	1	960608_G
138.018	34.786	0.000	0.000	1.909	2.157	-0.031	13	1	93052_GP
138.038	35.556	0.000	0.000	2.042	2.385	-0.041	13	1	950275_G
138.047	34.666	0.000	0.000	1.809	2.186	0.005	13	1	960624_G
138.054	34.715	0.000	0.000	1.919	2.139	0.011	13	1	93093_GP
138.075	34.940	0.000	0.000	2.100	2.176	0.022	13	1	93088_GP
138.082	35.045	0.000	0.000	2.146	2.042	0.021	13	1	970818_G
138.098	34.680	0.000	0.000	1.879	2.129	0.017	13	1	960622_G
138.100	37.161	0.000	0.000	2.375	2.313	0.071	10	1	950243_G
138.135	35.104	0.000	0.000	2.472	2.305	-0.023	13	1	93079_GP
138.137	34.758	0.000	0.000	1.985	2.115	0.033	13	1	93091_GP
138.159	34.635	0.000	0.000	1.787	2.136	0.030	13	1	960625_G
138.177	34.849	0.000	0.000	1.872	2.176	0.034	13	1	970820_G
138.183	34.678	0.000	0.000	1.965	2.155	0.052	13	1	960623_G
138.199	36.865	0.000	0.000	2.713	2.268	0.061	10	1	950247_G
138.214	36.026	0.000	0.000	1.904	1.884	0.005	2	1	960612_G
138.216	36.208	0.000	0.000	2.380	1.972	0.023	2	1	950271_G
138.226	34.738	0.000	0.000	1.802	2.166	0.041	13	1	93092_GP
138.243	37.057	0.000	0.000	2.436	2.477	0.042	10	1	960569_G
138.247	36.665	0.000	0.000	1.753	2.113	0.018	2	1	950267_G
138.250	34.954	0.000	0.000	1.863	2.266	0.037	13	1	93082_GP
138.254	35.201	0.000	0.000	2.156	1.997	0.024	13	1	93074_GP
138.273	37.816	0.000	0.000	1.892	2.304	0.041	6	1	950235_G
138.316	35.856	0.000	0.000	2.564	2.220	0.029	2	1	950263_G
138.323	36.386	0.000	0.000	1.915	1.899	0.002	2	1	950268_G
138.334	37.231	0.000	0.000	2.086	2.226	-0.060	10	1	950241_G
138.370	38.024	0.000	0.000	2.088	2.562	-0.190	6	1	960565_G
138.378	34.991	0.000	0.000	1.801	2.098	-0.060	13	1	93081_GP
138.436	36.802	0.000	0.000	2.282	2.198	-0.040	2	1	950265_G
138.445	35.444	0.000	0.000	2.207	1.860	-0.090	13	1	93069_GP
138.446	35.289	0.000	0.000	2.412	2.191	-0.030	13	1	93073_GP
138.457	35.674	0.000	0.000	2.548	1.883	-0.040	2	1	970809_G
138.461	36.131	0.000	0.000	2.722	2.171	-0.310	2	1	950272_G
138.472	38.063	0.000	0.000	2.359	2.572	-0.050	6	1	950233_G
138.499	36.285	0.000	0.000	1.884	1.831	-0.080	2	1	960610_G
138.513	38.319	0.000	0.000	2.366	2.495	0.006	6	1	950232_G
138.516	37.349	0.000	0.000	1.892	2.336	0.008	10	1	960567_G
138.525	35.067	0.000	0.000	2.895	2.421	-0.005	13	1	93077_GP
138.553	36.508	0.000	0.000	2.146	2.004	-0.004	2	1	950221_G
138.563	35.362	0.000	0.000	2.013	1.931	-0.002	2	1	93071_GP
138.574	37.398	0.000	0.000	1.863	2.257	0.001	10	1	940051_G
138.583	35.974	0.000	0.000	2.325	2.140	-0.005	2	1	960613_G
138.591	36.616	0.000	0.000	2.836	2.193	-0.003	2	1	960591_G
138.609	37.079	0.000	0.000	1.849	2.093	-0.002	2	1	950244_G
138.610	35.117	0.000	0.000	1.695	1.927	-0.003	13	1	970815_G
138.617	35.203	0.000	0.000	1.860	2.047	-0.002	16	1	93075_GP
138.638	36.346	0.000	0.000	1.903	2.030	-0.003	2	1	950269_G
138.690	35.650	0.000	0.000	2.789	1.941	-0.004	2	1	960606_G
138.695	35.747	0.000	0.000	1.845	1.851	0.004	2	1	950264_G
138.707	37.536	0.000	0.000	2.037	2.208	0.005	10	1	960566_G
138.722	35.174	0.000	0.000	1.876	2.135	-0.003	16	1	93076_GP
138.771	35.306	0.000	0.000	3.299	2.214	-0.005	16	1	93072_GP
138.777	34.855	0.000	0.000	2.466	2.295	-0.008	16	1	960620_G
138.780	37.499	0.000	0.000	2.216	2.261	0.000	10	1	970807_G
138.781	37.668	0.000	0.000	1.744	2.177	0.005	10	1	950237_G
138.786	34.776	0.000	0.000	2.093	2.416	0.001	16	1	93085_GP
138.790	37.311	0.000	0.000	2.685	2.434	0.002	2	1	950240_G
138.814	35.497	0.000	0.000	2.122	2.101	-0.002	2	1	93070_GP
138.831	36.993	0.000	0.000	2.001	2.570	0.000	2	1	950246_G
138.838	34.610	0.000	0.000	2.200	2.276	0.001	16	1	93086_GP
138.865	36.259	0.000	0.000	1.802	1.778	-0.001	2	1	940045_G
138.876	34.719	0.000	0.000	2.032	2.125	-0.014	16	1	970814_G
138.880	37.777	0.000	0.000	2.045	2.157	0.000	10	1	970806_G
138.902	35.110	0.000	0.000	2.737	2.598	0.000	16	1	93043_GP
138.906	36.697	0.000	0.000	1.800	2.133	0.000	2	1	940044_G
138.907	35.047	0.000	0.000	2.008	2.339	0.000	16	1	960626_G
138.912	36.143	0.000	0.000	1.793	1.807	0.000	2	1	960593_G
138.920	37.590	0.000	0.000	1.697	2.209	0.000	10	1	970810_G
138.922	34.866	0.000	0.000	2.979	2.850	0.000	16	1	950297_G
138.925	34.916	0.000	0.000	2.988	2.617	0.000	16	1	93049_GP
138.928	35.204	0.000	0.000	2.578	2.181	0.000	16	1	960621_G
138.934	37.166	0.000	0.000	1.904	2.145	0.000	2	1	950242_G
138.939	34.699	0.000	0.000	1.992	2.241	0.000	16	1	960628_G
138.945	36.778	0.000	0.000	2.038	2.153	0.000	2	1	970802_G
138.974	35.114	0.000	0.000	1.823	1.876	0.000	16	1	970813_G
138.976	35.623	0.000	0.000	2.166	1.943	0.000	2	1	93064_GP
138.989	37.896	0.000	0.000	1.710	2.268	0.000	10	1	940050_G
138.990	34.751	0.000	0.000	2.190	2.483	0.000	16	1	93053_GP
138.998	37.468	0.000	0.000	1.748	2.211	0.000	2	1	950239_G
139.014	34.922	0.000	0.000	3.025	2.672	0.000	16	1	93061_GP
139.020	37.320	0.000	0.000	1.822	2.339	0.000	2	1	960568_G
139.026	35.512	0.000	0.000	1.817	1.854	0.000	2	1	960607_G
139.045	35.415	0.000	0.000	1.955	1.960	0.000	9	1	93031_GP
139.049	35.246	0.000	0.000	3.078	2.766	0.000	16	1	93068_GP
139.057	36.539	0.000	0.000	1.774	1.838	0.000	2	1	960752_G
139.059	37.662	0.000	0.000	1.921	2.336	0.000	2	1	950238_G
139.067	36.235	0.000	0.000	1.617	1.667	0.000	2	1	960592_G
139.070	34.951	0.000	0.000	3.018	3.089	0.000	16	1	92108_GP
139.074	37.752	0.000	0.000	1.890	2.319	0.000	2	1	960571_G
139.076	35.987	0.000	0.000	1.679	1.842	0.000	2	1	950223_G
139.124	34.878	0.000	0.000	2.908	3.172	0.000	16	1	93062_GP
139.134	34.200	0.000	0.000	2.301	3.256	0.000	15	1	93058_GP
139.157	35.610	0.000	0.000	1.874	2.066	0.000	2	1	93065_GP
139.163	35.336	0.000	0.000	2.229	2.191	0.000	9	1	950229_G
139.182	35.884	0.000	0.000	1.974	1.758	0.000	2	1	960754_G
139.211	34.333	0.000	0.000	1.759	2.340	0.000	15	1	960597_G
139.225	36.770	0.000	0.000	2.283	2.201	0.000	2	1	950220_G
139.226	37.828	0.000	0.000	1.818	2.176	0.000	2	1	970805_G
139.253	38.465	0.000	0.000	1.874	2.382	0.000	10	1	950231_G
139.263	35.305	0.000	0.000	1.783	2.016	0.000	9	1	93035_GP
139.268	35.724	0.000	0.000	1.716	1.853	0.000	2	1	93063_GP
139.269	36.004	0.000	0.000	1.623	1.679	0.000	2	1	960753_G
139.271	34.520	0.000	0.000	1.847	2.382	0.000	15	1	960596_G
139.323	35.483	0.000	0.000	3.194	2.130	0.000	9	1	93029_GP
139.330	36.422	0.000	0.000	1.587	1.850	0.000	2	1	950222_G
139.345	36.121	0.000	0.000	1.538	1.577	0.000	2	1	93005_GP
139.351	37.929	0.000	0.000	1.901	2.288	0.000	2	1	950234_G
139.364	37.303	0.000	0.000	1.980	2.125	0.000	2	1	950206_G
139.366	35.801	0.000	0.000	1.586	1.764	0.000	2	1	960755_G
139.370	35.616	0.000	0.000	2.456	1.996	0.000	9	1	960758_G
139.402	37.037	0.000	0.000	3.086	2.248	0.000	2	1	970801_G
139.462	38.056	0.000	0.000	1.918	2.382	0.000	2	1	960564_G
139.464	35.926	0.000	0.000	1.701	1.526	0.000	2	1	93011_GP
139.466	35.327	0.000	0.000	2.597	1.998	0.000	9	1	93034_GP
139.468	35.521	0.000	0.000	2.830	2.014	0.000	9	1	93028_GP
139.478	37.686	0.000	0.000	1.887	2.202	0.000	2	1	950236_G
139.479	34.076	0.000	0.000	3.393	2.579	0.000	15	1	960600_G
139.488	35.710	0.000	0.000	2.771	1.980	0.000	9	1	93019_GP
139.491	36.624	0.000	0.000	2.044	2.161	0.000	2	1	960589_G
139.504	37.281	0.000	0.000	1.664	2.086	0.000	2	1	950207_G
139.510	38.231	0.000	0.000	1.954	2.302	0.000	2	1	940049_G
139.522	35.419	0.000	0.000	2.665	2.059	0.000	9	1	970804_G
139.529	37.473	0.000	0.000	1.988	2.178	0.000	2	1	950204_G
139.547	34.059	0.000	0.000	4.476	3.050	0.000	15	1	93060_GP
139.548	39.186	0.000	0.000	1.949	2.509	0.000	10	1	950194_G
139.556	38.556	0.000	0.000	2.178	2.402	0.000	2	1	940034_G
139.586	37.097	0.000	0.000	1.850	2.366	0.000	2	1	960563_G
139.619	36.666	0.000	0.000	1.805	1.955	0.000	2	1	950218_G
139.631	35.664	0.000	0.000	2.385	1.794	0.000	9	1	950228_G
139.637	36.087	0.000	0.000	1.637	1.389	0.000	2	1	93007_GP
139.643	35.759	0.000	0.000	2.680	1.634	0.000	9	1	93017_GP
139.652	35.937	0.000	0.000	1.719	1.483	0.000	2	1	93013_GP
139.654	35.436	0.000	0.000	2.705	2.181	0.000	9	1	93032_GP
139.673	35.563	0.000	0.000	2.345	1.789	0.000	9	1	93026_GP
139.726	36.402	0.000	0.000	1.260	1.609	0.000	2	1	940043_G
139.742	38.146	0.000	0.000	2.249	2.408	0.000	2	1	950197_G
139.765	32.464	0.000	0.000	2.814	2.854	0.000	15	1	960602_G
139.776	39.968	0.000	0.000	1.995	2.625	0.000	2	1	940030_G
139.792	37.644	0.000	0.000	1.928	2.267	0.000	2	1	940040_G
139.796	35.896	0.000	0.000	1.350	1.498	0.000	9	1	950224_G
139.797	33.120	0.000	0.000	3.846	4.214	0.000	15	1	95113_GP
139.798	36.011	0.000	0.000	1.177	1.092	0.000	9	1	93008_GP
139.806	36.980	0.000	0.000	1.919	2.264	0.000	2	1	960586_G
139.809	38.895	0.000	0.000	1.887	2.382	0.000	2	1	940032_G
139.811	36.204	0.000	0.000	1.137	1.318	0.000	2	1	93003_GP
139.813	35.780	0.000	0.000	2.465	1.594	0.000	9	1	93016_GP
139.826	35.312	0.000	0.000	2.491	2.017	0.000	9	1	93036_GP
139.832	38.594	0.000	0.000	2.561	2.466	0.000	2	1	950196_G
139.844	35.144	0.000	0.000	2.669	2.139	0.000	9	1	93039_GP
139.851	39.889	0.000	0.000	2.168	2.855	0.000	2	1	960551_G
139.854	36.776	0.000	0.000	1.561	1.894	0.000	2	1	960587_G
139.864	34.954	0.000	0.000	2.669	2.568	0.000	9	1	93047_GP
139.871	37.261	0.000	0.000	1.691	2.110	0.000	2	1	950209_G
139.902	35.675	0.000	0.000	2.396	1.670	0.000	9	1	93023_GP
139.908	39.206	0.000	0.000	1.887	2.509	0.000	2	1	950191_G
139.923	36.599	0.000	0.000	1.325	1.769	0.000	9	1	950219_G
139.927	39.016	0.000	0.000	1.911	2.547	0.000	2	1	960555_G
139.928	40.578	0.000	0.000	1.955	2.674	0.000	2	1	950154_G
139.954	35.255	0.000	0.000	2.442	2.459	0.000	9	1	93045_GP
139.957	38.760	0.000	0.000	1.949	2.440	0.000	2	1	950195_G
139.975	35.003	0.000	0.000	2.659	2.297	0.000	9	1	950227_G
139.988	36.301	0.000	0.000	1.136	1.760	0.000	9	1	960582_G
139.993	35.940	0.000	0.000	0.945	1.198	0.000	9	1	93012_GP
140.025	35.786	0.000	0.000	1.271	1.472	0.000	9	1	93018_GP
140.039	36.854	0.000	0.000	1.470	1.886	0.000	9	1	950217_G
140.041	41.466	0.000	0.000	2.345	2.899	0.000	2	1	940023_G
140.044	40.230	0.000	0.000	1.753	3.163	0.000	2	1	950184_G
140.045	39.826	0.000	0.000	1.791	3.477	0.000	2	1	960552_G
140.048	35.657	0.000	0.000	2.307	2.155	0.000	9	1	950225_G
140.051	35.448	0.000	0.000	2.421	1.955	0.000	9	1	93030_GP
140.073	37.567	0.000	0.000	2.035	2.215	0.000	9	1	950202_G
140.078	36.365	0.000	0.000	1.210	1.587	0.000	9	1	950215_G
140.079	35.112	0.000	0.000	2.719	2.321	0.000	9	1	93044_GP
140.094	37.964	0.000	0.000	1.897	2.241	0.000	2	1	950198_G
140.095	38.434	0.000	0.000	2.273	2.264	0.000	2	1	970799_G
140.132	39.936	0.000	0.000	2.008	2.617	0.000	2	1	950186_G
140.136	37.425	0.000	0.000	2.969	2.326	0.000	9	1	960561_G
140.147	35.333	0.000	0.000	2.600	1.995	0.000	9	1	93037_GP
140.158	36.692	0.000	0.000	1.281	1.789	0.000	9	1	960588_G
140.162	39.164	0.000	0.000	3.242	2.908	0.000	2	1	950192_G
140.165	36.952	0.000	0.000	1.581	1.987	0.000	9	1	960585_G
140.174	36.263	0.000	0.000	1.408	1.416	0.000	9	1	93002_GP
140.179	36.542	0.000	0.000	1.254	1.767	0.000	9	1	960590_G
140.187	35.544	0.000	0.000	1.906	1.783	0.000	9	1	93025_GP
140.200	38.289	0.000	0.000	1.922	2.138	0.000	2	1	970803_G
140.202	36.031	0.000	0.000	0.915	1.010	0.000	9	1	960584_G
140.206	37.616	0.000	0.000	2.599	2.791	0.000	9	1	960559_G
140.234	39.658	0.000	0.000	1.861	2.648	0.000	2	1	950188_G
140.260	37.126	0.000	0.000	1.912	2.087	0.000	9	1	950210_G
140.264	40.271	0.000	0.000	1.983	2.681	0.000	2	1	950182_G
140.268	35.166	0.000	0.000	2.590	2.342	0.000	9	1	93041_GP
140.271	38.148	0.000	0.000	2.103	2.305	0.000	9	1	960557_G
140.273	40.779	0.000	0.000	2.058	2.637	0.000	2	1	940026_G
140.293	36.651	0.000	0.000	1.217	1.701	0.000	9	1	950213_G
140.315	35.717	0.000	0.000	1.270	1.654	0.000	9	1	93020_GP
140.316	41.599	0.000	0.000	2.456	2.812	0.000	2	1	950149_G
140.318	35.530	0.000	0.000	1.350	1.830	0.000	9	1	93027_GP
140.319	38.759	0.000	0.000	3.178	2.494	0.000	2	1	940033_G
140.325	37.362	0.000	0.000	3.616	2.278	0.000	9	1	940039_G
140.337	35.421	0.000	0.000	1.511	2.021	0.000	9	1	93033_GP
140.343	36.097	0.000	0.000	0.975	1.093	0.000	9	1	93006_GP
140.365	38.497	0.000	0.000	2.545	2.575	0.000	2	1	960556_G
140.366	38.331	0.000	0.000	2.013	2.309	0.000	9	1	940035_G
140.385	35.243	0.000	0.000	2.628	2.101	0.000	9	1	950226_G
140.387	39.549	0.000	0.000	1.894	2.649	0.000	2	1	950189_G
140.402	40.007	0.000	0.000	2.147	2.650	0.000	2	1	950185_G
140.403	35.970	0.000	0.000	1.196	1.274	0.000	9	1	93010_GP
140.407	35.803	0.000	0.000	1.322	1.549	0.000	9	1	93015_GP
140.413	36.862	0.000	0.000	1.429	1.858	0.000	9	1	950212_G
140.443	37.990	0.000	0.000	2.270	2.423	0.000	9	1	950180_G
140.448	35.642	0.000	0.000	1.318	1.696	0.000	9	1	93024_GP
140.452	40.910	0.000	0.000	2.118	2.723	0.000	2	1	960542_G
140.466	37.683	0.000	0.000	2.842	2.362	0.000	9	1	950200_G
140.476	36.344	0.000	0.000	1.359	1.485	0.000	9	1	950216_G
140.479	40.624	0.000	0.000	2.210	2.907	0.000	2	1	960540_G
140.491	41.185	0.000	0.000	2.619	2.822	0.000	2	1	960534_G
140.498	36.743	0.000	0.000	1.424	1.824	0.000	9	1	960581_G
140.499	43.057	0.000	0.000	1.937	2.906	0.000	1	1	950126_G
140.507	39.199	0.000	0.000	1.873	2.620	0.000	2	1	960554_G
140.544	42.985	0.000	0.000	1.969	3.282	0.000	1	1	950127_G
140.560	39.327	0.000	0.000	1.932	2.579	0.000	2	1	950190_G
140.562	37.089	0.000	0.000	1.663	2.076	0.000	9	1	950211_G
140.568	42.099	0.000	0.000	2.069	2.839	0.000	9	1	950146_G
140.577	40.325	0.000	0.000	2.090	2.633	0.000	2	1	950181_G
140.578	40.524	0.000	0.000	2.048	2.747	0.000	2	1	950155_G
140.589	40.706	0.000	0.000	2.202	2.842	0.000	2	1	960538_G
140.597	39.749	0.000	0.000	2.677	2.680	0.000	2	1	950187_G
140.612	36.540	0.000	0.000	1.766	1.740	0.000	9	1	940042_G
140.630	39.052	0.000	0.000	2.854	3.090	0.000	2	1	950193_G
140.636	41.043	0.000	0.000	2.456	2.696	0.000	2	1	950151_G
140.643	38.206	0.000	0.000	3.024	2.417	0.000	9	1	950178_G
140.646	37.984	0.000	0.000	2.374	2.189	0.000	9	1	970797_G
140.647	35.777	0.000	0.000	1.797	1.677	0.000	9	1	93021_GP
140.659	35.955	0.000	0.000	1.588	1.558	0.000	9	1	93009_GP
140.662	37.325	0.000	0.000	1.843	2.071	0.000	9	1	950205_G
140.667	42.123	0.000	0.000	2.111	3.012	0.000	9	1	960528_G
140.715	41.977	0.000	0.000	2.145	2.938	0.000	9	1	960529_G
140.733	39.703	0.000	0.000	2.631	3.025	0.000	2	1	960553_G
140.748	41.826	0.000	0.000	2.141	2.821	0.000	9	1	940022_G
140.754	36.800	0.000	0.000	1.513	1.744	0.000	9	1	950214_G
140.755	37.561	0.000	0.000	1.939	2.242	0.000	9	1	950201_G
140.769	39.351	0.000	0.000	2.213	2.752	0.000	9	1	960544_G
140.787	40.215	0.000	0.000	2.121	2.597	0.000	2	1	950183_G
140.802	38.749	0.000	0.000	2.228	2.454	0.000	9	1	950174_G
140.803	40.644	0.000	0.000	2.351	2.890	0.000	2	1	960541_G
140.806	42.043	0.000	0.000	2.359	2.937	0.000	9	1	950147_G
140.822	41.146	0.000	0.000	2.306	2.879	0.000	9	1	960535_G
140.823	40.045	0.000	0.000	2.631	2.964	0.000	2	1	970798_G
140.830	40.841	0.000	0.000	2.425	2.692	0.000	9	1	940025_G
140.834	37.325	0.000	0.000	2.237	2.085	0.000	9	1	960562_G
140.837	35.726	0.000	0.000	1.707	1.860	0.000	9	1	93022_GP
140.842	37.018	0.000	0.000	1.650	1.810	0.000	9	1	970800_G
140.844	38.030	0.000	0.000	1.887	2.216	0.000	9	1	950179_G
140.848	38.546	0.000	0.000	1.984	2.560	0.000	9	1	960548_G
140.851	38.412	0.000	0.000	2.098	2.369	0.000	9	1	950177_G
140.861	43.210	0.000	0.000	1.978	2.817	0.000	1	1	960517_G
140.872	40.913	0.000	0.000	2.289	2.773	0.000	9	1	960536_G
140.881	41.455	0.000	0.000	2.184	2.741	0.000	9	1	950150_G
140.883	42.858	0.000	0.000	2.336	3.479	0.000	1	1	950129_G
140.903	37.091	0.000	0.000	1.597	2.017	0.000	9	1	940041_G
140.908	37.801	0.000	0.000	2.122	2.193	0.000	9	1	940038_G
140.946	37.818	0.000	0.000	2.012	2.239	0.000	9	1	960558_G
140.954	38.317	0.000	0.000	2.021	2.268	0.000	9	1	940037_G
140.988	39.127	0.000	0.000	2.957	2.555	0.000	9	1	970796_G
140.991	38.815	0.000	0.000	1.941	2.386	0.000	9	1	950173_G
140.994	37.285	0.000	0.000	2.042	2.110	0.000	9	1	950208_G
141.007	37.534	0.000	0.000	1.865	2.138	0.000	9	1	950203_G
141.031	43.178	0.000	0.000	2.059	3.020	0.000	1	1	940013_G
141.038	45.276	0.000	0.000	2.161	3.145	0.000	1	1	950102_G
141.055	39.363	0.000	0.000	2.530	2.576	0.000	9	1	950168_G
141.076	40.291	0.000	0.000	2.575	2.631	0.000	9	1	950157_G
141.132	40.862	0.000	0.000	2.676	2.692	0.000	9	1	960537_G
141.141	41.834	0.000	0.000	2.595	3.231	0.000	9	1	950148_G
141.148	38.539	0.000	0.000	1.762	2.378	0.000	9	1	950176_G
141.165	39.851	0.000	0.000	2.592	2.765	0.000	9	1	950163_G
141.167	45.138	0.000	0.000	2.220	3.287	0.000	1	1	960501_G
141.172	39.597	0.000	0.000	2.380	2.556	0.000	9	1	950166_G
141.198	40.625	0.000	0.000	2.444	2.801	0.000	9	1	950153_G
141.213	38.425	0.000	0.000	1.802	2.362	0.000	9	1	960549_G
141.225	39.981	0.000	0.000	2.278	2.619	0.000	9	1	950161_G
141.275	38.900	0.000	0.000	1.797	2.589	0.000	9	1	960545_G
141.290	42.971	0.000	0.000	2.203	3.018	0.000	1	1	950128_G
141.294	40.291	0.000	0.000	2.457	2.698	0.000	9	1	950159_G
141.330	44.427	0.000	0.000	2.088	2.992	0.000	1	1	950106_G
141.361	42.550	0.000	0.000	2.112	3.090	0.000	1	1	950139_G
141.368	40.968	0.000	0.000	2.374	2.776	0.000	9	1	950152_G
141.371	43.624	0.000	0.000	2.033	2.874	0.000	1	1	970785_G
141.376	40.676	0.000	0.000	2.149	2.759	0.000	9	1	960539_G
141.407	42.773	0.000	0.000	2.322	2.908	0.000	1	1	960523_G
141.431	43.405	0.000	0.000	1.948	2.904	0.000	1	1	950117_G
141.441	38.449	0.000	0.000	1.991	2.413	0.000	9	1	940036_G
141.448	41.405	0.000	0.000	2.181	2.958	0.000	9	1	960533_G
141.449	38.683	0.000	0.000	1.927	2.338	0.000	9	1	950175_G
141.453	39.849	0.000	0.000	1.866	2.507	0.000	9	1	970795_G
141.462	40.049	0.000	0.000	2.392	2.532	0.000	9	1	950160_G
141.501	38.301	0.000	0.000	1.801	2.292	0.000	9	1	960550_G
141.510	43.854	0.000	0.000	2.165	2.981	0.000	1	1	940008_G
141.511	40.515	0.000	0.000	2.502	3.127	0.000	9	1	950156_G
141.534	39.338	0.000	0.000	2.186	2.502	0.000	9	1	950169_G
141.540	43.078	0.000	0.000	1.984	2.814	0.000	1	1	960520_G
141.573	38.903	0.000	0.000	2.124	2.379	0.000	9	1	950172_G
141.575	39.143	0.000	0.000	1.970	2.583	0.000	9	1	960546_G
141.577	42.884	0.000	0.000	1.938	2.774	0.000	1	1	960522_G
141.598	45.220	0.000	0.000	2.390	3.128	0.000	1	1	970778_G
141.602	42.656	0.000	0.000	1.925	2.785	0.000	1	1	950136_G
141.665	44.149	0.000	0.000	1.880	2.864	0.000	1	1	970783_G
141.675	39.596	0.000	0.000	2.610	2.749	0.000	9	1	960547_G
141.713	40.405	0.000	0.000	2.649	2.682	0.000	9	1	950158_G
141.731	42.983	0.000	0.000	1.890	2.709	0.000	1	1	940014_G
141.740	39.024	0.000	0.000	2.040	2.394	0.000	9	1	950171_G
141.741	44.892	0.000	0.000	2.174	3.071	0.000	1	1	950104_G
141.750	45.403	0.000	0.000	2.180	3.069	0.000	1	1	940001_G
141.756	44.398	0.000	0.000	2.175	2.907	0.000	1	1	940003_G
141.789	40.133	0.000	0.000	2.482	2.783	0.000	9	1	940027_G
141.794	44.640	0.000	0.000	2.207	3.023	0.000	1	1	970781_G
141.798	39.254	0.000	0.000	2.638	2.782	0.000	9	1	950170_G
141.804	39.849	0.000	0.000	2.683	2.678	0.000	9	1	950164_G
141.864	42.729	0.000	0.000	2.483	3.329	0.000	8	1	950132_G
141.874	43.741	0.000	0.000	1.885	2.876	0.000	1	1	960509_G
141.891	43.248	0.000	0.000	2.025	2.815	0.000	8	1	960516_G
141.940	39.572	0.000	0.000	2.473	2.579	0.000	9	1	940028_G
141.951	39.869	0.000	0.000	2.295	2.609	0.000	9	1	950162_G
141.955	39.458	0.000	0.000	2.183	2.544	0.000	9	1	950167_G
142.060	42.481	0.000	0.000	1.868	2.756	0.000	9	1	950141_G
142.065	49.076	0.000	0.000	1.110	1.100	0.000	6	1	UGLE_GPS
142.085	42.934	0.000	0.000	1.914	2.715	0.000	8	1	970790_G
142.152	44.007	0.000	0.000	2.314	2.899	0.000	8	1	950110_G
142.157	49.637	0.000	0.000	2.550	2.560	0.000	6	1	BOSH_GUG
142.170	45.336	0.000	0.000	2.341	3.140	0.000	8	1	950101_G
142.185	27.096	0.000	0.000	3.927	3.873	0.000	15	1	942003_G
142.265	44.365	0.000	0.000	2.318	3.067	0.000	8	1	970782_G
142.296	42.727	0.000	0.000	2.608	2.775	0.000	8	1	950133_G
142.352	45.127	0.000	0.000	2.241	3.059	0.000	8	1	970779_G
142.365	42.357	0.000	0.000	2.023	2.758	0.000	8	1	940016_G
142.395	43.336	0.000	0.000	2.455	2.936	0.000	8	1	960514_G
142.402	42.981	0.000	0.000	2.024	2.989	0.000	8	1	940012_G
142.410	43.739	0.000	0.000	2.149	2.888	0.000	8	1	960508_G
142.482	43.590	0.000	0.000	2.097	2.896	0.000	8	1	940007_G
142.537	45.002	0.000	0.000	3.002	3.068	0.000	8	1	950103_G
142.543	49.690	0.000	0.000	2.650	2.670	0.000	6	1	AIVA_GPS
142.567	42.248	0.000	0.000	2.103	2.834	0.000	9	1	950142_G
142.578	43.908	0.000	0.000	2.299	2.930	0.000	8	1	960506_G
142.626	44.295	0.000	0.000	2.380	2.972	0.000	8	1	950107_G
142.643	43.432	0.000	0.000	2.742	2.901	0.000	8	1	970787_G
142.717	47.030	0.000	0.000	1.070	1.060	0.000	8	1	YSSK_GPS
142.718	44.780	0.000	0.000	2.456	3.074	0.000	8	1	970780_G
142.759	48.573	0.000	0.000	2.640	2.650	0.000	8	1	PORE_GUG
142.810	43.166	0.000	0.000	2.815	3.109	0.000	8	1	960518_G
142.817	49.838	0.000	0.000	2.240	2.220	0.000	8	1	PBDN_GPS
142.870	43.014	0.000	0.000	3.097	2.814	0.000	8	1	970789_G
142.903	43.771	0.000	0.000	2.849	3.370	0.000	8	1	960510_G
142.935	42.131	0.000	0.000	2.154	2.704	0.000	9	1	950144_G
142.946	53.602	0.000	0.000	0.790	0.780	0.000	8	1	OKHA_GPS
142.947	43.334	0.000	0.000	2.120	2.713	0.000	8	1	970786_G
142.964	44.582	0.000	0.000	2.230	3.150	0.000	8	1	960502_G
143.077	44.192	0.000	0.000	2.529	3.120	0.000	8	1	960504_G
143.103	42.699	0.000	0.000	2.151	2.680	0.000	8	1	950134_G
143.152	42.486	0.000	0.000	2.285	2.803	0.000	8	1	970793_G
143.157	42.006	0.000	0.000	2.419	2.822	0.000	9	1	940019_G
143.171	42.939	0.000	0.000	2.353	2.904	0.000	8	1	960521_G
143.224	44.434	0.000	0.000	2.483	2.989	0.000	8	1	940002_G
143.242	64.566	0.000	0.000	1.360	1.350	0.000	5	1	UNR1_GPS
143.246	63.260	0.000	0.000	1.260	1.260	0.000	5	1	TOM1_GPS
143.270	49.922	0.000	0.000	2.570	2.580	0.000	8	1	PERV_GPS
143.298	43.232	0.000	0.000	2.106	2.861	0.000	8	1	950123_G
143.316	42.126	0.000	0.000	2.870	2.978	0.000	8	1	960532_G
143.331	42.322	0.000	0.000	3.414	2.771	0.000	8	1	940015_G
143.334	44.006	0.000	0.000	2.532	2.954	0.000	8	1	950111_G
143.459	43.029	0.000	0.000	2.178	4.143	0.000	8	1	940011_G
143.461	42.552	0.000	0.000	2.086	2.788	0.000	8	1	950138_G
143.495	42.807	0.000	0.000	2.019	2.582	0.000	8	1	970791_G
143.562	43.289	0.000	0.000	2.079	2.817	0.000	8	1	950121_G
143.578	43.671	0.000	0.000	2.822	3.214	0.000	8	1	960511_G
143.616	44.220	0.000	0.000	2.159	2.945	0.000	8	1	960503_G
143.646	50.049	0.000	0.000	2.550	2.560	0.000	8	1	PILG_GPS
143.787	43.849	0.000	0.000	2.280	3.039	0.000	8	1	950114_G
143.804	50.292	0.000	0.000	2.730	2.750	0.000	8	1	OKRG_GPS
143.902	43.102	0.000	0.000	2.153	2.780	0.000	8	1	970788_G
143.927	42.895	0.000	0.000	2.031	2.838	0.000	8	1	950112_G
144.030	44.064	0.000	0.000	2.181	3.661	0.000	8	1	950108_G
144.115	43.828	0.000	0.000	2.401	3.004	0.000	8	1	960507_G
144.127	43.121	0.000	0.000	2.080	2.785	0.000	8	1	950124_G
144.293	43.989	0.000	0.000	2.448	3.639	0.000	8	1	960505_G
144.325	43.233	0.000	0.000	2.148	2.756	0.000	8	1	950122_G
144.432	42.963	0.000	0.000	2.405	4.246	0.000	8	1	940010_G
144.449	43.508	0.000	0.000	2.428	3.099	0.000	8	1	940005_G
144.506	43.723	0.000	0.000	1.954	3.632	0.000	8	1	970784_G
144.598	43.307	0.000	0.000	3.211	3.537	0.000	8	1	960515_G
144.676	43.916	0.000	0.000	2.453	3.069	0.000	8	1	940004_G
144.719	42.983	0.000	0.000	2.047	2.951	0.000	8	1	960531_G
144.774	43.409	0.000	0.000	2.415	3.020	0.000	8	1	950116_G
144.843	43.058	0.000	0.000	2.039	2.735	0.000	8	1	950125_G
144.987	43.549	0.000	0.000	2.125	3.033	0.000	8	1	950113_G
145.115	43.383	0.000	0.000	3.140	2.906	0.000	8	1	950118_G
145.130	43.070	0.000	0.000	2.132	2.920	0.000	8	1	940009_G
145.131	43.662	0.000	0.000	2.527	3.303	0.000	8	1	950115_G
145.186	44.019	0.000	0.000	3.437	3.254	0.000	8	1	950109_G
145.259	43.232	0.000	0.000	3.317	3.470	0.000	8	1	960512_G
145.511	43.290	0.000	0.000	2.399	3.073	0.000	8	1	940006_G
145.520	43.195	0.000	0.000	2.367	2.926	0.000	8	1	960519_G
145.801	43.367	0.000	0.000	2.538	3.416	0.000	8	1	950119_G
147.431	61.883	0.000	0.000	1.330	1.330	0.000	8	1	KUL1_GPS
148.168	62.779	0.000	0.000	1.250	1.250	0.000	8	1	SUS1_GPS
150.770	59.580	0.000	0.000	1.500	1.600	0.000	8	1	MAGO_GPS
151.887	7.447	0.000	0.000	1.030	0.960	0.000	4	1	TRUK_GPS
152.392	61.130	0.000	0.000	2.300	2.230	0.000	8	1	TAL1_GPS
152.422	62.925	0.000	0.000	1.190	1.170	0.000	3	1	SEY2_GPS
153.979	24.290	0.000	0.000	1.130	1.050	0.000	4	1	MARC_GPS
155.770	62.518	0.000	0.000	2.270	2.210	0.000	3	1	OMS1_GPS
155.962	54.304	0.000	0.000	2.250	2.220	0.000	8	1	SOBL_GKA
156.244	52.661	0.000	0.000	2.300	2.250	0.000	8	1	UBR1_GKA
156.575	52.928	0.000	0.000	2.530	2.580	0.000	8	1	UBR2_GKA
156.738	57.091	0.000	0.000	2.260	2.230	0.000	8	1	UHAZ_GKA
156.810	51.466	0.000	0.000	2.210	2.200	0.000	8	1	PAUZ_GKA
157.474	53.333	0.000	0.000	3.220	3.230	0.000	8	1	MALK_GKA
158.213	53.280	0.000	0.000	2.210	2.180	0.000	8	1	KORC_GKA
158.623	54.693	0.000	0.000	2.250	2.180	0.000	8	1	MILK_GKA
158.650	53.023	0.000	0.000	2.360	2.350	0.000	8	1	PETS_GKA
158.686	57.759	0.000	0.000	1.670	1.650	0.000	8	1	_TIG_GKA
158.697	55.930	0.000	0.000	1.010	1.020	0.000	8	1	_ES1_GKA
159.197	53.142	0.000	0.000	2.180	2.160	0.000	8	1	NALY_GKA
159.481	54.025	0.000	0.000	4.150	4.100	0.000	8	1	KRM9_GKA
159.865	56.042	0.000	0.000	2.050	2.050	0.000	8	1	KOZY_GKA
161.194	54.585	0.000	0.000	2.200	2.180	0.000	8	1	KRON_GKA
162.593	56.265	0.000	0.000	2.070	2.060	0.000	8	1	UKAM_GKA
163.067	59.243	0.000	0.000	2.230	2.200	0.000	8	1	OSSO_GKA
166.211	62.456	0.000	0.000	0.850	0.850	0.000	3	1	_KMS_GPS
166.438	68.076	0.000	0.000	0.810	0.810	0.000	3	1	BILI_GPS
166.440	68.080	0.000	0.000	1.500	1.500	0.000	3	1	BILI_GPS
167.730	8.722	0.000	0.000	0.790	0.760	0.000	4	1	KWJ1_GPS
183.434	-43.956	0.000	0.000	0.820	0.810	0.000	4	1	CHAT_GPS
200.335	22.126	0.000	0.000	0.730	0.710	0.000	4	1	KOKB_GPS
210.394	-17.577	0.000	0.000	1.030	0.980	0.000	4	1	THTI_GPS
212.500	64.980	0.000	0.000	0.800	0.800	0.000	3	1	FAIR_GPS
240.380	49.320	0.000	0.000	0.900	1.000	0.000	3	1	DRAO_GPS
245.519	62.481	0.000	0.000	0.690	0.680	0.000	3	1	YELL_GPS
245.520	62.480	0.000	0.000	0.700	0.700	0.000	3	1	YELL_GPS
251.880	34.300	0.000	0.000	0.700	0.700	0.000	3	1	PIE1_GPS
251.881	34.302	0.000	0.000	0.690	0.680	0.000	3	1	PIE1_GPS
255.985	30.681	0.000	0.000	0.690	0.680	0.000	3	1	MDO1_GPS
255.990	30.680	0.000	0.000	0.700	0.700	0.000	3	1	MDOI_GPS
258.022	54.726	0.000	0.000	0.780	0.770	0.000	3	1	FLIN_GPS
264.134	50.259	0.000	0.000	0.870	0.870	0.000	3	1	DUBO_GPS
265.911	58.759	0.000	0.000	0.780	0.770	0.000	3	1	CHUR_GPS
