88.360	69.362	4.065	-9.758	0.000	0.000	0.000	5	1	NRIL_GPS
106.010	51.170	9.683	-5.588	0.000	0.000	-0.006	6	1	UDUN_GEC
107.820	22.326	25.174	-6.988	0.000	0.000	0.002	5	1	F062_GPS
108.169	23.750	26.448	-9.197	0.000	0.000	-0.004	14	1	F059_GPS
108.296	23.149	25.387	-7.951	0.000	0.000	0.000	5	1	F060_GPS
109.106	33.658	20.416	-6.668	0.000	0.000	-0.003	5	1	F054_GPS
109.260	22.411	25.150	-6.999	0.000	0.000	0.038	5	1	F063_GPS
109.923	33.880	20.276	-6.532	0.000	0.000	0.015	5	1	D078_GPS
109.966	41.755	15.546	-6.267	0.000	0.000	0.081	5	1	HB04_GUA
110.141	22.688	26.495	-8.237	0.000	0.000	0.011	14	1	F049_GPS
110.555	27.911	24.617	-9.068	0.000	0.000	-0.022	14	1	F057_GPS
111.475	33.280	20.611	-6.382	0.000	0.000	-0.018	5	1	C060_GPS
111.563	22.786	26.709	-8.813	0.000	0.000	-0.024	14	1	F047_GPS
111.709	41.515	13.327	-4.962	0.000	0.000	-0.029	6	1	HB08_GUA
112.108	31.905	22.249	-8.390	0.000	0.000	-0.035	14	1	F029_GPS
112.351	32.538	21.742	-8.135	0.000	0.000	-0.034	14	1	C063_GPS
112.563	26.911	24.875	-8.679	0.000	0.000	-0.036	14	1	F034_GPS
112.688	22.338	26.771	-8.704	0.000	0.000	-0.044	14	1	F044_GPS
113.312	32.751	22.037	-8.437	0.000	0.000	-0.038	14	1	C059_GPS
113.348	31.694	22.634	-8.502	0.000	0.000	-0.062	14	1	C065_GPS
113.563	24.814	25.614	-8.480	0.000	0.000	-0.039	14	1	F037_GPS
113.896	22.587	26.516	-8.478	0.000	0.000	-0.007	14	1	F042_GPS
114.074	32.099	22.421	-8.382	0.000	0.000	-0.014	14	1	C062_GPS
114.345	33.026	21.926	-8.305	0.000	0.000	0.013	14	1	C056_GPS
114.453	22.830	26.316	-8.349	0.000	0.000	-0.029	14	1	F041_GPS
114.635	31.251	22.828	-8.287	0.000	0.000	-0.020	14	1	C064_GPS
115.791	32.943	21.923	-7.999	0.000	0.000	-0.054	14	1	C058_GPS
115.801	23.431	25.731	-7.979	0.000	0.000	-0.061	14	1	F027_GPS
115.846	40.870	13.488	-4.349	0.000	0.000	-0.097	6	1	HB34_GUA
115.878	31.689	22.573	-8.041	0.000	0.000	-0.019	14	1	C061_GPS
116.104	43.903	11.621	-4.184	0.000	0.000	-0.041	6	1	XHOT_GUA
116.971	31.085	22.836	-7.810	0.000	0.000	0.044	14	1	B072_GPS
116.984	33.646	20.114	-5.563	0.000	0.000	0.045	5	1	B058_GPS
117.015	23.423	25.261	-7.590	0.000	0.000	0.020	14	1	F025_GPS
117.108	32.498	22.060	-7.567	0.000	0.000	0.020	14	1	B065_GPS
117.564	26.291	24.483	-7.362	0.000	0.000	0.093	14	1	F014_GPS
117.608	24.557	24.628	-7.220	0.000	0.000	0.018	14	1	F022_GPS
117.708	32.562	21.188	-6.300	0.000	0.000	0.028	5	1	B062_GPS
117.815	31.657	22.517	-7.523	0.000	0.000	0.029	14	1	B070_GPS
117.914	40.961	12.947	-4.089	0.000	0.000	0.048	6	1	HB58_GUA
118.221	31.085	22.821	-7.484	0.000	0.000	0.021	14	1	B073_GPS
118.477	32.971	20.392	-5.118	0.000	0.000	0.205	5	1	B061_GPS
118.596	24.775	24.083	-6.673	0.000	0.000	0.009	14	1	F020_GPS
118.672	33.761	19.963	-5.006	0.000	0.000	0.058	5	1	B054_GPS
119.012	33.507	20.096	-4.954	0.000	0.000	0.055	5	1	B053_GPS
119.463	31.381	21.624	-5.864	0.000	0.000	0.059	5	1	B074_GPS
120.038	33.550	20.072	-4.777	0.000	0.000	0.055	5	1	B052_GPS
121.377	29.599	23.520	-7.041	0.000	0.000	0.023	14	1	F003_GPS
121.801	31.733	21.268	-5.342	0.000	0.000	0.028	5	1	B014_GPS
122.172	46.062	10.160	-3.134	0.000	0.000	0.040	6	1	UHOT_GUA
122.434	30.741	22.968	-6.736	0.000	0.000	0.039	14	1	B019_GPS
122.943	24.454	30.653	-73.771	0.000	0.000	0.027	20	1	950499_G
123.792	24.426	30.472	-56.270	0.000	0.000	0.013	20	1	950500_G
123.796	24.062	40.911	-57.562	0.000	0.000	0.031	20	1	960751_G
124.103	50.390	8.217	-2.672	0.000	0.000	0.012	6	1	JAGD_GUA
124.173	24.339	32.418	-48.730	0.000	0.000	0.012	20	1	960750_G
124.301	24.537	26.913	-45.431	0.000	0.000	0.030	20	1	960749_G
124.692	24.642	23.844	-37.675	0.000	0.000	0.012	20	1	960748_G
125.171	24.828	33.424	-31.515	0.000	0.000	0.043	21	1	960747_G
125.374	24.753	33.590	-31.693	0.000	0.000	0.009	21	1	950498_G
126.739	26.348	28.645	-29.066	0.000	0.000	-0.056	21	1	960743_G
126.969	46.650	9.399	-2.197	0.000	0.000	-0.094	6	1	SUIH_GUA
127.144	26.373	28.962	-29.215	0.000	0.000	-0.021	21	1	960742_G
127.345	26.179	29.496	-29.131	0.000	0.000	-0.046	21	1	960744_G
127.769	26.145	29.567	-28.554	0.000	0.000	-0.048	21	1	940100_G
127.826	26.169	29.508	-28.461	0.000	0.000	0.001	21	1	960745_G
127.833	26.447	28.888	-28.363	0.000	0.000	0.006	21	1	960741_G
127.898	26.695	28.336	-28.165	0.000	0.000	0.003	21	1	950496_G
127.945	26.944	27.781	-27.962	0.000	0.000	0.003	21	1	960736_G
127.972	26.483	28.802	-28.139	0.000	0.000	0.011	21	1	960740_G
128.144	26.708	28.307	-27.776	0.000	0.000	-0.004	21	1	960738_G
128.248	26.859	27.984	-27.530	0.000	0.000	0.009	21	1	960737_G
128.432	27.032	27.625	-27.089	0.000	0.000	0.009	21	1	950495_G
128.619	32.634	18.678	-4.651	0.000	0.000	0.006	6	1	960698_G
128.651	27.401	26.896	-26.177	0.000	0.000	0.010	21	1	960735_G
128.843	32.669	18.688	-4.722	0.000	0.000	0.000	6	1	950462_G
128.866	71.634	-4.023	-0.470	0.000	0.000	0.002	7	1	TIXI_GPS
128.894	27.817	26.119	-22.868	0.000	0.000	0.002	21	1	960734_G
129.026	32.886	18.152	-4.409	0.000	0.000	0.004	6	1	960692_G
129.126	33.256	17.473	-3.998	0.000	0.000	0.003	6	1	960691_G
129.311	34.268	16.102	-3.246	0.000	0.000	0.004	6	1	950457_G
129.320	28.138	22.367	-14.485	0.000	0.000	0.002	13	1	960733_G
129.482	34.656	15.647	-2.993	0.000	0.000	0.002	6	1	950456_G
129.489	28.399	22.069	-13.215	0.000	0.000	0.003	13	1	950494_G
129.537	33.362	17.181	-3.913	0.000	0.000	0.007	6	1	950459_G
129.690	33.266	17.241	-4.053	0.000	0.000	0.008	6	1	960690_G
129.691	33.063	17.620	-4.446	0.000	0.000	-0.002	6	1	950460_G
129.694	28.487	21.967	-12.592	0.000	0.000	-0.002	13	1	960730_G
129.706	29.615	21.450	-12.005	0.000	0.000	0.029	13	1	960729_G
129.721	32.840	18.109	-5.207	0.000	0.000	0.025	6	1	970832_G
129.735	33.743	16.514	-3.451	0.000	0.000	0.002	6	1	950458_G
129.795	31.769	19.207	-12.498	0.000	0.000	0.006	13	1	950487_G
129.850	33.476	16.768	-3.714	0.000	0.000	0.005	6	1	940091_G
129.860	32.700	17.980	-6.558	0.000	0.000	0.009	6	1	940092_G
129.922	28.294	22.205	-12.200	0.000	0.000	0.009	13	1	960732_G
129.940	33.196	17.094	-4.224	0.000	0.000	0.010	6	1	960689_G
129.955	33.372	16.795	-3.847	0.000	0.000	0.011	6	1	960770_G
129.987	32.326	16.761	-10.741	0.000	0.000	0.009	13	1	950467_G
129.990	32.946	17.463	-5.239	0.000	0.000	0.000	6	1	960772_G
130.029	28.371	22.075	-11.919	0.000	0.000	0.008	13	1	960731_G
130.085	32.525	15.784	-9.229	0.000	0.000	0.005	13	1	960774_G
130.094	33.098	16.980	-4.583	0.000	0.000	0.019	6	1	950455_G
130.136	31.416	20.959	-13.075	0.000	0.000	0.005	13	1	960777_G
130.155	32.637	15.453	-8.089	0.000	0.000	0.010	13	1	950463_G
130.166	32.796	16.708	-7.049	0.000	0.000	0.006	6	1	960693_G
130.180	32.197	16.572	-11.320	0.000	0.000	0.026	13	1	960717_G
130.198	30.461	23.180	-12.051	0.000	0.000	0.009	13	1	960725_G
130.217	32.712	15.523	-7.448	0.000	0.000	0.011	13	1	960695_G
130.239	31.906	18.046	-12.159	0.000	0.000	0.026	13	1	970835_G
130.251	33.536	16.117	-3.381	0.000	0.000	0.014	6	1	950450_G
130.269	33.275	16.335	-3.947	0.000	0.000	0.017	6	1	950454_G
130.271	32.871	16.450	-6.415	0.000	0.000	0.018	6	1	950461_G
130.275	30.785	23.654	-12.709	0.000	0.000	0.013	13	1	960723_G
130.278	31.717	19.211	-12.600	0.000	0.000	0.012	13	1	950488_G
130.291	32.661	14.751	-8.049	0.000	0.000	0.013	13	1	960697_G
130.299	31.265	22.304	-13.334	0.000	0.000	0.009	13	1	940098_G
130.324	32.426	14.984	-10.125	0.000	0.000	0.002	13	1	960775_G
130.336	32.793	15.544	-7.104	0.000	0.000	-0.009	6	1	960694_G
130.352	32.723	14.766	-7.560	0.000	0.000	0.005	13	1	960696_G
130.361	32.098	16.591	-11.494	0.000	0.000	0.003	13	1	970834_G
130.408	31.796	18.613	-12.282	0.000	0.000	0.022	13	1	970836_G
130.424	30.396	23.958	-12.049	0.000	0.000	0.005	13	1	960727_G
130.430	32.582	13.997	-8.935	0.000	0.000	0.001	13	1	960773_G
130.445	33.346	15.777	-3.602	0.000	0.000	-0.001	6	1	960771_G
130.465	33.097	15.799	-4.599	0.000	0.000	0.010	6	1	970831_G
130.477	33.731	15.531	-2.822	0.000	0.000	-0.000	6	1	940087_G
130.507	32.299	14.761	-10.554	0.000	0.000	-0.004	13	1	950468_G
130.522	33.500	15.477	-3.130	0.000	0.000	-0.001	6	1	950451_G
130.548	32.933	15.065	-5.961	0.000	0.000	-0.002	6	1	950464_G
130.555	30.236	23.987	-11.738	0.000	0.000	0.002	13	1	960728_G
130.565	33.206	15.363	-3.978	0.000	0.000	0.006	6	1	950453_G
130.600	31.824	18.387	-11.901	0.000	0.000	0.004	13	1	970837_G
130.638	30.382	24.956	-12.390	0.000	0.000	0.005	13	1	950493_G
130.640	31.235	24.273	-14.208	0.000	0.000	0.000	13	1	950490_G
130.646	32.546	12.822	-9.078	0.000	0.000	-0.006	13	1	940093_G
130.701	33.327	14.753	-3.327	0.000	0.000	-0.012	6	1	960688_G
130.723	31.106	25.775	-14.598	0.000	0.000	0.003	13	1	950491_G
130.749	33.011	13.879	-5.292	0.000	0.000	0.004	6	1	960700_G
130.750	33.746	14.831	-2.325	0.000	0.000	-0.002	6	1	960685_G
130.765	32.842	12.210	-6.910	0.000	0.000	0.001	13	1	950465_G
130.795	32.577	11.673	-8.704	0.000	0.000	-0.003	13	1	960702_G
130.803	32.239	13.296	-10.248	0.000	0.000	0.009	13	1	950469_G
130.824	33.640	14.488	-2.298	0.000	0.000	-0.005	6	1	960687_G
130.829	33.465	14.235	-2.641	0.000	0.000	0.004	6	1	950452_G
130.866	32.048	15.347	-10.974	0.000	0.000	0.005	13	1	960714_G
130.903	30.399	26.907	-13.658	0.000	0.000	0.004	13	1	960726_G
130.914	33.997	14.556	-1.812	0.000	0.000	0.017	6	1	940079_G
130.943	34.295	14.669	-1.693	0.000	0.000	0.000	6	1	950408_G
130.964	30.531	28.157	-15.742	0.000	0.000	0.008	13	1	950492_G
130.996	32.871	9.806	-7.224	0.000	0.000	0.005	13	1	960701_G
131.017	33.697	13.797	-1.765	0.000	0.000	0.005	6	1	960686_G
131.022	31.740	22.001	-12.054	0.000	0.000	0.008	13	1	950482_G
131.029	30.753	29.218	-19.230	0.000	0.000	0.003	13	1	960724_G
131.063	33.122	10.703	-4.689	0.000	0.000	0.001	6	1	960699_G
131.066	34.180	14.332	-1.474	0.000	0.000	-0.002	6	1	960670_G
131.079	31.965	16.429	-11.304	0.000	0.000	0.005	13	1	950481_G
131.088	31.259	26.945	-15.730	0.000	0.000	0.006	13	1	940099_G
131.093	32.951	8.796	-6.772	0.000	0.000	-0.002	13	1	960703_G
131.099	32.741	8.736	-7.782	0.000	0.000	0.004	13	1	950466_G
131.121	33.270	11.025	-3.127	0.000	0.000	0.005	6	1	960707_G
131.132	32.845	8.229	-7.467	0.000	0.000	-0.005	13	1	960704_G
131.149	32.457	8.145	-8.052	0.000	0.000	0.008	13	1	950478_G
131.152	34.764	14.624	-1.450	0.000	0.000	-0.009	6	1	960668_G
131.169	33.496	12.169	-1.805	0.000	0.000	0.007	6	1	950471_G
131.176	34.342	14.238	-1.259	0.000	0.000	0.013	6	1	960669_G
131.185	32.246	9.029	-9.372	0.000	0.000	0.008	13	1	950479_G
131.217	31.469	25.846	-14.040	0.000	0.000	0.009	13	1	950484_G
131.228	25.831	-43.193	34.154	0.000	0.000	0.004	15	1	950497_G
131.286	33.009	5.978	-6.277	0.000	0.000	-0.003	13	1	950474_G
131.291	25.954	-43.009	34.060	0.000	0.000	0.000	15	1	960746_G
131.306	31.399	26.449	-14.419	0.000	0.000	0.008	13	1	960716_G
131.328	32.685	5.940	-7.104	0.000	0.000	-0.001	13	1	950477_G
131.334	32.384	6.112	-7.765	0.000	0.000	0.006	13	1	960712_G
131.346	34.189	13.529	-0.996	0.000	0.000	0.006	6	1	950411_G
131.347	33.254	6.495	-3.872	0.000	0.000	0.007	11	1	950472_G
131.357	33.537	10.685	-1.835	0.000	0.000	-0.008	11	1	960705_G
131.369	31.677	22.283	-12.844	0.000	0.000	0.013	13	1	950483_G
131.386	33.079	4.455	-5.200	0.000	0.000	-0.003	13	1	960708_G
131.417	34.440	13.824	-0.802	0.000	0.000	0.009	6	1	950407_G
131.470	32.022	13.446	-7.470	0.000	0.000	0.004	13	1	940095_G
131.486	32.069	12.428	-7.210	0.000	0.000	0.014	13	1	960713_G
131.516	32.170	10.430	-6.992	0.000	0.000	0.009	13	1	950480_G
131.531	32.557	3.910	-4.616	0.000	0.000	0.008	13	1	960711_G
131.563	34.284	12.694	-0.732	0.000	0.000	0.002	6	1	950409_G
131.564	33.671	9.413	-1.151	0.000	0.000	0.002	11	1	950470_G
131.579	33.228	1.797	-2.085	0.000	0.000	0.017	13	1	960709_G
131.588	33.350	3.765	-1.219	0.000	0.000	0.011	11	1	960706_G
131.610	34.616	14.001	-0.582	0.000	0.000	0.012	6	1	940076_G
131.632	32.445	4.979	-2.767	0.000	0.000	0.002	13	1	940094_G
131.691	33.462	4.534	-0.010	0.000	0.000	0.001	11	1	940088_G
131.757	32.704	0.735	3.251	0.000	0.000	-0.001	13	1	950476_G
131.830	34.039	9.074	-0.770	0.000	0.000	0.004	11	1	960671_G
131.864	34.440	11.673	-0.117	0.000	0.000	0.005	11	1	960659_G
131.923	34.767	14.078	-0.748	0.000	0.000	0.006	6	1	950388_G
131.926	43.197	9.816	-1.184	0.000	0.000	0.009	6	1	VLAD_GPS
131.930	43.200	9.814	-1.183	0.000	0.000	0.012	6	1	VLAD_GPS
131.953	34.259	9.039	-0.127	0.000	0.000	0.004	11	1	950410_G
132.014	34.571	12.470	-0.199	0.000	0.000	0.004	11	1	960658_G
132.046	33.368	-6.721	7.955	0.000	0.000	0.004	13	1	970828_G
132.104	33.975	7.470	0.273	0.000	0.000	0.001	11	1	950414_G
132.195	34.370	9.293	1.517	0.000	0.000	-0.003	11	1	960665_G
132.209	35.003	13.736	-0.908	0.000	0.000	-0.004	6	1	940075_G
132.219	34.191	7.097	0.901	0.000	0.000	0.004	11	1	960769_G
132.269	34.575	11.473	0.004	0.000	0.000	0.003	11	1	950404_G
132.277	34.727	12.387	-0.870	0.000	0.000	-0.007	11	1	950399_G
132.281	33.469	-0.184	6.680	0.000	0.000	0.001	13	1	940086_G
132.358	33.910	9.667	0.173	0.000	0.000	0.003	11	1	960672_G
132.456	34.261	9.146	2.430	0.000	0.000	0.010	11	1	960666_G
132.457	34.893	12.576	-0.636	0.000	0.000	0.005	11	1	960657_G
132.463	34.539	10.545	0.325	0.000	0.000	0.003	11	1	950403_G
132.475	33.384	-5.481	7.105	0.000	0.000	-0.013	13	1	970829_G
132.487	33.612	-0.177	3.927	0.000	0.000	0.001	13	1	960680_G
132.507	35.186	13.574	-0.570	0.000	0.000	0.003	6	1	950386_G
132.540	34.679	11.333	-0.004	0.000	0.000	0.009	11	1	950400_G
132.544	33.178	-7.014	8.938	0.000	0.000	0.005	13	1	960681_G
132.575	34.340	10.598	1.635	0.000	0.000	0.003	11	1	940078_G
132.684	33.723	-0.789	5.577	0.000	0.000	0.003	13	1	950434_G
132.693	33.447	-11.021	6.842	0.000	0.000	-0.004	13	1	950436_G
132.721	35.020	12.737	-0.389	0.000	0.000	-0.013	11	1	950387_G
132.743	35.393	13.527	-0.509	0.000	0.000	0.010	6	1	950384_G
132.782	33.959	5.036	6.044	0.000	0.000	0.007	11	1	960679_G
132.793	33.172	-7.976	11.775	0.000	0.000	0.011	13	1	950447_G
132.820	34.335	10.585	2.782	0.000	0.000	0.010	11	1	960768_G
132.824	34.571	12.054	0.927	0.000	0.000	0.010	11	1	950402_G
132.852	34.812	12.350	-0.096	0.000	0.000	0.003	11	1	960663_G
132.884	34.210	8.197	4.900	0.000	0.000	0.010	11	1	960667_G
132.897	33.398	0.313	15.882	0.000	0.000	0.013	13	1	950446_G
132.912	33.796	-1.785	8.744	0.000	0.000	0.017	13	1	950433_G
132.938	33.569	-4.345	9.112	0.000	0.000	-0.002	13	1	950435_G
132.966	32.756	-14.328	16.723	0.000	0.000	0.010	13	1	940085_G
132.984	36.093	12.989	-0.586	0.000	0.000	0.008	6	1	950383_G
132.990	34.078	5.204	6.469	0.000	0.000	0.017	11	1	950430_G
132.995	35.196	12.769	-0.453	0.000	0.000	0.010	11	1	950385_G
132.999	32.991	-13.181	15.675	0.000	0.000	0.014	13	1	950448_G
133.010	34.379	9.943	5.002	0.000	0.000	0.015	11	1	950405_G
133.059	35.434	13.276	-0.543	0.000	0.000	0.013	6	1	940074_G
133.108	34.672	10.746	1.113	0.000	0.000	0.009	11	1	950401_G
133.120	34.943	12.107	-0.369	0.000	0.000	0.008	11	1	950398_G
133.129	33.215	-13.009	15.693	0.000	0.000	0.014	13	1	960684_G
133.138	35.564	13.172	-0.414	0.000	0.000	0.006	6	1	960656_G
133.189	34.252	7.894	5.761	0.000	0.000	0.002	11	1	960678_G
133.201	33.921	-0.397	7.907	0.000	0.000	0.008	11	1	950432_G
133.228	33.327	-11.862	16.012	0.000	0.000	0.002	13	1	960683_G
133.240	36.285	12.715	-0.521	0.000	0.000	0.015	6	1	950382_G
133.242	33.273	-14.171	13.936	0.000	0.000	0.004	13	1	940084_G
133.281	33.468	-10.890	14.466	0.000	0.000	0.017	13	1	950443_G
133.288	34.450	8.682	4.976	0.000	0.000	0.011	11	1	960767_G
133.309	35.165	12.436	-0.575	0.000	0.000	0.006	11	1	950381_G
133.338	34.778	11.264	0.927	0.000	0.000	0.015	11	1	960664_G
133.340	35.436	12.962	-0.581	0.000	0.000	0.004	6	1	960654_G
133.363	33.704	-6.138	12.227	0.000	0.000	0.008	13	1	970830_G
133.396	34.993	12.153	-0.298	0.000	0.000	0.012	11	1	960662_G
133.403	33.408	-12.692	16.063	0.000	0.000	0.004	13	1	950445_G
133.439	35.346	12.669	-0.620	0.000	0.000	0.011	6	1	950379_G
133.528	34.549	10.458	3.573	0.000	0.000	0.006	11	1	940077_G
133.564	35.170	12.267	-0.620	0.000	0.000	0.014	11	1	960660_G
133.578	33.529	-12.095	14.480	0.000	0.000	0.014	13	1	940083_G
133.598	34.810	11.917	0.446	0.000	0.000	0.002	11	1	950394_G
133.648	34.068	3.115	6.933	0.000	0.000	0.011	11	1	950428_G
133.656	33.767	-5.202	10.297	0.000	0.000	0.003	13	1	950438_G
133.681	33.937	-1.624	9.305	0.000	0.000	0.003	13	1	950419_G
133.699	35.490	12.531	-0.373	0.000	0.000	0.007	6	1	940073_G
133.715	34.217	6.497	5.937	0.000	0.000	0.010	11	1	950427_G
133.734	35.003	12.002	-0.578	0.000	0.000	0.008	11	1	950392_G
133.757	34.579	11.207	1.820	0.000	0.000	0.004	11	1	960766_G
133.781	34.383	9.606	4.377	0.000	0.000	-0.002	11	1	960677_G
133.792	35.264	12.090	-0.615	0.000	0.000	0.009	11	1	950389_G
133.797	34.439	10.198	3.515	0.000	0.000	0.002	11	1	950397_G
133.875	34.040	0.014	9.161	0.000	0.000	0.006	13	1	960674_G
133.904	33.506	-16.488	14.325	0.000	0.000	0.011	13	1	950442_G
133.926	34.164	4.800	6.042	0.000	0.000	0.003	11	1	950429_G
133.929	34.791	10.917	-0.304	0.000	0.000	0.001	11	1	950395_G
133.961	34.983	11.443	-0.539	0.000	0.000	-0.009	11	1	950393_G
133.999	34.445	9.194	2.351	0.000	0.000	-0.007	11	1	960676_G
134.007	33.428	-20.061	15.983	0.000	0.000	-0.005	13	1	950444_G
134.047	35.457	11.976	-0.387	0.000	0.000	0.000	6	1	950378_G
134.049	34.052	1.273	7.306	0.000	0.000	0.006	13	1	950417_G
134.050	35.178	11.593	-0.553	0.000	0.000	-0.002	11	1	960661_G
134.058	33.878	-2.815	11.663	0.000	0.000	0.012	13	1	950421_G
134.107	33.604	-12.771	13.770	0.000	0.000	-0.003	13	1	950440_G
134.122	33.316	-24.042	17.675	0.000	0.000	0.001	13	1	940082_G
134.166	34.658	9.218	0.744	0.000	0.000	0.002	11	1	950396_G
134.176	34.810	10.348	0.475	0.000	0.000	-0.003	11	1	960765_G
134.230	34.038	0.122	6.857	0.000	0.000	0.006	13	1	950418_G
134.235	35.021	11.134	-0.245	0.000	0.000	0.002	11	1	950391_G
134.237	35.266	11.295	-0.352	0.000	0.000	0.003	11	1	950380_G
134.242	34.255	6.609	4.641	0.000	0.000	0.005	11	1	950426_G
134.281	33.528	-17.066	11.672	0.000	0.000	-0.013	13	1	950441_G
134.301	33.790	-7.884	8.852	0.000	0.000	-0.001	13	1	960675_G
134.314	34.472	8.837	1.382	0.000	0.000	-0.003	11	1	950425_G
134.325	35.361	11.201	-0.222	0.000	0.000	0.001	11	1	960655_G
134.352	34.097	0.964	6.946	0.000	0.000	-0.002	13	1	950415_G
134.372	33.618	-13.246	12.234	0.000	0.000	0.003	13	1	950424_G
134.389	33.879	-4.873	7.993	0.000	0.000	0.003	13	1	950420_G
134.393	34.218	4.201	5.062	0.000	0.000	0.002	11	1	970827_G
134.404	34.998	10.762	-0.125	0.000	0.000	0.000	11	1	950346_G
134.520	34.670	10.270	0.947	0.000	0.000	0.001	11	1	950357_G
134.533	33.725	-9.555	8.193	0.000	0.000	-0.010	13	1	950423_G
134.545	34.897	10.184	0.397	0.000	0.000	-0.018	11	1	950350_G
134.550	34.785	10.225	0.894	0.000	0.000	0.012	11	1	940071_G
134.560	34.060	-0.092	5.514	0.000	0.000	0.002	13	1	950416_G
134.582	35.437	10.700	-0.149	0.000	0.000	-0.005	6	1	950341_G
134.586	35.094	10.047	-0.052	0.000	0.000	-0.004	11	1	950344_G
134.605	34.172	2.092	4.071	0.000	0.000	0.002	11	1	960673_G
134.626	33.927	-3.213	6.145	0.000	0.000	-0.003	13	1	940081_G
134.660	34.864	9.653	0.818	0.000	0.000	0.007	11	1	960762_G
134.668	33.830	-6.697	7.164	0.000	0.000	-0.002	13	1	950422_G
134.677	35.621	10.804	0.316	0.000	0.000	0.001	6	1	960645_G
134.729	35.461	10.294	0.172	0.000	0.000	-0.005	6	1	960646_G
134.735	34.334	5.954	1.788	0.000	0.000	-0.010	11	1	950362_G
134.737	34.224	3.152	3.445	0.000	0.000	0.007	11	1	950363_G
134.767	34.985	9.218	0.733	0.000	0.000	-0.035	11	1	950347_G
134.771	35.163	9.428	0.410	0.000	0.000	0.005	11	1	960648_G
134.819	35.315	9.611	0.467	0.000	0.000	-0.002	11	1	950342_G
134.829	34.787	9.041	1.504	0.000	0.000	0.004	11	1	950354_G
134.861	34.493	7.605	1.155	0.000	0.000	-0.012	11	1	950360_G
134.882	34.350	5.571	2.602	0.000	0.000	-0.013	11	1	950361_G
134.932	35.556	9.962	0.669	0.000	0.000	-0.001	6	1	950328_G
134.945	34.936	8.510	1.446	0.000	0.000	-0.010	11	1	960649_G
134.966	34.670	7.765	1.670	0.000	0.000	0.002	11	1	950358_G
134.973	35.091	8.597	1.091	0.000	0.000	-0.002	11	1	950345_G
134.997	34.805	8.016	1.843	0.000	0.000	0.007	11	1	950352_G
135.022	35.238	8.708	1.001	0.000	0.000	0.003	11	1	960647_G
135.024	34.577	6.193	1.444	0.000	0.000	0.005	11	1	950359_G
135.034	35.685	10.054	0.855	0.000	0.000	0.001	6	1	960640_G
135.046	48.521	7.596	-0.184	0.000	0.000	0.003	6	1	KHAJ_GPS
135.066	34.271	2.865	4.270	0.000	0.000	0.006	17	1	950369_G
135.164	35.292	8.205	1.082	0.000	0.000	-0.001	11	1	950329_G
135.168	34.025	-1.769	6.030	0.000	0.000	0.002	13	1	960652_G
135.172	34.687	5.343	1.807	0.000	0.000	0.000	11	1	950356_G
135.173	35.752	9.968	1.011	0.000	0.000	-0.006	6	1	950327_G
135.180	33.914	-5.524	6.391	0.000	0.000	0.006	13	1	950372_G
135.182	35.105	7.649	1.469	0.000	0.000	-0.003	11	1	950343_G
135.216	34.812	6.011	2.240	0.000	0.000	-0.006	11	1	950351_G
135.221	34.158	-0.118	4.758	0.000	0.000	-0.007	13	1	940069_G
135.233	35.550	8.890	1.139	0.000	0.000	-0.005	6	1	940057_G
135.326	34.977	6.168	1.940	0.000	0.000	-0.010	11	1	950348_G
135.342	34.791	4.237	2.263	0.000	0.000	-0.001	11	1	950353_G
135.358	34.256	-0.016	4.068	0.000	0.000	-0.011	13	1	950368_G
135.364	34.406	0.868	3.486	0.000	0.000	-0.007	17	1	950340_G
135.367	35.164	6.493	1.482	0.000	0.000	-0.004	11	1	950331_G
135.380	34.724	2.820	2.089	0.000	0.000	-0.008	17	1	950355_G
135.385	33.962	-6.078	5.166	0.000	0.000	0.001	13	1	950371_G
135.396	33.744	-9.616	7.347	0.000	0.000	-0.004	13	1	950375_G
135.416	35.482	7.580	1.367	0.000	0.000	-0.005	6	1	960641_G
135.431	34.084	-3.482	4.493	0.000	0.000	-0.008	13	1	960651_G
135.481	34.527	0.348	2.834	0.000	0.000	-0.012	17	1	950337_G
135.496	33.554	-13.833	8.465	0.000	0.000	-0.009	13	1	960653_G
135.501	34.838	2.697	2.108	0.000	0.000	-0.001	11	1	940067_G
135.508	33.785	-9.270	6.448	0.000	0.000	-0.001	13	1	950374_G
135.518	34.678	0.605	2.238	0.000	0.000	0.000	17	1	950336_G
135.528	34.312	-0.525	3.875	0.000	0.000	-0.003	13	1	960650_G
135.550	35.276	5.204	1.320	0.000	0.000	-0.012	6	1	960642_G
135.565	35.078	3.978	1.634	0.000	0.000	0.001	11	1	950332_G
135.587	34.425	-0.618	3.401	0.000	0.000	0.001	17	1	950339_G
135.590	34.222	-1.861	4.358	0.000	0.000	-0.028	13	1	950370_G
135.599	33.506	-17.305	9.832	0.000	0.000	0.003	13	1	950377_G
135.609	35.463	6.015	1.556	0.000	0.000	-0.001	6	1	950262_G
135.619	34.621	-0.745	2.369	0.000	0.000	0.000	17	1	960761_G
135.627	34.479	-0.928	3.048	0.000	0.000	-0.002	17	1	950338_G
135.665	34.988	2.087	1.776	0.000	0.000	-0.000	11	1	950333_G
135.685	34.778	-0.561	1.671	0.000	0.000	-0.005	17	1	950335_G
135.704	34.388	-1.402	3.173	0.000	0.000	-0.009	17	1	950366_G
135.706	34.698	-1.294	1.894	0.000	0.000	0.001	17	1	960763_G
135.709	33.637	-13.207	9.041	0.000	0.000	-0.001	13	1	970826_G
135.731	34.539	-1.825	2.563	0.000	0.000	0.003	17	1	950365_G
135.735	33.969	-9.481	5.248	0.000	0.000	0.012	13	1	970825_G
135.764	33.483	-16.777	8.504	0.000	0.000	-0.007	13	1	940070_G
135.772	34.953	0.339	1.465	0.000	0.000	-0.005	6	1	960644_G
135.773	35.053	1.528	2.418	0.000	0.000	-0.000	6	1	960643_G
135.774	35.210	3.376	0.645	0.000	0.000	0.001	6	1	950330_G
135.782	33.815	-12.353	3.593	0.000	0.000	-0.042	13	1	950373_G
135.790	34.882	-0.479	1.073	0.000	0.000	0.001	17	1	960760_G
135.820	34.574	-2.488	2.266	0.000	0.000	0.008	17	1	960764_G
135.851	34.392	-2.636	2.778	0.000	0.000	-0.033	13	1	940068_G
135.864	34.747	-1.857	1.457	0.000	0.000	0.003	17	1	950334_G
135.871	35.137	1.337	0.829	0.000	0.000	-0.027	6	1	950322_G
135.906	34.940	-0.396	0.795	0.000	0.000	0.009	17	1	950324_G
135.908	35.534	5.395	0.884	0.000	0.000	0.007	6	1	950261_G
135.913	35.351	3.790	1.011	0.000	0.000	0.001	6	1	950319_G
135.921	33.584	-13.726	8.269	0.000	0.000	0.000	13	1	950376_G
135.964	34.038	-6.875	5.684	0.000	0.000	0.007	13	1	950367_G
135.990	35.945	7.674	0.145	0.000	0.000	-0.001	6	1	950259_G
136.011	33.741	-11.063	8.808	0.000	0.000	0.019	13	1	950316_G
136.041	35.086	-0.626	1.950	0.000	0.000	-0.002	17	1	960639_G
136.050	34.567	-3.079	2.421	0.000	0.000	-0.002	13	1	950364_G
136.054	35.466	2.427	0.528	0.000	0.000	0.009	17	1	950318_G
136.055	34.869	-0.707	1.713	0.000	0.000	0.001	17	1	950326_G
136.056	35.837	5.140	1.149	0.000	0.000	-0.005	6	1	960580_G
136.063	35.319	1.458	1.033	0.000	0.000	0.004	17	1	950320_G
136.086	33.875	-9.775	6.451	0.000	0.000	0.002	13	1	950315_G
136.097	34.180	-6.380	5.490	0.000	0.000	0.004	13	1	970824_G
136.106	35.603	2.757	1.484	0.000	0.000	0.009	17	1	940056_G
136.145	34.986	-1.018	2.210	0.000	0.000	0.012	17	1	950323_G
136.158	35.095	-1.031	2.632	0.000	0.000	0.013	17	1	940062_G
136.173	36.231	8.029	0.771	0.000	0.000	0.019	6	1	940055_G
136.183	34.743	-1.075	2.657	0.000	0.000	0.004	17	1	950310_G
136.185	35.969	5.557	1.161	0.000	0.000	0.011	6	1	960579_G
136.197	35.793	4.010	3.021	0.000	0.000	0.005	6	1	950260_G
136.198	35.557	1.982	1.792	0.000	0.000	0.005	17	1	950317_G
136.236	35.269	0.002	2.405	0.000	0.000	0.009	17	1	950321_G
136.265	35.420	1.457	1.674	0.000	0.000	-0.007	17	1	960638_G
136.279	36.146	6.954	1.136	0.000	0.000	-0.003	6	1	950257_G
136.296	34.932	-2.640	2.456	0.000	0.000	-0.018	17	1	950325_G
136.330	34.649	-2.866	2.837	0.000	0.000	0.010	13	1	960635_G
136.334	34.433	-5.190	3.993	0.000	0.000	0.001	13	1	950312_G
136.343	34.208	-7.106	6.599	0.000	0.000	0.007	13	1	960637_G
136.389	36.394	8.392	1.797	0.000	0.000	0.006	6	1	950255_G
136.393	34.855	-3.904	2.768	0.000	0.000	-0.002	17	1	960634_G
136.470	35.360	-1.135	2.039	0.000	0.000	0.005	17	1	970812_G
136.489	35.636	3.561	2.689	0.000	0.000	-0.005	18	1	950285_G
136.502	34.759	-5.018	3.711	0.000	0.000	-0.004	13	1	940064_G
136.505	35.105	-3.807	2.479	0.000	0.000	-0.006	17	1	950308_G
136.541	34.285	-9.493	8.036	0.000	0.000	-0.021	13	1	950313_G
136.550	35.372	-2.248	2.123	0.000	0.000	0.004	18	1	950291_G
136.551	34.547	-6.418	4.999	0.000	0.000	-0.017	13	1	950311_G
136.593	35.228	-4.789	1.815	0.000	0.000	-0.016	18	1	950294_G
136.605	36.370	7.583	2.091	0.000	0.000	-0.013	6	1	960578_G
136.611	35.633	0.232	2.454	0.000	0.000	-0.027	18	1	950286_G
136.628	34.431	-7.737	7.071	0.000	0.000	-0.026	13	1	960636_G
136.634	36.165	5.038	1.558	0.000	0.000	-0.019	6	1	950256_G
136.637	34.914	-5.160	4.188	0.000	0.000	-0.030	18	1	950309_G
136.650	36.663	8.636	1.614	0.000	0.000	-0.058	6	1	940054_G
136.687	35.488	-2.543	2.810	0.000	0.000	-0.025	18	1	950288_G
136.694	35.051	-5.585	3.221	0.000	0.000	-0.020	18	1	960633_G
136.719	37.157	8.982	0.802	0.000	0.000	-0.009	6	1	960575_G
136.729	35.405	-3.720	2.899	0.000	0.000	-0.011	18	1	950290_G
136.756	36.817	8.667	1.330	0.000	0.000	-0.012	6	1	960577_G
136.772	37.001	8.812	1.017	0.000	0.000	-0.011	6	1	950254_G
136.789	35.301	-4.674	3.494	0.000	0.000	0.005	18	1	970822_G
136.812	62.784	2.983	-0.436	0.000	0.000	-0.002	5	1	TKL1_GPS
136.821	34.253	-10.648	9.041	0.000	0.000	-0.006	13	1	950314_G
136.829	35.190	-5.353	4.113	0.000	0.000	-0.002	18	1	950299_G
136.832	34.904	-7.304	6.099	0.000	0.000	-0.001	13	1	960632_G
136.851	34.465	-9.817	8.057	0.000	0.000	-0.003	13	1	940065_G
136.863	34.984	-6.912	4.810	0.000	0.000	-0.014	18	1	960631_G
136.868	34.823	-8.048	8.749	0.000	0.000	-0.020	13	1	950304_G
136.889	37.382	8.694	0.644	0.000	0.000	-0.011	6	1	940053_G
136.900	35.526	-4.549	3.355	0.000	0.000	-0.017	19	1	940060_G
136.904	36.261	3.214	2.735	0.000	0.000	-0.010	6	1	960617_G
136.919	37.850	8.632	0.368	0.000	0.000	-0.009	6	1	950252_G
136.921	36.402	5.629	2.873	0.000	0.000	0.000	6	1	950251_G
136.930	35.335	-5.466	4.325	0.000	0.000	-0.030	18	1	950298_G
136.953	36.033	-1.317	1.733	0.000	0.000	-0.007	19	1	950280_G
136.966	35.168	-6.188	6.003	0.000	0.000	-0.001	18	1	960630_G
136.975	35.758	-3.629	2.883	0.000	0.000	-0.002	19	1	950283_G
136.996	37.123	8.373	0.913	0.000	0.000	-0.002	6	1	960576_G
137.032	36.650	7.307	1.925	0.000	0.000	-0.001	6	1	960573_G
137.041	35.128	-7.169	6.644	0.000	0.000	-0.005	18	1	940063_G
137.060	34.995	-8.927	6.072	0.000	0.000	-0.009	13	1	950302_G
137.068	34.609	-10.119	8.841	0.000	0.000	-0.011	13	1	950307_G
137.074	35.239	-6.570	6.048	0.000	0.000	-0.007	18	1	960629_G
137.110	35.367	-5.461	5.461	0.000	0.000	0.007	19	1	950292_G
137.119	34.795	-8.726	7.705	0.000	0.000	-0.009	13	1	950305_G
137.125	35.479	-5.039	4.648	0.000	0.000	0.000	19	1	950289_G
137.139	37.307	8.075	0.803	0.000	0.000	0.002	6	1	960574_G
137.147	36.336	1.882	2.765	0.000	0.000	0.000	6	1	950279_G
137.174	35.612	-4.597	3.943	0.000	0.000	0.006	19	1	950287_G
137.195	36.634	6.380	2.211	0.000	0.000	-0.005	6	1	950249_G
137.201	35.912	-3.625	3.005	0.000	0.000	0.002	12	1	960619_G
137.248	35.800	-4.824	2.809	0.000	0.000	-0.001	19	1	940059_G
137.254	35.139	-7.473	6.628	0.000	0.000	0.005	13	1	950300_G
137.270	37.446	7.760	0.799	0.000	0.000	0.009	6	1	950253_G
137.278	34.649	-10.523	8.715	0.000	0.000	-0.002	13	1	950306_G
137.300	34.920	-8.982	6.651	0.000	0.000	-0.001	13	1	950303_G
137.313	35.039	-8.409	6.665	0.000	0.000	0.001	13	1	950301_G
137.348	36.136	-3.555	2.686	0.000	0.000	-0.004	12	1	940058_G
137.363	36.286	-1.818	1.935	0.000	0.000	-0.001	12	1	960618_G
137.370	36.737	6.171	1.965	0.000	0.000	-0.000	6	1	960572_G
137.406	35.262	-6.239	5.896	0.000	0.000	0.005	13	1	950293_G
137.414	34.672	-11.663	9.417	0.000	0.000	0.006	13	1	93056_GP
137.425	35.657	-6.100	4.841	0.000	0.000	0.005	19	1	950284_G
137.434	34.865	-9.060	7.009	0.000	0.000	0.001	13	1	93102_GP
137.440	36.579	3.828	3.137	0.000	0.000	0.001	6	1	950250_G
137.468	35.397	-6.039	6.186	0.000	0.000	-0.001	19	1	940061_G
137.487	36.929	6.279	1.429	0.000	0.000	0.003	6	1	940052_G
137.515	34.718	-10.951	9.506	0.000	0.000	-0.004	13	1	93104_GP
137.529	35.575	-6.339	6.196	0.000	0.000	0.009	19	1	970811_G
137.535	35.973	-5.574	3.997	0.000	0.000	-0.004	12	1	950281_G
137.554	34.809	-9.657	8.389	0.000	0.000	-0.004	13	1	93103_GP
137.575	34.938	-9.169	7.043	0.000	0.000	0.000	13	1	93099_GP
137.588	35.247	-6.784	5.867	0.000	0.000	-0.001	13	1	950278_G
137.596	36.577	2.159	3.646	0.000	0.000	0.000	6	1	970808_G
137.598	35.880	-6.146	4.593	0.000	0.000	-0.005	12	1	960614_G
137.633	34.701	-11.894	9.628	0.000	0.000	-0.001	13	1	93100_GP
137.676	35.344	-6.766	5.773	0.000	0.000	-0.007	13	1	960616_G
137.681	34.752	-11.331	9.121	0.000	0.000	0.001	13	1	970821_G
137.683	36.085	-6.087	4.403	0.000	0.000	0.001	12	1	960611_G
137.695	35.079	-7.487	6.823	0.000	0.000	-0.026	13	1	93084_GP
137.696	35.784	-6.730	5.496	0.000	0.000	-0.002	12	1	950274_G
137.717	34.678	-13.363	9.478	0.000	0.000	-0.004	13	1	93054_GP
137.792	34.793	-11.983	8.350	0.000	0.000	-0.002	13	1	93097_GP
137.815	35.521	-7.270	6.593	0.000	0.000	-0.002	13	1	950276_G
137.818	34.941	-9.485	8.181	0.000	0.000	-0.002	13	1	93090_GP
137.823	34.672	-13.937	9.365	0.000	0.000	-0.002	13	1	93098_GP
137.851	36.500	-2.734	3.892	0.000	0.000	-0.002	12	1	940046_G
137.868	35.161	-6.856	5.421	0.000	0.000	0.052	13	1	93083_GP
137.872	36.228	-6.928	5.121	0.000	0.000	0.080	12	1	960609_G
137.874	37.045	3.462	3.308	0.000	0.000	0.212	10	1	950245_G
137.894	36.951	3.194	3.535	0.000	0.000	0.052	10	1	960570_G
137.903	36.322	-6.237	4.910	0.000	0.000	0.014	12	1	950270_G
137.911	34.755	-13.116	7.982	0.000	0.000	0.025	13	1	93096_GP
137.925	35.317	-7.628	4.937	0.000	0.000	0.032	13	1	950277_G
137.932	34.844	-11.832	8.043	0.000	0.000	0.058	13	1	93089_GP
137.937	34.670	-14.169	9.343	0.000	0.000	0.067	13	1	93095_GP
137.944	35.924	-7.121	5.769	0.000	0.000	0.035	12	1	940047_G
137.947	34.902	-10.800	8.187	0.000	0.000	0.018	13	1	970819_G
137.980	35.032	-8.704	6.790	0.000	0.000	0.012	13	1	950295_G
137.983	36.121	-7.812	5.873	0.000	0.000	0.013	12	1	950273_G
137.984	35.726	-7.191	6.393	0.000	0.000	0.014	12	1	960615_G
137.985	36.239	-7.517	6.006	0.000	0.000	-0.033	2	1	960608_G
138.018	34.786	-12.767	7.636	0.000	0.000	-0.031	13	1	93052_GP
138.038	35.556	-6.508	6.250	0.000	0.000	-0.041	13	1	950275_G
138.047	34.666	-14.974	9.812	0.000	0.000	0.005	13	1	960624_G
138.054	34.715	-14.005	8.610	0.000	0.000	0.011	13	1	93093_GP
138.075	34.940	-10.332	7.595	0.000	0.000	0.022	13	1	93088_GP
138.082	35.045	-9.417	6.243	0.000	0.000	0.021	13	1	970818_G
138.098	34.680	-15.066	9.667	0.000	0.000	0.017	13	1	960622_G
138.100	37.161	2.010	4.511	0.000	0.000	0.071	10	1	950243_G
138.135	35.104	-10.147	5.448	0.000	0.000	-0.023	13	1	93079_GP
138.137	34.758	-13.416	8.634	0.000	0.000	0.033	13	1	93091_GP
138.159	34.635	-17.855	11.214	0.000	0.000	0.030	13	1	960625_G
138.177	34.849	-11.732	7.850	0.000	0.000	0.034	13	1	970820_G
138.183	34.678	-16.953	10.432	0.000	0.000	0.052	13	1	960623_G
138.199	36.865	-0.127	3.766	0.000	0.000	0.061	10	1	950247_G
138.214	36.026	-8.714	6.970	0.000	0.000	0.005	2	1	960612_G
138.216	36.208	-8.714	6.591	0.000	0.000	0.023	2	1	950271_G
138.226	34.738	-15.116	9.763	0.000	0.000	0.041	13	1	93092_GP
138.243	37.057	0.455	4.668	0.000	0.000	0.042	10	1	960569_G
138.247	36.665	-5.110	4.327	0.000	0.000	0.018	2	1	950267_G
138.250	34.954	-12.008	9.105	0.000	0.000	0.037	13	1	93082_GP
138.254	35.201	-12.120	6.981	0.000	0.000	0.024	13	1	93074_GP
138.273	37.816	3.846	3.003	0.000	0.000	0.041	6	1	950235_G
138.316	35.856	-8.497	7.465	0.000	0.000	0.029	2	1	950263_G
138.323	36.386	-8.350	5.969	0.000	0.000	0.002	2	1	950268_G
138.334	37.231	0.519	4.887	0.000	0.000	-0.060	10	1	950241_G
138.370	38.024	3.836	2.530	0.000	0.000	-0.190	6	1	960565_G
138.378	34.991	-13.753	8.240	0.000	0.000	-0.060	13	1	93081_GP
138.436	36.802	-5.728	5.225	0.000	0.000	-0.040	2	1	950265_G
138.445	35.444	-9.079	6.123	0.000	0.000	-0.090	13	1	93069_GP
138.446	35.289	-9.986	6.175	0.000	0.000	-0.030	13	1	93073_GP
138.457	35.674	-10.452	7.179	0.000	0.000	-0.040	2	1	970809_G
138.461	36.131	-9.633	6.646	0.000	0.000	-0.310	2	1	950272_G
138.472	38.063	3.455	3.003	0.000	0.000	-0.050	6	1	950233_G
138.499	36.285	-9.611	6.252	0.000	0.000	-0.080	2	1	960610_G
138.513	38.319	3.266	2.722	0.000	0.000	0.006	6	1	950232_G
138.516	37.349	0.305	4.403	0.000	0.000	0.008	10	1	960567_G
138.525	35.067	-14.490	8.423	0.000	0.000	-0.005	13	1	93077_GP
138.553	36.508	-9.186	5.938	0.000	0.000	-0.004	2	1	950221_G
138.563	35.362	-10.135	5.982	0.000	0.000	-0.002	2	1	93071_GP
138.574	37.398	0.256	4.224	0.000	0.000	0.001	10	1	940051_G
138.583	35.974	-10.101	6.233	0.000	0.000	-0.005	2	1	960613_G
138.591	36.616	-8.907	5.892	0.000	0.000	-0.003	2	1	960591_G
138.609	37.079	-4.112	5.021	0.000	0.000	-0.002	2	1	950244_G
138.610	35.117	-16.064	8.915	0.000	0.000	-0.003	13	1	970815_G
138.617	35.203	-12.379	7.591	0.000	0.000	-0.002	16	1	93075_GP
138.638	36.346	-10.108	5.984	0.000	0.000	-0.003	2	1	950269_G
138.690	35.650	-11.413	7.014	0.000	0.000	-0.004	2	1	960606_G
138.695	35.747	-11.445	6.258	0.000	0.000	0.004	2	1	950264_G
138.707	37.536	0.202	3.979	0.000	0.000	0.005	10	1	960566_G
138.722	35.174	-14.818	7.147	0.000	0.000	-0.003	16	1	93076_GP
138.771	35.306	-12.748	6.879	0.000	0.000	-0.005	16	1	93072_GP
138.777	34.855	-19.680	8.971	0.000	0.000	-0.008	16	1	960620_G
138.780	37.499	-0.831	3.910	0.000	0.000	0.000	10	1	970807_G
138.781	37.668	0.523	3.727	0.000	0.000	0.005	10	1	950237_G
138.786	34.776	-22.626	11.166	0.000	0.000	0.001	16	1	93085_GP
138.790	37.311	-3.730	4.981	0.000	0.000	0.002	2	1	950240_G
138.814	35.497	-11.708	6.745	0.000	0.000	-0.002	2	1	93070_GP
138.831	36.993	-7.914	5.985	0.000	0.000	0.000	2	1	950246_G
138.838	34.610	-24.937	12.804	0.000	0.000	0.001	16	1	93086_GP
138.865	36.259	-11.154	5.639	0.000	0.000	-0.001	2	1	940045_G
138.876	34.719	-23.061	10.778	0.000	0.000	-0.014	16	1	970814_G
138.880	37.777	0.155	3.277	0.000	0.000	0.000	10	1	970806_G
138.902	35.110	-17.196	6.896	0.000	0.000	0.000	16	1	93043_GP
138.906	36.697	-10.366	5.808	0.000	0.000	0.000	2	1	940044_G
138.907	35.047	-17.408	7.124	0.000	0.000	0.000	16	1	960626_G
138.912	36.143	-11.447	5.671	0.000	0.000	0.000	2	1	960593_G
138.920	37.590	-2.284	3.735	0.000	0.000	0.000	10	1	970810_G
138.922	34.866	-19.356	8.601	0.000	0.000	0.000	16	1	950297_G
138.925	34.916	-18.447	8.167	0.000	0.000	0.000	16	1	93049_GP
138.928	35.204	-16.134	7.099	0.000	0.000	0.000	16	1	960621_G
138.934	37.166	-7.050	5.817	0.000	0.000	0.000	2	1	950242_G
138.939	34.699	-23.429	10.169	0.000	0.000	0.000	16	1	960628_G
138.945	36.778	-10.136	5.864	0.000	0.000	0.000	2	1	970802_G
138.974	35.114	-17.496	6.819	0.000	0.000	0.000	16	1	970813_G
138.976	35.623	-12.877	7.180	0.000	0.000	0.000	2	1	93064_GP
138.989	37.896	0.215	3.528	0.000	0.000	0.000	10	1	940050_G
138.990	34.751	-22.288	9.377	0.000	0.000	0.000	16	1	93053_GP
138.998	37.468	-4.736	4.745	0.000	0.000	0.000	2	1	950239_G
139.014	34.922	-18.480	8.460	0.000	0.000	0.000	16	1	93061_GP
139.020	37.320	-6.345	5.376	0.000	0.000	0.000	2	1	960568_G
139.026	35.512	-13.719	8.493	0.000	0.000	0.000	2	1	960607_G
139.045	35.415	-15.411	9.005	0.000	0.000	0.000	9	1	93031_GP
139.049	35.246	-15.239	8.463	0.000	0.000	0.000	16	1	93068_GP
139.057	36.539	-11.448	5.362	0.000	0.000	0.000	2	1	960752_G
139.059	37.662	-4.080	4.280	0.000	0.000	0.000	2	1	950238_G
139.067	36.235	-11.796	5.464	0.000	0.000	0.000	2	1	960592_G
139.070	34.951	-18.118	9.202	0.000	0.000	0.000	16	1	92108_GP
139.074	37.752	-3.534	3.760	0.000	0.000	0.000	2	1	960571_G
139.076	35.987	-12.167	6.268	0.000	0.000	0.000	2	1	950223_G
139.124	34.878	-20.148	9.622	0.000	0.000	0.000	16	1	93062_GP
139.134	34.200	-24.352	18.469	0.000	0.000	0.000	15	1	93058_GP
139.157	35.610	-13.912	9.761	0.000	0.000	0.000	2	1	93065_GP
139.163	35.336	-16.464	13.631	0.000	0.000	0.000	9	1	950229_G
139.182	35.884	-12.525	7.320	0.000	0.000	0.000	2	1	960754_G
139.211	34.333	-26.188	18.868	0.000	0.000	0.000	15	1	960597_G
139.225	36.770	-11.110	5.289	0.000	0.000	0.000	2	1	950220_G
139.226	37.828	-5.450	3.908	0.000	0.000	0.000	2	1	970805_G
139.253	38.465	-1.228	5.240	0.000	0.000	0.000	10	1	950231_G
139.263	35.305	-18.196	15.628	0.000	0.000	0.000	9	1	93035_GP
139.268	35.724	-12.861	9.407	0.000	0.000	0.000	2	1	93063_GP
139.269	36.004	-12.248	6.450	0.000	0.000	0.000	2	1	960753_G
139.271	34.520	-25.133	16.986	0.000	0.000	0.000	15	1	960596_G
139.323	35.483	-15.497	11.707	0.000	0.000	0.000	9	1	93029_GP
139.330	36.422	-12.292	4.910	0.000	0.000	0.000	2	1	950222_G
139.345	36.121	-12.283	5.769	0.000	0.000	0.000	2	1	93005_GP
139.351	37.929	-8.380	4.856	0.000	0.000	0.000	2	1	950234_G
139.364	37.303	-8.391	4.848	0.000	0.000	0.000	2	1	950206_G
139.366	35.801	-12.520	8.501	0.000	0.000	0.000	2	1	960755_G
139.370	35.616	-13.072	10.283	0.000	0.000	0.000	9	1	960758_G
139.402	37.037	-9.906	5.148	0.000	0.000	0.000	2	1	970801_G
139.462	38.056	-9.396	5.472	0.000	0.000	0.000	2	1	960564_G
139.464	35.926	-12.404	7.103	0.000	0.000	0.000	2	1	93011_GP
139.466	35.327	-19.795	16.426	0.000	0.000	0.000	9	1	93034_GP
139.468	35.521	-15.542	11.234	0.000	0.000	0.000	9	1	93028_GP
139.478	37.686	-8.918	4.233	0.000	0.000	0.000	2	1	950236_G
139.479	34.076	-21.953	20.857	0.000	0.000	0.000	15	1	960600_G
139.488	35.710	-13.500	9.866	0.000	0.000	0.000	9	1	93019_GP
139.491	36.624	-12.371	4.401	0.000	0.000	0.000	2	1	960589_G
139.504	37.281	-9.152	4.486	0.000	0.000	0.000	2	1	950207_G
139.510	38.231	-9.129	6.133	0.000	0.000	0.000	2	1	940049_G
139.522	35.419	-17.581	14.607	0.000	0.000	0.000	9	1	970804_G
139.529	37.473	-9.184	4.022	0.000	0.000	0.000	2	1	950204_G
139.547	34.059	-21.653	21.009	0.000	0.000	0.000	15	1	93060_GP
139.548	39.186	-1.160	5.995	0.000	0.000	0.000	10	1	950194_G
139.556	38.556	-4.416	6.554	0.000	0.000	0.000	2	1	940034_G
139.586	37.097	-10.240	4.620	0.000	0.000	0.000	2	1	960563_G
139.619	36.666	-12.762	4.196	0.000	0.000	0.000	2	1	950218_G
139.631	35.664	-14.862	11.419	0.000	0.000	0.000	9	1	950228_G
139.637	36.087	-12.897	6.382	0.000	0.000	0.000	2	1	93007_GP
139.643	35.759	-13.663	9.855	0.000	0.000	0.000	9	1	93017_GP
139.652	35.937	-12.794	7.163	0.000	0.000	0.000	2	1	93013_GP
139.654	35.436	-16.471	13.717	0.000	0.000	0.000	9	1	93032_GP
139.673	35.563	-15.260	11.634	0.000	0.000	0.000	9	1	93026_GP
139.726	36.402	-13.591	5.184	0.000	0.000	0.000	2	1	940043_G
139.742	38.146	-10.702	5.807	0.000	0.000	0.000	2	1	950197_G
139.765	32.464	-27.365	27.679	0.000	0.000	0.000	15	1	960602_G
139.776	39.968	-1.592	4.843	0.000	0.000	0.000	2	1	940030_G
139.792	37.644	-11.563	4.122	0.000	0.000	0.000	2	1	940040_G
139.796	35.896	-13.133	7.820	0.000	0.000	0.000	9	1	950224_G
139.797	33.120	-21.821	27.925	0.000	0.000	0.000	15	1	95113_GP
139.798	36.011	-13.016	6.962	0.000	0.000	0.000	9	1	93008_GP
139.806	36.980	-12.104	4.535	0.000	0.000	0.000	2	1	960586_G
139.809	38.895	-5.405	7.374	0.000	0.000	0.000	2	1	940032_G
139.811	36.204	-13.329	6.231	0.000	0.000	0.000	2	1	93003_GP
139.813	35.780	-13.149	9.240	0.000	0.000	0.000	9	1	93016_GP
139.826	35.312	-18.839	17.095	0.000	0.000	0.000	9	1	93036_GP
139.832	38.594	-7.952	6.829	0.000	0.000	0.000	2	1	950196_G
139.844	35.144	-21.398	21.232	0.000	0.000	0.000	9	1	93039_GP
139.851	39.889	-1.926	5.051	0.000	0.000	0.000	2	1	960551_G
139.854	36.776	-13.531	4.401	0.000	0.000	0.000	2	1	960587_G
139.864	34.954	-21.163	26.395	0.000	0.000	0.000	9	1	93047_GP
139.871	37.261	-11.907	4.028	0.000	0.000	0.000	2	1	950209_G
139.902	35.675	-12.959	8.935	0.000	0.000	0.000	9	1	93023_GP
139.908	39.206	-3.736	7.411	0.000	0.000	0.000	2	1	950191_G
139.923	36.599	-14.517	4.531	0.000	0.000	0.000	9	1	950219_G
139.927	39.016	-5.592	7.867	0.000	0.000	0.000	2	1	960555_G
139.928	40.578	-3.037	5.098	0.000	0.000	0.000	2	1	950154_G
139.954	35.255	-19.572	17.592	0.000	0.000	0.000	9	1	93045_GP
139.957	38.760	-8.385	7.565	0.000	0.000	0.000	2	1	950195_G
139.975	35.003	-21.445	24.527	0.000	0.000	0.000	9	1	950227_G
139.988	36.301	-13.995	5.897	0.000	0.000	0.000	9	1	960582_G
139.993	35.940	-13.557	6.931	0.000	0.000	0.000	9	1	93012_GP
140.025	35.786	-13.605	8.211	0.000	0.000	0.000	9	1	93018_GP
140.039	36.854	-14.524	4.832	0.000	0.000	0.000	9	1	950217_G
140.041	41.466	-3.419	4.499	0.000	0.000	0.000	2	1	940023_G
140.044	40.230	-3.403	5.731	0.000	0.000	0.000	2	1	950184_G
140.045	39.826	-3.050	5.687	0.000	0.000	0.000	2	1	960552_G
140.048	35.657	-13.424	8.965	0.000	0.000	0.000	9	1	950225_G
140.051	35.448	-14.545	11.438	0.000	0.000	0.000	9	1	93030_GP
140.073	37.567	-14.461	4.469	0.000	0.000	0.000	9	1	950202_G
140.078	36.365	-14.407	5.553	0.000	0.000	0.000	9	1	950215_G
140.079	35.112	-20.038	20.165	0.000	0.000	0.000	9	1	93044_GP
140.094	37.964	-13.696	6.257	0.000	0.000	0.000	2	1	950198_G
140.095	38.434	-12.080	6.607	0.000	0.000	0.000	2	1	970799_G
140.132	39.936	-3.667	5.953	0.000	0.000	0.000	2	1	950186_G
140.136	37.425	-15.046	4.197	0.000	0.000	0.000	9	1	960561_G
140.147	35.333	-17.299	14.948	0.000	0.000	0.000	9	1	93037_GP
140.158	36.692	-15.581	5.203	0.000	0.000	0.000	9	1	960588_G
140.162	39.164	-5.979	8.846	0.000	0.000	0.000	2	1	950192_G
140.165	36.952	-15.297	5.112	0.000	0.000	0.000	9	1	960585_G
140.174	36.263	-14.253	6.026	0.000	0.000	0.000	9	1	93002_GP
140.179	36.542	-15.265	5.118	0.000	0.000	0.000	9	1	960590_G
140.187	35.544	-12.728	10.018	0.000	0.000	0.000	9	1	93025_GP
140.200	38.289	-13.946	6.555	0.000	0.000	0.000	2	1	970803_G
140.202	36.031	-13.763	6.529	0.000	0.000	0.000	9	1	960584_G
140.206	37.616	-15.810	5.178	0.000	0.000	0.000	9	1	960559_G
140.234	39.658	-3.845	6.680	0.000	0.000	0.000	2	1	950188_G
140.260	37.126	-16.090	4.871	0.000	0.000	0.000	9	1	950210_G
140.264	40.271	-4.219	6.476	0.000	0.000	0.000	2	1	950182_G
140.268	35.166	-16.693	18.222	0.000	0.000	0.000	9	1	93041_GP
140.271	38.148	-15.075	6.608	0.000	0.000	0.000	9	1	960557_G
140.273	40.779	-4.625	4.887	0.000	0.000	0.000	2	1	940026_G
140.293	36.651	-15.806	5.505	0.000	0.000	0.000	9	1	950213_G
140.315	35.717	-13.215	8.196	0.000	0.000	0.000	9	1	93020_GP
140.316	41.599	-4.531	4.097	0.000	0.000	0.000	2	1	950149_G
140.318	35.530	-13.512	10.434	0.000	0.000	0.000	9	1	93027_GP
140.319	38.759	-12.481	9.055	0.000	0.000	0.000	2	1	940033_G
140.325	37.362	-16.963	4.792	0.000	0.000	0.000	9	1	940039_G
140.337	35.421	-16.304	13.419	0.000	0.000	0.000	9	1	93033_GP
140.343	36.097	-14.196	6.183	0.000	0.000	0.000	9	1	93006_GP
140.365	38.497	-15.687	7.121	0.000	0.000	0.000	2	1	960556_G
140.366	38.331	-16.156	6.545	0.000	0.000	0.000	9	1	940035_G
140.385	35.243	-17.169	17.113	0.000	0.000	0.000	9	1	950226_G
140.387	39.549	-4.642	7.752	0.000	0.000	0.000	2	1	950189_G
140.402	40.007	-4.808	7.050	0.000	0.000	0.000	2	1	950185_G
140.403	35.970	-13.762	6.742	0.000	0.000	0.000	9	1	93010_GP
140.407	35.803	-13.398	7.434	0.000	0.000	0.000	9	1	93015_GP
140.413	36.862	-17.319	6.350	0.000	0.000	0.000	9	1	950212_G
140.443	37.990	-17.450	6.978	0.000	0.000	0.000	9	1	950180_G
140.448	35.642	-12.919	8.387	0.000	0.000	0.000	9	1	93024_GP
140.452	40.910	-5.192	4.441	0.000	0.000	0.000	2	1	960542_G
140.466	37.683	-18.408	6.514	0.000	0.000	0.000	9	1	950200_G
140.476	36.344	-14.412	5.444	0.000	0.000	0.000	9	1	950216_G
140.479	40.624	-4.534	5.466	0.000	0.000	0.000	2	1	960540_G
140.491	41.185	-5.230	4.301	0.000	0.000	0.000	2	1	960534_G
140.498	36.743	-17.228	5.852	0.000	0.000	0.000	9	1	960581_G
140.499	43.057	-5.188	3.422	0.000	0.000	0.000	1	1	950126_G
140.507	39.199	-7.778	10.540	0.000	0.000	0.000	2	1	960554_G
140.544	42.985	-5.939	3.224	0.000	0.000	0.000	1	1	950127_G
140.560	39.327	-6.818	9.873	0.000	0.000	0.000	2	1	950190_G
140.562	37.089	-18.749	6.685	0.000	0.000	0.000	9	1	950211_G
140.568	42.099	-7.466	3.964	0.000	0.000	0.000	9	1	950146_G
140.577	40.325	-4.445	7.315	0.000	0.000	0.000	2	1	950181_G
140.578	40.524	-4.330	6.158	0.000	0.000	0.000	2	1	950155_G
140.589	40.706	-4.690	5.130	0.000	0.000	0.000	2	1	960538_G
140.597	39.749	-5.707	7.874	0.000	0.000	0.000	2	1	950187_G
140.612	36.540	-13.877	2.331	0.000	0.000	0.000	9	1	940042_G
140.630	39.052	-10.744	12.035	0.000	0.000	0.000	2	1	950193_G
140.636	41.043	-5.375	4.587	0.000	0.000	0.000	2	1	950151_G
140.643	38.206	-19.938	6.846	0.000	0.000	0.000	9	1	950178_G
140.646	37.984	-20.197	7.383	0.000	0.000	0.000	9	1	970797_G
140.647	35.777	-11.707	6.414	0.000	0.000	0.000	9	1	93021_GP
140.659	35.955	-13.951	6.002	0.000	0.000	0.000	9	1	93009_GP
140.662	37.325	-19.633	6.594	0.000	0.000	0.000	9	1	950205_G
140.667	42.123	-8.335	3.926	0.000	0.000	0.000	9	1	960528_G
140.715	41.977	-8.163	3.956	0.000	0.000	0.000	9	1	960529_G
140.733	39.703	-6.755	8.481	0.000	0.000	0.000	2	1	960553_G
140.748	41.826	-7.796	3.973	0.000	0.000	0.000	9	1	940022_G
140.754	36.800	-21.138	5.522	0.000	0.000	0.000	9	1	950214_G
140.755	37.561	-21.334	7.133	0.000	0.000	0.000	9	1	950201_G
140.769	39.351	-8.605	10.462	0.000	0.000	0.000	9	1	960544_G
140.787	40.215	-4.583	8.638	0.000	0.000	0.000	2	1	950183_G
140.802	38.749	-17.290	11.297	0.000	0.000	0.000	9	1	950174_G
140.803	40.644	-4.745	5.684	0.000	0.000	0.000	2	1	960541_G
140.806	42.043	-9.011	4.113	0.000	0.000	0.000	9	1	950147_G
140.822	41.146	-6.295	4.196	0.000	0.000	0.000	9	1	960535_G
140.823	40.045	-5.547	9.044	0.000	0.000	0.000	2	1	970798_G
140.830	40.841	-5.761	4.768	0.000	0.000	0.000	9	1	940025_G
140.834	37.325	-20.773	7.502	0.000	0.000	0.000	9	1	960562_G
140.837	35.726	-10.661	5.930	0.000	0.000	0.000	9	1	93022_GP
140.842	37.018	-21.831	8.626	0.000	0.000	0.000	9	1	970800_G
140.844	38.030	-22.470	8.161	0.000	0.000	0.000	9	1	950179_G
140.848	38.546	-20.124	9.529	0.000	0.000	0.000	9	1	960548_G
140.851	38.412	-21.205	8.493	0.000	0.000	0.000	9	1	950177_G
140.861	43.210	-6.053	3.401	0.000	0.000	0.000	1	1	960517_G
140.872	40.913	-6.196	4.544	0.000	0.000	0.000	9	1	960536_G
140.881	41.455	-7.401	3.826	0.000	0.000	0.000	9	1	950150_G
140.883	42.858	-8.897	2.637	0.000	0.000	0.000	1	1	950129_G
140.903	37.091	-21.512	8.854	0.000	0.000	0.000	9	1	940041_G
140.908	37.801	-23.209	8.419	0.000	0.000	0.000	9	1	940038_G
140.946	37.818	-23.493	8.664	0.000	0.000	0.000	9	1	960558_G
140.954	38.317	-22.525	8.897	0.000	0.000	0.000	9	1	940037_G
140.988	39.127	-13.835	11.612	0.000	0.000	0.000	9	1	970796_G
140.991	38.815	-18.409	11.668	0.000	0.000	0.000	9	1	950173_G
140.994	37.285	-21.492	8.050	0.000	0.000	0.000	9	1	950208_G
141.007	37.534	-23.044	8.323	0.000	0.000	0.000	9	1	950203_G
141.031	43.178	-7.022	3.258	0.000	0.000	0.000	1	1	940013_G
141.038	45.276	3.734	2.690	0.000	0.000	0.000	1	1	950102_G
141.055	39.363	-12.325	10.809	0.000	0.000	0.000	9	1	950168_G
141.076	40.291	-5.600	7.442	0.000	0.000	0.000	9	1	950157_G
141.132	40.862	-7.569	4.536	0.000	0.000	0.000	9	1	960537_G
141.141	41.834	-10.268	6.993	0.000	0.000	0.000	9	1	950148_G
141.148	38.539	-23.607	10.771	0.000	0.000	0.000	9	1	950176_G
141.165	39.851	-10.568	8.844	0.000	0.000	0.000	9	1	950163_G
141.167	45.138	3.137	2.794	0.000	0.000	0.000	1	1	960501_G
141.172	39.597	-12.336	9.850	0.000	0.000	0.000	9	1	950166_G
141.198	40.625	-7.522	4.570	0.000	0.000	0.000	9	1	950153_G
141.213	38.425	-25.305	10.877	0.000	0.000	0.000	9	1	960549_G
141.225	39.981	-9.668	8.134	0.000	0.000	0.000	9	1	950161_G
141.275	38.900	-22.813	10.912	0.000	0.000	0.000	9	1	960545_G
141.290	42.971	-9.664	2.764	0.000	0.000	0.000	1	1	950128_G
141.294	40.291	-7.216	5.426	0.000	0.000	0.000	9	1	950159_G
141.330	44.427	-0.006	3.650	0.000	0.000	0.000	1	1	950106_G
141.361	42.550	-10.467	3.656	0.000	0.000	0.000	1	1	950139_G
141.368	40.968	-9.304	5.371	0.000	0.000	0.000	9	1	950152_G
141.371	43.624	-5.194	3.708	0.000	0.000	0.000	1	1	970785_G
141.376	40.676	-9.723	4.635	0.000	0.000	0.000	9	1	960539_G
141.407	42.773	-10.916	2.434	0.000	0.000	0.000	1	1	960523_G
141.431	43.405	-7.140	3.377	0.000	0.000	0.000	1	1	950117_G
141.441	38.449	-27.904	11.234	0.000	0.000	0.000	9	1	940036_G
141.448	41.405	-11.420	6.569	0.000	0.000	0.000	9	1	960533_G
141.449	38.683	-26.600	10.857	0.000	0.000	0.000	9	1	950175_G
141.453	39.849	-12.729	7.127	0.000	0.000	0.000	9	1	970795_G
141.462	40.049	-10.222	5.505	0.000	0.000	0.000	9	1	950160_G
141.501	38.301	-29.054	11.100	0.000	0.000	0.000	9	1	960550_G
141.510	43.854	-4.131	3.995	0.000	0.000	0.000	1	1	940008_G
141.511	40.515	-10.230	4.025	0.000	0.000	0.000	9	1	950156_G
141.534	39.338	-15.855	9.568	0.000	0.000	0.000	9	1	950169_G
141.540	43.078	-10.097	2.783	0.000	0.000	0.000	1	1	960520_G
141.573	38.903	-23.561	10.680	0.000	0.000	0.000	9	1	950172_G
141.575	39.143	-19.179	10.508	0.000	0.000	0.000	9	1	960546_G
141.577	42.884	-11.119	2.526	0.000	0.000	0.000	1	1	960522_G
141.598	45.220	2.325	2.505	0.000	0.000	0.000	1	1	970778_G
141.602	42.656	-10.462	3.124	0.000	0.000	0.000	1	1	950136_G
141.665	44.149	-2.681	4.129	0.000	0.000	0.000	1	1	970783_G
141.675	39.596	-14.044	7.254	0.000	0.000	0.000	9	1	960547_G
141.713	40.405	-10.639	4.223	0.000	0.000	0.000	9	1	950158_G
141.731	42.983	-11.738	2.734	0.000	0.000	0.000	1	1	940014_G
141.740	39.024	-21.040	9.780	0.000	0.000	0.000	9	1	950171_G
141.741	44.892	0.765	2.992	0.000	0.000	0.000	1	1	950104_G
141.750	45.403	1.703	2.062	0.000	0.000	0.000	1	1	940001_G
141.756	44.398	-1.458	3.891	0.000	0.000	0.000	1	1	940003_G
141.789	40.133	-10.067	3.149	0.000	0.000	0.000	9	1	940027_G
141.794	44.640	-0.471	3.484	0.000	0.000	0.000	1	1	970781_G
141.798	39.254	-17.063	8.790	0.000	0.000	0.000	9	1	950170_G
141.804	39.849	-12.340	4.206	0.000	0.000	0.000	9	1	950164_G
141.864	42.729	-10.760	3.086	0.000	0.000	0.000	8	1	950132_G
141.874	43.741	-7.320	4.540	0.000	0.000	0.000	1	1	960509_G
141.891	43.248	-12.207	3.935	0.000	0.000	0.000	8	1	960516_G
141.940	39.572	-13.291	5.293	0.000	0.000	0.000	9	1	940028_G
141.951	39.869	-10.914	3.275	0.000	0.000	0.000	9	1	950162_G
141.955	39.458	-14.723	5.766	0.000	0.000	0.000	9	1	950167_G
142.060	42.481	-7.888	4.866	0.000	0.000	0.000	9	1	950141_G
142.065	49.076	5.126	1.868	0.000	0.000	0.000	6	1	UGLE_GPS
142.085	42.934	-15.260	4.857	0.000	0.000	0.000	8	1	970790_G
142.152	44.007	-6.873	5.487	0.000	0.000	0.000	8	1	950110_G
142.157	49.637	4.817	1.644	0.000	0.000	0.000	6	1	BOSH_GUG
142.170	45.336	-0.758	2.688	0.000	0.000	0.000	8	1	950101_G
142.185	27.096	-39.418	24.041	0.000	0.000	0.000	15	1	942003_G
142.265	44.365	-4.460	5.029	0.000	0.000	0.000	8	1	970782_G
142.296	42.727	-17.309	7.189	0.000	0.000	0.000	8	1	950133_G
142.352	45.127	-1.417	3.416	0.000	0.000	0.000	8	1	970779_G
142.365	42.357	-13.889	6.236	0.000	0.000	0.000	8	1	940016_G
142.395	43.336	-14.830	6.824	0.000	0.000	0.000	8	1	960514_G
142.402	42.981	-18.337	7.872	0.000	0.000	0.000	8	1	940012_G
142.410	43.739	-9.768	6.813	0.000	0.000	0.000	8	1	960508_G
142.482	43.590	-11.818	7.340	0.000	0.000	0.000	8	1	940007_G
142.537	45.002	-2.120	3.884	0.000	0.000	0.000	8	1	950103_G
142.543	49.690	3.318	1.173	0.000	0.000	0.000	6	1	AIVA_GPS
142.567	42.248	-16.571	7.270	0.000	0.000	0.000	9	1	950142_G
142.578	43.908	-8.267	7.182	0.000	0.000	0.000	8	1	960506_G
142.626	44.295	-5.237	6.015	0.000	0.000	0.000	8	1	950107_G
142.643	43.432	-14.350	8.523	0.000	0.000	0.000	8	1	970787_G
142.717	47.030	-0.426	1.353	0.000	0.000	0.000	8	1	YSSK_GPS
142.718	44.780	-3.097	4.615	0.000	0.000	0.000	8	1	970780_G
142.759	48.573	1.726	0.413	0.000	0.000	0.000	8	1	PORE_GUG
142.810	43.166	-17.995	10.479	0.000	0.000	0.000	8	1	960518_G
142.817	49.838	2.132	0.516	0.000	0.000	0.000	8	1	PBDN_GPS
142.870	43.014	-19.400	11.996	0.000	0.000	0.000	8	1	970789_G
142.903	43.771	-9.956	8.753	0.000	0.000	0.000	8	1	960510_G
142.935	42.131	-20.206	9.126	0.000	0.000	0.000	9	1	950144_G
142.946	53.602	1.542	-0.527	0.000	0.000	0.000	8	1	OKHA_GPS
142.947	43.334	-15.785	10.471	0.000	0.000	0.000	8	1	970786_G
142.964	44.582	-4.122	5.456	0.000	0.000	0.000	8	1	960502_G
143.077	44.192	-6.243	7.090	0.000	0.000	0.000	8	1	960504_G
143.103	42.699	-21.237	15.094	0.000	0.000	0.000	8	1	950134_G
143.152	42.486	-23.799	13.390	0.000	0.000	0.000	8	1	970793_G
143.157	42.006	-23.546	10.412	0.000	0.000	0.000	9	1	940019_G
143.171	42.939	-20.086	13.764	0.000	0.000	0.000	8	1	960521_G
143.224	44.434	-4.995	6.179	0.000	0.000	0.000	8	1	940002_G
143.242	64.566	1.779	0.835	0.000	0.000	0.000	5	1	UNR1_GPS
143.246	63.260	2.528	0.909	0.000	0.000	0.000	5	1	TOM1_GPS
143.270	49.922	0.749	0.294	0.000	0.000	0.000	8	1	PERV_GPS
143.298	43.232	-17.262	11.912	0.000	0.000	0.000	8	1	950123_G
143.316	42.126	-26.795	13.554	0.000	0.000	0.000	8	1	960532_G
143.331	42.322	-27.125	14.756	0.000	0.000	0.000	8	1	940015_G
143.334	44.006	-7.724	8.116	0.000	0.000	0.000	8	1	950111_G
143.459	43.029	-20.587	13.907	0.000	0.000	0.000	8	1	940011_G
143.461	42.552	-23.629	16.658	0.000	0.000	0.000	8	1	950138_G
143.495	42.807	-22.411	16.220	0.000	0.000	0.000	8	1	970791_G
143.562	43.289	-17.227	12.344	0.000	0.000	0.000	8	1	950121_G
143.578	43.671	-11.424	9.914	0.000	0.000	0.000	8	1	960511_G
143.616	44.220	-6.610	7.168	0.000	0.000	0.000	8	1	960503_G
143.646	50.049	0.315	0.283	0.000	0.000	0.000	8	1	PILG_GPS
143.787	43.849	-10.101	8.917	0.000	0.000	0.000	8	1	950114_G
143.804	50.292	0.235	0.232	0.000	0.000	0.000	8	1	OKRG_GPS
143.902	43.102	-21.627	15.872	0.000	0.000	0.000	8	1	970788_G
143.927	42.895	-21.588	16.882	0.000	0.000	0.000	8	1	950112_G
144.030	44.064	-8.971	8.143	0.000	0.000	0.000	8	1	950108_G
144.115	43.828	-12.044	9.579	0.000	0.000	0.000	8	1	960507_G
144.127	43.121	-22.444	16.800	0.000	0.000	0.000	8	1	950124_G
144.293	43.989	-10.957	9.243	0.000	0.000	0.000	8	1	960505_G
144.325	43.233	-22.920	16.800	0.000	0.000	0.000	8	1	950122_G
144.432	42.963	-24.463	15.979	0.000	0.000	0.000	8	1	940010_G
144.449	43.508	-19.695	14.271	0.000	0.000	0.000	8	1	940005_G
144.506	43.723	-16.218	12.326	0.000	0.000	0.000	8	1	970784_G
144.598	43.307	-24.186	17.297	0.000	0.000	0.000	8	1	960515_G
144.676	43.916	-13.646	11.649	0.000	0.000	0.000	8	1	940004_G
144.719	42.983	-27.840	16.615	0.000	0.000	0.000	8	1	960531_G
144.774	43.409	-23.550	16.936	0.000	0.000	0.000	8	1	950116_G
144.843	43.058	-28.430	17.692	0.000	0.000	0.000	8	1	950125_G
144.987	43.549	-21.564	16.184	0.000	0.000	0.000	8	1	950113_G
145.115	43.383	-25.260	16.870	0.000	0.000	0.000	8	1	950118_G
145.130	43.070	-29.841	17.940	0.000	0.000	0.000	8	1	940009_G
145.131	43.662	-19.459	15.506	0.000	0.000	0.000	8	1	950115_G
145.186	44.019	-12.808	12.454	0.000	0.000	0.000	8	1	950109_G
145.259	43.232	-28.829	17.083	0.000	0.000	0.000	8	1	960512_G
145.511	43.290	-28.949	16.241	0.000	0.000	0.000	8	1	940006_G
145.520	43.195	-30.509	18.033	0.000	0.000	0.000	8	1	960519_G
145.801	43.367	-28.716	15.038	0.000	0.000	0.000	8	1	950119_G
147.431	61.883	0.194	-1.134	0.000	0.000	0.000	8	1	KUL1_GPS
148.168	62.779	-0.171	-1.060	0.000	0.000	0.000	8	1	SUS1_GPS
150.770	59.580	-0.319	-0.624	0.000	0.000	0.000	8	1	MAGO_GPS
151.887	7.447	-71.511	39.783	0.000	0.000	0.000	4	1	TRUK_GPS
152.392	61.130	-0.383	-0.620	0.000	0.000	0.000	8	1	TAL1_GPS
152.422	62.925	-0.954	0.570	0.000	0.000	0.000	3	1	SEY2_GPS
153.979	24.290	-75.832	40.898	0.000	0.000	0.000	4	1	MARC_GPS
155.770	62.518	-0.937	0.748	0.000	0.000	0.000	3	1	OMS1_GPS
155.962	54.304	-2.836	2.079	0.000	0.000	0.000	8	1	SOBL_GKA
156.244	52.661	-5.171	3.810	0.000	0.000	0.000	8	1	UBR1_GKA
156.575	52.928	-5.206	3.802	0.000	0.000	0.000	8	1	UBR2_GKA
156.738	57.091	-1.113	0.908	0.000	0.000	0.000	8	1	UHAZ_GKA
156.810	51.466	-10.620	7.725	0.000	0.000	0.000	8	1	PAUZ_GKA
157.474	53.333	-5.990	4.295	0.000	0.000	0.000	8	1	MALK_GKA
158.213	53.280	-8.040	5.667	0.000	0.000	0.000	8	1	KORC_GKA
158.623	54.693	-5.416	3.996	0.000	0.000	0.000	8	1	MILK_GKA
158.650	53.023	-11.006	7.720	0.000	0.000	0.000	8	1	PETS_GKA
158.686	57.759	-0.861	0.924	0.000	0.000	0.000	8	1	_TIG_GKA
158.697	55.930	-2.906	2.668	0.000	0.000	0.000	8	1	_ES1_GKA
159.197	53.142	-14.003	9.500	0.000	0.000	0.000	8	1	NALY_GKA
159.481	54.025	-10.456	7.119	0.000	0.000	0.000	8	1	KRM9_GKA
159.865	56.042	-3.518	3.626	0.000	0.000	0.000	8	1	KOZY_GKA
161.194	54.585	-19.540	14.296	0.000	0.000	0.000	8	1	KRON_GKA
162.593	56.265	-2.119	4.753	0.000	0.000	0.000	8	1	UKAM_GKA
163.067	59.243	-0.308	0.298	0.000	0.000	0.000	8	1	OSSO_GKA
166.211	62.456	-0.733	0.397	0.000	0.000	0.000	3	1	_KMS_GPS
166.438	68.076	-0.615	0.443	0.000	0.000	0.000	3	1	BILI_GPS
166.440	68.080	-0.615	0.442	0.000	0.000	0.000	3	1	BILI_GPS
167.730	8.722	-70.214	48.290	0.000	0.000	0.000	4	1	KWJ1_GPS
183.434	-43.956	-41.133	53.227	0.000	0.000	0.000	4	1	CHAT_GPS
200.335	22.126	-60.223	53.927	0.000	0.000	0.000	4	1	KOKB_GPS
210.394	-17.577	-68.608	52.225	0.000	0.000	0.000	4	1	THTI_GPS
212.500	64.980	-0.383	0.245	0.000	0.000	0.000	3	1	FAIR_GPS
240.380	49.320	-0.503	0.167	0.000	0.000	0.000	3	1	DRAO_GPS
245.519	62.481	-0.165	0.191	0.000	0.000	0.000	3	1	YELL_GPS
245.520	62.480	-0.165	0.191	0.000	0.000	0.000	3	1	YELL_GPS
251.880	34.300	-0.633	0.165	0.000	0.000	0.000	3	1	PIE1_GPS
251.881	34.302	-0.633	0.165	0.000	0.000	0.000	3	1	PIE1_GPS
255.985	30.681	-0.605	0.170	0.000	0.000	0.000	3	1	MDO1_GPS
255.990	30.680	-0.605	0.170	0.000	0.000	0.000	3	1	MDOI_GPS
258.022	54.726	-0.076	0.203	0.000	0.000	0.000	3	1	FLIN_GPS
264.134	50.259	0.266	0.264	0.000	0.000	0.000	3	1	DUBO_GPS
265.911	58.759	0.802	0.335	0.000	0.000	0.000	3	1	CHUR_GPS
