88.360	69.362	4.175	-9.902	0.000	0.000	0.000	5	1	NRIL_GPS
106.010	51.170	9.644	-5.566	0.000	0.000	-0.006	6	1	UDUN_GEC
107.820	22.326	25.273	-6.864	0.000	0.000	0.002	5	1	F062_GPS
108.169	23.750	26.808	-9.713	0.000	0.000	-0.004	14	1	F059_GPS
108.296	23.149	24.939	-6.778	0.000	0.000	0.000	5	1	F060_GPS
109.106	33.658	20.470	-6.631	0.000	0.000	-0.003	5	1	F054_GPS
109.260	22.411	25.176	-6.603	0.000	0.000	0.038	5	1	F063_GPS
109.923	33.880	20.316	-6.481	0.000	0.000	0.015	5	1	D078_GPS
109.966	41.755	16.513	-6.473	0.000	0.000	0.081	5	1	HB04_GUA
110.141	22.688	27.113	-9.337	0.000	0.000	0.011	14	1	F049_GPS
110.555	27.911	24.844	-9.257	0.000	0.000	-0.022	14	1	F057_GPS
111.475	33.280	20.497	-6.193	0.000	0.000	-0.018	5	1	C060_GPS
111.563	22.786	26.985	-9.059	0.000	0.000	-0.024	14	1	F047_GPS
111.709	41.515	13.051	-4.842	0.000	0.000	-0.029	6	1	HB08_GUA
112.108	31.905	22.858	-8.951	0.000	0.000	-0.035	14	1	F029_GPS
112.351	32.538	22.530	-8.903	0.000	0.000	-0.034	14	1	C063_GPS
112.563	26.911	25.146	-8.860	0.000	0.000	-0.036	14	1	F034_GPS
112.688	22.338	27.102	-8.835	0.000	0.000	-0.044	14	1	F044_GPS
113.312	32.751	22.346	-8.710	0.000	0.000	-0.038	14	1	C059_GPS
113.348	31.694	22.859	-8.702	0.000	0.000	-0.062	14	1	C065_GPS
113.563	24.814	26.003	-8.659	0.000	0.000	-0.039	14	1	F037_GPS
113.896	22.587	26.929	-8.591	0.000	0.000	-0.007	14	1	F042_GPS
114.074	32.099	22.604	-8.555	0.000	0.000	-0.014	14	1	C062_GPS
114.345	33.026	22.126	-8.499	0.000	0.000	0.013	14	1	C056_GPS
114.453	22.830	26.795	-8.477	0.000	0.000	-0.029	14	1	F041_GPS
114.635	31.251	22.973	-8.440	0.000	0.000	-0.020	14	1	C064_GPS
115.791	32.943	22.053	-8.200	0.000	0.000	-0.054	14	1	C058_GPS
115.801	23.431	26.464	-8.198	0.000	0.000	-0.061	14	1	F027_GPS
115.846	40.870	13.078	-4.285	0.000	0.000	-0.097	6	1	HB34_GUA
115.878	31.689	22.666	-8.182	0.000	0.000	-0.019	14	1	C061_GPS
116.104	43.903	11.897	-4.250	0.000	0.000	-0.041	6	1	XHOT_GUA
116.971	31.085	22.880	-7.953	0.000	0.000	0.044	14	1	B072_GPS
116.984	33.646	20.026	-5.136	0.000	0.000	0.045	5	1	B058_GPS
117.015	23.423	26.399	-7.943	0.000	0.000	0.020	14	1	F025_GPS
117.108	32.498	22.174	-7.924	0.000	0.000	0.020	14	1	B065_GPS
117.564	26.291	25.099	-7.827	0.000	0.000	0.093	14	1	F014_GPS
117.608	24.557	25.872	-7.817	0.000	0.000	0.018	14	1	F022_GPS
117.708	32.562	20.496	-4.994	0.000	0.000	0.028	5	1	B062_GPS
117.815	31.657	22.540	-7.773	0.000	0.000	0.029	14	1	B070_GPS
117.914	40.961	12.945	-3.999	0.000	0.000	0.048	6	1	HB58_GUA
118.221	31.085	22.792	-7.686	0.000	0.000	0.021	14	1	B073_GPS
118.477	32.971	20.271	-4.841	0.000	0.000	0.205	5	1	B061_GPS
118.596	24.775	25.720	-7.606	0.000	0.000	0.009	14	1	F020_GPS
118.672	33.761	19.891	-4.803	0.000	0.000	0.058	5	1	B054_GPS
119.012	33.507	19.995	-4.735	0.000	0.000	0.055	5	1	B053_GPS
119.463	31.381	20.962	-4.645	0.000	0.000	0.059	5	1	B074_GPS
120.038	33.550	19.929	-4.529	0.000	0.000	0.055	5	1	B052_GPS
121.377	29.599	23.313	-6.998	0.000	0.000	0.023	14	1	F003_GPS
121.801	31.733	20.706	-4.173	0.000	0.000	0.028	5	1	B014_GPS
122.172	46.062	10.753	-3.393	0.000	0.000	0.040	6	1	UHOT_GUA
122.434	30.741	22.689	-6.763	0.000	0.000	0.039	14	1	B019_GPS
122.943	24.454	28.338	-78.888	0.000	0.000	0.027	20	1	950499_G
123.792	24.426	28.636	-59.162	0.000	0.000	0.013	20	1	950500_G
123.796	24.062	38.009	-59.069	0.000	0.000	0.031	20	1	960751_G
124.103	50.390	8.894	-3.111	0.000	0.000	0.012	6	1	JAGD_GUA
124.173	24.339	30.727	-50.305	0.000	0.000	0.012	20	1	960750_G
124.301	24.537	25.581	-47.329	0.000	0.000	0.030	20	1	960749_G
124.692	24.642	22.754	-38.236	0.000	0.000	0.012	20	1	960748_G
125.171	24.828	32.844	-33.443	0.000	0.000	0.043	21	1	960747_G
125.374	24.753	32.957	-33.092	0.000	0.000	0.009	21	1	950498_G
126.739	26.348	29.143	-30.719	0.000	0.000	-0.056	21	1	960743_G
126.969	46.650	10.330	-2.687	0.000	0.000	-0.094	6	1	SUIH_GUA
127.144	26.373	28.993	-30.011	0.000	0.000	-0.021	21	1	960742_G
127.345	26.179	29.374	-29.660	0.000	0.000	-0.046	21	1	960744_G
127.769	26.145	29.353	-28.917	0.000	0.000	-0.048	21	1	940100_G
127.826	26.169	29.288	-28.817	0.000	0.000	0.001	21	1	960745_G
127.833	26.447	28.672	-28.805	0.000	0.000	0.006	21	1	960741_G
127.898	26.695	28.110	-28.691	0.000	0.000	0.003	21	1	950496_G
127.945	26.944	27.548	-28.608	0.000	0.000	0.003	21	1	960736_G
127.972	26.483	28.562	-28.561	0.000	0.000	0.011	21	1	960740_G
128.144	26.708	28.026	-28.258	0.000	0.000	-0.004	21	1	960738_G
128.248	26.859	27.669	-28.076	0.000	0.000	0.009	21	1	960737_G
128.432	27.032	27.245	-27.752	0.000	0.000	0.009	21	1	950495_G
128.619	32.634	15.648	-2.440	0.000	0.000	0.006	6	1	960698_G
128.651	27.401	26.377	-27.366	0.000	0.000	0.010	21	1	960735_G
128.843	32.669	15.630	-2.407	0.000	0.000	0.000	6	1	950462_G
128.866	71.634	-3.871	-0.748	0.000	0.000	0.002	7	1	TIXI_GPS
128.894	27.817	25.398	-26.938	0.000	0.000	0.002	21	1	960734_G
129.026	32.886	15.549	-2.379	0.000	0.000	0.004	6	1	960692_G
129.126	33.256	15.415	-2.364	0.000	0.000	0.003	6	1	960691_G
129.311	34.268	15.048	-2.336	0.000	0.000	0.004	6	1	950457_G
129.320	28.138	22.307	-12.010	0.000	0.000	0.002	13	1	960733_G
129.482	34.656	14.903	-2.310	0.000	0.000	0.002	6	1	950456_G
129.489	28.399	21.663	-11.683	0.000	0.000	0.003	13	1	950494_G
129.537	33.362	15.368	-2.302	0.000	0.000	0.007	6	1	950459_G
129.690	33.266	15.399	-2.279	0.000	0.000	0.008	6	1	960690_G
129.691	33.063	15.472	-2.279	0.000	0.000	-0.002	6	1	950460_G
129.694	28.487	21.432	-11.286	0.000	0.000	-0.002	13	1	960730_G
129.706	29.615	18.712	-11.263	0.000	0.000	0.029	13	1	960729_G
129.721	32.840	15.550	-2.274	0.000	0.000	0.025	6	1	970832_G
129.735	33.743	15.227	-2.272	0.000	0.000	0.002	6	1	950458_G
129.795	31.769	13.492	-11.090	0.000	0.000	0.006	13	1	950487_G
129.850	33.476	15.321	-2.255	0.000	0.000	0.005	6	1	940091_G
129.860	32.700	15.597	-2.253	0.000	0.000	0.009	6	1	940092_G
129.922	28.294	21.876	-10.844	0.000	0.000	0.009	13	1	960732_G
129.940	33.196	15.419	-2.241	0.000	0.000	0.010	6	1	960689_G
129.955	33.372	15.356	-2.239	0.000	0.000	0.011	6	1	960770_G
129.987	32.326	12.122	-10.718	0.000	0.000	0.009	13	1	950467_G
129.990	32.946	15.507	-2.233	0.000	0.000	0.000	6	1	960772_G
130.029	28.371	21.681	-10.637	0.000	0.000	0.008	13	1	960731_G
130.085	32.525	11.629	-10.528	0.000	0.000	0.005	13	1	960774_G
130.094	33.098	15.451	-2.218	0.000	0.000	0.019	6	1	950455_G
130.136	31.416	14.314	-10.430	0.000	0.000	0.005	13	1	960777_G
130.155	32.637	11.350	-10.393	0.000	0.000	0.010	13	1	950463_G
130.166	32.796	15.557	-2.207	0.000	0.000	0.006	6	1	960693_G
130.180	32.197	12.416	-10.344	0.000	0.000	0.026	13	1	960717_G
130.198	30.461	16.621	-10.309	0.000	0.000	0.009	13	1	960725_G
130.217	32.712	11.162	-10.273	0.000	0.000	0.011	13	1	960695_G
130.239	31.906	13.116	-10.230	0.000	0.000	0.026	13	1	970835_G
130.251	33.536	15.291	-2.194	0.000	0.000	0.014	6	1	950450_G
130.269	33.275	15.384	-2.191	0.000	0.000	0.017	6	1	950454_G
130.271	32.871	15.528	-2.191	0.000	0.000	0.018	6	1	950461_G
130.275	30.785	15.830	-10.160	0.000	0.000	0.013	13	1	960723_G
130.278	31.717	13.571	-10.154	0.000	0.000	0.012	13	1	950488_G
130.291	32.661	11.278	-10.129	0.000	0.000	0.013	13	1	960697_G
130.299	31.265	14.665	-10.114	0.000	0.000	0.009	13	1	940098_G
130.324	32.426	11.846	-10.065	0.000	0.000	0.002	13	1	960775_G
130.336	32.793	15.554	-2.181	0.000	0.000	-0.009	6	1	960694_G
130.352	32.723	11.122	-10.011	0.000	0.000	0.005	13	1	960696_G
130.361	32.098	12.639	-9.993	0.000	0.000	0.003	13	1	970834_G
130.408	31.796	13.368	-9.902	0.000	0.000	0.022	13	1	970836_G
130.424	30.396	16.758	-9.871	0.000	0.000	0.005	13	1	960727_G
130.430	32.582	11.457	-9.860	0.000	0.000	0.001	13	1	960773_G
130.445	33.346	15.355	-2.164	0.000	0.000	-0.001	6	1	960771_G
130.465	33.097	15.443	-2.161	0.000	0.000	0.010	6	1	970831_G
130.477	33.731	15.216	-2.160	0.000	0.000	-0.000	6	1	940087_G
130.507	32.299	12.138	-9.710	0.000	0.000	-0.004	13	1	950468_G
130.522	33.500	15.298	-2.153	0.000	0.000	-0.001	6	1	950451_G
130.548	32.933	15.500	-2.149	0.000	0.000	-0.002	6	1	950464_G
130.555	30.236	17.134	-9.617	0.000	0.000	0.002	13	1	960728_G
130.565	33.206	15.402	-2.146	0.000	0.000	0.006	6	1	950453_G
130.600	31.824	13.282	-9.530	0.000	0.000	0.004	13	1	970837_G
130.638	30.382	16.774	-9.456	0.000	0.000	0.005	13	1	950493_G
130.640	31.235	14.708	-9.452	0.000	0.000	0.000	13	1	950490_G
130.646	32.546	11.525	-9.441	0.000	0.000	-0.006	13	1	940093_G
130.701	33.327	15.356	-2.126	0.000	0.000	-0.012	6	1	960688_G
130.723	31.106	15.013	-9.291	0.000	0.000	0.003	13	1	950491_G
130.749	33.011	15.468	-2.118	0.000	0.000	0.004	6	1	960700_G
130.750	33.746	15.205	-2.118	0.000	0.000	-0.002	6	1	960685_G
130.765	32.842	10.795	-9.210	0.000	0.000	0.001	13	1	950465_G
130.795	32.577	11.437	-9.152	0.000	0.000	-0.003	13	1	960702_G
130.803	32.239	12.257	-9.136	0.000	0.000	0.009	13	1	950469_G
130.824	33.640	15.241	-2.107	0.000	0.000	-0.005	6	1	960687_G
130.829	33.465	15.304	-2.106	0.000	0.000	0.004	6	1	950452_G
130.866	32.048	12.716	-9.014	0.000	0.000	0.005	13	1	960714_G
130.903	30.399	16.711	-8.942	0.000	0.000	0.004	13	1	960726_G
130.914	33.997	15.111	-2.093	0.000	0.000	0.017	6	1	940079_G
130.943	34.295	15.002	-2.089	0.000	0.000	0.000	6	1	950408_G
130.964	30.531	16.387	-8.824	0.000	0.000	0.008	13	1	950492_G
130.996	32.871	10.705	-8.762	0.000	0.000	0.005	13	1	960701_G
131.017	33.697	15.217	-2.078	0.000	0.000	0.005	6	1	960686_G
131.022	31.740	13.451	-8.711	0.000	0.000	0.008	13	1	950482_G
131.029	30.753	15.844	-8.697	0.000	0.000	0.003	13	1	960724_G
131.063	33.122	15.422	-2.071	0.000	0.000	0.001	6	1	960699_G
131.066	34.180	15.042	-2.070	0.000	0.000	-0.002	6	1	960670_G
131.079	31.965	12.900	-8.600	0.000	0.000	0.005	13	1	950481_G
131.088	31.259	14.613	-8.583	0.000	0.000	0.006	13	1	940099_G
131.093	32.951	10.503	-8.573	0.000	0.000	-0.002	13	1	960703_G
131.099	32.741	11.013	-8.562	0.000	0.000	0.004	13	1	950466_G
131.121	33.270	15.368	-2.062	0.000	0.000	0.005	6	1	960707_G
131.132	32.845	10.757	-8.498	0.000	0.000	-0.005	13	1	960704_G
131.149	32.457	11.699	-8.465	0.000	0.000	0.008	13	1	950478_G
131.152	34.764	14.828	-2.057	0.000	0.000	-0.009	6	1	960668_G
131.169	33.496	15.286	-2.054	0.000	0.000	0.007	6	1	950471_G
131.176	34.342	14.981	-2.053	0.000	0.000	0.013	6	1	960669_G
131.185	32.246	12.209	-8.395	0.000	0.000	0.008	13	1	950479_G
131.217	31.469	14.093	-8.333	0.000	0.000	0.009	13	1	950484_G
131.228	25.831	-43.184	34.626	0.000	0.000	0.004	15	1	950497_G
131.286	33.009	10.346	-8.199	0.000	0.000	-0.003	13	1	950474_G
131.291	25.954	-42.994	34.567	0.000	0.000	0.000	15	1	960746_G
131.306	31.399	14.257	-8.160	0.000	0.000	0.008	13	1	960716_G
131.328	32.685	11.131	-8.117	0.000	0.000	-0.001	13	1	950477_G
131.334	32.384	11.862	-8.105	0.000	0.000	0.006	13	1	960712_G
131.346	34.189	15.033	-2.028	0.000	0.000	0.006	6	1	950411_G
131.347	33.254	16.483	-6.094	0.000	0.000	0.007	11	1	950472_G
131.357	33.537	16.134	-6.085	0.000	0.000	-0.008	11	1	960705_G
131.369	31.677	13.577	-8.037	0.000	0.000	0.013	13	1	950483_G
131.386	33.079	10.168	-8.004	0.000	0.000	-0.003	13	1	960708_G
131.417	34.440	14.940	-2.017	0.000	0.000	0.009	6	1	950407_G
131.470	32.022	12.732	-7.841	0.000	0.000	0.004	13	1	940095_G
131.486	32.069	12.617	-7.810	0.000	0.000	0.014	13	1	960713_G
131.516	32.170	12.369	-7.752	0.000	0.000	0.009	13	1	950480_G
131.531	32.557	11.427	-7.723	0.000	0.000	0.008	13	1	960711_G
131.563	34.284	14.994	-1.994	0.000	0.000	0.002	6	1	950409_G
131.564	33.671	15.957	-5.905	0.000	0.000	0.002	11	1	950470_G
131.579	33.228	9.791	-7.630	0.000	0.000	0.017	13	1	960709_G
131.588	33.350	16.351	-5.884	0.000	0.000	0.011	11	1	960706_G
131.610	34.616	14.872	-1.987	0.000	0.000	0.012	6	1	940076_G
131.632	32.445	11.692	-7.527	0.000	0.000	0.002	13	1	940094_G
131.691	33.462	16.207	-5.795	0.000	0.000	0.001	11	1	940088_G
131.757	32.704	11.054	-7.284	0.000	0.000	-0.001	13	1	950476_G
131.830	34.039	15.489	-5.674	0.000	0.000	0.004	11	1	960671_G
131.864	34.440	14.992	-5.644	0.000	0.000	0.005	11	1	960659_G
131.923	34.767	14.811	-1.940	0.000	0.000	0.006	6	1	950388_G
131.926	43.197	11.583	-1.939	0.000	0.000	0.009	6	1	VLAD_GPS
131.930	43.200	11.582	-1.938	0.000	0.000	0.012	6	1	VLAD_GPS
131.953	34.259	15.211	-5.566	0.000	0.000	0.004	11	1	950410_G
132.014	34.571	14.822	-5.513	0.000	0.000	0.004	11	1	960658_G
132.046	33.368	9.418	-6.722	0.000	0.000	0.004	13	1	970828_G
132.104	33.975	15.553	-5.435	0.000	0.000	0.001	11	1	950414_G
132.195	34.370	15.061	-5.356	0.000	0.000	-0.003	11	1	960665_G
132.209	35.003	14.719	-1.896	0.000	0.000	-0.004	6	1	940075_G
132.219	34.191	15.280	-5.335	0.000	0.000	0.004	11	1	960769_G
132.269	34.575	14.803	-5.291	0.000	0.000	0.003	11	1	950404_G
132.277	34.727	14.615	-5.284	0.000	0.000	-0.007	11	1	950399_G
132.281	33.469	9.158	-6.266	0.000	0.000	0.001	13	1	940086_G
132.358	33.910	15.620	-5.214	0.000	0.000	0.003	11	1	960672_G
132.456	34.261	15.182	-5.128	0.000	0.000	0.010	11	1	960666_G
132.457	34.893	14.400	-5.127	0.000	0.000	0.005	11	1	960657_G
132.463	34.539	14.838	-5.122	0.000	0.000	0.003	11	1	950403_G
132.475	33.384	9.353	-5.888	0.000	0.000	-0.013	13	1	970829_G
132.487	33.612	8.797	-5.865	0.000	0.000	0.001	13	1	960680_G
132.507	35.186	14.647	-1.850	0.000	0.000	0.003	6	1	950386_G
132.540	34.679	14.661	-5.055	0.000	0.000	0.009	11	1	950400_G
132.544	33.178	9.851	-5.754	0.000	0.000	0.005	13	1	960681_G
132.575	34.340	15.078	-5.024	0.000	0.000	0.003	11	1	940078_G
132.684	33.723	8.516	-5.482	0.000	0.000	0.003	13	1	950434_G
132.693	33.447	9.188	-5.465	0.000	0.000	-0.004	13	1	950436_G
132.721	35.020	14.230	-4.897	0.000	0.000	-0.013	11	1	950387_G
132.743	35.393	14.566	-1.814	0.000	0.000	0.010	6	1	950384_G
132.782	33.959	15.539	-4.844	0.000	0.000	0.007	11	1	960679_G
132.793	33.172	9.853	-5.270	0.000	0.000	0.011	13	1	950447_G
132.820	34.335	15.073	-4.811	0.000	0.000	0.010	11	1	960768_G
132.824	34.571	14.781	-4.807	0.000	0.000	0.010	11	1	950402_G
132.852	34.812	14.481	-4.783	0.000	0.000	0.003	11	1	960663_G
132.884	34.210	15.224	-4.755	0.000	0.000	0.010	11	1	960667_G
132.897	33.398	9.297	-5.068	0.000	0.000	0.013	13	1	950446_G
132.912	33.796	8.326	-5.039	0.000	0.000	0.017	13	1	950433_G
132.938	33.569	8.878	-4.988	0.000	0.000	-0.002	13	1	950435_G
132.966	32.756	10.857	-4.934	0.000	0.000	0.010	13	1	940085_G
132.984	36.093	14.303	-1.777	0.000	0.000	0.008	6	1	950383_G
132.990	34.078	15.382	-4.662	0.000	0.000	0.017	11	1	950430_G
132.995	35.196	13.998	-4.658	0.000	0.000	0.010	11	1	950385_G
132.999	32.991	10.284	-4.869	0.000	0.000	0.014	13	1	950448_G
133.010	34.379	15.009	-4.645	0.000	0.000	0.015	11	1	950405_G
133.059	35.434	14.545	-1.766	0.000	0.000	0.013	6	1	940074_G
133.108	34.672	14.642	-4.560	0.000	0.000	0.009	11	1	950401_G
133.120	34.943	14.306	-4.549	0.000	0.000	0.008	11	1	950398_G
133.129	33.215	9.732	-4.617	0.000	0.000	0.014	13	1	960684_G
133.138	35.564	14.496	-1.754	0.000	0.000	0.006	6	1	960656_G
133.189	34.252	15.158	-4.489	0.000	0.000	0.002	11	1	960678_G
133.201	33.921	15.567	-4.478	0.000	0.000	0.008	11	1	950432_G
133.228	33.327	9.455	-4.424	0.000	0.000	0.002	13	1	960683_G
133.240	36.285	14.227	-1.738	0.000	0.000	0.015	6	1	950382_G
133.242	33.273	9.586	-4.397	0.000	0.000	0.004	13	1	940084_G
133.281	33.468	9.109	-4.321	0.000	0.000	0.017	13	1	950443_G
133.288	34.450	14.909	-4.402	0.000	0.000	0.011	11	1	960767_G
133.309	35.165	14.023	-4.384	0.000	0.000	0.006	11	1	950381_G
133.338	34.778	14.501	-4.359	0.000	0.000	0.015	11	1	960664_G
133.340	35.436	14.540	-1.723	0.000	0.000	0.004	6	1	960654_G
133.363	33.704	8.531	-4.161	0.000	0.000	0.008	13	1	970830_G
133.396	34.993	14.232	-4.308	0.000	0.000	0.012	11	1	960662_G
133.403	33.408	9.250	-4.084	0.000	0.000	0.004	13	1	950445_G
133.439	35.346	14.571	-1.708	0.000	0.000	0.011	6	1	950379_G
133.528	34.549	14.776	-4.193	0.000	0.000	0.006	11	1	940077_G
133.564	35.170	14.005	-4.161	0.000	0.000	0.014	11	1	960660_G
133.578	33.529	8.949	-3.743	0.000	0.000	0.014	13	1	940083_G
133.598	34.810	14.450	-4.132	0.000	0.000	0.002	11	1	950394_G
133.648	34.068	15.366	-4.088	0.000	0.000	0.011	11	1	950428_G
133.656	33.767	8.366	-3.591	0.000	0.000	0.003	13	1	950438_G
133.681	33.937	7.950	-3.543	0.000	0.000	0.003	13	1	950419_G
133.699	35.490	14.513	-1.668	0.000	0.000	0.007	6	1	940073_G
133.715	34.217	15.180	-4.030	0.000	0.000	0.010	11	1	950427_G
133.734	35.003	14.206	-4.013	0.000	0.000	0.008	11	1	950392_G
133.757	34.579	14.730	-3.993	0.000	0.000	0.004	11	1	960766_G
133.781	34.383	14.972	-3.972	0.000	0.000	-0.002	11	1	960677_G
133.792	35.264	13.879	-3.962	0.000	0.000	0.009	11	1	950389_G
133.797	34.439	14.902	-3.958	0.000	0.000	0.002	11	1	950397_G
133.875	34.040	7.693	-3.165	0.000	0.000	0.006	13	1	960674_G
133.904	33.506	8.994	-3.109	0.000	0.000	0.011	13	1	950442_G
133.926	34.164	15.237	-3.845	0.000	0.000	0.003	11	1	950429_G
133.929	34.791	14.461	-3.843	0.000	0.000	0.001	11	1	950395_G
133.961	34.983	14.221	-3.815	0.000	0.000	-0.009	11	1	950393_G
133.999	34.445	14.887	-3.781	0.000	0.000	-0.007	11	1	960676_G
134.007	33.428	9.181	-2.908	0.000	0.000	-0.005	13	1	950444_G
134.047	35.457	14.520	-1.614	0.000	0.000	0.000	6	1	950378_G
134.049	34.052	7.659	-2.827	0.000	0.000	0.006	13	1	950417_G
134.050	35.178	13.976	-3.737	0.000	0.000	-0.002	11	1	960661_G
134.058	33.878	8.083	-2.809	0.000	0.000	0.012	13	1	950421_G
134.107	33.604	8.750	-2.714	0.000	0.000	-0.003	13	1	950440_G
134.122	33.316	9.451	-2.684	0.000	0.000	0.001	13	1	940082_G
134.166	34.658	14.617	-3.636	0.000	0.000	0.002	11	1	950396_G
134.176	34.810	14.428	-3.627	0.000	0.000	-0.003	11	1	960765_G
134.230	34.038	7.688	-2.474	0.000	0.000	0.006	13	1	950418_G
134.235	35.021	14.164	-3.575	0.000	0.000	0.002	11	1	950391_G
134.237	35.266	13.860	-3.573	0.000	0.000	0.003	11	1	950380_G
134.242	34.255	15.113	-3.569	0.000	0.000	0.005	11	1	950426_G
134.281	33.528	8.931	-2.375	0.000	0.000	-0.013	13	1	950441_G
134.301	33.790	8.291	-2.336	0.000	0.000	-0.001	13	1	960675_G
134.314	34.472	14.842	-3.506	0.000	0.000	-0.003	11	1	950425_G
134.325	35.361	13.739	-3.497	0.000	0.000	0.001	11	1	960655_G
134.352	34.097	7.541	-2.237	0.000	0.000	-0.002	13	1	950415_G
134.372	33.618	8.709	-2.198	0.000	0.000	0.003	13	1	950424_G
134.389	33.879	8.072	-2.165	0.000	0.000	0.003	13	1	950420_G
134.393	34.218	15.153	-3.437	0.000	0.000	0.002	11	1	970827_G
134.404	34.998	14.187	-3.428	0.000	0.000	0.000	11	1	950346_G
134.520	34.670	14.590	-3.326	0.000	0.000	0.001	11	1	950357_G
134.533	33.725	8.445	-1.884	0.000	0.000	-0.010	13	1	950423_G
134.545	34.897	14.307	-3.304	0.000	0.000	-0.018	11	1	950350_G
134.550	34.785	14.446	-3.300	0.000	0.000	0.012	11	1	940071_G
134.560	34.060	7.627	-1.832	0.000	0.000	0.002	13	1	950416_G
134.582	35.437	14.519	-1.532	0.000	0.000	-0.005	6	1	950341_G
134.586	35.094	14.062	-3.268	0.000	0.000	-0.004	11	1	950344_G
134.605	34.172	15.203	-3.252	0.000	0.000	0.002	11	1	960673_G
134.626	33.927	7.951	-1.703	0.000	0.000	-0.003	13	1	940081_G
134.660	34.864	14.345	-3.204	0.000	0.000	0.007	11	1	960762_G
134.668	33.830	8.187	-1.622	0.000	0.000	-0.002	13	1	950422_G
134.677	35.621	14.449	-1.517	0.000	0.000	0.001	6	1	960645_G
134.729	35.461	14.508	-1.509	0.000	0.000	-0.005	6	1	960646_G
134.735	34.334	14.999	-3.138	0.000	0.000	-0.010	11	1	950362_G
134.737	34.224	15.135	-3.136	0.000	0.000	0.007	11	1	950363_G
134.767	34.985	14.191	-3.110	0.000	0.000	-0.035	11	1	950347_G
134.771	35.163	13.970	-3.107	0.000	0.000	0.005	11	1	960648_G
134.819	35.315	13.780	-3.065	0.000	0.000	-0.002	11	1	950342_G
134.829	34.787	14.435	-3.056	0.000	0.000	0.004	11	1	950354_G
134.861	34.493	14.798	-3.028	0.000	0.000	-0.012	11	1	950360_G
134.882	34.350	14.975	-3.010	0.000	0.000	-0.013	11	1	950361_G
134.932	35.556	14.469	-1.478	0.000	0.000	-0.001	6	1	950328_G
134.945	34.936	14.246	-2.954	0.000	0.000	-0.010	11	1	960649_G
134.966	34.670	14.576	-2.936	0.000	0.000	0.002	11	1	950358_G
134.973	35.091	14.053	-2.930	0.000	0.000	-0.002	11	1	950345_G
134.997	34.805	14.407	-2.909	0.000	0.000	0.007	11	1	950352_G
135.022	35.238	13.869	-2.887	0.000	0.000	0.003	11	1	960647_G
135.024	34.577	14.689	-2.885	0.000	0.000	0.005	11	1	950359_G
135.034	35.685	14.420	-1.462	0.000	0.000	0.001	6	1	960640_G
135.046	48.521	9.342	-1.460	0.000	0.000	0.003	6	1	KHAJ_GPS
135.066	34.271	9.546	-5.206	0.000	0.000	0.006	17	1	950369_G
135.164	35.292	13.798	-2.763	0.000	0.000	-0.001	11	1	950329_G
135.168	34.025	7.705	-0.648	0.000	0.000	0.002	13	1	960652_G
135.172	34.687	14.549	-2.756	0.000	0.000	0.000	11	1	950356_G
135.173	35.752	14.393	-1.441	0.000	0.000	-0.006	6	1	950327_G
135.180	33.914	7.976	-0.625	0.000	0.000	0.006	13	1	950372_G
135.182	35.105	14.030	-2.747	0.000	0.000	-0.003	11	1	950343_G
135.216	34.812	14.393	-2.717	0.000	0.000	-0.006	11	1	950351_G
135.221	34.158	7.381	-0.545	0.000	0.000	-0.007	13	1	940069_G
135.233	35.550	14.467	-1.431	0.000	0.000	-0.005	6	1	940057_G
135.326	34.977	14.185	-2.621	0.000	0.000	-0.010	11	1	950348_G
135.342	34.791	14.415	-2.607	0.000	0.000	-0.001	11	1	950353_G
135.358	34.256	7.141	-0.278	0.000	0.000	-0.011	13	1	950368_G
135.364	34.406	9.067	-4.385	0.000	0.000	-0.007	17	1	950340_G
135.367	35.164	13.952	-2.585	0.000	0.000	-0.004	11	1	950331_G
135.380	34.724	7.971	-4.341	0.000	0.000	-0.008	17	1	950355_G
135.385	33.962	7.858	-0.226	0.000	0.000	0.001	13	1	950371_G
135.396	33.744	8.390	-0.204	0.000	0.000	-0.004	13	1	950375_G
135.416	35.482	14.490	-1.403	0.000	0.000	-0.005	6	1	960641_G
135.431	34.084	7.560	-0.136	0.000	0.000	-0.008	13	1	960651_G
135.481	34.527	8.645	-4.063	0.000	0.000	-0.012	17	1	950337_G
135.496	33.554	8.853	-0.010	0.000	0.000	-0.009	13	1	960653_G
135.501	34.838	14.353	-2.468	0.000	0.000	-0.001	11	1	940067_G
135.508	33.785	8.290	0.014	0.000	0.000	-0.001	13	1	950374_G
135.518	34.678	8.124	-3.962	0.000	0.000	0.000	17	1	950336_G
135.528	34.312	7.004	0.053	0.000	0.000	-0.003	13	1	960650_G
135.550	35.276	14.564	-1.382	0.000	0.000	-0.012	6	1	960642_G
135.565	35.078	14.054	-2.412	0.000	0.000	0.001	11	1	950332_G
135.587	34.425	8.993	-3.772	0.000	0.000	0.001	17	1	950339_G
135.590	34.222	7.224	0.173	0.000	0.000	-0.028	13	1	950370_G
135.599	33.506	8.970	0.191	0.000	0.000	0.003	13	1	950377_G
135.609	35.463	14.494	-1.373	0.000	0.000	-0.001	6	1	950262_G
135.619	34.621	8.316	-3.684	0.000	0.000	0.000	17	1	960761_G
135.627	34.479	8.805	-3.662	0.000	0.000	-0.002	17	1	950338_G
135.665	34.988	14.163	-2.324	0.000	0.000	-0.000	11	1	950333_G
135.685	34.778	7.773	-3.502	0.000	0.000	-0.005	17	1	950335_G
135.704	34.388	9.116	-3.450	0.000	0.000	-0.009	17	1	950366_G
135.706	34.698	8.048	-3.444	0.000	0.000	0.001	17	1	960763_G
135.709	33.637	8.651	0.405	0.000	0.000	-0.001	13	1	970826_G
135.731	34.539	8.595	-3.375	0.000	0.000	0.003	17	1	950365_G
135.735	33.969	7.842	0.456	0.000	0.000	0.012	13	1	970825_G
135.764	33.483	9.027	0.512	0.000	0.000	-0.007	13	1	940070_G
135.772	34.953	14.680	-1.348	0.000	0.000	-0.005	6	1	960644_G
135.773	35.053	14.643	-1.348	0.000	0.000	-0.000	6	1	960643_G
135.774	35.210	14.585	-1.348	0.000	0.000	0.001	6	1	950330_G
135.782	33.815	8.217	0.547	0.000	0.000	-0.042	13	1	950373_G
135.790	34.882	7.411	-3.213	0.000	0.000	0.001	17	1	960760_G
135.820	34.574	8.471	-3.130	0.000	0.000	0.008	17	1	960764_G
135.851	34.392	6.810	0.681	0.000	0.000	-0.033	13	1	940068_G
135.864	34.747	7.874	-3.009	0.000	0.000	0.003	17	1	950334_G
135.871	35.137	14.611	-1.333	0.000	0.000	-0.027	6	1	950322_G
135.906	34.940	7.208	-2.894	0.000	0.000	0.009	17	1	950324_G
135.908	35.534	14.464	-1.327	0.000	0.000	0.007	6	1	950261_G
135.913	35.351	14.531	-1.326	0.000	0.000	0.001	6	1	950319_G
135.921	33.584	8.782	0.818	0.000	0.000	0.000	13	1	950376_G
135.964	34.038	7.675	0.901	0.000	0.000	0.007	13	1	950367_G
135.990	35.945	14.310	-1.314	0.000	0.000	-0.001	6	1	950259_G
136.011	33.741	8.400	0.993	0.000	0.000	0.019	13	1	950316_G
136.041	35.086	6.701	-2.522	0.000	0.000	-0.002	17	1	960639_G
136.050	34.567	6.385	1.069	0.000	0.000	-0.002	13	1	950364_G
136.054	35.466	5.391	-2.486	0.000	0.000	0.009	17	1	950318_G
136.055	34.869	7.449	-2.484	0.000	0.000	0.001	17	1	950326_G
136.056	35.837	14.349	-1.304	0.000	0.000	-0.005	6	1	960580_G
136.063	35.319	5.898	-2.462	0.000	0.000	0.004	17	1	950320_G
136.086	33.875	8.074	1.139	0.000	0.000	0.002	13	1	950315_G
136.097	34.180	7.330	1.160	0.000	0.000	0.004	13	1	970824_G
136.106	35.603	4.918	-2.343	0.000	0.000	0.009	17	1	940056_G
136.145	34.986	7.043	-2.236	0.000	0.000	0.012	17	1	950323_G
136.158	35.095	6.667	-2.200	0.000	0.000	0.013	17	1	940062_G
136.173	36.231	14.201	-1.286	0.000	0.000	0.019	6	1	940055_G
136.183	34.743	7.880	-2.131	0.000	0.000	0.004	17	1	950310_G
136.185	35.969	14.298	-1.284	0.000	0.000	0.011	6	1	960579_G
136.197	35.793	14.364	-1.282	0.000	0.000	0.005	6	1	950260_G
136.198	35.557	5.074	-2.090	0.000	0.000	0.005	17	1	950317_G
136.236	35.269	6.066	-1.985	0.000	0.000	0.009	17	1	950321_G
136.265	35.420	5.545	-1.905	0.000	0.000	-0.007	17	1	960638_G
136.279	36.146	14.231	-1.270	0.000	0.000	-0.003	6	1	950257_G
136.296	34.932	7.226	-1.820	0.000	0.000	-0.018	17	1	950325_G
136.330	34.649	6.188	1.614	0.000	0.000	0.010	13	1	960635_G
136.334	34.433	6.715	1.622	0.000	0.000	0.001	13	1	950312_G
136.343	34.208	7.265	1.639	0.000	0.000	0.007	13	1	960637_G
136.389	36.394	14.137	-1.253	0.000	0.000	0.006	6	1	950255_G
136.393	34.855	7.490	-1.553	0.000	0.000	-0.002	17	1	960634_G
136.470	35.360	5.748	-1.341	0.000	0.000	0.005	17	1	970812_G
136.489	35.636	13.447	10.961	0.000	0.000	-0.005	18	1	950285_G
136.502	34.759	5.923	1.949	0.000	0.000	-0.004	13	1	940064_G
136.505	35.105	6.627	-1.245	0.000	0.000	-0.006	17	1	950308_G
136.541	34.285	7.080	2.025	0.000	0.000	-0.021	13	1	950313_G
136.550	35.372	14.253	11.103	0.000	0.000	0.004	18	1	950291_G
136.551	34.547	6.441	2.044	0.000	0.000	-0.017	13	1	950311_G
136.593	35.228	14.694	11.203	0.000	0.000	-0.016	18	1	950294_G
136.605	36.370	14.143	-1.219	0.000	0.000	-0.013	6	1	960578_G
136.611	35.633	13.470	11.245	0.000	0.000	-0.027	18	1	950286_G
136.628	34.431	6.726	2.194	0.000	0.000	-0.026	13	1	960636_G
136.634	36.165	14.220	-1.215	0.000	0.000	-0.019	6	1	950256_G
136.637	34.914	15.649	11.305	0.000	0.000	-0.030	18	1	950309_G
136.650	36.663	14.033	-1.212	0.000	0.000	-0.058	6	1	940054_G
136.687	35.488	13.918	11.421	0.000	0.000	-0.025	18	1	950288_G
136.694	35.051	15.241	11.438	0.000	0.000	-0.020	18	1	960633_G
136.719	37.157	13.846	-1.202	0.000	0.000	-0.009	6	1	960575_G
136.729	35.405	14.174	11.519	0.000	0.000	-0.011	18	1	950290_G
136.756	36.817	13.974	-1.196	0.000	0.000	-0.012	6	1	960577_G
136.772	37.001	13.904	-1.193	0.000	0.000	-0.011	6	1	950254_G
136.789	35.301	14.496	11.658	0.000	0.000	0.005	18	1	970822_G
136.812	62.784	3.462	-1.013	0.000	0.000	-0.002	5	1	TKL1_GPS
136.821	34.253	7.165	2.570	0.000	0.000	-0.006	13	1	950314_G
136.829	35.190	14.836	11.751	0.000	0.000	-0.002	18	1	950299_G
136.832	34.904	5.576	2.591	0.000	0.000	-0.001	13	1	960632_G
136.851	34.465	6.648	2.628	0.000	0.000	-0.003	13	1	940065_G
136.863	34.984	15.464	11.830	0.000	0.000	-0.014	18	1	960631_G
136.868	34.823	5.775	2.661	0.000	0.000	-0.020	13	1	950304_G
136.889	37.382	13.759	-1.175	0.000	0.000	-0.011	6	1	940053_G
136.900	35.526	10.974	3.470	0.000	0.000	-0.017	19	1	940060_G
136.904	36.261	14.180	-1.173	0.000	0.000	-0.010	6	1	960617_G
136.919	37.850	13.581	-1.171	0.000	0.000	-0.009	6	1	950252_G
136.921	36.402	14.127	-1.170	0.000	0.000	0.000	6	1	950251_G
136.930	35.335	14.410	11.986	0.000	0.000	-0.030	18	1	950298_G
136.953	36.033	4.250	4.036	0.000	0.000	-0.007	19	1	950280_G
136.966	35.168	14.919	12.070	0.000	0.000	-0.001	18	1	960630_G
136.975	35.758	7.900	4.271	0.000	0.000	-0.002	19	1	950283_G
136.996	37.123	13.855	-1.159	0.000	0.000	-0.002	6	1	960576_G
137.032	36.650	14.033	-1.153	0.000	0.000	-0.001	6	1	960573_G
137.041	35.128	15.050	12.244	0.000	0.000	-0.005	18	1	940063_G
137.060	34.995	5.360	3.035	0.000	0.000	-0.009	13	1	950302_G
137.068	34.609	6.303	3.050	0.000	0.000	-0.011	13	1	950307_G
137.074	35.239	14.718	12.321	0.000	0.000	-0.007	18	1	960629_G
137.110	35.367	13.094	5.714	0.000	0.000	0.007	19	1	950292_G
137.119	34.795	5.850	3.150	0.000	0.000	-0.009	13	1	950305_G
137.125	35.479	11.609	5.874	0.000	0.000	0.000	19	1	950289_G
137.139	37.307	13.784	-1.137	0.000	0.000	0.002	6	1	960574_G
137.147	36.336	14.149	-1.135	0.000	0.000	0.000	6	1	950279_G
137.174	35.612	9.847	6.398	0.000	0.000	0.006	19	1	950287_G
137.195	36.634	14.037	-1.128	0.000	0.000	-0.005	6	1	950249_G
137.201	35.912	0.025	4.510	0.000	0.000	0.002	12	1	960619_G
137.248	35.800	7.358	7.188	0.000	0.000	-0.001	19	1	940059_G
137.254	35.139	5.015	3.412	0.000	0.000	0.005	13	1	950300_G
137.270	37.446	13.730	-1.116	0.000	0.000	0.009	6	1	950253_G
137.278	34.649	6.212	3.459	0.000	0.000	-0.002	13	1	950306_G
137.300	34.920	5.551	3.502	0.000	0.000	-0.001	13	1	950303_G
137.313	35.039	5.261	3.527	0.000	0.000	0.001	13	1	950301_G
137.348	36.136	-1.501	5.325	0.000	0.000	-0.004	12	1	940058_G
137.363	36.286	-2.527	5.408	0.000	0.000	-0.001	12	1	960618_G
137.370	36.737	13.996	-1.101	0.000	0.000	-0.000	6	1	960572_G
137.406	35.262	4.720	3.708	0.000	0.000	0.005	13	1	950293_G
137.414	34.672	6.161	3.724	0.000	0.000	0.006	13	1	93056_GP
137.425	35.657	9.270	9.080	0.000	0.000	0.005	19	1	950284_G
137.434	34.865	5.690	3.763	0.000	0.000	0.001	13	1	93102_GP
137.440	36.579	14.055	-1.090	0.000	0.000	0.001	6	1	950250_G
137.468	35.397	12.723	9.539	0.000	0.000	-0.001	19	1	940061_G
137.487	36.929	13.923	-1.083	0.000	0.000	0.003	6	1	940052_G
137.515	34.718	6.052	3.920	0.000	0.000	-0.004	13	1	93104_GP
137.529	35.575	10.368	10.191	0.000	0.000	0.009	19	1	970811_G
137.535	35.973	-0.374	6.361	0.000	0.000	-0.004	12	1	950281_G
137.554	34.809	5.832	3.996	0.000	0.000	-0.004	13	1	93103_GP
137.575	34.938	5.518	4.037	0.000	0.000	0.000	13	1	93099_GP
137.588	35.247	4.764	4.062	0.000	0.000	-0.001	13	1	950278_G
137.596	36.577	14.054	-1.066	0.000	0.000	0.000	6	1	970808_G
137.598	35.880	0.267	6.711	0.000	0.000	-0.005	12	1	960614_G
137.633	34.701	6.099	4.150	0.000	0.000	-0.001	13	1	93100_GP
137.676	35.344	4.531	4.233	0.000	0.000	-0.007	13	1	960616_G
137.681	34.752	5.976	4.243	0.000	0.000	0.001	13	1	970821_G
137.683	36.085	-1.130	7.182	0.000	0.000	0.001	12	1	960611_G
137.695	35.079	5.179	4.270	0.000	0.000	-0.026	13	1	93084_GP
137.696	35.784	0.931	7.254	0.000	0.000	-0.002	12	1	950274_G
137.717	34.678	6.158	4.313	0.000	0.000	-0.004	13	1	93054_GP
137.792	34.793	5.881	4.459	0.000	0.000	-0.002	13	1	93097_GP
137.815	35.521	4.105	4.504	0.000	0.000	-0.002	13	1	950276_G
137.818	34.941	5.521	4.510	0.000	0.000	-0.002	13	1	93090_GP
137.823	34.672	6.177	4.519	0.000	0.000	-0.002	13	1	93098_GP
137.851	36.500	-3.957	8.113	0.000	0.000	-0.002	12	1	940046_G
137.868	35.161	4.986	4.607	0.000	0.000	0.052	13	1	93083_GP
137.872	36.228	-2.094	8.230	0.000	0.000	0.080	12	1	960609_G
137.874	37.045	8.507	4.638	0.000	0.000	0.212	10	1	950245_G
137.894	36.951	8.617	4.655	0.000	0.000	0.052	10	1	960570_G
137.903	36.322	-2.735	8.401	0.000	0.000	0.014	12	1	950270_G
137.911	34.755	5.979	4.691	0.000	0.000	0.025	13	1	93096_GP
137.925	35.317	4.608	4.718	0.000	0.000	0.032	13	1	950277_G
137.932	34.844	5.763	4.731	0.000	0.000	0.058	13	1	93089_GP
137.937	34.670	6.188	4.741	0.000	0.000	0.067	13	1	93095_GP
137.944	35.924	-0.007	8.629	0.000	0.000	0.035	12	1	940047_G
137.947	34.902	5.622	4.761	0.000	0.000	0.018	13	1	970819_G
137.980	35.032	5.306	4.825	0.000	0.000	0.012	13	1	950295_G
137.983	36.121	-1.352	8.845	0.000	0.000	0.013	12	1	950273_G
137.984	35.726	1.352	8.850	0.000	0.000	0.014	12	1	960615_G
137.985	36.239	-5.095	8.866	0.000	0.000	-0.033	2	1	960608_G
138.018	34.786	5.908	4.899	0.000	0.000	-0.031	13	1	93052_GP
138.038	35.556	4.030	4.938	0.000	0.000	-0.041	13	1	950275_G
138.047	34.666	6.203	4.955	0.000	0.000	0.005	13	1	960624_G
138.054	34.715	6.083	4.969	0.000	0.000	0.011	13	1	93093_GP
138.075	34.940	5.536	5.010	0.000	0.000	0.022	13	1	93088_GP
138.082	35.045	5.280	5.023	0.000	0.000	0.021	13	1	970818_G
138.098	34.680	6.171	5.054	0.000	0.000	0.017	13	1	960622_G
138.100	37.161	8.383	4.828	0.000	0.000	0.071	10	1	950243_G
138.135	35.104	5.138	5.126	0.000	0.000	-0.023	13	1	93079_GP
138.137	34.758	5.983	5.130	0.000	0.000	0.033	13	1	93091_GP
138.159	34.635	6.284	5.173	0.000	0.000	0.030	13	1	960625_G
138.177	34.849	5.763	5.208	0.000	0.000	0.034	13	1	970820_G
138.183	34.678	6.180	5.220	0.000	0.000	0.052	13	1	960623_G
138.199	36.865	8.732	4.910	0.000	0.000	0.061	10	1	950247_G
138.214	36.026	-5.577	8.442	0.000	0.000	0.005	2	1	960612_G
138.216	36.208	-5.148	8.438	0.000	0.000	0.023	2	1	950271_G
138.226	34.738	6.036	5.303	0.000	0.000	0.041	13	1	93092_GP
138.243	37.057	8.511	4.947	0.000	0.000	0.042	10	1	960569_G
138.247	36.665	-4.067	8.381	0.000	0.000	0.018	2	1	950267_G
138.250	34.954	5.510	5.350	0.000	0.000	0.037	13	1	93082_GP
138.254	35.201	4.908	5.358	0.000	0.000	0.024	13	1	93074_GP
138.273	37.816	13.578	-0.960	0.000	0.000	0.041	6	1	950235_G
138.316	35.856	-5.969	8.253	0.000	0.000	0.029	2	1	950263_G
138.323	36.386	-4.719	8.240	0.000	0.000	0.002	2	1	950268_G
138.334	37.231	8.314	5.023	0.000	0.000	-0.060	10	1	950241_G
138.370	38.024	13.498	-0.945	0.000	0.000	-0.190	6	1	960565_G
138.378	34.991	5.427	5.599	0.000	0.000	-0.060	13	1	93081_GP
138.436	36.802	-3.728	8.031	0.000	0.000	-0.040	2	1	950265_G
138.445	35.444	4.326	5.729	0.000	0.000	-0.090	13	1	93069_GP
138.446	35.289	4.704	5.731	0.000	0.000	-0.030	13	1	93073_GP
138.457	35.674	-6.386	7.993	0.000	0.000	-0.040	2	1	970809_G
138.461	36.131	-5.308	7.985	0.000	0.000	-0.310	2	1	950272_G
138.472	38.063	13.482	-0.930	0.000	0.000	-0.050	6	1	950233_G
138.499	36.285	-4.942	7.915	0.000	0.000	-0.080	2	1	960610_G
138.513	38.319	13.384	-0.923	0.000	0.000	0.006	6	1	950232_G
138.516	37.349	8.187	5.176	0.000	0.000	0.008	10	1	960567_G
138.525	35.067	5.250	5.885	0.000	0.000	-0.005	13	1	93077_GP
138.553	36.508	-4.412	7.815	0.000	0.000	-0.004	2	1	950221_G
138.563	35.362	-7.114	7.796	0.000	0.000	-0.002	2	1	93071_GP
138.574	37.398	8.133	5.224	0.000	0.000	0.001	10	1	940051_G
138.583	35.974	-5.669	7.759	0.000	0.000	-0.005	2	1	960613_G
138.591	36.616	-4.154	7.745	0.000	0.000	-0.003	2	1	960591_G
138.609	37.079	-3.060	7.711	0.000	0.000	-0.002	2	1	950244_G
138.610	35.117	5.133	6.050	0.000	0.000	-0.003	13	1	970815_G
138.617	35.203	-14.028	13.311	0.000	0.000	-0.002	16	1	93075_GP
138.638	36.346	-4.787	7.658	0.000	0.000	-0.003	2	1	950269_G
138.690	35.650	-6.425	7.561	0.000	0.000	-0.004	2	1	960606_G
138.695	35.747	-6.195	7.552	0.000	0.000	0.004	2	1	950264_G
138.707	37.536	7.980	5.335	0.000	0.000	0.005	10	1	960566_G
138.722	35.174	-14.778	11.068	0.000	0.000	-0.003	16	1	93076_GP
138.771	35.306	-11.300	10.022	0.000	0.000	-0.005	16	1	93072_GP
138.777	34.855	-23.163	9.894	0.000	0.000	-0.008	16	1	960620_G
138.780	37.499	8.027	5.396	0.000	0.000	0.000	10	1	970807_G
138.781	37.668	7.831	5.397	0.000	0.000	0.005	10	1	950237_G
138.786	34.776	-25.240	9.702	0.000	0.000	0.001	16	1	93085_GP
138.790	37.311	-2.498	7.376	0.000	0.000	0.002	2	1	950240_G
138.814	35.497	-6.776	7.332	0.000	0.000	-0.002	2	1	93070_GP
138.831	36.993	-3.245	7.300	0.000	0.000	0.000	2	1	950246_G
138.838	34.610	-29.602	8.591	0.000	0.000	0.001	16	1	93086_GP
138.865	36.259	-4.975	7.237	0.000	0.000	-0.001	2	1	940045_G
138.876	34.719	-26.732	7.780	0.000	0.000	-0.014	16	1	970814_G
138.880	37.777	7.710	5.480	0.000	0.000	0.000	10	1	970806_G
138.902	35.110	-16.445	7.225	0.000	0.000	0.000	16	1	93043_GP
138.906	36.697	-3.938	7.162	0.000	0.000	0.000	2	1	940044_G
138.907	35.047	-18.102	7.118	0.000	0.000	0.000	16	1	960626_G
138.912	36.143	-5.245	7.150	0.000	0.000	0.000	2	1	960593_G
138.920	37.590	7.930	5.513	0.000	0.000	0.000	10	1	970810_G
138.922	34.866	-22.862	6.798	0.000	0.000	0.000	16	1	950297_G
138.925	34.916	-21.546	6.733	0.000	0.000	0.000	16	1	93049_GP
138.928	35.204	-13.970	6.669	0.000	0.000	0.000	16	1	960621_G
138.934	37.166	-2.829	7.110	0.000	0.000	0.000	2	1	950242_G
138.939	34.699	-27.253	6.434	0.000	0.000	0.000	16	1	960628_G
138.945	36.778	-3.744	7.089	0.000	0.000	0.000	2	1	970802_G
138.974	35.114	-16.335	5.687	0.000	0.000	0.000	16	1	970813_G
138.976	35.623	-6.467	7.032	0.000	0.000	0.000	2	1	93064_GP
138.989	37.896	7.579	5.571	0.000	0.000	0.000	10	1	940050_G
138.990	34.751	-25.883	5.345	0.000	0.000	0.000	16	1	93053_GP
138.998	37.468	-2.111	6.991	0.000	0.000	0.000	2	1	950239_G
139.014	34.922	-21.383	4.833	0.000	0.000	0.000	16	1	93061_GP
139.020	37.320	-2.459	6.950	0.000	0.000	0.000	2	1	960568_G
139.026	35.512	-6.725	6.939	0.000	0.000	0.000	2	1	960607_G
139.045	35.415	-5.252	8.137	0.000	0.000	0.000	9	1	93031_GP
139.049	35.246	-12.859	4.085	0.000	0.000	0.000	16	1	93068_GP
139.057	36.539	-4.300	6.882	0.000	0.000	0.000	2	1	960752_G
139.059	37.662	-1.649	6.878	0.000	0.000	0.000	2	1	950238_G
139.067	36.235	-5.017	6.863	0.000	0.000	0.000	2	1	960592_G
139.070	34.951	-20.618	3.637	0.000	0.000	0.000	16	1	92108_GP
139.074	37.752	-1.435	6.851	0.000	0.000	0.000	2	1	960571_G
139.076	35.987	-5.601	6.847	0.000	0.000	0.000	2	1	950223_G
139.124	34.878	-22.537	2.484	0.000	0.000	0.000	16	1	93062_GP
139.134	34.200	-28.586	26.891	0.000	0.000	0.000	15	1	93058_GP
139.157	35.610	-6.485	6.697	0.000	0.000	0.000	2	1	93065_GP
139.163	35.336	-5.364	7.996	0.000	0.000	0.000	9	1	950229_G
139.182	35.884	-5.837	6.651	0.000	0.000	0.000	2	1	960754_G
139.211	34.333	-28.357	26.813	0.000	0.000	0.000	15	1	960597_G
139.225	36.770	-3.743	6.571	0.000	0.000	0.000	2	1	950220_G
139.226	37.828	-1.245	6.569	0.000	0.000	0.000	2	1	970805_G
139.253	38.465	6.934	5.791	0.000	0.000	0.000	10	1	950231_G
139.263	35.305	-5.404	7.875	0.000	0.000	0.000	9	1	93035_GP
139.268	35.724	-6.209	6.491	0.000	0.000	0.000	2	1	93063_GP
139.269	36.004	-5.548	6.489	0.000	0.000	0.000	2	1	960753_G
139.271	34.520	-28.048	26.752	0.000	0.000	0.000	15	1	960596_G
139.323	35.483	-5.125	7.803	0.000	0.000	0.000	9	1	93029_GP
139.330	36.422	-4.557	6.376	0.000	0.000	0.000	2	1	950222_G
139.345	36.121	-5.267	6.349	0.000	0.000	0.000	2	1	93005_GP
139.351	37.929	-0.997	6.338	0.000	0.000	0.000	2	1	950234_G
139.364	37.303	-2.475	6.313	0.000	0.000	0.000	2	1	950206_G
139.366	35.801	-6.021	6.310	0.000	0.000	0.000	2	1	960755_G
139.370	35.616	-4.916	7.747	0.000	0.000	0.000	9	1	960758_G
139.402	37.037	-3.101	6.243	0.000	0.000	0.000	2	1	970801_G
139.462	38.056	-0.690	6.132	0.000	0.000	0.000	2	1	960564_G
139.464	35.926	-5.719	6.128	0.000	0.000	0.000	2	1	93011_GP
139.466	35.327	-5.354	7.631	0.000	0.000	0.000	9	1	93034_GP
139.468	35.521	-5.055	7.629	0.000	0.000	0.000	9	1	93028_GP
139.478	37.686	-1.563	6.102	0.000	0.000	0.000	2	1	950236_G
139.479	34.076	-28.690	26.541	0.000	0.000	0.000	15	1	960600_G
139.488	35.710	-4.762	7.605	0.000	0.000	0.000	9	1	93019_GP
139.491	36.624	-4.070	6.078	0.000	0.000	0.000	2	1	960589_G
139.504	37.281	-2.518	6.054	0.000	0.000	0.000	2	1	950207_G
139.510	38.231	-0.274	6.043	0.000	0.000	0.000	2	1	940049_G
139.522	35.419	-5.208	7.564	0.000	0.000	0.000	9	1	970804_G
139.529	37.473	-2.063	6.008	0.000	0.000	0.000	2	1	950204_G
139.547	34.059	-28.699	26.472	0.000	0.000	0.000	15	1	93060_GP
139.548	39.186	6.114	6.038	0.000	0.000	0.000	10	1	950194_G
139.556	38.556	0.497	5.958	0.000	0.000	0.000	2	1	940034_G
139.586	37.097	-2.947	5.902	0.000	0.000	0.000	2	1	960563_G
139.619	36.666	-3.963	5.841	0.000	0.000	0.000	2	1	950218_G
139.631	35.664	-4.822	7.433	0.000	0.000	0.000	9	1	950228_G
139.637	36.087	-5.329	5.808	0.000	0.000	0.000	2	1	93007_GP
139.643	35.759	-4.675	7.418	0.000	0.000	0.000	9	1	93017_GP
139.652	35.937	-5.682	5.780	0.000	0.000	0.000	2	1	93013_GP
139.654	35.436	-5.172	7.405	0.000	0.000	0.000	9	1	93032_GP
139.673	35.563	-4.975	7.382	0.000	0.000	0.000	9	1	93026_GP
139.726	36.402	-4.580	5.643	0.000	0.000	0.000	2	1	940043_G
139.742	38.146	-0.460	5.613	0.000	0.000	0.000	2	1	950197_G
139.765	32.464	-31.132	26.250	0.000	0.000	0.000	15	1	960602_G
139.776	39.968	3.846	5.550	0.000	0.000	0.000	2	1	940030_G
139.792	37.644	-1.643	5.520	0.000	0.000	0.000	2	1	940040_G
139.796	35.896	-4.452	7.234	0.000	0.000	0.000	9	1	950224_G
139.797	33.120	-30.103	26.217	0.000	0.000	0.000	15	1	95113_GP
139.798	36.011	-4.275	7.232	0.000	0.000	0.000	9	1	93008_GP
139.806	36.980	-3.210	5.495	0.000	0.000	0.000	2	1	960586_G
139.809	38.895	1.314	5.489	0.000	0.000	0.000	2	1	940032_G
139.811	36.204	-5.043	5.485	0.000	0.000	0.000	2	1	93003_GP
139.813	35.780	-4.630	7.214	0.000	0.000	0.000	9	1	93016_GP
139.826	35.312	-5.350	7.198	0.000	0.000	0.000	9	1	93036_GP
139.832	38.594	0.604	5.446	0.000	0.000	0.000	2	1	950196_G
139.844	35.144	-5.608	7.176	0.000	0.000	0.000	9	1	93039_GP
139.851	39.889	3.664	5.411	0.000	0.000	0.000	2	1	960551_G
139.854	36.776	-3.689	5.406	0.000	0.000	0.000	2	1	960587_G
139.864	34.954	-5.899	7.152	0.000	0.000	0.000	9	1	93047_GP
139.871	37.261	-2.543	5.374	0.000	0.000	0.000	2	1	950209_G
139.902	35.675	-4.785	7.107	0.000	0.000	0.000	9	1	93023_GP
139.908	39.206	2.054	5.306	0.000	0.000	0.000	2	1	950191_G
139.923	36.599	-3.358	7.081	0.000	0.000	0.000	9	1	950219_G
139.927	39.016	1.607	5.270	0.000	0.000	0.000	2	1	960555_G
139.928	40.578	5.296	5.268	0.000	0.000	0.000	2	1	950154_G
139.954	35.255	-5.429	7.044	0.000	0.000	0.000	9	1	93045_GP
139.957	38.760	1.003	5.215	0.000	0.000	0.000	2	1	950195_G
139.975	35.003	-5.816	7.019	0.000	0.000	0.000	9	1	950227_G
139.988	36.301	-3.813	7.003	0.000	0.000	0.000	9	1	960582_G
139.993	35.940	-4.370	6.997	0.000	0.000	0.000	9	1	93012_GP
140.025	35.786	-4.605	6.959	0.000	0.000	0.000	9	1	93018_GP
140.039	36.854	-2.956	6.942	0.000	0.000	0.000	9	1	950217_G
140.041	41.466	7.398	5.059	0.000	0.000	0.000	2	1	940023_G
140.044	40.230	4.481	5.053	0.000	0.000	0.000	2	1	950184_G
140.045	39.826	3.527	5.052	0.000	0.000	0.000	2	1	960552_G
140.048	35.657	-4.802	6.931	0.000	0.000	0.000	9	1	950225_G
140.051	35.448	-5.124	6.927	0.000	0.000	0.000	9	1	93030_GP
140.073	37.567	-1.853	6.901	0.000	0.000	0.000	9	1	950202_G
140.078	36.365	-3.708	6.895	0.000	0.000	0.000	9	1	950215_G
140.079	35.112	-5.640	6.893	0.000	0.000	0.000	9	1	93044_GP
140.094	37.964	-0.870	4.961	0.000	0.000	0.000	2	1	950198_G
140.095	38.434	0.241	4.959	0.000	0.000	0.000	2	1	970799_G
140.132	39.936	3.791	4.890	0.000	0.000	0.000	2	1	950186_G
140.136	37.425	-2.068	6.825	0.000	0.000	0.000	9	1	960561_G
140.147	35.333	-5.295	6.812	0.000	0.000	0.000	9	1	93037_GP
140.158	36.692	-3.198	6.798	0.000	0.000	0.000	9	1	960588_G
140.162	39.164	1.969	4.835	0.000	0.000	0.000	2	1	950192_G
140.165	36.952	-2.796	6.790	0.000	0.000	0.000	9	1	960585_G
140.174	36.263	-3.859	6.779	0.000	0.000	0.000	9	1	93002_GP
140.179	36.542	-3.428	6.773	0.000	0.000	0.000	9	1	960590_G
140.187	35.544	-4.967	6.763	0.000	0.000	0.000	9	1	93025_GP
140.200	38.289	-0.096	4.764	0.000	0.000	0.000	2	1	970803_G
140.202	36.031	-4.215	6.745	0.000	0.000	0.000	9	1	960584_G
140.206	37.616	-1.768	6.741	0.000	0.000	0.000	9	1	960559_G
140.234	39.658	3.140	4.701	0.000	0.000	0.000	2	1	950188_G
140.260	37.126	-2.521	6.676	0.000	0.000	0.000	9	1	950210_G
140.264	40.271	4.590	4.646	0.000	0.000	0.000	2	1	950182_G
140.268	35.166	-5.544	6.666	0.000	0.000	0.000	9	1	93041_GP
140.271	38.148	-0.942	6.662	0.000	0.000	0.000	9	1	960557_G
140.273	40.779	5.790	4.629	0.000	0.000	0.000	2	1	940026_G
140.293	36.651	-3.252	6.636	0.000	0.000	0.000	9	1	950213_G
140.315	35.717	-4.691	6.609	0.000	0.000	0.000	9	1	93020_GP
140.316	41.599	7.727	4.549	0.000	0.000	0.000	2	1	950149_G
140.318	35.530	-4.980	6.606	0.000	0.000	0.000	9	1	93027_GP
140.319	38.759	1.020	4.544	0.000	0.000	0.000	2	1	940033_G
140.325	37.362	-2.152	6.597	0.000	0.000	0.000	9	1	940039_G
140.337	35.421	-5.147	6.583	0.000	0.000	0.000	9	1	93033_GP
140.343	36.097	-4.103	6.576	0.000	0.000	0.000	9	1	93006_GP
140.365	38.497	0.404	4.458	0.000	0.000	0.000	2	1	960556_G
140.366	38.331	-0.652	6.548	0.000	0.000	0.000	9	1	940035_G
140.385	35.243	-5.418	6.525	0.000	0.000	0.000	9	1	950226_G
140.387	39.549	2.890	4.418	0.000	0.000	0.000	2	1	950189_G
140.402	40.007	3.973	4.390	0.000	0.000	0.000	2	1	950185_G
140.403	35.970	-4.295	6.503	0.000	0.000	0.000	9	1	93010_GP
140.407	35.803	-4.553	6.498	0.000	0.000	0.000	9	1	93015_GP
140.413	36.862	-2.918	6.491	0.000	0.000	0.000	9	1	950212_G
140.443	37.990	-1.174	6.455	0.000	0.000	0.000	9	1	950180_G
140.448	35.642	-4.798	6.449	0.000	0.000	0.000	9	1	93024_GP
140.452	40.910	6.108	4.297	0.000	0.000	0.000	2	1	960542_G
140.466	37.683	-1.646	6.427	0.000	0.000	0.000	9	1	950200_G
140.476	36.344	-3.713	6.415	0.000	0.000	0.000	9	1	950216_G
140.479	40.624	5.434	4.247	0.000	0.000	0.000	2	1	960540_G
140.491	41.185	6.759	4.225	0.000	0.000	0.000	2	1	960534_G
140.498	36.743	-3.096	6.389	0.000	0.000	0.000	9	1	960581_G
140.499	43.057	5.565	-0.923	0.000	0.000	0.000	1	1	950126_G
140.507	39.199	2.069	4.195	0.000	0.000	0.000	2	1	960554_G
140.544	42.985	5.431	-0.986	0.000	0.000	0.000	1	1	950127_G
140.560	39.327	2.374	4.097	0.000	0.000	0.000	2	1	950190_G
140.562	37.089	-2.557	6.312	0.000	0.000	0.000	9	1	950211_G
140.568	42.099	5.181	6.304	0.000	0.000	0.000	9	1	950146_G
140.577	40.325	4.733	4.065	0.000	0.000	0.000	2	1	950181_G
140.578	40.524	5.203	4.064	0.000	0.000	0.000	2	1	950155_G
140.589	40.706	5.633	4.043	0.000	0.000	0.000	2	1	960538_G
140.597	39.749	3.373	4.028	0.000	0.000	0.000	2	1	950187_G
140.612	36.540	-3.402	6.251	0.000	0.000	0.000	9	1	940042_G
140.630	39.052	1.727	3.967	0.000	0.000	0.000	2	1	950193_G
140.636	41.043	6.431	3.956	0.000	0.000	0.000	2	1	950151_G
140.643	38.206	-0.826	6.214	0.000	0.000	0.000	9	1	950178_G
140.646	37.984	-1.169	6.210	0.000	0.000	0.000	9	1	970797_G
140.647	35.777	-4.577	6.209	0.000	0.000	0.000	9	1	93021_GP
140.659	35.955	-4.302	6.195	0.000	0.000	0.000	9	1	93009_GP
140.662	37.325	-2.186	6.191	0.000	0.000	0.000	9	1	950205_G
140.667	42.123	5.225	6.185	0.000	0.000	0.000	9	1	960528_G
140.715	41.977	5.003	6.127	0.000	0.000	0.000	9	1	960529_G
140.733	39.703	3.270	3.776	0.000	0.000	0.000	2	1	960553_G
140.748	41.826	4.773	6.087	0.000	0.000	0.000	9	1	940022_G
140.754	36.800	-2.991	6.080	0.000	0.000	0.000	9	1	950214_G
140.755	37.561	-1.815	6.079	0.000	0.000	0.000	9	1	950201_G
140.769	39.351	0.952	6.062	0.000	0.000	0.000	9	1	960544_G
140.787	40.215	4.482	3.676	0.000	0.000	0.000	2	1	950183_G
140.802	38.749	0.023	6.022	0.000	0.000	0.000	9	1	950174_G
140.803	40.644	5.496	3.646	0.000	0.000	0.000	2	1	960541_G
140.806	42.043	5.112	6.018	0.000	0.000	0.000	9	1	950147_G
140.822	41.146	3.728	5.998	0.000	0.000	0.000	9	1	960535_G
140.823	40.045	4.082	3.609	0.000	0.000	0.000	2	1	970798_G
140.830	40.841	3.258	5.989	0.000	0.000	0.000	9	1	940025_G
140.834	37.325	-2.175	5.984	0.000	0.000	0.000	9	1	960562_G
140.837	35.726	-4.644	5.980	0.000	0.000	0.000	9	1	93022_GP
140.842	37.018	-2.649	5.974	0.000	0.000	0.000	9	1	970800_G
140.844	38.030	-1.085	5.972	0.000	0.000	0.000	9	1	950179_G
140.848	38.546	-0.287	5.967	0.000	0.000	0.000	9	1	960548_G
140.851	38.412	-0.494	5.963	0.000	0.000	0.000	9	1	950177_G
140.861	43.210	5.844	-1.437	0.000	0.000	0.000	1	1	960517_G
140.872	40.913	3.372	5.938	0.000	0.000	0.000	9	1	960536_G
140.881	41.455	4.209	5.927	0.000	0.000	0.000	9	1	950150_G
140.883	42.858	5.191	-1.468	0.000	0.000	0.000	1	1	950129_G
140.903	37.091	-2.532	5.901	0.000	0.000	0.000	9	1	940041_G
140.908	37.801	-1.435	5.895	0.000	0.000	0.000	9	1	940038_G
140.946	37.818	-1.406	5.849	0.000	0.000	0.000	9	1	960558_G
140.954	38.317	-0.634	5.839	0.000	0.000	0.000	9	1	940037_G
140.988	39.127	0.620	5.798	0.000	0.000	0.000	9	1	970796_G
140.991	38.815	0.138	5.795	0.000	0.000	0.000	9	1	950173_G
140.994	37.285	-2.227	5.791	0.000	0.000	0.000	9	1	950208_G
141.007	37.534	-1.841	5.775	0.000	0.000	0.000	9	1	950203_G
141.031	43.178	5.781	-1.678	0.000	0.000	0.000	1	1	940013_G
141.038	45.276	9.665	-1.688	0.000	0.000	0.000	1	1	950102_G
141.055	39.363	0.989	5.717	0.000	0.000	0.000	9	1	950168_G
141.076	40.291	2.424	5.692	0.000	0.000	0.000	9	1	950157_G
141.132	40.862	3.310	5.624	0.000	0.000	0.000	9	1	960537_G
141.141	41.834	4.812	5.614	0.000	0.000	0.000	9	1	950148_G
141.148	38.539	-0.279	5.605	0.000	0.000	0.000	9	1	950176_G
141.165	39.851	1.750	5.585	0.000	0.000	0.000	9	1	950163_G
141.167	45.138	9.407	-1.871	0.000	0.000	0.000	1	1	960501_G
141.172	39.597	1.358	5.576	0.000	0.000	0.000	9	1	950166_G
141.198	40.625	2.948	5.545	0.000	0.000	0.000	9	1	950153_G
141.213	38.425	-0.452	5.527	0.000	0.000	0.000	9	1	960549_G
141.225	39.981	1.955	5.512	0.000	0.000	0.000	9	1	950161_G
141.275	38.900	0.287	5.452	0.000	0.000	0.000	9	1	960545_G
141.290	42.971	5.392	-2.046	0.000	0.000	0.000	1	1	950128_G
141.294	40.291	2.438	5.429	0.000	0.000	0.000	9	1	950159_G
141.330	44.427	8.088	-2.103	0.000	0.000	0.000	1	1	950106_G
141.361	42.550	4.610	-2.147	0.000	0.000	0.000	1	1	950139_G
141.368	40.968	3.489	5.340	0.000	0.000	0.000	9	1	950152_G
141.371	43.624	6.600	-2.161	0.000	0.000	0.000	1	1	970785_G
141.376	40.676	3.038	5.330	0.000	0.000	0.000	9	1	960539_G
141.407	42.773	5.022	-2.212	0.000	0.000	0.000	1	1	960523_G
141.431	43.405	6.193	-2.246	0.000	0.000	0.000	1	1	950117_G
141.441	38.449	-0.401	5.252	0.000	0.000	0.000	9	1	940036_G
141.448	41.405	4.169	5.243	0.000	0.000	0.000	9	1	960533_G
141.449	38.683	-0.039	5.242	0.000	0.000	0.000	9	1	950175_G
141.453	39.849	1.764	5.237	0.000	0.000	0.000	9	1	970795_G
141.462	40.049	2.074	5.226	0.000	0.000	0.000	9	1	950160_G
141.501	38.301	-0.627	5.179	0.000	0.000	0.000	9	1	960550_G
141.510	43.854	7.022	-2.359	0.000	0.000	0.000	1	1	940008_G
141.511	40.515	2.797	5.167	0.000	0.000	0.000	9	1	950156_G
141.534	39.338	0.979	5.139	0.000	0.000	0.000	9	1	950169_G
141.540	43.078	5.584	-2.401	0.000	0.000	0.000	1	1	960520_G
141.573	38.903	0.308	5.092	0.000	0.000	0.000	9	1	950172_G
141.575	39.143	0.680	5.090	0.000	0.000	0.000	9	1	960546_G
141.577	42.884	5.223	-2.454	0.000	0.000	0.000	1	1	960522_G
141.598	45.220	9.547	-2.484	0.000	0.000	0.000	1	1	970778_G
141.602	42.656	4.800	-2.489	0.000	0.000	0.000	1	1	950136_G
141.665	44.149	7.564	-2.579	0.000	0.000	0.000	1	1	970783_G
141.675	39.596	1.386	4.969	0.000	0.000	0.000	9	1	960547_G
141.713	40.405	2.639	4.923	0.000	0.000	0.000	9	1	950158_G
141.731	42.983	5.402	-2.672	0.000	0.000	0.000	1	1	940014_G
141.740	39.024	0.505	4.891	0.000	0.000	0.000	9	1	950171_G
141.741	44.892	8.936	-2.687	0.000	0.000	0.000	1	1	950104_G
141.750	45.403	9.880	-2.699	0.000	0.000	0.000	1	1	940001_G
141.756	44.398	8.021	-2.708	0.000	0.000	0.000	1	1	940003_G
141.789	40.133	2.222	4.832	0.000	0.000	0.000	9	1	940027_G
141.794	44.640	8.468	-2.762	0.000	0.000	0.000	1	1	970781_G
141.798	39.254	0.864	4.821	0.000	0.000	0.000	9	1	950170_G
141.804	39.849	1.784	4.814	0.000	0.000	0.000	9	1	950164_G
141.864	42.729	3.201	-2.466	0.000	0.000	0.000	8	1	950132_G
141.874	43.741	6.801	-2.876	0.000	0.000	0.000	1	1	960509_G
141.891	43.248	3.124	-2.464	0.000	0.000	0.000	8	1	960516_G
141.940	39.572	1.363	4.649	0.000	0.000	0.000	9	1	940028_G
141.951	39.869	1.823	4.636	0.000	0.000	0.000	9	1	950162_G
141.955	39.458	1.187	4.631	0.000	0.000	0.000	9	1	950167_G
142.060	42.481	5.865	4.505	0.000	0.000	0.000	9	1	950141_G
142.065	49.076	9.025	-0.369	0.000	0.000	0.000	6	1	UGLE_GPS
142.085	42.934	3.164	-2.451	0.000	0.000	0.000	8	1	970790_G
142.152	44.007	3.005	-2.446	0.000	0.000	0.000	8	1	950110_G
142.157	49.637	8.788	-0.355	0.000	0.000	0.000	6	1	BOSH_GUG
142.170	45.336	2.808	-2.445	0.000	0.000	0.000	8	1	950101_G
142.185	27.096	-38.841	23.761	0.000	0.000	0.000	15	1	942003_G
142.265	44.365	2.949	-2.439	0.000	0.000	0.000	8	1	970782_G
142.296	42.727	3.188	-2.436	0.000	0.000	0.000	8	1	950133_G
142.352	45.127	2.833	-2.432	0.000	0.000	0.000	8	1	970779_G
142.365	42.357	3.241	-2.432	0.000	0.000	0.000	8	1	940016_G
142.395	43.336	3.096	-2.429	0.000	0.000	0.000	8	1	960514_G
142.402	42.981	3.148	-2.429	0.000	0.000	0.000	8	1	940012_G
142.410	43.739	3.037	-2.428	0.000	0.000	0.000	8	1	960508_G
142.482	43.590	3.057	-2.423	0.000	0.000	0.000	8	1	940007_G
142.537	45.002	2.846	-2.420	0.000	0.000	0.000	8	1	950103_G
142.543	49.690	8.764	-0.295	0.000	0.000	0.000	6	1	AIVA_GPS
142.567	42.248	5.530	3.892	0.000	0.000	0.000	9	1	950142_G
142.578	43.908	3.007	-2.417	0.000	0.000	0.000	8	1	960506_G
142.626	44.295	2.948	-2.413	0.000	0.000	0.000	8	1	950107_G
142.643	43.432	3.075	-2.412	0.000	0.000	0.000	8	1	970787_G
142.717	47.030	2.538	-2.407	0.000	0.000	0.000	8	1	YSSK_GPS
142.718	44.780	2.874	-2.407	0.000	0.000	0.000	8	1	970780_G
142.759	48.573	2.304	-2.404	0.000	0.000	0.000	8	1	PORE_GUG
142.810	43.166	3.109	-2.400	0.000	0.000	0.000	8	1	960518_G
142.817	49.838	2.110	-2.400	0.000	0.000	0.000	8	1	PBDN_GPS
142.870	43.014	3.130	-2.396	0.000	0.000	0.000	8	1	970789_G
142.903	43.771	3.018	-2.394	0.000	0.000	0.000	8	1	960510_G
142.935	42.131	5.365	3.447	0.000	0.000	0.000	9	1	950144_G
142.946	53.602	1.529	-2.391	0.000	0.000	0.000	8	1	OKHA_GPS
142.947	43.334	3.081	-2.391	0.000	0.000	0.000	8	1	970786_G
142.964	44.582	2.896	-2.390	0.000	0.000	0.000	8	1	960502_G
143.077	44.192	2.950	-2.382	0.000	0.000	0.000	8	1	960504_G
143.103	42.699	3.170	-2.380	0.000	0.000	0.000	8	1	950134_G
143.152	42.486	3.199	-2.376	0.000	0.000	0.000	8	1	970793_G
143.157	42.006	5.181	3.179	0.000	0.000	0.000	9	1	940019_G
143.171	42.939	3.132	-2.375	0.000	0.000	0.000	8	1	960521_G
143.224	44.434	2.910	-2.371	0.000	0.000	0.000	8	1	940002_G
143.242	64.566	2.380	0.374	0.000	0.000	0.000	5	1	UNR1_GPS
143.246	63.260	3.150	0.375	0.000	0.000	0.000	5	1	TOM1_GPS
143.270	49.922	2.083	-2.368	0.000	0.000	0.000	8	1	PERV_GPS
143.298	43.232	3.086	-2.366	0.000	0.000	0.000	8	1	950123_G
143.316	42.126	3.247	-2.365	0.000	0.000	0.000	8	1	960532_G
143.331	42.322	3.218	-2.364	0.000	0.000	0.000	8	1	940015_G
143.334	44.006	2.971	-2.364	0.000	0.000	0.000	8	1	950111_G
143.459	43.029	3.111	-2.355	0.000	0.000	0.000	8	1	940011_G
143.461	42.552	3.181	-2.355	0.000	0.000	0.000	8	1	950138_G
143.495	42.807	3.143	-2.352	0.000	0.000	0.000	8	1	970791_G
143.562	43.289	3.070	-2.348	0.000	0.000	0.000	8	1	950121_G
143.578	43.671	3.013	-2.346	0.000	0.000	0.000	8	1	960511_G
143.616	44.220	2.931	-2.344	0.000	0.000	0.000	8	1	960503_G
143.646	50.049	2.052	-2.342	0.000	0.000	0.000	8	1	PILG_GPS
143.787	43.849	2.981	-2.332	0.000	0.000	0.000	8	1	950114_G
143.804	50.292	2.010	-2.331	0.000	0.000	0.000	8	1	OKRG_GPS
143.902	43.102	3.088	-2.324	0.000	0.000	0.000	8	1	970788_G
143.927	42.895	3.118	-2.322	0.000	0.000	0.000	8	1	950112_G
144.030	44.064	2.942	-2.315	0.000	0.000	0.000	8	1	950108_G
144.115	43.828	2.975	-2.309	0.000	0.000	0.000	8	1	960507_G
144.127	43.121	3.079	-2.308	0.000	0.000	0.000	8	1	950124_G
144.293	43.989	2.946	-2.296	0.000	0.000	0.000	8	1	960505_G
144.325	43.233	3.057	-2.294	0.000	0.000	0.000	8	1	950122_G
144.432	42.963	3.094	-2.286	0.000	0.000	0.000	8	1	940010_G
144.449	43.508	3.013	-2.285	0.000	0.000	0.000	8	1	940005_G
144.506	43.723	2.980	-2.281	0.000	0.000	0.000	8	1	970784_G
144.598	43.307	3.039	-2.274	0.000	0.000	0.000	8	1	960515_G
144.676	43.916	2.946	-2.269	0.000	0.000	0.000	8	1	940004_G
144.719	42.983	3.083	-2.266	0.000	0.000	0.000	8	1	960531_G
144.774	43.409	3.019	-2.262	0.000	0.000	0.000	8	1	950116_G
144.843	43.058	3.069	-2.257	0.000	0.000	0.000	8	1	950125_G
144.987	43.549	2.992	-2.246	0.000	0.000	0.000	8	1	950113_G
145.115	43.383	3.013	-2.237	0.000	0.000	0.000	8	1	950118_G
145.130	43.070	3.059	-2.236	0.000	0.000	0.000	8	1	940009_G
145.131	43.662	2.972	-2.236	0.000	0.000	0.000	8	1	950115_G
145.186	44.019	2.917	-2.232	0.000	0.000	0.000	8	1	950109_G
145.259	43.232	3.032	-2.227	0.000	0.000	0.000	8	1	960512_G
145.511	43.290	3.017	-2.209	0.000	0.000	0.000	8	1	940006_G
145.520	43.195	3.030	-2.208	0.000	0.000	0.000	8	1	960519_G
145.801	43.367	2.998	-2.188	0.000	0.000	0.000	8	1	950119_G
147.431	61.883	0.085	-2.070	0.000	0.000	0.000	8	1	KUL1_GPS
148.168	62.779	-0.080	-2.015	0.000	0.000	0.000	8	1	SUS1_GPS
150.770	59.580	0.351	-1.822	0.000	0.000	0.000	8	1	MAGO_GPS
151.887	7.447	-71.532	39.842	0.000	0.000	0.000	4	1	TRUK_GPS
152.392	61.130	0.061	-1.699	0.000	0.000	0.000	8	1	TAL1_GPS
152.422	62.925	-0.647	0.084	0.000	0.000	0.000	3	1	SEY2_GPS
153.979	24.290	-75.913	41.161	0.000	0.000	0.000	4	1	MARC_GPS
155.770	62.518	-0.649	0.092	0.000	0.000	0.000	3	1	OMS1_GPS
155.962	54.304	1.067	-1.425	0.000	0.000	0.000	8	1	SOBL_GKA
156.244	52.661	1.322	-1.403	0.000	0.000	0.000	8	1	UBR1_GKA
156.575	52.928	1.274	-1.377	0.000	0.000	0.000	8	1	UBR2_GKA
156.738	57.091	0.607	-1.364	0.000	0.000	0.000	8	1	UHAZ_GKA
156.810	51.466	1.501	-1.359	0.000	0.000	0.000	8	1	PAUZ_GKA
157.474	53.333	1.192	-1.307	0.000	0.000	0.000	8	1	MALK_GKA
158.213	53.280	1.188	-1.249	0.000	0.000	0.000	8	1	KORC_GKA
158.623	54.693	0.955	-1.217	0.000	0.000	0.000	8	1	MILK_GKA
158.650	53.023	1.221	-1.215	0.000	0.000	0.000	8	1	PETS_GKA
158.686	57.759	0.463	-1.212	0.000	0.000	0.000	8	1	_TIG_GKA
158.697	55.930	0.756	-1.211	0.000	0.000	0.000	8	1	_ES1_GKA
159.197	53.142	1.193	-1.171	0.000	0.000	0.000	8	1	NALY_GKA
159.481	54.025	1.047	-1.149	0.000	0.000	0.000	8	1	KRM9_GKA
159.865	56.042	0.718	-1.119	0.000	0.000	0.000	8	1	KOZY_GKA
161.194	54.585	0.931	-1.013	0.000	0.000	0.000	8	1	KRON_GKA
162.593	56.265	0.642	-0.901	0.000	0.000	0.000	8	1	UKAM_GKA
163.067	59.243	0.156	-0.863	0.000	0.000	0.000	8	1	OSSO_GKA
166.211	62.456	-0.633	0.116	0.000	0.000	0.000	3	1	_KMS_GPS
166.438	68.076	-0.536	0.116	0.000	0.000	0.000	3	1	BILI_GPS
166.440	68.080	-0.536	0.116	0.000	0.000	0.000	3	1	BILI_GPS
167.730	8.722	-70.272	48.388	0.000	0.000	0.000	4	1	KWJ1_GPS
183.434	-43.956	-41.139	53.232	0.000	0.000	0.000	4	1	CHAT_GPS
200.335	22.126	-60.342	54.001	0.000	0.000	0.000	4	1	KOKB_GPS
210.394	-17.577	-68.628	52.232	0.000	0.000	0.000	4	1	THTI_GPS
212.500	64.980	-0.481	0.166	0.000	0.000	0.000	3	1	FAIR_GPS
240.380	49.320	-0.683	0.147	0.000	0.000	0.000	3	1	DRAO_GPS
245.519	62.481	-0.445	0.139	0.000	0.000	0.000	3	1	YELL_GPS
245.520	62.480	-0.445	0.139	0.000	0.000	0.000	3	1	YELL_GPS
251.880	34.300	-0.881	0.128	0.000	0.000	0.000	3	1	PIE1_GPS
251.881	34.302	-0.881	0.128	0.000	0.000	0.000	3	1	PIE1_GPS
255.985	30.681	-0.921	0.120	0.000	0.000	0.000	3	1	MDO1_GPS
255.990	30.680	-0.921	0.120	0.000	0.000	0.000	3	1	MDOI_GPS
258.022	54.726	-0.561	0.116	0.000	0.000	0.000	3	1	FLIN_GPS
264.134	50.259	-0.628	0.103	0.000	0.000	0.000	3	1	DUBO_GPS
265.911	58.759	-0.476	0.098	0.000	0.000	0.000	3	1	CHUR_GPS
