88.360	69.362	0.011	-0.026	0.000	0.000	0.000	5	1	NRIL_GPS
106.010	51.170	0.042	-0.032	0.000	0.000	-0.006	6	1	UDUN_GEC
107.820	22.326	-0.038	0.015	0.000	0.000	0.002	5	1	F062_GPS
108.169	23.750	-0.045	0.017	0.000	0.000	-0.004	14	1	F059_GPS
108.296	23.149	-0.043	0.016	0.000	0.000	0.000	5	1	F060_GPS
109.106	33.658	-0.066	0.037	0.000	0.000	-0.003	5	1	F054_GPS
109.260	22.411	-0.042	0.017	0.000	0.000	0.038	5	1	F063_GPS
109.923	33.880	-0.071	0.041	0.000	0.000	0.015	5	1	D078_GPS
109.966	41.755	0.008	0.017	0.000	0.000	0.081	5	1	HB04_GUA
110.141	22.688	-0.046	0.018	0.000	0.000	0.011	14	1	F049_GPS
110.555	27.911	-0.079	0.028	0.000	0.000	-0.022	14	1	F057_GPS
111.475	33.280	-0.090	0.048	0.000	0.000	-0.018	5	1	C060_GPS
111.563	22.786	-0.051	0.021	0.000	0.000	-0.024	14	1	F047_GPS
111.709	41.515	0.009	0.022	0.000	0.000	-0.029	6	1	HB08_GUA
112.108	31.905	-0.103	0.047	0.000	0.000	-0.035	14	1	F029_GPS
112.351	32.538	-0.105	0.051	0.000	0.000	-0.034	14	1	C063_GPS
112.563	26.911	-0.090	0.030	0.000	0.000	-0.036	14	1	F034_GPS
112.688	22.338	-0.051	0.022	0.000	0.000	-0.044	14	1	F044_GPS
113.312	32.751	-0.118	0.058	0.000	0.000	-0.038	14	1	C059_GPS
113.348	31.694	-0.122	0.054	0.000	0.000	-0.062	14	1	C065_GPS
113.563	24.814	-0.078	0.027	0.000	0.000	-0.039	14	1	F037_GPS
113.896	22.587	-0.056	0.025	0.000	0.000	-0.007	14	1	F042_GPS
114.074	32.099	-0.134	0.061	0.000	0.000	-0.014	14	1	C062_GPS
114.345	33.026	-0.134	0.067	0.000	0.000	0.013	14	1	C056_GPS
114.453	22.830	-0.061	0.027	0.000	0.000	-0.029	14	1	F041_GPS
114.635	31.251	-0.146	0.060	0.000	0.000	-0.020	14	1	C064_GPS
115.791	32.943	-0.166	0.081	0.000	0.000	-0.054	14	1	C058_GPS
115.801	23.431	-0.073	0.031	0.000	0.000	-0.061	14	1	F027_GPS
115.846	40.870	0.015	0.039	0.000	0.000	-0.097	6	1	HB34_GUA
115.878	31.689	-0.175	0.073	0.000	0.000	-0.019	14	1	C061_GPS
116.104	43.903	0.074	-0.009	0.000	0.000	-0.041	6	1	XHOT_GUA
116.971	31.085	-0.206	0.079	0.000	0.000	0.044	14	1	B072_GPS
116.984	33.646	-0.190	0.101	0.000	0.000	0.045	5	1	B058_GPS
117.015	23.423	-0.077	0.036	0.000	0.000	0.020	14	1	F025_GPS
117.108	32.498	-0.208	0.094	0.000	0.000	0.020	14	1	B065_GPS
117.564	26.291	-0.140	0.044	0.000	0.000	0.093	14	1	F014_GPS
117.608	24.557	-0.101	0.039	0.000	0.000	0.018	14	1	F022_GPS
117.708	32.562	-0.229	0.103	0.000	0.000	0.028	5	1	B062_GPS
117.815	31.657	-0.237	0.095	0.000	0.000	0.029	14	1	B070_GPS
117.914	40.961	0.035	0.042	0.000	0.000	0.048	6	1	HB58_GUA
118.221	31.085	-0.252	0.093	0.000	0.000	0.021	14	1	B073_GPS
118.477	32.971	-0.254	0.120	0.000	0.000	0.205	5	1	B061_GPS
118.596	24.775	-0.113	0.044	0.000	0.000	0.009	14	1	F020_GPS
118.672	33.761	-0.246	0.131	0.000	0.000	0.058	5	1	B054_GPS
119.012	33.507	-0.267	0.136	0.000	0.000	0.055	5	1	B053_GPS
119.463	31.381	-0.314	0.116	0.000	0.000	0.059	5	1	B074_GPS
120.038	33.550	-0.318	0.162	0.000	0.000	0.055	5	1	B052_GPS
121.377	29.599	-0.391	0.109	0.000	0.000	0.023	14	1	F003_GPS
121.801	31.733	-0.491	0.180	0.000	0.000	0.028	5	1	B014_GPS
122.172	46.062	0.207	-0.113	0.000	0.000	0.040	6	1	UHOT_GUA
122.434	30.741	-0.540	0.165	0.000	0.000	0.039	14	1	B019_GPS
122.943	24.454	-0.114	0.088	0.000	0.000	0.027	20	1	950499_G
123.792	24.426	-0.107	0.105	0.000	0.000	0.013	20	1	950500_G
123.796	24.062	-0.090	0.105	0.000	0.000	0.031	20	1	960751_G
124.103	50.390	0.186	-0.181	0.000	0.000	0.012	6	1	JAGD_GUA
124.173	24.339	-0.099	0.114	0.000	0.000	0.012	20	1	960750_G
124.301	24.537	-0.107	0.117	0.000	0.000	0.030	20	1	960749_G
124.692	24.642	-0.108	0.128	0.000	0.000	0.012	20	1	960748_G
125.171	24.828	-0.111	0.143	0.000	0.000	0.043	21	1	960747_G
125.374	24.753	-0.103	0.151	0.000	0.000	0.009	21	1	950498_G
126.739	26.348	-0.220	0.218	0.000	0.000	-0.056	21	1	960743_G
126.969	46.650	0.361	-0.258	0.000	0.000	-0.094	6	1	SUIH_GUA
127.144	26.373	-0.208	0.248	0.000	0.000	-0.021	21	1	960742_G
127.345	26.179	-0.171	0.264	0.000	0.000	-0.046	21	1	960744_G
127.769	26.145	-0.142	0.302	0.000	0.000	-0.048	21	1	940100_G
127.826	26.169	-0.142	0.308	0.000	0.000	0.001	21	1	960745_G
127.833	26.447	-0.182	0.311	0.000	0.000	0.006	21	1	960741_G
127.898	26.695	-0.222	0.320	0.000	0.000	0.003	21	1	950496_G
127.945	26.944	-0.271	0.326	0.000	0.000	0.003	21	1	960736_G
127.972	26.483	-0.179	0.327	0.000	0.000	0.011	21	1	960740_G
128.144	26.708	-0.206	0.349	0.000	0.000	-0.004	21	1	960738_G
128.248	26.859	-0.228	0.364	0.000	0.000	0.009	21	1	960737_G
128.432	27.032	-0.252	0.392	0.000	0.000	0.009	21	1	950495_G
128.619	32.634	-2.502	1.265	0.000	0.000	0.006	6	1	960698_G
128.651	27.401	-0.334	0.430	0.000	0.000	0.010	21	1	960735_G
128.843	32.669	-2.577	1.352	0.000	0.000	0.000	6	1	950462_G
128.866	71.634	0.008	-0.050	0.000	0.000	0.002	7	1	TIXI_GPS
128.894	27.817	-0.470	0.477	0.000	0.000	0.002	21	1	960734_G
129.026	32.886	-2.400	1.343	0.000	0.000	0.004	6	1	960692_G
129.126	33.256	-2.006	1.194	0.000	0.000	0.003	6	1	960691_G
129.311	34.268	-1.111	0.711	0.000	0.000	0.004	6	1	950457_G
129.320	28.138	-0.585	0.584	0.000	0.000	0.002	13	1	960733_G
129.482	34.656	-0.829	0.527	0.000	0.000	0.002	6	1	950456_G
129.489	28.399	-0.750	0.635	0.000	0.000	0.003	13	1	950494_G
129.537	33.362	-1.815	1.138	0.000	0.000	0.007	6	1	950459_G
129.690	33.266	-1.847	1.182	0.000	0.000	0.008	6	1	960690_G
129.691	33.063	-2.098	1.338	0.000	0.000	-0.002	6	1	950460_G
129.694	28.487	-0.786	0.711	0.000	0.000	-0.002	13	1	960730_G
129.706	29.615	-2.703	0.735	0.000	0.000	0.029	13	1	960729_G
129.721	32.840	-2.398	1.518	0.000	0.000	0.025	6	1	970832_G
129.735	33.743	-1.350	0.841	0.000	0.000	0.002	6	1	950458_G
129.795	31.769	-4.686	2.390	0.000	0.000	0.006	13	1	950487_G
129.850	33.476	-1.509	0.974	0.000	0.000	0.005	6	1	940091_G
129.860	32.700	-2.532	1.648	0.000	0.000	0.009	6	1	940092_G
129.922	28.294	-0.554	0.807	0.000	0.000	0.009	13	1	960732_G
129.940	33.196	-1.727	1.168	0.000	0.000	0.010	6	1	960689_G
129.955	33.372	-1.515	1.008	0.000	0.000	0.011	6	1	960770_G
129.987	32.326	-3.201	2.062	0.000	0.000	0.009	13	1	950467_G
129.990	32.946	-2.003	1.386	0.000	0.000	0.000	6	1	960772_G
130.029	28.371	-0.582	0.861	0.000	0.000	0.008	13	1	960731_G
130.085	32.525	-2.615	1.828	0.000	0.000	0.005	13	1	960774_G
130.094	33.098	-1.653	1.191	0.000	0.000	0.019	6	1	950455_G
130.136	31.416	-6.338	3.123	0.000	0.000	0.005	13	1	960777_G
130.155	32.637	-2.270	1.671	0.000	0.000	0.010	13	1	950463_G
130.166	32.796	-1.969	1.478	0.000	0.000	0.006	6	1	960693_G
130.180	32.197	-3.347	2.274	0.000	0.000	0.026	13	1	960717_G
130.198	30.461	-6.508	1.931	0.000	0.000	0.009	13	1	960725_G
130.217	32.712	-2.011	1.551	0.000	0.000	0.011	13	1	960695_G
130.239	31.906	-4.391	2.718	0.000	0.000	0.026	13	1	970835_G
130.251	33.536	-0.976	0.650	0.000	0.000	0.014	6	1	950450_G
130.269	33.275	-1.148	0.884	0.000	0.000	0.017	6	1	950454_G
130.271	32.871	-1.638	1.331	0.000	0.000	0.018	6	1	950461_G
130.275	30.785	-7.742	2.801	0.000	0.000	0.013	13	1	960723_G
130.278	31.717	-5.234	3.050	0.000	0.000	0.012	13	1	950488_G
130.291	32.661	-1.932	1.572	0.000	0.000	0.013	13	1	960697_G
130.299	31.265	-7.445	3.595	0.000	0.000	0.009	13	1	940098_G
130.324	32.426	-2.350	1.893	0.000	0.000	0.002	13	1	960775_G
130.336	32.793	-1.597	1.375	0.000	0.000	-0.009	6	1	960694_G
130.352	32.723	-1.664	1.448	0.000	0.000	0.005	13	1	960696_G
130.361	32.098	-3.414	2.445	0.000	0.000	0.003	13	1	970834_G
130.408	31.796	-4.874	2.987	0.000	0.000	0.022	13	1	970836_G
130.424	30.396	-7.164	2.335	0.000	0.000	0.005	13	1	960727_G
130.430	32.582	-1.665	1.569	0.000	0.000	0.001	13	1	960773_G
130.445	33.346	-0.685	0.615	0.000	0.000	-0.001	6	1	960771_G
130.465	33.097	-0.833	0.894	0.000	0.000	0.010	6	1	970831_G
130.477	33.731	-0.486	0.217	0.000	0.000	-0.000	6	1	940087_G
130.507	32.299	-2.117	2.009	0.000	0.000	-0.004	13	1	950468_G
130.522	33.500	-0.416	0.337	0.000	0.000	-0.001	6	1	950451_G
130.548	32.933	-0.735	1.005	0.000	0.000	-0.002	6	1	950464_G
130.555	30.236	-6.831	2.242	0.000	0.000	0.002	13	1	960728_G
130.565	33.206	-0.404	0.624	0.000	0.000	0.006	6	1	950453_G
130.600	31.824	-4.805	2.920	0.000	0.000	0.004	13	1	970837_G
130.638	30.382	-8.151	3.074	0.000	0.000	0.005	13	1	950493_G
130.640	31.235	-9.428	5.057	0.000	0.000	0.000	13	1	950490_G
130.646	32.546	-0.771	1.343	0.000	0.000	-0.006	13	1	940093_G
130.701	33.327	0.175	0.218	0.000	0.000	-0.012	6	1	960688_G
130.723	31.106	-10.655	5.565	0.000	0.000	0.003	13	1	950491_G
130.749	33.011	0.261	0.638	0.000	0.000	0.004	6	1	960700_G
130.750	33.746	0.169	-0.293	0.000	0.000	-0.002	6	1	960685_G
130.765	32.842	0.178	0.830	0.000	0.000	0.001	13	1	950465_G
130.795	32.577	0.196	1.013	0.000	0.000	-0.003	13	1	960702_G
130.803	32.239	-0.715	1.895	0.000	0.000	0.009	13	1	950469_G
130.824	33.640	0.493	-0.415	0.000	0.000	-0.005	6	1	960687_G
130.829	33.465	0.681	-0.274	0.000	0.000	0.004	6	1	950452_G
130.866	32.048	-2.363	2.537	0.000	0.000	0.005	13	1	960714_G
130.903	30.399	-10.167	4.845	0.000	0.000	0.004	13	1	960726_G
130.914	33.997	0.416	-0.718	0.000	0.000	0.017	6	1	940079_G
130.943	34.295	0.217	-0.735	0.000	0.000	0.000	6	1	950408_G
130.964	30.531	-11.732	7.062	0.000	0.000	0.008	13	1	950492_G
130.996	32.871	1.846	0.470	0.000	0.000	0.005	13	1	960701_G
131.017	33.697	1.188	-1.016	0.000	0.000	0.005	6	1	960686_G
131.022	31.740	-8.367	3.715	0.000	0.000	0.008	13	1	950482_G
131.029	30.753	-13.319	10.700	0.000	0.000	0.003	13	1	960724_G
131.063	33.122	2.624	-0.294	0.000	0.000	0.001	6	1	960699_G
131.066	34.180	0.614	-1.037	0.000	0.000	-0.002	6	1	960670_G
131.079	31.965	-3.319	3.144	0.000	0.000	0.005	13	1	950481_G
131.088	31.259	-12.225	7.387	0.000	0.000	0.006	13	1	940099_G
131.093	32.951	2.875	0.155	0.000	0.000	-0.002	13	1	960703_G
131.099	32.741	2.739	0.370	0.000	0.000	0.004	13	1	950466_G
131.121	33.270	2.945	-0.984	0.000	0.000	0.005	6	1	960707_G
131.132	32.845	3.169	0.288	0.000	0.000	-0.005	13	1	960704_G
131.149	32.457	3.836	0.280	0.000	0.000	0.008	13	1	950478_G
131.152	34.764	0.069	-0.868	0.000	0.000	-0.009	6	1	960668_G
131.169	33.496	2.596	-1.589	0.000	0.000	0.007	6	1	950471_G
131.176	34.342	0.661	-1.229	0.000	0.000	0.013	6	1	960669_G
131.185	32.246	3.415	1.503	0.000	0.000	0.008	13	1	950479_G
131.217	31.469	-11.626	5.969	0.000	0.000	0.009	13	1	950484_G
131.228	25.831	0.151	0.601	0.000	0.000	0.004	15	1	950497_G
131.286	33.009	5.350	-0.697	0.000	0.000	-0.003	13	1	950474_G
131.291	25.954	0.159	0.627	0.000	0.000	0.000	15	1	960746_G
131.306	31.399	-12.080	6.494	0.000	0.000	0.008	13	1	960716_G
131.328	32.685	5.555	-0.324	0.000	0.000	-0.001	13	1	950477_G
131.334	32.384	5.995	0.166	0.000	0.000	0.006	13	1	960712_G
131.346	34.189	1.531	-1.808	0.000	0.000	0.006	6	1	950411_G
131.347	33.254	5.510	-2.299	0.000	0.000	0.007	11	1	950472_G
131.357	33.537	3.916	-2.651	0.000	0.000	-0.008	11	1	960705_G
131.369	31.677	-8.565	5.083	0.000	0.000	0.013	13	1	950483_G
131.386	33.079	6.803	-1.723	0.000	0.000	-0.003	13	1	960708_G
131.417	34.440	1.082	-1.807	0.000	0.000	0.009	6	1	950407_G
131.470	32.022	-0.538	-0.042	0.000	0.000	0.004	13	1	940095_G
131.486	32.069	0.370	-0.264	0.000	0.000	0.014	13	1	960713_G
131.516	32.170	2.133	-0.408	0.000	0.000	0.009	13	1	950480_G
131.531	32.557	7.800	-2.648	0.000	0.000	0.008	13	1	960711_G
131.563	34.284	2.277	-2.475	0.000	0.000	0.002	6	1	950409_G
131.564	33.671	5.133	-3.784	0.000	0.000	0.002	11	1	950470_G
131.579	33.228	9.437	-4.552	0.000	0.000	0.017	13	1	960709_G
131.588	33.350	8.329	-4.834	0.000	0.000	0.011	11	1	960706_G
131.610	34.616	0.864	-2.075	0.000	0.000	0.012	6	1	940076_G
131.632	32.445	6.956	-4.384	0.000	0.000	0.002	13	1	940094_G
131.691	33.462	8.820	-5.757	0.000	0.000	0.001	11	1	940088_G
131.757	32.704	10.649	-10.155	0.000	0.000	-0.001	13	1	950476_G
131.830	34.039	5.527	-4.005	0.000	0.000	0.004	11	1	960671_G
131.864	34.440	2.821	-3.728	0.000	0.000	0.005	11	1	960659_G
131.923	34.767	0.642	-2.141	0.000	0.000	0.006	6	1	950388_G
131.926	43.197	1.024	-0.514	0.000	0.000	0.009	6	1	VLAD_GPS
131.930	43.200	1.024	-0.514	0.000	0.000	0.012	6	1	VLAD_GPS
131.953	34.259	5.467	-4.428	0.000	0.000	0.004	11	1	950410_G
132.014	34.571	1.903	-3.654	0.000	0.000	0.004	11	1	960658_G
132.046	33.368	17.832	-14.889	0.000	0.000	0.004	13	1	970828_G
132.104	33.975	7.098	-5.214	0.000	0.000	0.001	11	1	950414_G
132.195	34.370	5.142	-6.077	0.000	0.000	-0.003	11	1	960665_G
132.209	35.003	0.817	-1.804	0.000	0.000	-0.004	6	1	940075_G
132.219	34.191	7.443	-5.641	0.000	0.000	0.004	11	1	960769_G
132.269	34.575	2.815	-4.249	0.000	0.000	0.003	11	1	950404_G
132.277	34.727	1.855	-2.928	0.000	0.000	-0.007	11	1	950399_G
132.281	33.469	11.328	-13.303	0.000	0.000	0.001	13	1	940086_G
132.358	33.910	4.630	-5.202	0.000	0.000	0.003	11	1	960672_G
132.456	34.261	5.317	-7.045	0.000	0.000	0.010	11	1	960666_G
132.457	34.893	1.584	-2.826	0.000	0.000	0.005	11	1	960657_G
132.463	34.539	3.741	-4.681	0.000	0.000	0.003	11	1	950403_G
132.475	33.384	15.958	-13.031	0.000	0.000	-0.013	13	1	970829_G
132.487	33.612	11.599	-10.294	0.000	0.000	0.001	13	1	960680_G
132.507	35.186	0.879	-2.072	0.000	0.000	0.003	6	1	950386_G
132.540	34.679	2.808	-4.128	0.000	0.000	0.009	11	1	950400_G
132.544	33.178	17.491	-14.599	0.000	0.000	0.005	13	1	960681_G
132.575	34.340	3.799	-6.131	0.000	0.000	0.003	11	1	940078_G
132.684	33.723	12.568	-11.775	0.000	0.000	0.003	13	1	950434_G
132.693	33.447	21.315	-12.285	0.000	0.000	-0.004	13	1	950436_G
132.721	35.020	1.177	-2.899	0.000	0.000	-0.013	11	1	950387_G
132.743	35.393	0.807	-1.922	0.000	0.000	0.010	6	1	950384_G
132.782	33.959	8.626	-10.684	0.000	0.000	0.007	11	1	960679_G
132.793	33.172	18.373	-16.958	0.000	0.000	0.011	13	1	950447_G
132.820	34.335	3.734	-7.097	0.000	0.000	0.010	11	1	960768_G
132.824	34.571	2.137	-5.119	0.000	0.000	0.010	11	1	950402_G
132.852	34.812	1.611	-3.823	0.000	0.000	0.003	11	1	960663_G
132.884	34.210	6.071	-9.183	0.000	0.000	0.010	11	1	960667_G
132.897	33.398	9.800	-20.891	0.000	0.000	0.013	13	1	950446_G
132.912	33.796	13.707	-13.449	0.000	0.000	0.017	13	1	950433_G
132.938	33.569	14.492	-14.073	0.000	0.000	-0.002	13	1	950435_G
132.966	32.756	25.472	-21.568	0.000	0.000	0.010	13	1	940085_G
132.984	36.093	0.918	-1.280	0.000	0.000	0.008	6	1	950383_G
132.990	34.078	8.782	-10.594	0.000	0.000	0.017	11	1	950430_G
132.995	35.196	1.043	-2.485	0.000	0.000	0.010	11	1	950385_G
132.999	32.991	23.842	-20.469	0.000	0.000	0.014	13	1	950448_G
133.010	34.379	4.300	-9.137	0.000	0.000	0.015	11	1	950405_G
133.059	35.434	0.923	-2.020	0.000	0.000	0.013	6	1	940074_G
133.108	34.672	3.310	-5.068	0.000	0.000	0.009	11	1	950401_G
133.120	34.943	1.704	-3.317	0.000	0.000	0.008	11	1	950398_G
133.129	33.215	23.243	-20.268	0.000	0.000	0.014	13	1	960684_G
133.138	35.564	0.939	-1.849	0.000	0.000	0.006	6	1	960656_G
133.189	34.252	6.231	-9.724	0.000	0.000	0.002	11	1	960678_G
133.201	33.921	12.761	-12.004	0.000	0.000	0.008	11	1	950432_G
133.228	33.327	21.898	-20.429	0.000	0.000	0.002	13	1	960683_G
133.240	36.285	1.070	-1.250	0.000	0.000	0.015	6	1	950382_G
133.242	33.273	24.283	-18.320	0.000	0.000	0.004	13	1	940084_G
133.281	33.468	20.752	-18.828	0.000	0.000	0.017	13	1	950443_G
133.288	34.450	5.441	-8.853	0.000	0.000	0.011	11	1	960767_G
133.309	35.165	1.242	-2.631	0.000	0.000	0.006	11	1	950381_G
133.338	34.778	2.666	-4.674	0.000	0.000	0.015	11	1	960664_G
133.340	35.436	1.070	-2.072	0.000	0.000	0.004	6	1	960654_G
133.363	33.704	16.051	-16.567	0.000	0.000	0.008	13	1	970830_G
133.396	34.993	1.599	-3.229	0.000	0.000	0.012	11	1	960662_G
133.403	33.408	22.564	-20.199	0.000	0.000	0.004	13	1	950445_G
133.439	35.346	1.160	-2.216	0.000	0.000	0.011	6	1	950379_G
133.528	34.549	3.554	-7.238	0.000	0.000	0.006	11	1	940077_G
133.564	35.170	1.351	-2.523	0.000	0.000	0.014	11	1	960660_G
133.578	33.529	21.768	-18.375	0.000	0.000	0.014	13	1	940083_G
133.598	34.810	1.937	-3.992	0.000	0.000	0.002	11	1	950394_G
133.648	34.068	9.775	-11.471	0.000	0.000	0.011	11	1	950428_G
133.656	33.767	14.861	-14.374	0.000	0.000	0.003	13	1	950438_G
133.681	33.937	12.020	-13.972	0.000	0.000	0.003	13	1	950419_G
133.699	35.490	1.330	-1.980	0.000	0.000	0.007	6	1	940073_G
133.715	34.217	6.936	-9.765	0.000	0.000	0.010	11	1	950427_G
133.734	35.003	1.686	-2.739	0.000	0.000	0.008	11	1	950392_G
133.757	34.579	2.703	-5.297	0.000	0.000	0.004	11	1	960766_G
133.781	34.383	4.191	-7.869	0.000	0.000	-0.002	11	1	960677_G
133.792	35.264	1.504	-2.225	0.000	0.000	0.009	11	1	950389_G
133.797	34.439	3.649	-6.977	0.000	0.000	0.002	11	1	950397_G
133.875	34.040	10.654	-13.477	0.000	0.000	0.006	13	1	960674_G
133.904	33.506	26.080	-17.614	0.000	0.000	0.011	13	1	950442_G
133.926	34.164	7.431	-10.082	0.000	0.000	0.003	11	1	950429_G
133.929	34.791	2.851	-2.984	0.000	0.000	0.001	11	1	950395_G
133.961	34.983	2.203	-2.617	0.000	0.000	-0.009	11	1	950393_G
133.999	34.445	4.495	-5.657	0.000	0.000	-0.007	11	1	960676_G
134.007	33.428	29.752	-19.044	0.000	0.000	-0.005	13	1	950444_G
134.047	35.457	1.745	-1.968	0.000	0.000	0.000	6	1	950378_G
134.049	34.052	8.916	-11.282	0.000	0.000	0.006	13	1	950417_G
134.050	35.178	1.928	-2.260	0.000	0.000	-0.002	11	1	960661_G
134.058	33.878	12.115	-15.079	0.000	0.000	0.012	13	1	950421_G
134.107	33.604	22.162	-16.740	0.000	0.000	-0.003	13	1	950440_G
134.122	33.316	33.922	-20.483	0.000	0.000	0.001	13	1	940082_G
134.166	34.658	4.469	-3.859	0.000	0.000	0.002	11	1	950396_G
134.176	34.810	3.306	-3.538	0.000	0.000	-0.003	11	1	960765_G
134.230	34.038	9.626	-10.850	0.000	0.000	0.006	13	1	950418_G
134.235	35.021	2.395	-2.631	0.000	0.000	0.002	11	1	950391_G
134.237	35.266	2.157	-2.092	0.000	0.000	0.003	11	1	950380_G
134.242	34.255	5.843	-8.474	0.000	0.000	0.005	11	1	950426_G
134.281	33.528	26.533	-14.274	0.000	0.000	-0.013	13	1	950441_G
134.301	33.790	17.012	-11.676	0.000	0.000	-0.001	13	1	960675_G
134.314	34.472	4.554	-4.439	0.000	0.000	-0.003	11	1	950425_G
134.325	35.361	2.280	-2.018	0.000	0.000	0.001	11	1	960655_G
134.352	34.097	9.034	-11.050	0.000	0.000	-0.002	13	1	950415_G
134.372	33.618	22.550	-14.729	0.000	0.000	0.003	13	1	950424_G
134.389	33.879	13.949	-10.842	0.000	0.000	0.003	13	1	950420_G
134.393	34.218	7.296	-9.339	0.000	0.000	0.002	11	1	970827_G
134.404	34.998	2.701	-2.614	0.000	0.000	0.000	11	1	950346_G
134.520	34.670	3.101	-3.714	0.000	0.000	0.001	11	1	950357_G
134.533	33.725	18.677	-10.491	0.000	0.000	-0.010	13	1	950423_G
134.545	34.897	3.224	-3.062	0.000	0.000	-0.018	11	1	950350_G
134.550	34.785	3.171	-3.594	0.000	0.000	0.012	11	1	940071_G
134.560	34.060	9.364	-8.750	0.000	0.000	0.002	13	1	950416_G
134.582	35.437	2.807	-2.113	0.000	0.000	-0.005	6	1	950341_G
134.586	35.094	3.285	-2.417	0.000	0.000	-0.004	11	1	950344_G
134.605	34.172	7.806	-8.246	0.000	0.000	0.002	11	1	960673_G
134.626	33.927	12.177	-8.627	0.000	0.000	-0.003	13	1	940081_G
134.660	34.864	3.660	-3.370	0.000	0.000	0.007	11	1	960762_G
134.668	33.830	15.674	-9.354	0.000	0.000	-0.002	13	1	950422_G
134.677	35.621	2.745	-2.104	0.000	0.000	0.001	6	1	960645_G
134.729	35.461	3.130	-2.237	0.000	0.000	-0.005	6	1	960646_G
134.735	34.334	5.162	-5.166	0.000	0.000	-0.010	11	1	950362_G
134.737	34.224	6.152	-7.628	0.000	0.000	0.007	11	1	950363_G
134.767	34.985	4.023	-3.124	0.000	0.000	-0.035	11	1	950347_G
134.771	35.163	3.795	-2.633	0.000	0.000	0.005	11	1	960648_G
134.819	35.315	3.646	-2.474	0.000	0.000	-0.002	11	1	950342_G
134.829	34.787	3.997	-3.856	0.000	0.000	0.004	11	1	950354_G
134.861	34.493	4.185	-3.641	0.000	0.000	-0.012	11	1	950360_G
134.882	34.350	5.157	-5.472	0.000	0.000	-0.013	11	1	950361_G
134.932	35.556	3.422	-2.357	0.000	0.000	-0.001	6	1	950328_G
134.945	34.936	4.546	-3.655	0.000	0.000	-0.010	11	1	960649_G
134.966	34.670	4.535	-3.879	0.000	0.000	0.002	11	1	950358_G
134.973	35.091	4.505	-3.199	0.000	0.000	-0.002	11	1	950345_G
134.997	34.805	4.725	-3.989	0.000	0.000	0.007	11	1	950352_G
135.022	35.238	4.405	-2.869	0.000	0.000	0.003	11	1	960647_G
135.024	34.577	5.284	-3.966	0.000	0.000	0.005	11	1	950359_G
135.034	35.685	3.297	-2.326	0.000	0.000	0.001	6	1	960640_G
135.046	48.521	0.508	-0.658	0.000	0.000	0.003	6	1	KHAJ_GPS
135.066	34.271	6.944	-7.056	0.000	0.000	0.006	17	1	950369_G
135.164	35.292	4.799	-2.849	0.000	0.000	-0.001	11	1	950329_G
135.168	34.025	10.625	-7.853	0.000	0.000	0.002	13	1	960652_G
135.172	34.687	6.170	-4.359	0.000	0.000	0.000	11	1	950356_G
135.173	35.752	3.287	-2.347	0.000	0.000	-0.006	6	1	950327_G
135.180	33.914	14.378	-7.824	0.000	0.000	0.006	13	1	950372_G
135.182	35.105	5.264	-3.344	0.000	0.000	-0.003	11	1	950343_G
135.216	34.812	6.085	-4.265	0.000	0.000	-0.006	11	1	950351_G
135.221	34.158	9.147	-7.049	0.000	0.000	-0.007	13	1	940069_G
135.233	35.550	4.235	-2.579	0.000	0.000	-0.005	6	1	940057_G
135.326	34.977	6.359	-3.800	0.000	0.000	-0.010	11	1	950348_G
135.342	34.791	7.094	-4.461	0.000	0.000	-0.001	11	1	950353_G
135.358	34.256	9.103	-6.293	0.000	0.000	-0.011	13	1	950368_G
135.364	34.406	8.501	-5.768	0.000	0.000	-0.007	17	1	950340_G
135.367	35.164	6.153	-3.125	0.000	0.000	-0.004	11	1	950331_G
135.380	34.724	7.663	-4.687	0.000	0.000	-0.008	17	1	950355_G
135.385	33.962	14.877	-6.243	0.000	0.000	0.001	13	1	950371_G
135.396	33.744	18.671	-8.028	0.000	0.000	-0.004	13	1	950375_G
135.416	35.482	5.244	-2.690	0.000	0.000	-0.005	6	1	960641_G
135.431	34.084	12.248	-5.839	0.000	0.000	-0.008	13	1	960651_G
135.481	34.527	8.929	-5.212	0.000	0.000	-0.012	17	1	950337_G
135.496	33.554	23.230	-8.786	0.000	0.000	-0.009	13	1	960653_G
135.501	34.838	8.236	-4.233	0.000	0.000	-0.001	11	1	940067_G
135.508	33.785	18.266	-6.936	0.000	0.000	-0.001	13	1	950374_G
135.518	34.678	8.936	-4.752	0.000	0.000	0.000	17	1	950336_G
135.528	34.312	9.459	-5.683	0.000	0.000	-0.003	13	1	960650_G
135.550	35.276	7.098	-2.760	0.000	0.000	-0.012	6	1	960642_G
135.565	35.078	8.014	-3.210	0.000	0.000	0.001	11	1	950332_G
135.587	34.425	9.529	-5.112	0.000	0.000	0.001	17	1	950339_G
135.590	34.222	10.645	-5.792	0.000	0.000	-0.028	13	1	950370_G
135.599	33.506	26.804	-9.919	0.000	0.000	0.003	13	1	950377_G
135.609	35.463	6.411	-2.718	0.000	0.000	-0.001	6	1	950262_G
135.619	34.621	9.805	-4.589	0.000	0.000	0.000	17	1	960761_G
135.627	34.479	9.797	-4.805	0.000	0.000	-0.002	17	1	950338_G
135.665	34.988	9.209	-3.333	0.000	0.000	-0.000	11	1	950333_G
135.685	34.778	9.962	-3.955	0.000	0.000	-0.005	17	1	950335_G
135.704	34.388	10.201	-4.615	0.000	0.000	-0.009	17	1	950366_G
135.706	34.698	10.298	-4.061	0.000	0.000	0.001	17	1	960763_G
135.709	33.637	22.468	-8.975	0.000	0.000	-0.001	13	1	970826_G
135.731	34.539	10.518	-4.156	0.000	0.000	0.003	17	1	950365_G
135.735	33.969	18.226	-5.455	0.000	0.000	0.012	13	1	970825_G
135.764	33.483	26.337	-8.247	0.000	0.000	-0.007	13	1	940070_G
135.772	34.953	10.020	-3.228	0.000	0.000	-0.005	6	1	960644_G
135.773	35.053	9.815	-3.099	0.000	0.000	-0.000	6	1	960643_G
135.774	35.210	9.141	-2.910	0.000	0.000	0.001	6	1	950330_G
135.782	33.815	21.311	-3.502	0.000	0.000	-0.042	13	1	950373_G
135.790	34.882	10.230	-3.343	0.000	0.000	0.001	17	1	960760_G
135.820	34.574	11.055	-3.635	0.000	0.000	0.008	17	1	960764_G
135.851	34.392	11.336	-3.787	0.000	0.000	-0.033	13	1	940068_G
135.864	34.747	10.699	-3.365	0.000	0.000	0.003	17	1	950334_G
135.871	35.137	9.926	-3.162	0.000	0.000	-0.027	6	1	950322_G
135.906	34.940	10.265	-3.127	0.000	0.000	0.009	17	1	950324_G
135.908	35.534	7.913	-2.720	0.000	0.000	0.007	6	1	950261_G
135.913	35.351	8.846	-2.487	0.000	0.000	0.001	6	1	950319_G
135.921	33.584	23.110	-7.734	0.000	0.000	0.000	13	1	950376_G
135.964	34.038	15.510	-5.394	0.000	0.000	0.007	13	1	950367_G
135.990	35.945	4.149	-0.751	0.000	0.000	-0.001	6	1	950259_G
136.011	33.741	20.165	-8.160	0.000	0.000	0.019	13	1	950316_G
136.041	35.086	10.019	-3.473	0.000	0.000	-0.002	17	1	960639_G
136.050	34.567	11.558	-2.982	0.000	0.000	-0.002	13	1	950364_G
136.054	35.466	8.975	-1.672	0.000	0.000	0.009	17	1	950318_G
136.055	34.869	9.699	-3.099	0.000	0.000	0.001	17	1	950326_G
136.056	35.837	5.931	-2.146	0.000	0.000	-0.005	6	1	960580_G
136.063	35.319	9.096	-2.396	0.000	0.000	0.004	17	1	950320_G
136.086	33.875	18.647	-5.718	0.000	0.000	0.002	13	1	950315_G
136.097	34.180	14.831	-5.018	0.000	0.000	0.004	13	1	970824_G
136.106	35.603	8.723	-2.347	0.000	0.000	0.009	17	1	940056_G
136.145	34.986	10.070	-3.182	0.000	0.000	0.012	17	1	950323_G
136.158	35.095	10.106	-3.524	0.000	0.000	0.013	17	1	940062_G
136.173	36.231	3.888	-0.769	0.000	0.000	0.019	6	1	940055_G
136.183	34.743	9.555	-2.812	0.000	0.000	0.004	17	1	950310_G
136.185	35.969	5.131	-0.448	0.000	0.000	0.011	6	1	960579_G
136.197	35.793	6.418	-2.224	0.000	0.000	0.005	6	1	950260_G
136.198	35.557	8.455	-1.313	0.000	0.000	0.005	17	1	950317_G
136.236	35.269	9.568	-2.252	0.000	0.000	0.009	17	1	950321_G
136.265	35.420	8.724	-0.310	0.000	0.000	-0.007	17	1	960638_G
136.279	36.146	4.298	-0.499	0.000	0.000	-0.003	6	1	950257_G
136.296	34.932	11.583	-2.364	0.000	0.000	-0.018	17	1	950325_G
136.330	34.649	11.260	-2.238	0.000	0.000	0.010	13	1	960635_G
136.334	34.433	13.336	-3.061	0.000	0.000	0.001	13	1	950312_G
136.343	34.208	15.435	-5.460	0.000	0.000	0.007	13	1	960637_G
136.389	36.394	3.484	-1.660	0.000	0.000	0.006	6	1	950255_G
136.393	34.855	12.952	-1.693	0.000	0.000	-0.002	17	1	960634_G
136.470	35.360	10.107	0.511	0.000	0.000	0.005	17	1	970812_G
136.489	35.636	5.533	-0.429	0.000	0.000	-0.005	18	1	950285_G
136.502	34.759	13.801	-1.662	0.000	0.000	-0.004	13	1	940064_G
136.505	35.105	13.459	-0.138	0.000	0.000	-0.006	17	1	950308_G
136.541	34.285	17.638	-6.405	0.000	0.000	-0.021	13	1	950313_G
136.550	35.372	10.681	0.807	0.000	0.000	0.004	18	1	950291_G
136.551	34.547	14.312	-3.238	0.000	0.000	-0.017	13	1	950311_G
136.593	35.228	13.799	1.941	0.000	0.000	-0.016	18	1	950294_G
136.605	36.370	3.539	-1.430	0.000	0.000	-0.013	6	1	960578_G
136.611	35.633	9.164	0.140	0.000	0.000	-0.027	18	1	950286_G
136.628	34.431	15.604	-5.174	0.000	0.000	-0.026	13	1	960636_G
136.634	36.165	4.397	-0.285	0.000	0.000	-0.019	6	1	950256_G
136.637	34.914	14.479	-0.124	0.000	0.000	-0.030	18	1	950309_G
136.650	36.663	3.328	-1.465	0.000	0.000	-0.058	6	1	940054_G
136.687	35.488	11.492	0.588	0.000	0.000	-0.025	18	1	950288_G
136.694	35.051	14.965	2.059	0.000	0.000	-0.020	18	1	960633_G
136.719	37.157	3.379	-1.111	0.000	0.000	-0.009	6	1	960575_G
136.729	35.405	12.689	1.202	0.000	0.000	-0.011	18	1	950290_G
136.756	36.817	3.410	-1.259	0.000	0.000	-0.012	6	1	960577_G
136.772	37.001	3.432	-1.154	0.000	0.000	-0.011	6	1	950254_G
136.789	35.301	14.057	1.684	0.000	0.000	0.005	18	1	970822_G
136.812	62.784	0.020	-0.107	0.000	0.000	-0.002	5	1	TKL1_GPS
136.821	34.253	18.800	-6.792	0.000	0.000	-0.006	13	1	950314_G
136.829	35.190	14.940	1.803	0.000	0.000	-0.002	18	1	950299_G
136.832	34.904	15.298	-1.644	0.000	0.000	-0.001	13	1	960632_G
136.851	34.465	17.436	-5.627	0.000	0.000	-0.003	13	1	940065_G
136.863	34.984	15.593	0.337	0.000	0.000	-0.014	18	1	960631_G
136.868	34.823	15.234	-5.131	0.000	0.000	-0.020	13	1	950304_G
136.889	37.382	3.573	-0.950	0.000	0.000	-0.011	6	1	940053_G
136.900	35.526	14.435	0.967	0.000	0.000	-0.017	19	1	940060_G
136.904	36.261	4.288	-0.439	0.000	0.000	-0.010	6	1	960617_G
136.919	37.850	3.592	-0.825	0.000	0.000	-0.009	6	1	950252_G
136.921	36.402	3.856	-0.800	0.000	0.000	0.000	6	1	950251_G
136.930	35.335	15.508	1.085	0.000	0.000	-0.030	18	1	950298_G
136.953	36.033	6.371	0.584	0.000	0.000	-0.007	19	1	950280_G
136.966	35.168	15.778	-0.212	0.000	0.000	-0.001	18	1	960630_G
136.975	35.758	10.815	0.343	0.000	0.000	-0.002	19	1	950283_G
136.996	37.123	3.713	-0.954	0.000	0.000	-0.002	6	1	960576_G
137.032	36.650	3.807	-0.858	0.000	0.000	-0.001	6	1	960573_G
137.041	35.128	16.081	-1.487	0.000	0.000	-0.005	18	1	940063_G
137.060	34.995	16.220	-2.130	0.000	0.000	-0.009	13	1	950302_G
137.068	34.609	17.217	-5.933	0.000	0.000	-0.011	13	1	950307_G
137.074	35.239	16.179	-0.870	0.000	0.000	-0.007	18	1	960629_G
137.110	35.367	15.824	0.169	0.000	0.000	0.007	19	1	950292_G
137.119	34.795	15.360	-4.552	0.000	0.000	-0.009	13	1	950305_G
137.125	35.479	14.570	0.455	0.000	0.000	0.000	19	1	950289_G
137.139	37.307	3.906	-0.853	0.000	0.000	0.002	6	1	960574_G
137.147	36.336	4.491	-0.083	0.000	0.000	0.000	6	1	950279_G
137.174	35.612	12.265	0.622	0.000	0.000	0.006	19	1	950287_G
137.195	36.634	4.132	-0.565	0.000	0.000	-0.005	6	1	950249_G
137.201	35.912	7.727	1.344	0.000	0.000	0.002	12	1	960619_G
137.248	35.800	9.254	1.465	0.000	0.000	-0.001	19	1	940059_G
137.254	35.139	14.848	-2.815	0.000	0.000	0.005	13	1	950300_G
137.270	37.446	4.082	-0.791	0.000	0.000	0.009	6	1	950253_G
137.278	34.649	17.423	-5.499	0.000	0.000	-0.002	13	1	950306_G
137.300	34.920	15.299	-3.332	0.000	0.000	-0.001	13	1	950303_G
137.313	35.039	14.839	-3.247	0.000	0.000	0.001	13	1	950301_G
137.348	36.136	5.927	1.004	0.000	0.000	-0.004	12	1	940058_G
137.363	36.286	5.219	0.497	0.000	0.000	-0.001	12	1	960618_G
137.370	36.737	4.454	-0.447	0.000	0.000	-0.000	6	1	960572_G
137.406	35.262	13.627	-1.573	0.000	0.000	0.005	13	1	950293_G
137.414	34.672	18.452	-5.957	0.000	0.000	0.006	13	1	93056_GP
137.425	35.657	11.557	0.897	0.000	0.000	0.005	19	1	950284_G
137.434	34.865	15.284	-3.504	0.000	0.000	0.001	13	1	93102_GP
137.440	36.579	4.760	-0.136	0.000	0.000	0.001	6	1	950250_G
137.468	35.397	13.547	-0.919	0.000	0.000	-0.001	19	1	940061_G
137.487	36.929	4.615	-0.523	0.000	0.000	0.003	6	1	940052_G
137.515	34.718	17.549	-5.837	0.000	0.000	-0.004	13	1	93104_GP
137.529	35.575	12.396	-0.093	0.000	0.000	0.009	19	1	970811_G
137.535	35.973	7.616	1.542	0.000	0.000	-0.004	12	1	950281_G
137.554	34.809	15.926	-4.639	0.000	0.000	-0.004	13	1	93103_GP
137.575	34.938	15.030	-3.242	0.000	0.000	0.000	13	1	93099_GP
137.588	35.247	12.387	-1.625	0.000	0.000	-0.001	13	1	950278_G
137.596	36.577	5.163	0.012	0.000	0.000	0.000	6	1	970808_G
137.598	35.880	8.570	1.461	0.000	0.000	-0.005	12	1	960614_G
137.633	34.701	18.510	-5.685	0.000	0.000	-0.001	13	1	93100_GP
137.676	35.344	11.914	-1.104	0.000	0.000	-0.007	13	1	960616_G
137.681	34.752	17.725	-5.064	0.000	0.000	0.001	13	1	970821_G
137.683	36.085	6.996	1.151	0.000	0.000	0.001	12	1	960611_G
137.695	35.079	12.695	-2.682	0.000	0.000	-0.026	13	1	93084_GP
137.696	35.784	9.383	0.882	0.000	0.000	-0.002	12	1	950274_G
137.717	34.678	20.047	-5.316	0.000	0.000	-0.004	13	1	93054_GP
137.792	34.793	18.139	-4.005	0.000	0.000	-0.002	13	1	93097_GP
137.815	35.521	10.720	-0.908	0.000	0.000	-0.002	13	1	950276_G
137.818	34.941	14.921	-3.789	0.000	0.000	-0.002	13	1	93090_GP
137.823	34.672	20.628	-4.900	0.000	0.000	-0.002	13	1	93098_GP
137.851	36.500	5.929	0.253	0.000	0.000	-0.002	12	1	940046_G
137.868	35.161	11.116	-0.745	0.000	0.000	0.052	13	1	93083_GP
137.872	36.228	6.618	0.677	0.000	0.000	0.080	12	1	960609_G
137.874	37.045	5.428	-0.433	0.000	0.000	0.212	10	1	950245_G
137.894	36.951	5.557	-0.343	0.000	0.000	0.052	10	1	960570_G
137.903	36.322	6.399	0.522	0.000	0.000	0.014	12	1	950270_G
137.911	34.755	19.400	-3.266	0.000	0.000	0.025	13	1	93096_GP
137.925	35.317	10.964	0.223	0.000	0.000	0.032	13	1	950277_G
137.932	34.844	17.639	-3.302	0.000	0.000	0.058	13	1	93089_GP
137.937	34.670	20.864	-4.508	0.000	0.000	0.067	13	1	93095_GP
137.944	35.924	7.787	0.736	0.000	0.000	0.035	12	1	940047_G
137.947	34.902	16.255	-3.427	0.000	0.000	0.018	13	1	970819_G
137.980	35.032	13.224	-1.937	0.000	0.000	0.012	13	1	950295_G
137.983	36.121	7.058	0.652	0.000	0.000	0.013	12	1	950273_G
137.984	35.726	7.988	0.296	0.000	0.000	0.014	12	1	960615_G
137.985	36.239	6.724	0.567	0.000	0.000	-0.033	2	1	960608_G
138.018	34.786	18.869	-2.558	0.000	0.000	-0.031	13	1	93052_GP
138.038	35.556	7.394	-0.134	0.000	0.000	-0.041	13	1	950275_G
138.047	34.666	21.699	-4.560	0.000	0.000	0.005	13	1	960624_G
138.054	34.715	20.487	-3.347	0.000	0.000	0.011	13	1	93093_GP
138.075	34.940	15.383	-2.428	0.000	0.000	0.022	13	1	93088_GP
138.082	35.045	13.492	-1.076	0.000	0.000	0.021	13	1	970818_G
138.098	34.680	21.731	-4.201	0.000	0.000	0.017	13	1	960622_G
138.100	37.161	5.856	-0.478	0.000	0.000	0.071	10	1	950243_G
138.135	35.104	13.388	-0.011	0.000	0.000	-0.023	13	1	93079_GP
138.137	34.758	19.692	-3.016	0.000	0.000	0.033	13	1	93091_GP
138.159	34.635	24.753	-5.464	0.000	0.000	0.030	13	1	960625_G
138.177	34.849	17.499	-2.083	0.000	0.000	0.034	13	1	970820_G
138.183	34.678	23.645	-4.565	0.000	0.000	0.052	13	1	960623_G
138.199	36.865	6.452	-0.183	0.000	0.000	0.061	10	1	950247_G
138.214	36.026	6.990	0.554	0.000	0.000	0.005	2	1	960612_G
138.216	36.208	6.905	0.522	0.000	0.000	0.023	2	1	950271_G
138.226	34.738	21.524	-3.662	0.000	0.000	0.041	13	1	93092_GP
138.243	37.057	6.337	-0.394	0.000	0.000	0.042	10	1	960569_G
138.247	36.665	6.761	0.114	0.000	0.000	0.018	2	1	950267_G
138.250	34.954	17.063	-2.947	0.000	0.000	0.037	13	1	93082_GP
138.254	35.201	13.590	-0.435	0.000	0.000	0.024	13	1	93074_GP
138.273	37.816	5.741	-0.517	0.000	0.000	0.041	6	1	950235_G
138.316	35.856	6.538	1.157	0.000	0.000	0.029	2	1	950263_G
138.323	36.386	7.006	0.504	0.000	0.000	0.002	2	1	950268_G
138.334	37.231	6.311	-0.499	0.000	0.000	-0.060	10	1	950241_G
138.370	38.024	5.930	-0.522	0.000	0.000	-0.190	6	1	960565_G
138.378	34.991	18.986	-0.149	0.000	0.000	-0.060	13	1	93081_GP
138.436	36.802	7.202	-0.046	0.000	0.000	-0.040	2	1	950265_G
138.445	35.444	8.719	3.174	0.000	0.000	-0.090	13	1	93069_GP
138.446	35.289	9.665	3.855	0.000	0.000	-0.030	13	1	93073_GP
138.457	35.674	6.618	1.961	0.000	0.000	-0.040	2	1	970809_G
138.461	36.131	6.941	0.933	0.000	0.000	-0.310	2	1	950272_G
138.472	38.063	6.179	-0.510	0.000	0.000	-0.050	6	1	950233_G
138.499	36.285	7.240	0.814	0.000	0.000	-0.080	2	1	960610_G
138.513	38.319	6.230	-0.650	0.000	0.000	0.006	6	1	950232_G
138.516	37.349	6.531	-0.488	0.000	0.000	0.008	10	1	960567_G
138.525	35.067	17.252	4.248	0.000	0.000	-0.005	13	1	93077_GP
138.553	36.508	7.612	0.555	0.000	0.000	-0.004	2	1	950221_G
138.563	35.362	7.535	4.038	0.000	0.000	-0.002	2	1	93071_GP
138.574	37.398	6.584	-0.457	0.000	0.000	0.001	10	1	940051_G
138.583	35.974	6.868	1.655	0.000	0.000	-0.005	2	1	960613_G
138.591	36.616	7.763	0.380	0.000	0.000	-0.003	2	1	960591_G
138.609	37.079	7.217	-0.413	0.000	0.000	-0.002	2	1	950244_G
138.610	35.117	11.393	5.685	0.000	0.000	-0.003	13	1	970815_G
138.617	35.203	6.618	6.257	0.000	0.000	-0.002	16	1	93075_GP
138.638	36.346	7.646	0.916	0.000	0.000	-0.003	2	1	950269_G
138.690	35.650	7.042	1.797	0.000	0.000	-0.004	2	1	960606_G
138.695	35.747	7.317	2.070	0.000	0.000	0.004	2	1	950264_G
138.707	37.536	6.740	-0.311	0.000	0.000	0.005	10	1	960566_G
138.722	35.174	5.077	4.816	0.000	0.000	-0.003	16	1	93076_GP
138.771	35.306	4.992	3.187	0.000	0.000	-0.005	16	1	93072_GP
138.777	34.855	-3.531	3.507	0.000	0.000	-0.008	16	1	960620_G
138.780	37.499	6.901	-0.266	0.000	0.000	0.000	10	1	970807_G
138.781	37.668	6.915	-0.193	0.000	0.000	0.005	10	1	950237_G
138.786	34.776	-2.752	1.473	0.000	0.000	0.001	16	1	93085_GP
138.790	37.311	7.099	-0.388	0.000	0.000	0.002	2	1	950240_G
138.814	35.497	6.063	1.875	0.000	0.000	-0.002	2	1	93070_GP
138.831	36.993	7.918	-0.284	0.000	0.000	0.000	2	1	950246_G
138.838	34.610	-4.672	-0.321	0.000	0.000	0.001	16	1	93086_GP
138.865	36.259	8.074	1.216	0.000	0.000	-0.001	2	1	940045_G
138.876	34.719	-4.065	0.979	0.000	0.000	-0.014	16	1	970814_G
138.880	37.777	7.264	-0.101	0.000	0.000	0.000	10	1	970806_G
138.902	35.110	1.934	2.408	0.000	0.000	0.000	16	1	93043_GP
138.906	36.697	8.636	0.423	0.000	0.000	0.000	2	1	940044_G
138.907	35.047	0.360	2.556	0.000	0.000	0.000	16	1	960626_G
138.912	36.143	8.004	1.281	0.000	0.000	0.000	2	1	960593_G
138.920	37.590	7.221	-0.042	0.000	0.000	0.000	10	1	970810_G
138.922	34.866	-3.678	2.172	0.000	0.000	0.000	16	1	950297_G
138.925	34.916	-2.944	2.364	0.000	0.000	0.000	16	1	93049_GP
138.928	35.204	2.774	1.560	0.000	0.000	0.000	16	1	960621_G
138.934	37.166	7.626	-0.350	0.000	0.000	0.000	2	1	950242_G
138.939	34.699	-4.564	1.222	0.000	0.000	0.000	16	1	960628_G
138.945	36.778	8.641	0.242	0.000	0.000	0.000	2	1	970802_G
138.974	35.114	1.893	2.065	0.000	0.000	0.000	16	1	970813_G
138.976	35.623	7.778	0.396	0.000	0.000	0.000	2	1	93064_GP
138.989	37.896	7.761	-0.101	0.000	0.000	0.000	10	1	940050_G
138.990	34.751	-4.641	1.524	0.000	0.000	0.000	16	1	93053_GP
138.998	37.468	7.342	-0.012	0.000	0.000	0.000	2	1	950239_G
139.014	34.922	-3.080	2.162	0.000	0.000	0.000	16	1	93061_GP
139.020	37.320	7.448	-0.151	0.000	0.000	0.000	2	1	960568_G
139.026	35.512	7.682	-0.870	0.000	0.000	0.000	2	1	960607_G
139.045	35.415	8.791	-2.020	0.000	0.000	0.000	9	1	93031_GP
139.049	35.246	1.117	-1.473	0.000	0.000	0.000	16	1	93068_GP
139.057	36.539	8.957	0.936	0.000	0.000	0.000	2	1	960752_G
139.059	37.662	7.695	0.192	0.000	0.000	0.000	2	1	950238_G
139.067	36.235	8.457	1.118	0.000	0.000	0.000	2	1	960592_G
139.070	34.951	-2.737	2.295	0.000	0.000	0.000	16	1	92108_GP
139.074	37.752	7.895	0.166	0.000	0.000	0.000	2	1	960571_G
139.076	35.987	8.155	0.561	0.000	0.000	0.000	2	1	950223_G
139.124	34.878	-4.749	1.694	0.000	0.000	0.000	16	1	93062_GP
139.134	34.200	-7.860	4.043	0.000	0.000	0.000	15	1	93058_GP
139.157	35.610	8.795	-3.129	0.000	0.000	0.000	2	1	93065_GP
139.163	35.336	11.568	-5.403	0.000	0.000	0.000	9	1	950229_G
139.182	35.884	8.153	-0.678	0.000	0.000	0.000	2	1	960754_G
139.211	34.333	-5.430	3.781	0.000	0.000	0.000	15	1	960597_G
139.225	36.770	9.145	0.648	0.000	0.000	0.000	2	1	950220_G
139.226	37.828	8.683	0.258	0.000	0.000	0.000	2	1	970805_G
139.253	38.465	8.685	-1.246	0.000	0.000	0.000	10	1	950231_G
139.263	35.305	13.234	-9.467	0.000	0.000	0.000	9	1	93035_GP
139.268	35.724	8.119	-3.057	0.000	0.000	0.000	2	1	93063_GP
139.269	36.004	8.218	-0.061	0.000	0.000	0.000	2	1	960753_G
139.271	34.520	-3.625	3.383	0.000	0.000	0.000	15	1	960596_G
139.323	35.483	10.835	-5.001	0.000	0.000	0.000	9	1	93029_GP
139.330	36.422	9.258	1.163	0.000	0.000	0.000	2	1	950222_G
139.345	36.121	8.541	0.420	0.000	0.000	0.000	2	1	93005_GP
139.351	37.929	9.499	0.081	0.000	0.000	0.000	2	1	950234_G
139.364	37.303	8.065	0.571	0.000	0.000	0.000	2	1	950206_G
139.366	35.801	7.987	-2.275	0.000	0.000	0.000	2	1	960755_G
139.370	35.616	8.414	-3.711	0.000	0.000	0.000	9	1	960758_G
139.402	37.037	8.580	0.473	0.000	0.000	0.000	2	1	970801_G
139.462	38.056	10.212	-0.379	0.000	0.000	0.000	2	1	960564_G
139.464	35.926	8.213	-0.964	0.000	0.000	0.000	2	1	93011_GP
139.466	35.327	15.147	-10.214	0.000	0.000	0.000	9	1	93034_GP
139.468	35.521	10.979	-4.650	0.000	0.000	0.000	9	1	93028_GP
139.478	37.686	9.628	0.957	0.000	0.000	0.000	2	1	950236_G
139.479	34.076	-7.220	4.295	0.000	0.000	0.000	15	1	960600_G
139.488	35.710	8.994	-3.369	0.000	0.000	0.000	9	1	93019_GP
139.491	36.624	9.781	1.467	0.000	0.000	0.000	2	1	960589_G
139.504	37.281	8.470	0.964	0.000	0.000	0.000	2	1	950207_G
139.510	38.231	10.363	-0.993	0.000	0.000	0.000	2	1	940049_G
139.522	35.419	12.925	-8.182	0.000	0.000	0.000	9	1	970804_G
139.529	37.473	9.076	1.313	0.000	0.000	0.000	2	1	950204_G
139.547	34.059	-7.361	4.238	0.000	0.000	0.000	15	1	93060_GP
139.548	39.186	7.866	-2.044	0.000	0.000	0.000	10	1	950194_G
139.556	38.556	9.978	-1.797	0.000	0.000	0.000	2	1	940034_G
139.586	37.097	8.868	0.989	0.000	0.000	0.000	2	1	960563_G
139.619	36.666	10.196	1.713	0.000	0.000	0.000	2	1	950218_G
139.631	35.664	10.500	-4.841	0.000	0.000	0.000	9	1	950228_G
139.637	36.087	8.976	-0.039	0.000	0.000	0.000	2	1	93007_GP
139.643	35.759	9.357	-3.316	0.000	0.000	0.000	9	1	93017_GP
139.652	35.937	8.702	-0.944	0.000	0.000	0.000	2	1	93013_GP
139.654	35.436	11.844	-7.286	0.000	0.000	0.000	9	1	93032_GP
139.673	35.563	10.802	-5.098	0.000	0.000	0.000	9	1	93026_GP
139.726	36.402	10.258	1.105	0.000	0.000	0.000	2	1	940043_G
139.742	38.146	11.823	-0.952	0.000	0.000	0.000	2	1	950197_G
139.765	32.464	-3.673	-1.601	0.000	0.000	0.000	15	1	960602_G
139.776	39.968	9.170	-1.164	0.000	0.000	0.000	2	1	940030_G
139.792	37.644	11.670	1.408	0.000	0.000	0.000	2	1	940040_G
139.796	35.896	9.019	-1.238	0.000	0.000	0.000	9	1	950224_G
139.797	33.120	-8.286	-1.980	0.000	0.000	0.000	15	1	95113_GP
139.798	36.011	9.251	-0.391	0.000	0.000	0.000	9	1	93008_GP
139.806	36.980	10.290	1.520	0.000	0.000	0.000	2	1	960586_G
139.809	38.895	10.136	-3.000	0.000	0.000	0.000	2	1	940032_G
139.811	36.204	9.885	0.218	0.000	0.000	0.000	2	1	93003_GP
139.813	35.780	8.973	-2.679	0.000	0.000	0.000	9	1	93016_GP
139.826	35.312	14.049	-10.810	0.000	0.000	0.000	9	1	93036_GP
139.832	38.594	11.673	-2.263	0.000	0.000	0.000	2	1	950196_G
139.844	35.144	16.404	-15.113	0.000	0.000	0.000	9	1	93039_GP
139.851	39.889	9.097	-1.330	0.000	0.000	0.000	2	1	960551_G
139.854	36.776	11.285	1.783	0.000	0.000	0.000	2	1	960587_G
139.864	34.954	15.923	-20.411	0.000	0.000	0.000	9	1	93047_GP
139.871	37.261	10.759	1.939	0.000	0.000	0.000	2	1	950209_G
139.902	35.675	8.682	-2.469	0.000	0.000	0.000	9	1	93023_GP
139.908	39.206	8.781	-3.271	0.000	0.000	0.000	2	1	950191_G
139.923	36.599	11.835	1.733	0.000	0.000	0.000	9	1	950219_G
139.927	39.016	10.019	-3.595	0.000	0.000	0.000	2	1	960555_G
139.928	40.578	10.544	-1.177	0.000	0.000	0.000	2	1	950154_G
139.954	35.255	14.688	-11.358	0.000	0.000	0.000	9	1	93045_GP
139.957	38.760	11.967	-3.122	0.000	0.000	0.000	2	1	950195_G
139.975	35.003	16.228	-18.433	0.000	0.000	0.000	9	1	950227_G
139.988	36.301	10.804	0.447	0.000	0.000	0.000	9	1	960582_G
139.993	35.940	9.715	-0.526	0.000	0.000	0.000	9	1	93012_GP
140.025	35.786	9.511	-1.827	0.000	0.000	0.000	9	1	93018_GP
140.039	36.854	12.427	1.312	0.000	0.000	0.000	9	1	950217_G
140.041	41.466	10.844	-0.433	0.000	0.000	0.000	2	1	940023_G
140.044	40.230	10.346	-1.844	0.000	0.000	0.000	2	1	950184_G
140.045	39.826	9.276	-1.846	0.000	0.000	0.000	2	1	960552_G
140.048	35.657	9.135	-2.623	0.000	0.000	0.000	9	1	950225_G
140.051	35.448	9.933	-5.159	0.000	0.000	0.000	9	1	93030_GP
140.073	37.567	13.934	1.384	0.000	0.000	0.000	9	1	950202_G
140.078	36.365	11.364	0.718	0.000	0.000	0.000	9	1	950215_G
140.079	35.112	14.941	-14.022	0.000	0.000	0.000	9	1	93044_GP
140.094	37.964	14.301	-0.812	0.000	0.000	0.000	2	1	950198_G
140.095	38.434	14.329	-1.787	0.000	0.000	0.000	2	1	970799_G
140.132	39.936	9.840	-2.086	0.000	0.000	0.000	2	1	950186_G
140.136	37.425	14.131	1.734	0.000	0.000	0.000	9	1	960561_G
140.147	35.333	12.511	-8.765	0.000	0.000	0.000	9	1	93037_GP
140.158	36.692	13.156	0.935	0.000	0.000	0.000	9	1	960588_G
140.162	39.164	9.920	-4.688	0.000	0.000	0.000	2	1	950192_G
140.165	36.952	13.406	0.952	0.000	0.000	0.000	9	1	960585_G
140.174	36.263	11.036	0.188	0.000	0.000	0.000	9	1	93002_GP
140.179	36.542	12.559	1.042	0.000	0.000	0.000	9	1	960590_G
140.187	35.544	8.267	-3.816	0.000	0.000	0.000	9	1	93025_GP
140.200	38.289	15.322	-1.307	0.000	0.000	0.000	2	1	970803_G
140.202	36.031	10.130	-0.318	0.000	0.000	0.000	9	1	960584_G
140.206	37.616	15.290	0.638	0.000	0.000	0.000	9	1	960559_G
140.234	39.658	8.997	-2.787	0.000	0.000	0.000	2	1	950188_G
140.260	37.126	14.524	1.097	0.000	0.000	0.000	9	1	950210_G
140.264	40.271	10.481	-2.520	0.000	0.000	0.000	2	1	950182_G
140.268	35.166	11.651	-12.152	0.000	0.000	0.000	9	1	93041_GP
140.271	38.148	15.852	-1.192	0.000	0.000	0.000	9	1	960557_G
140.273	40.779	11.078	-0.770	0.000	0.000	0.000	2	1	940026_G
140.293	36.651	13.303	0.541	0.000	0.000	0.000	9	1	950213_G
140.315	35.717	9.041	-2.092	0.000	0.000	0.000	9	1	93020_GP
140.316	41.599	11.287	0.287	0.000	0.000	0.000	2	1	950149_G
140.318	35.530	9.030	-4.348	0.000	0.000	0.000	9	1	93027_GP
140.319	38.759	15.327	-4.389	0.000	0.000	0.000	2	1	940033_G
140.325	37.362	15.836	1.070	0.000	0.000	0.000	9	1	940039_G
140.337	35.421	11.648	-7.362	0.000	0.000	0.000	9	1	93033_GP
140.343	36.097	10.687	-0.111	0.000	0.000	0.000	9	1	93006_GP
140.365	38.497	17.354	-2.118	0.000	0.000	0.000	2	1	960556_G
140.366	38.331	17.298	-1.250	0.000	0.000	0.000	9	1	940035_G
140.385	35.243	12.236	-11.116	0.000	0.000	0.000	9	1	950226_G
140.387	39.549	9.087	-3.864	0.000	0.000	0.000	2	1	950189_G
140.402	40.007	10.328	-3.194	0.000	0.000	0.000	2	1	950185_G
140.403	35.970	10.027	-0.724	0.000	0.000	0.000	9	1	93010_GP
140.407	35.803	9.373	-1.417	0.000	0.000	0.000	9	1	93015_GP
140.413	36.862	15.202	-0.445	0.000	0.000	0.000	9	1	950212_G
140.443	37.990	17.627	-1.442	0.000	0.000	0.000	9	1	950180_G
140.448	35.642	8.623	-2.414	0.000	0.000	0.000	9	1	93024_GP
140.452	40.910	11.294	-0.177	0.000	0.000	0.000	2	1	960542_G
140.466	37.683	17.874	-0.851	0.000	0.000	0.000	9	1	950200_G
140.476	36.344	11.340	0.478	0.000	0.000	0.000	9	1	950216_G
140.479	40.624	10.438	-1.305	0.000	0.000	0.000	2	1	960540_G
140.491	41.185	11.601	0.247	0.000	0.000	0.000	2	1	960534_G
140.498	36.743	14.876	-0.002	0.000	0.000	0.000	9	1	960581_G
140.499	43.057	10.247	-3.486	0.000	0.000	0.000	1	1	950126_G
140.507	39.199	11.010	-6.441	0.000	0.000	0.000	2	1	960554_G
140.544	42.985	10.854	-3.364	0.000	0.000	0.000	1	1	950127_G
140.560	39.327	10.237	-5.940	0.000	0.000	0.000	2	1	950190_G
140.562	37.089	17.027	-0.946	0.000	0.000	0.000	9	1	950211_G
140.568	42.099	13.093	0.956	0.000	0.000	0.000	9	1	950146_G
140.577	40.325	9.874	-3.247	0.000	0.000	0.000	2	1	950181_G
140.578	40.524	9.958	-1.917	0.000	0.000	0.000	2	1	950155_G
140.589	40.706	10.477	-0.706	0.000	0.000	0.000	2	1	960538_G
140.597	39.749	10.179	-4.081	0.000	0.000	0.000	2	1	950187_G
140.612	36.540	11.144	3.437	0.000	0.000	0.000	9	1	940042_G
140.630	39.052	13.482	-7.267	0.000	0.000	0.000	2	1	950193_G
140.636	41.043	11.371	0.439	0.000	0.000	0.000	2	1	950151_G
140.643	38.206	20.430	-1.477	0.000	0.000	0.000	9	1	950178_G
140.646	37.984	20.200	-1.935	0.000	0.000	0.000	9	1	970797_G
140.647	35.777	7.639	-0.639	0.000	0.000	0.000	9	1	93021_GP
140.659	35.955	10.187	-0.243	0.000	0.000	0.000	9	1	93009_GP
140.662	37.325	18.324	-0.986	0.000	0.000	0.000	9	1	950205_G
140.667	42.123	13.623	0.974	0.000	0.000	0.000	9	1	960528_G
140.715	41.977	13.325	1.302	0.000	0.000	0.000	9	1	960529_G
140.733	39.703	10.731	-4.708	0.000	0.000	0.000	2	1	960553_G
140.748	41.826	12.949	1.354	0.000	0.000	0.000	9	1	940022_G
140.754	36.800	18.854	0.077	0.000	0.000	0.000	9	1	950214_G
140.755	37.561	20.440	-1.653	0.000	0.000	0.000	9	1	950201_G
140.769	39.351	11.533	-6.323	0.000	0.000	0.000	9	1	960544_G
140.787	40.215	9.619	-4.061	0.000	0.000	0.000	2	1	950183_G
140.802	38.749	18.868	-6.186	0.000	0.000	0.000	9	1	950174_G
140.803	40.644	9.938	-0.643	0.000	0.000	0.000	2	1	960541_G
140.806	42.043	13.910	1.050	0.000	0.000	0.000	9	1	950147_G
140.822	41.146	11.322	1.001	0.000	0.000	0.000	9	1	960535_G
140.823	40.045	10.389	-4.631	0.000	0.000	0.000	2	1	970798_G
140.830	40.841	10.747	0.372	0.000	0.000	0.000	9	1	940025_G
140.834	37.325	19.420	-2.049	0.000	0.000	0.000	9	1	960562_G
140.837	35.726	6.506	-0.350	0.000	0.000	0.000	9	1	93022_GP
140.842	37.018	19.923	-3.139	0.000	0.000	0.000	9	1	970800_G
140.844	38.030	22.456	-2.858	0.000	0.000	0.000	9	1	950179_G
140.848	38.546	21.191	-4.361	0.000	0.000	0.000	9	1	960548_G
140.851	38.412	21.982	-3.292	0.000	0.000	0.000	9	1	950177_G
140.861	43.210	10.318	-4.136	0.000	0.000	0.000	1	1	960517_G
140.872	40.913	10.955	0.623	0.000	0.000	0.000	9	1	960536_G
140.881	41.455	12.233	1.425	0.000	0.000	0.000	9	1	950150_G
140.883	42.858	12.921	-3.363	0.000	0.000	0.000	1	1	950129_G
140.903	37.091	19.724	-3.435	0.000	0.000	0.000	9	1	940041_G
140.908	37.801	22.720	-3.117	0.000	0.000	0.000	9	1	940038_G
140.946	37.818	23.023	-3.397	0.000	0.000	0.000	9	1	960558_G
140.954	38.317	23.029	-3.737	0.000	0.000	0.000	9	1	940037_G
140.988	39.127	16.080	-6.819	0.000	0.000	0.000	9	1	970796_G
140.991	38.815	19.903	-6.650	0.000	0.000	0.000	9	1	950173_G
140.994	37.285	20.033	-2.744	0.000	0.000	0.000	9	1	950208_G
141.007	37.534	22.030	-3.064	0.000	0.000	0.000	9	1	950203_G
141.031	43.178	10.994	-4.231	0.000	0.000	0.000	1	1	940013_G
141.038	45.276	2.286	-3.185	0.000	0.000	0.000	1	1	950102_G
141.055	39.363	14.746	-6.121	0.000	0.000	0.000	9	1	950168_G
141.076	40.291	9.499	-2.476	0.000	0.000	0.000	9	1	950157_G
141.132	40.862	11.620	0.536	0.000	0.000	0.000	9	1	960537_G
141.141	41.834	14.609	-1.933	0.000	0.000	0.000	9	1	950148_G
141.148	38.539	24.426	-5.790	0.000	0.000	0.000	9	1	950176_G
141.165	39.851	13.519	-4.457	0.000	0.000	0.000	9	1	950163_G
141.167	45.138	2.527	-3.438	0.000	0.000	0.000	1	1	960501_G
141.172	39.597	14.964	-5.285	0.000	0.000	0.000	9	1	950166_G
141.198	40.625	11.345	0.437	0.000	0.000	0.000	9	1	950153_G
141.213	38.425	25.872	-5.929	0.000	0.000	0.000	9	1	960549_G
141.225	39.981	12.641	-3.542	0.000	0.000	0.000	9	1	950161_G
141.275	38.900	24.240	-6.096	0.000	0.000	0.000	9	1	960545_G
141.290	42.971	13.120	-4.046	0.000	0.000	0.000	1	1	950128_G
141.294	40.291	10.620	-0.583	0.000	0.000	0.000	9	1	950159_G
141.330	44.427	4.573	-4.588	0.000	0.000	0.000	1	1	950106_G
141.361	42.550	13.584	-2.879	0.000	0.000	0.000	1	1	950139_G
141.368	40.968	13.101	-0.484	0.000	0.000	0.000	9	1	950152_G
141.371	43.624	8.864	-4.951	0.000	0.000	0.000	1	1	970785_G
141.376	40.676	13.337	0.237	0.000	0.000	0.000	9	1	960539_G
141.407	42.773	14.028	-3.628	0.000	0.000	0.000	1	1	960523_G
141.431	43.405	10.540	-4.761	0.000	0.000	0.000	1	1	950117_G
141.441	38.449	28.414	-6.482	0.000	0.000	0.000	9	1	940036_G
141.448	41.405	15.349	-1.776	0.000	0.000	0.000	9	1	960533_G
141.449	38.683	27.523	-6.136	0.000	0.000	0.000	9	1	950175_G
141.453	39.849	15.532	-2.463	0.000	0.000	0.000	9	1	970795_G
141.462	40.049	13.155	-0.805	0.000	0.000	0.000	9	1	950160_G
141.501	38.301	29.281	-6.389	0.000	0.000	0.000	9	1	960550_G
141.510	43.854	7.671	-5.282	0.000	0.000	0.000	1	1	940008_G
141.511	40.515	13.593	0.710	0.000	0.000	0.000	9	1	950156_G
141.534	39.338	17.867	-4.969	0.000	0.000	0.000	9	1	950169_G
141.540	43.078	13.193	-4.334	0.000	0.000	0.000	1	1	960520_G
141.573	38.903	24.812	-6.084	0.000	0.000	0.000	9	1	950172_G
141.575	39.143	20.843	-5.929	0.000	0.000	0.000	9	1	960546_G
141.577	42.884	14.062	-4.003	0.000	0.000	0.000	1	1	960522_G
141.598	45.220	2.252	-3.545	0.000	0.000	0.000	1	1	970778_G
141.602	42.656	13.008	-3.316	0.000	0.000	0.000	1	1	950136_G
141.665	44.149	6.063	-5.417	0.000	0.000	0.000	1	1	970783_G
141.675	39.596	16.327	-2.748	0.000	0.000	0.000	9	1	960547_G
141.713	40.405	13.757	0.315	0.000	0.000	0.000	9	1	950158_G
141.731	42.983	14.445	-4.366	0.000	0.000	0.000	1	1	940014_G
141.740	39.024	22.414	-5.330	0.000	0.000	0.000	9	1	950171_G
141.741	44.892	2.973	-4.213	0.000	0.000	0.000	1	1	950104_G
141.750	45.403	1.863	-3.305	0.000	0.000	0.000	1	1	940001_G
141.756	44.398	4.795	-5.191	0.000	0.000	0.000	1	1	940003_G
141.789	40.133	12.876	1.306	0.000	0.000	0.000	9	1	940027_G
141.794	44.640	3.772	-4.763	0.000	0.000	0.000	1	1	970781_G
141.798	39.254	18.773	-4.392	0.000	0.000	0.000	9	1	950170_G
141.804	39.849	14.846	0.220	0.000	0.000	0.000	9	1	950164_G
141.864	42.729	14.112	-3.809	0.000	0.000	0.000	8	1	950132_G
141.874	43.741	9.259	-6.023	0.000	0.000	0.000	1	1	960509_G
141.891	43.248	13.807	-5.206	0.000	0.000	0.000	8	1	960516_G
141.940	39.572	15.383	-1.009	0.000	0.000	0.000	9	1	940028_G
141.951	39.869	13.365	1.015	0.000	0.000	0.000	9	1	950162_G
141.955	39.458	16.652	-1.501	0.000	0.000	0.000	9	1	950167_G
142.060	42.481	10.270	-3.040	0.000	0.000	0.000	9	1	950141_G
142.065	49.076	0.189	-0.826	0.000	0.000	0.000	6	1	UGLE_GPS
142.085	42.934	17.145	-5.732	0.000	0.000	0.000	8	1	970790_G
142.152	44.007	7.328	-6.660	0.000	0.000	0.000	8	1	950110_G
142.157	49.637	0.150	-0.713	0.000	0.000	0.000	6	1	BOSH_GUG
142.170	45.336	1.760	-3.517	0.000	0.000	0.000	8	1	950101_G
142.185	27.096	0.695	-0.351	0.000	0.000	0.000	15	1	942003_G
142.265	44.365	4.828	-5.991	0.000	0.000	0.000	8	1	970782_G
142.296	42.727	19.251	-7.611	0.000	0.000	0.000	8	1	950133_G
142.352	45.127	2.034	-3.976	0.000	0.000	0.000	8	1	970779_G
142.365	42.357	16.088	-5.294	0.000	0.000	0.000	8	1	940016_G
142.395	43.336	15.469	-8.035	0.000	0.000	0.000	8	1	960514_G
142.402	42.981	19.664	-8.867	0.000	0.000	0.000	8	1	940012_G
142.410	43.739	10.094	-7.954	0.000	0.000	0.000	8	1	960508_G
142.482	43.590	12.033	-8.482	0.000	0.000	0.000	8	1	940007_G
142.537	45.002	2.165	-4.298	0.000	0.000	0.000	8	1	950103_G
142.543	49.690	0.126	-0.693	0.000	0.000	0.000	6	1	AIVA_GPS
142.567	42.248	19.003	-6.207	0.000	0.000	0.000	9	1	950142_G
142.578	43.908	8.101	-8.097	0.000	0.000	0.000	8	1	960506_G
142.626	44.295	4.873	-6.664	0.000	0.000	0.000	8	1	950107_G
142.643	43.432	14.336	-9.610	0.000	0.000	0.000	8	1	970787_G
142.717	47.030	0.350	-1.532	0.000	0.000	0.000	8	1	YSSK_GPS
142.718	44.780	2.588	-4.941	0.000	0.000	0.000	8	1	970780_G
142.759	48.573	0.167	-0.916	0.000	0.000	0.000	8	1	PORE_GUG
142.810	43.166	18.028	-11.564	0.000	0.000	0.000	8	1	960518_G
142.817	49.838	0.106	-0.661	0.000	0.000	0.000	8	1	PBDN_GPS
142.870	43.014	19.612	-13.091	0.000	0.000	0.000	8	1	970789_G
142.903	43.771	9.020	-9.469	0.000	0.000	0.000	8	1	960510_G
142.935	42.131	22.490	-8.450	0.000	0.000	0.000	9	1	950144_G
142.946	53.602	0.039	-0.320	0.000	0.000	0.000	8	1	OKHA_GPS
142.947	43.334	15.210	-11.447	0.000	0.000	0.000	8	1	970786_G
142.964	44.582	2.956	-5.605	0.000	0.000	0.000	8	1	960502_G
143.077	44.192	4.733	-7.318	0.000	0.000	0.000	8	1	960504_G
143.103	42.699	21.739	-16.185	0.000	0.000	0.000	8	1	950134_G
143.152	42.486	24.837	-14.307	0.000	0.000	0.000	8	1	970793_G
143.157	42.006	25.874	-9.643	0.000	0.000	0.000	9	1	940019_G
143.171	42.939	19.790	-14.891	0.000	0.000	0.000	8	1	960521_G
143.224	44.434	3.162	-6.080	0.000	0.000	0.000	8	1	940002_G
143.242	64.566	0.006	-0.089	0.000	0.000	0.000	5	1	UNR1_GPS
143.246	63.260	0.007	-0.100	0.000	0.000	0.000	5	1	TOM1_GPS
143.270	49.922	0.082	-0.633	0.000	0.000	0.000	8	1	PERV_GPS
143.298	43.232	15.945	-12.797	0.000	0.000	0.000	8	1	950123_G
143.316	42.126	27.931	-14.560	0.000	0.000	0.000	8	1	960532_G
143.331	42.322	28.366	-15.672	0.000	0.000	0.000	8	1	940015_G
143.334	44.006	5.529	-8.154	0.000	0.000	0.000	8	1	950111_G
143.459	43.029	19.277	-14.943	0.000	0.000	0.000	8	1	940011_G
143.461	42.552	23.885	-17.915	0.000	0.000	0.000	8	1	950138_G
143.495	42.807	21.685	-17.448	0.000	0.000	0.000	8	1	970791_G
143.562	43.289	14.933	-12.980	0.000	0.000	0.000	8	1	950121_G
143.578	43.671	8.555	-9.965	0.000	0.000	0.000	8	1	960511_G
143.616	44.220	3.627	-6.592	0.000	0.000	0.000	8	1	960503_G
143.646	50.049	0.063	-0.602	0.000	0.000	0.000	8	1	PILG_GPS
143.787	43.849	6.380	-8.365	0.000	0.000	0.000	8	1	950114_G
143.804	50.292	0.053	-0.567	0.000	0.000	0.000	8	1	OKRG_GPS
143.902	43.102	18.407	-16.570	0.000	0.000	0.000	8	1	970788_G
143.927	42.895	19.069	-17.998	0.000	0.000	0.000	8	1	950112_G
144.030	44.064	4.403	-6.799	0.000	0.000	0.000	8	1	950108_G
144.115	43.828	6.835	-8.268	0.000	0.000	0.000	8	1	960507_G
144.127	43.121	17.937	-17.221	0.000	0.000	0.000	8	1	950124_G
144.293	43.989	5.071	-7.188	0.000	0.000	0.000	8	1	960505_G
144.325	43.233	16.638	-16.480	0.000	0.000	0.000	8	1	950122_G
144.432	42.963	18.600	-16.626	0.000	0.000	0.000	8	1	940010_G
144.449	43.508	12.054	-12.520	0.000	0.000	0.000	8	1	940005_G
144.506	43.723	8.450	-9.778	0.000	0.000	0.000	8	1	970784_G
144.598	43.307	15.191	-15.753	0.000	0.000	0.000	8	1	960515_G
144.676	43.916	5.292	-8.060	0.000	0.000	0.000	8	1	940004_G
144.719	42.983	19.010	-16.733	0.000	0.000	0.000	8	1	960531_G
144.774	43.409	12.538	-13.932	0.000	0.000	0.000	8	1	950116_G
144.843	43.058	17.347	-16.864	0.000	0.000	0.000	8	1	950125_G
144.987	43.549	8.477	-11.026	0.000	0.000	0.000	8	1	950113_G
145.115	43.383	9.453	-11.269	0.000	0.000	0.000	8	1	950118_G
145.130	43.070	14.034	-15.474	0.000	0.000	0.000	8	1	940009_G
145.131	43.662	5.515	-8.902	0.000	0.000	0.000	8	1	950115_G
145.186	44.019	1.397	-5.937	0.000	0.000	0.000	8	1	950109_G
145.259	43.232	10.182	-11.341	0.000	0.000	0.000	8	1	960512_G
145.511	43.290	6.940	-7.321	0.000	0.000	0.000	8	1	940006_G
145.520	43.195	8.294	-10.190	0.000	0.000	0.000	8	1	960519_G
145.801	43.367	4.719	-3.843	0.000	0.000	0.000	8	1	950119_G
147.431	61.883	-0.001	-0.106	0.000	0.000	0.000	8	1	KUL1_GPS
148.168	62.779	-0.002	-0.096	0.000	0.000	0.000	8	1	SUS1_GPS
150.770	59.580	-0.011	-0.119	0.000	0.000	0.000	8	1	MAGO_GPS
151.887	7.447	0.025	0.007	0.000	0.000	0.000	4	1	TRUK_GPS
152.392	61.130	-0.011	-0.099	0.000	0.000	0.000	8	1	TAL1_GPS
152.422	62.925	-0.008	-0.086	0.000	0.000	0.000	3	1	SEY2_GPS
153.979	24.290	0.064	0.083	0.000	0.000	0.000	4	1	MARC_GPS
155.770	62.518	-0.013	-0.080	0.000	0.000	0.000	3	1	OMS1_GPS
155.962	54.304	-0.052	-0.138	0.000	0.000	0.000	8	1	SOBL_GKA
156.244	52.661	-0.071	-0.150	0.000	0.000	0.000	8	1	UBR1_GKA
156.575	52.928	-0.067	-0.143	0.000	0.000	0.000	8	1	UBR2_GKA
156.738	57.091	-0.033	-0.109	0.000	0.000	0.000	8	1	UHAZ_GKA
156.810	51.466	-0.087	-0.150	0.000	0.000	0.000	8	1	PAUZ_GKA
157.474	53.333	-0.062	-0.129	0.000	0.000	0.000	8	1	MALK_GKA
158.213	53.280	-0.062	-0.121	0.000	0.000	0.000	8	1	KORC_GKA
158.623	54.693	-0.050	-0.110	0.000	0.000	0.000	8	1	MILK_GKA
158.650	53.023	-0.064	-0.117	0.000	0.000	0.000	8	1	PETS_GKA
158.686	57.759	-0.031	-0.094	0.000	0.000	0.000	8	1	_TIG_GKA
158.697	55.930	-0.041	-0.103	0.000	0.000	0.000	8	1	_ES1_GKA
159.197	53.142	-0.062	-0.111	0.000	0.000	0.000	8	1	NALY_GKA
159.481	54.025	-0.054	-0.105	0.000	0.000	0.000	8	1	KRM9_GKA
159.865	56.042	-0.040	-0.095	0.000	0.000	0.000	8	1	KOZY_GKA
161.194	54.585	-0.049	-0.090	0.000	0.000	0.000	8	1	KRON_GKA
162.593	56.265	-0.038	-0.078	0.000	0.000	0.000	8	1	UKAM_GKA
163.067	59.243	-0.026	-0.070	0.000	0.000	0.000	8	1	OSSO_GKA
166.211	62.456	-0.018	-0.054	0.000	0.000	0.000	3	1	_KMS_GPS
166.438	68.076	-0.009	-0.044	0.000	0.000	0.000	3	1	BILI_GPS
166.440	68.080	-0.009	-0.044	0.000	0.000	0.000	3	1	BILI_GPS
167.730	8.722	0.008	0.012	0.000	0.000	0.000	4	1	KWJ1_GPS
183.434	-43.956	0.000	0.000	0.000	0.000	0.000	4	1	CHAT_GPS
200.335	22.126	-0.003	0.002	0.000	0.000	0.000	4	1	KOKB_GPS
210.394	-17.577	0.002	0.000	0.000	0.000	0.000	4	1	THTI_GPS
212.500	64.980	-0.007	-0.014	0.000	0.000	0.000	3	1	FAIR_GPS
240.380	49.320	-0.003	-0.005	0.000	0.000	0.000	3	1	DRAO_GPS
245.519	62.481	-0.003	-0.008	0.000	0.000	0.000	3	1	YELL_GPS
245.520	62.480	-0.003	-0.008	0.000	0.000	0.000	3	1	YELL_GPS
251.880	34.300	-0.001	-0.003	0.000	0.000	0.000	3	1	PIE1_GPS
251.881	34.302	-0.001	-0.003	0.000	0.000	0.000	3	1	PIE1_GPS
255.985	30.681	-0.001	-0.002	0.000	0.000	0.000	3	1	MDO1_GPS
255.990	30.680	-0.001	-0.002	0.000	0.000	0.000	3	1	MDOI_GPS
258.022	54.726	-0.002	-0.006	0.000	0.000	0.000	3	1	FLIN_GPS
264.134	50.259	-0.002	-0.005	0.000	0.000	0.000	3	1	DUBO_GPS
265.911	58.759	-0.002	-0.006	0.000	0.000	0.000	3	1	CHUR_GPS
